9020	server	5d01c29e8eafc	{'type': 'update', 'action': 'set_house', 'value': '1LXtFkjw3qL'}
9020	server	5d01c29e8eafc	{'type': 'update', 'action': 'set_target_obj', 'value': 'bookcase'}
9020	server	5d01c29e8eafc	{'type': 'update', 'action': 'set_start_pano', 'value': '45af9f44b1d041159dd1ded3c28e8457'}
9020	server	5d01c29e8eafc	{'type': 'update', 'action': 'set_aux', 'message': 'Another player connected! You are The Navigator.'}
9020	server	5d01c29e8eafc	{'type': 'update', 'action': 'hide_instructions'}
9020	server	5d01c29e8eafc	{'type': 'update', 'action': 'show_chat'}
9020	server	5d01c29e8eafc	{'type': 'update', 'action': 'show_nav'}
9020	server	5d01c29e8eafc	{'type': 'update', 'action': 'enable_chat', 'timeout_at': 1560396876.0793095}
9020	server	5d01c29e8eafc	{'type': 'update', 'action': 'enable_nav'}
9020	server	5d01c1baa83d9	{'type': 'update', 'action': 'set_house', 'value': '1LXtFkjw3qL'}
9020	server	5d01c1baa83d9	{'type': 'update', 'action': 'set_target_obj', 'value': 'bookcase'}
9020	server	5d01c1baa83d9	{'type': 'update', 'action': 'set_start_pano', 'value': '45af9f44b1d041159dd1ded3c28e8457'}
9020	server	5d01c1baa83d9	{'type': 'update', 'action': 'set_end_panos', 'value': 'ae407deab28949e8b8daede6749be158,ad2772104c144a579f0a43503cb4c86b,d83a8f5db61b4b78afc1c1d855b4c8b9,c3b46ef0552142a6b62a45cd30f26de8'}
9020	server	5d01c1baa83d9	{'type': 'update', 'action': 'set_aux', 'message': 'Another player connected! You are The Oracle.'}
9020	server	5d01c1baa83d9	{'type': 'update', 'action': 'hide_instructions'}
9020	server	5d01c1baa83d9	{'type': 'update', 'action': 'show_chat'}
9020	server	5d01c1baa83d9	{'type': 'update', 'action': 'disable_chat', 'timeout_at': 1560396876.0793316}
9020	server	5d01c1baa83d9	{'type': 'update', 'action': 'show_mirror_nav'}
9020	server	5d01c1baa83d9	{'type': 'update', 'action': 'show_gold_view'}
9023	5d01c29e8eafc	server	{'type': 'update', 'action': 'nav', 'message': {'rot': {'_x': 0, '_y': 0, '_z': 0, '_order': 'YXZ'}, 'pos': {'x': 0, 'y': 0, 'z': 0}, 'img_id': '45af9f44b1d041159dd1ded3c28e8457'}}
9023	server	5d01c1baa83d9	{'type': 'update', 'action': 'update_mirror_nav', 'message': {'rot': {'_x': 0, '_y': 0, '_z': 0, '_order': 'YXZ'}, 'pos': {'x': 0, 'y': 0, 'z': 0}, 'img_id': '45af9f44b1d041159dd1ded3c28e8457'}}
9032	5d01c29e8eafc	server	{'type': 'update', 'action': 'nav', 'message': {'rot': {'_x': -0.030500899549415473, '_y': -0.9150477920073955, '_z': 0, '_order': 'YXZ'}, 'pos': {'x': 0, 'y': 0, 'z': 0}, 'img_id': '45af9f44b1d041159dd1ded3c28e8457'}}
9032	server	5d01c1baa83d9	{'type': 'update', 'action': 'update_mirror_nav', 'message': {'rot': {'_x': -0.030500899549415473, '_y': -0.9150477920073955, '_z': 0, '_order': 'YXZ'}, 'pos': {'x': 0, 'y': 0, 'z': 0}, 'img_id': '45af9f44b1d041159dd1ded3c28e8457'}}
9034	5d01c29e8eafc	server	{'type': 'update', 'action': 'nav', 'message': {'rot': {'_x': -0.2554450337263544, '_y': -1.9779604497021688, '_z': 0, '_order': 'YXZ'}, 'pos': {'x': 0, 'y': 0, 'z': 0}, 'img_id': '45af9f44b1d041159dd1ded3c28e8457'}}
9034	server	5d01c1baa83d9	{'type': 'update', 'action': 'update_mirror_nav', 'message': {'rot': {'_x': -0.2554450337263544, '_y': -1.9779604497021688, '_z': 0, '_order': 'YXZ'}, 'pos': {'x': 0, 'y': 0, 'z': 0}, 'img_id': '45af9f44b1d041159dd1ded3c28e8457'}}
9036	5d01c29e8eafc	server	{'type': 'update', 'action': 'nav', 'message': {'rot': {'_x': -0.5833297038825712, '_y': -2.8672926128943685, '_z': 0, '_order': 'YXZ'}, 'pos': {'x': 0, 'y': 0, 'z': 0}, 'img_id': '45af9f44b1d041159dd1ded3c28e8457'}}
9036	server	5d01c1baa83d9	{'type': 'update', 'action': 'update_mirror_nav', 'message': {'rot': {'_x': -0.5833297038825712, '_y': -2.8672926128943685, '_z': 0, '_order': 'YXZ'}, 'pos': {'x': 0, 'y': 0, 'z': 0}, 'img_id': '45af9f44b1d041159dd1ded3c28e8457'}}
9041	5d01c29e8eafc	server	{'type': 'update', 'action': 'nav', 'message': {'rot': {'_x': -0.5718918665515408, '_y': -3.9580638684722707, '_z': 0, '_order': 'YXZ'}, 'pos': {'x': 0, 'y': 0, 'z': 0}, 'img_id': '45af9f44b1d041159dd1ded3c28e8457'}}
9041	server	5d01c1baa83d9	{'type': 'update', 'action': 'update_mirror_nav', 'message': {'rot': {'_x': -0.5718918665515408, '_y': -3.9580638684722707, '_z': 0, '_order': 'YXZ'}, 'pos': {'x': 0, 'y': 0, 'z': 0}, 'img_id': '45af9f44b1d041159dd1ded3c28e8457'}}
9055	5d01c29e8eafc	server	{'type': 'update', 'action': 'chat', 'message': 'should I go into the bathroom or down the hallway?'}
9055	server	5d01c29e8eafc	{'type': 'update', 'action': 'add_chat', 'speaker': 'self', 'message': 'should I go into the bathroom or down the hallway?'}
9055	server	5d01c29e8eafc	{'type': 'update', 'action': 'disable_chat', 'timeout_at': 1560396911.1449065}
9055	server	5d01c29e8eafc	{'type': 'update', 'action': 'disable_nav'}
9055	server	5d01c1baa83d9	{'type': 'update', 'action': 'add_chat', 'speaker': 'other', 'message': 'should I go into the bathroom or down the hallway?'}
9055	server	5d01c1baa83d9	{'type': 'update', 'action': 'enable_chat', 'timeout_at': 1560396911.1449103}
9055	server	5d01c1baa83d9	{'type': 'update', 'action': 'enable_gold_view'}
9099	5d01c1baa83d9	server	{'type': 'update', 'action': 'chat', 'message': 'Go straight down the hall past the bed and directly to the door at the end of the halle'}
9099	server	5d01c29e8eafc	{'type': 'update', 'action': 'add_chat', 'speaker': 'other', 'message': 'Go straight down the hall past the bed and directly to the door at the end of the halle'}
9099	server	5d01c29e8eafc	{'type': 'update', 'action': 'enable_chat', 'timeout_at': 1560396955.2095377}
9099	server	5d01c29e8eafc	{'type': 'update', 'action': 'enable_nav'}
9099	server	5d01c1baa83d9	{'type': 'update', 'action': 'add_chat', 'speaker': 'self', 'message': 'Go straight down the hall past the bed and directly to the door at the end of the halle'}
9099	server	5d01c1baa83d9	{'type': 'update', 'action': 'disable_chat', 'timeout_at': 1560396955.2095337}
9099	server	5d01c1baa83d9	{'type': 'update', 'action': 'disable_gold_view'}
9110	5d01c29e8eafc	server	{'type': 'update', 'action': 'nav', 'message': {'rot': {'_x': -0.5718918665515408, '_y': -4.456663965924033, '_z': 0, '_order': 'YXZ'}, 'pos': {'x': 0, 'y': 0, 'z': 0}, 'img_id': '1144d00a8ebd417f8a0de419ea12c1e5'}}
9110	server	5d01c1baa83d9	{'type': 'update', 'action': 'update_mirror_nav', 'message': {'rot': {'_x': -0.5718918665515408, '_y': -4.456663965924033, '_z': 0, '_order': 'YXZ'}, 'pos': {'x': 0, 'y': 0, 'z': 0}, 'img_id': '1144d00a8ebd417f8a0de419ea12c1e5'}}
9113	5d01c29e8eafc	server	{'type': 'update', 'action': 'nav', 'message': {'rot': {'_x': -0.5718918665515408, '_y': -4.633437714935091, '_z': 0, '_order': 'YXZ'}, 'pos': {'x': 0, 'y': 0, 'z': 0}, 'img_id': 'b8196686626248beb76ea7c31e6e44e2'}}
9113	server	5d01c1baa83d9	{'type': 'update', 'action': 'update_mirror_nav', 'message': {'rot': {'_x': -0.5718918665515408, '_y': -4.633437714935091, '_z': 0, '_order': 'YXZ'}, 'pos': {'x': 0, 'y': 0, 'z': 0}, 'img_id': 'b8196686626248beb76ea7c31e6e44e2'}}
9118	5d01c29e8eafc	server	{'type': 'update', 'action': 'nav', 'message': {'rot': {'_x': -0.5718918665515408, '_y': -4.43250124196382, '_z': 0, '_order': 'YXZ'}, 'pos': {'x': 0, 'y': 0, 'z': 0}, 'img_id': 'c5f2bf41ad33497a925bead423cbfb19'}}
9118	server	5d01c1baa83d9	{'type': 'update', 'action': 'update_mirror_nav', 'message': {'rot': {'_x': -0.5718918665515408, '_y': -4.43250124196382, '_z': 0, '_order': 'YXZ'}, 'pos': {'x': 0, 'y': 0, 'z': 0}, 'img_id': 'c5f2bf41ad33497a925bead423cbfb19'}}
9120	5d01c29e8eafc	server	{'type': 'update', 'action': 'nav', 'message': {'rot': {'_x': -0.5718918665515408, '_y': -4.5389017385132755, '_z': 0, '_order': 'YXZ'}, 'pos': {'x': 0, 'y': 0, 'z': 0}, 'img_id': '2816e163791e4878804d6b7476b9dddd'}}
9120	server	5d01c1baa83d9	{'type': 'update', 'action': 'update_mirror_nav', 'message': {'rot': {'_x': -0.5718918665515408, '_y': -4.5389017385132755, '_z': 0, '_order': 'YXZ'}, 'pos': {'x': 0, 'y': 0, 'z': 0}, 'img_id': '2816e163791e4878804d6b7476b9dddd'}}
9122	5d01c29e8eafc	server	{'type': 'update', 'action': 'nav', 'message': {'rot': {'_x': -0.5718918665515408, '_y': -4.6227566333888035, '_z': 0, '_order': 'YXZ'}, 'pos': {'x': 0, 'y': 0, 'z': 0}, 'img_id': '425e120b2d7742b1a8f0902355908761'}}
9122	server	5d01c1baa83d9	{'type': 'update', 'action': 'update_mirror_nav', 'message': {'rot': {'_x': -0.5718918665515408, '_y': -4.6227566333888035, '_z': 0, '_order': 'YXZ'}, 'pos': {'x': 0, 'y': 0, 'z': 0}, 'img_id': '425e120b2d7742b1a8f0902355908761'}}
9127	5d01c29e8eafc	server	{'type': 'update', 'action': 'nav', 'message': {'rot': {'_x': -0.5718918665515408, '_y': -4.590045341346459, '_z': 0, '_order': 'YXZ'}, 'pos': {'x': 0, 'y': 0, 'z': 0}, 'img_id': '571d716b0cdd430d99c63474c34f0c9c'}}
9127	server	5d01c1baa83d9	{'type': 'update', 'action': 'update_mirror_nav', 'message': {'rot': {'_x': -0.5718918665515408, '_y': -4.590045341346459, '_z': 0, '_order': 'YXZ'}, 'pos': {'x': 0, 'y': 0, 'z': 0}, 'img_id': '571d716b0cdd430d99c63474c34f0c9c'}}
9129	5d01c29e8eafc	server	{'type': 'update', 'action': 'nav', 'message': {'rot': {'_x': -0.5718918665515408, '_y': -4.533090333462032, '_z': 0, '_order': 'YXZ'}, 'pos': {'x': 0, 'y': 0, 'z': 0}, 'img_id': 'e60f96413bf448889377affdd919ba35'}}
9129	server	5d01c1baa83d9	{'type': 'update', 'action': 'update_mirror_nav', 'message': {'rot': {'_x': -0.5718918665515408, '_y': -4.533090333462032, '_z': 0, '_order': 'YXZ'}, 'pos': {'x': 0, 'y': 0, 'z': 0}, 'img_id': 'e60f96413bf448889377affdd919ba35'}}
9131	5d01c29e8eafc	server	{'type': 'update', 'action': 'nav', 'message': {'rot': {'_x': -0.5718918665515408, '_y': -4.556729467329148, '_z': 0, '_order': 'YXZ'}, 'pos': {'x': 0, 'y': 0, 'z': 0}, 'img_id': '3b2ba223f6a445a6bf4561f1853e83c1'}}
9131	server	5d01c1baa83d9	{'type': 'update', 'action': 'update_mirror_nav', 'message': {'rot': {'_x': -0.5718918665515408, '_y': -4.556729467329148, '_z': 0, '_order': 'YXZ'}, 'pos': {'x': 0, 'y': 0, 'z': 0}, 'img_id': '3b2ba223f6a445a6bf4561f1853e83c1'}}
9132	5d01c29e8eafc	server	{'type': 'update', 'action': 'nav', 'message': {'rot': {'_x': -0.5718918665515408, '_y': -4.54457357117971, '_z': 0, '_order': 'YXZ'}, 'pos': {'x': 0, 'y': 0, 'z': 0}, 'img_id': '50476a17346a4879906f81b47b9418de'}}
9132	server	5d01c1baa83d9	{'type': 'update', 'action': 'update_mirror_nav', 'message': {'rot': {'_x': -0.5718918665515408, '_y': -4.54457357117971, '_z': 0, '_order': 'YXZ'}, 'pos': {'x': 0, 'y': 0, 'z': 0}, 'img_id': '50476a17346a4879906f81b47b9418de'}}
9134	5d01c29e8eafc	server	{'type': 'update', 'action': 'nav', 'message': {'rot': {'_x': -0.5718918665515408, '_y': -4.56093155152319, '_z': 0, '_order': 'YXZ'}, 'pos': {'x': 0, 'y': 0, 'z': 0}, 'img_id': 'a3fe827d49db4f7caa076c313434d418'}}
9134	server	5d01c1baa83d9	{'type': 'update', 'action': 'update_mirror_nav', 'message': {'rot': {'_x': -0.5718918665515408, '_y': -4.56093155152319, '_z': 0, '_order': 'YXZ'}, 'pos': {'x': 0, 'y': 0, 'z': 0}, 'img_id': 'a3fe827d49db4f7caa076c313434d418'}}
9135	5d01c29e8eafc	server	{'type': 'update', 'action': 'nav', 'message': {'rot': {'_x': -0.5718918665515408, '_y': -4.584963789240357, '_z': 0, '_order': 'YXZ'}, 'pos': {'x': 0, 'y': 0, 'z': 0}, 'img_id': 'e0f025c0baa94beba57ea499e3d846c5'}}
9135	server	5d01c1baa83d9	{'type': 'update', 'action': 'update_mirror_nav', 'message': {'rot': {'_x': -0.5718918665515408, '_y': -4.584963789240357, '_z': 0, '_order': 'YXZ'}, 'pos': {'x': 0, 'y': 0, 'z': 0}, 'img_id': 'e0f025c0baa94beba57ea499e3d846c5'}}
9137	5d01c29e8eafc	server	{'type': 'update', 'action': 'nav', 'message': {'rot': {'_x': 0.23256935906429216, '_y': -3.607769894262904, '_z': 0, '_order': 'YXZ'}, 'pos': {'x': 0, 'y': 0, 'z': 0}, 'img_id': 'e0f025c0baa94beba57ea499e3d846c5'}}
9137	server	5d01c1baa83d9	{'type': 'update', 'action': 'update_mirror_nav', 'message': {'rot': {'_x': 0.23256935906429216, '_y': -3.607769894262904, '_z': 0, '_order': 'YXZ'}, 'pos': {'x': 0, 'y': 0, 'z': 0}, 'img_id': 'e0f025c0baa94beba57ea499e3d846c5'}}
9139	5d01c29e8eafc	server	{'type': 'update', 'action': 'nav', 'message': {'rot': {'_x': -0.09531531109192411, '_y': -2.917733854388475, '_z': 0, '_order': 'YXZ'}, 'pos': {'x': 0, 'y': 0, 'z': 0}, 'img_id': 'e0f025c0baa94beba57ea499e3d846c5'}}
9139	server	5d01c1baa83d9	{'type': 'update', 'action': 'update_mirror_nav', 'message': {'rot': {'_x': -0.09531531109192411, '_y': -2.917733854388475, '_z': 0, '_order': 'YXZ'}, 'pos': {'x': 0, 'y': 0, 'z': 0}, 'img_id': 'e0f025c0baa94beba57ea499e3d846c5'}}
9140	5d01c29e8eafc	server	{'type': 'update', 'action': 'nav', 'message': {'rot': {'_x': -0.09531531109192411, '_y': -2.8958133446328502, '_z': 0, '_order': 'YXZ'}, 'pos': {'x': 0, 'y': 0, 'z': 0}, 'img_id': '8e1fa462cea64696aa723bbfbdb1b21e'}}
9140	server	5d01c1baa83d9	{'type': 'update', 'action': 'update_mirror_nav', 'message': {'rot': {'_x': -0.09531531109192411, '_y': -2.8958133446328502, '_z': 0, '_order': 'YXZ'}, 'pos': {'x': 0, 'y': 0, 'z': 0}, 'img_id': '8e1fa462cea64696aa723bbfbdb1b21e'}}
9143	5d01c29e8eafc	server	{'type': 'update', 'action': 'nav', 'message': {'rot': {'_x': -0.08387747376089333, '_y': -1.9250483568591972, '_z': 0, '_order': 'YXZ'}, 'pos': {'x': 0, 'y': 0, 'z': 0}, 'img_id': '8e1fa462cea64696aa723bbfbdb1b21e'}}
9143	server	5d01c1baa83d9	{'type': 'update', 'action': 'update_mirror_nav', 'message': {'rot': {'_x': -0.08387747376089333, '_y': -1.9250483568591972, '_z': 0, '_order': 'YXZ'}, 'pos': {'x': 0, 'y': 0, 'z': 0}, 'img_id': '8e1fa462cea64696aa723bbfbdb1b21e'}}
9145	5d01c29e8eafc	server	{'type': 'update', 'action': 'nav', 'message': {'rot': {'_x': -0.08387747376089333, '_y': -1.45083431052573, '_z': 0, '_order': 'YXZ'}, 'pos': {'x': 0, 'y': 0, 'z': 0}, 'img_id': '6ab39d830183407cb7ec17206889000d'}}
9145	server	5d01c1baa83d9	{'type': 'update', 'action': 'update_mirror_nav', 'message': {'rot': {'_x': -0.08387747376089333, '_y': -1.45083431052573, '_z': 0, '_order': 'YXZ'}, 'pos': {'x': 0, 'y': 0, 'z': 0}, 'img_id': '6ab39d830183407cb7ec17206889000d'}}
9148	5d01c29e8eafc	server	{'type': 'update', 'action': 'nav', 'message': {'rot': {'_x': -0.08387747376089333, '_y': -1.000310184698065, '_z': 0, '_order': 'YXZ'}, 'pos': {'x': 0, 'y': 0, 'z': 0}, 'img_id': '74d5b2290be74a1ba052b6fe2320e064'}}
9148	server	5d01c1baa83d9	{'type': 'update', 'action': 'update_mirror_nav', 'message': {'rot': {'_x': -0.08387747376089333, '_y': -1.000310184698065, '_z': 0, '_order': 'YXZ'}, 'pos': {'x': 0, 'y': 0, 'z': 0}, 'img_id': '74d5b2290be74a1ba052b6fe2320e064'}}
9150	5d01c29e8eafc	server	{'type': 'update', 'action': 'nav', 'message': {'rot': {'_x': -0.2135062968459091, '_y': 0.0861751327439712, '_z': 0, '_order': 'YXZ'}, 'pos': {'x': 0, 'y': 0, 'z': 0}, 'img_id': '74d5b2290be74a1ba052b6fe2320e064'}}
9150	server	5d01c1baa83d9	{'type': 'update', 'action': 'update_mirror_nav', 'message': {'rot': {'_x': -0.2135062968459091, '_y': 0.0861751327439712, '_z': 0, '_order': 'YXZ'}, 'pos': {'x': 0, 'y': 0, 'z': 0}, 'img_id': '74d5b2290be74a1ba052b6fe2320e064'}}
9152	5d01c29e8eafc	server	{'type': 'update', 'action': 'nav', 'message': {'rot': {'_x': -0.4803891679032946, '_y': -0.33813274270676474, '_z': 0, '_order': 'YXZ'}, 'pos': {'x': 0, 'y': 0, 'z': 0}, 'img_id': '74d5b2290be74a1ba052b6fe2320e064'}}
9152	server	5d01c1baa83d9	{'type': 'update', 'action': 'update_mirror_nav', 'message': {'rot': {'_x': -0.4803891679032946, '_y': -0.33813274270676474, '_z': 0, '_order': 'YXZ'}, 'pos': {'x': 0, 'y': 0, 'z': 0}, 'img_id': '74d5b2290be74a1ba052b6fe2320e064'}}
9154	5d01c29e8eafc	server	{'type': 'update', 'action': 'nav', 'message': {'rot': {'_x': -0.4803891679032946, '_y': -0.3004648487239581, '_z': 0, '_order': 'YXZ'}, 'pos': {'x': 0, 'y': 0, 'z': 0}, 'img_id': 'e8e2d73795e54b6db89cd32745e79fb9'}}
9154	server	5d01c1baa83d9	{'type': 'update', 'action': 'update_mirror_nav', 'message': {'rot': {'_x': -0.4803891679032946, '_y': -0.3004648487239581, '_z': 0, '_order': 'YXZ'}, 'pos': {'x': 0, 'y': 0, 'z': 0}, 'img_id': 'e8e2d73795e54b6db89cd32745e79fb9'}}
9156	5d01c29e8eafc	server	{'type': 'update', 'action': 'nav', 'message': {'rot': {'_x': -0.4803891679032946, '_y': 0.06606229631388011, '_z': 0, '_order': 'YXZ'}, 'pos': {'x': 0, 'y': 0, 'z': 0}, 'img_id': '6c15ae9a3fc24613b9fcedb3da80aee5'}}
9156	server	5d01c1baa83d9	{'type': 'update', 'action': 'update_mirror_nav', 'message': {'rot': {'_x': -0.4803891679032946, '_y': 0.06606229631388011, '_z': 0, '_order': 'YXZ'}, 'pos': {'x': 0, 'y': 0, 'z': 0}, 'img_id': '6c15ae9a3fc24613b9fcedb3da80aee5'}}
9160	5d01c29e8eafc	server	{'type': 'update', 'action': 'nav', 'message': {'rot': {'_x': 0.18681800974016866, '_y': -0.13323382700388944, '_z': 0, '_order': 'YXZ'}, 'pos': {'x': 0, 'y': 0, 'z': 0}, 'img_id': '6c15ae9a3fc24613b9fcedb3da80aee5'}}
9160	server	5d01c1baa83d9	{'type': 'update', 'action': 'update_mirror_nav', 'message': {'rot': {'_x': 0.18681800974016866, '_y': -0.13323382700388944, '_z': 0, '_order': 'YXZ'}, 'pos': {'x': 0, 'y': 0, 'z': 0}, 'img_id': '6c15ae9a3fc24613b9fcedb3da80aee5'}}
9162	5d01c29e8eafc	server	{'type': 'update', 'action': 'nav', 'message': {'rot': {'_x': -0.19063062218384777, '_y': -1.033280835535754, '_z': 0, '_order': 'YXZ'}, 'pos': {'x': 0, 'y': 0, 'z': 0}, 'img_id': '6c15ae9a3fc24613b9fcedb3da80aee5'}}
9162	server	5d01c1baa83d9	{'type': 'update', 'action': 'update_mirror_nav', 'message': {'rot': {'_x': -0.19063062218384777, '_y': -1.033280835535754, '_z': 0, '_order': 'YXZ'}, 'pos': {'x': 0, 'y': 0, 'z': 0}, 'img_id': '6c15ae9a3fc24613b9fcedb3da80aee5'}}
9164	5d01c29e8eafc	server	{'type': 'update', 'action': 'nav', 'message': {'rot': {'_x': -0.19063062218384777, '_y': -1.4215010710183706, '_z': 0, '_order': 'YXZ'}, 'pos': {'x': 0, 'y': 0, 'z': 0}, 'img_id': '6ecf3c792e5c48b4921e21fbb3aeff3c'}}
9164	server	5d01c1baa83d9	{'type': 'update', 'action': 'update_mirror_nav', 'message': {'rot': {'_x': -0.19063062218384777, '_y': -1.4215010710183706, '_z': 0, '_order': 'YXZ'}, 'pos': {'x': 0, 'y': 0, 'z': 0}, 'img_id': '6ecf3c792e5c48b4921e21fbb3aeff3c'}}
9166	5d01c29e8eafc	server	{'type': 'update', 'action': 'nav', 'message': {'rot': {'_x': -0.19063062218384777, '_y': -1.4744096404246714, '_z': 0, '_order': 'YXZ'}, 'pos': {'x': 0, 'y': 0, 'z': 0}, 'img_id': 'e3de486699144933aada2e59873d5984'}}
9166	server	5d01c1baa83d9	{'type': 'update', 'action': 'update_mirror_nav', 'message': {'rot': {'_x': -0.19063062218384777, '_y': -1.4744096404246714, '_z': 0, '_order': 'YXZ'}, 'pos': {'x': 0, 'y': 0, 'z': 0}, 'img_id': 'e3de486699144933aada2e59873d5984'}}
9168	5d01c29e8eafc	server	{'type': 'update', 'action': 'nav', 'message': {'rot': {'_x': -0.19063062218384777, '_y': -1.3925738378739707, '_z': 0, '_order': 'YXZ'}, 'pos': {'x': 0, 'y': 0, 'z': 0}, 'img_id': 'b0d9ca4f89d64be18df9a3b01cd82f4b'}}
9168	server	5d01c1baa83d9	{'type': 'update', 'action': 'update_mirror_nav', 'message': {'rot': {'_x': -0.19063062218384777, '_y': -1.3925738378739707, '_z': 0, '_order': 'YXZ'}, 'pos': {'x': 0, 'y': 0, 'z': 0}, 'img_id': 'b0d9ca4f89d64be18df9a3b01cd82f4b'}}
9170	5d01c29e8eafc	server	{'type': 'update', 'action': 'nav', 'message': {'rot': {'_x': -0.42319998124814073, '_y': -2.449057588364945, '_z': 0, '_order': 'YXZ'}, 'pos': {'x': 0, 'y': 0, 'z': 0}, 'img_id': 'b0d9ca4f89d64be18df9a3b01cd82f4b'}}
9173	5d01c29e8eafc	server	{'type': 'update', 'action': 'nav', 'message': {'rot': {'_x': -0.6481441154250801, '_y': -2.978370948144399, '_z': 0, '_order': 'YXZ'}, 'pos': {'x': 0, 'y': 0, 'z': 0}, 'img_id': 'b0d9ca4f89d64be18df9a3b01cd82f4b'}}
9173	server	5d01c1baa83d9	{'type': 'update', 'action': 'update_mirror_nav', 'message': {'rot': {'_x': -0.42319998124814073, '_y': -2.449057588364945, '_z': 0, '_order': 'YXZ'}, 'pos': {'x': 0, 'y': 0, 'z': 0}, 'img_id': 'b0d9ca4f89d64be18df9a3b01cd82f4b'}}
9173	server	5d01c1baa83d9	{'type': 'update', 'action': 'update_mirror_nav', 'message': {'rot': {'_x': -0.6481441154250801, '_y': -2.978370948144399, '_z': 0, '_order': 'YXZ'}, 'pos': {'x': 0, 'y': 0, 'z': 0}, 'img_id': 'b0d9ca4f89d64be18df9a3b01cd82f4b'}}
9177	5d01c29e8eafc	server	{'type': 'update', 'action': 'nav', 'message': {'rot': {'_x': -0.3126342203815101, '_y': -2.1340411353787943, '_z': 0, '_order': 'YXZ'}, 'pos': {'x': 0, 'y': 0, 'z': 0}, 'img_id': 'b0d9ca4f89d64be18df9a3b01cd82f4b'}}
9177	server	5d01c1baa83d9	{'type': 'update', 'action': 'update_mirror_nav', 'message': {'rot': {'_x': -0.3126342203815101, '_y': -2.1340411353787943, '_z': 0, '_order': 'YXZ'}, 'pos': {'x': 0, 'y': 0, 'z': 0}, 'img_id': 'b0d9ca4f89d64be18df9a3b01cd82f4b'}}
9179	5d01c29e8eafc	server	{'type': 'update', 'action': 'nav', 'message': {'rot': {'_x': -0.40413691902975685, '_y': -3.2976733392664173, '_z': 0, '_order': 'YXZ'}, 'pos': {'x': 0, 'y': 0, 'z': 0}, 'img_id': 'b0d9ca4f89d64be18df9a3b01cd82f4b'}}
9179	server	5d01c1baa83d9	{'type': 'update', 'action': 'update_mirror_nav', 'message': {'rot': {'_x': -0.40413691902975685, '_y': -3.2976733392664173, '_z': 0, '_order': 'YXZ'}, 'pos': {'x': 0, 'y': 0, 'z': 0}, 'img_id': 'b0d9ca4f89d64be18df9a3b01cd82f4b'}}
9190	5d01c29e8eafc	server	{'type': 'update', 'action': 'chat', 'message': 'Should I go into the living room or down the hallway?'}
9190	server	5d01c29e8eafc	{'type': 'update', 'action': 'add_chat', 'speaker': 'self', 'message': 'Should I go into the living room or down the hallway?'}
9190	server	5d01c29e8eafc	{'type': 'update', 'action': 'disable_chat', 'timeout_at': 1560397046.4335275}
9190	server	5d01c29e8eafc	{'type': 'update', 'action': 'disable_nav'}
9190	server	5d01c1baa83d9	{'type': 'update', 'action': 'add_chat', 'speaker': 'other', 'message': 'Should I go into the living room or down the hallway?'}
9190	server	5d01c1baa83d9	{'type': 'update', 'action': 'enable_chat', 'timeout_at': 1560397046.4335313}
9190	server	5d01c1baa83d9	{'type': 'update', 'action': 'enable_gold_view'}
9262	5d01c1baa83d9	server	{'type': 'update', 'action': 'chat', 'message': 'Turn right while facing the plant where you came from and go through the door and then left and down the stairs.'}
9262	server	5d01c29e8eafc	{'type': 'update', 'action': 'add_chat', 'speaker': 'other', 'message': 'Turn right while facing the plant where you came from and go through the door and then left and down the stairs.'}
9262	server	5d01c29e8eafc	{'type': 'update', 'action': 'enable_chat', 'timeout_at': 1560397118.5340977}
9262	server	5d01c29e8eafc	{'type': 'update', 'action': 'enable_nav'}
9262	server	5d01c1baa83d9	{'type': 'update', 'action': 'add_chat', 'speaker': 'self', 'message': 'Turn right while facing the plant where you came from and go through the door and then left and down the stairs.'}
9262	server	5d01c1baa83d9	{'type': 'update', 'action': 'disable_chat', 'timeout_at': 1560397118.5340936}
9262	server	5d01c1baa83d9	{'type': 'update', 'action': 'disable_gold_view'}
9277	5d01c29e8eafc	server	{'type': 'update', 'action': 'nav', 'message': {'rot': {'_x': -0.3698234070366649, '_y': -4.165575811779286, '_z': 0, '_order': 'YXZ'}, 'pos': {'x': 0, 'y': 0, 'z': 0}, 'img_id': 'b0d9ca4f89d64be18df9a3b01cd82f4b'}}
9277	server	5d01c1baa83d9	{'type': 'update', 'action': 'update_mirror_nav', 'message': {'rot': {'_x': -0.3698234070366649, '_y': -4.165575811779286, '_z': 0, '_order': 'YXZ'}, 'pos': {'x': 0, 'y': 0, 'z': 0}, 'img_id': 'b0d9ca4f89d64be18df9a3b01cd82f4b'}}
9286	5d01c29e8eafc	server	{'type': 'update', 'action': 'nav', 'message': {'rot': {'_x': -0.43082520613549585, '_y': -2.9269396905140073, '_z': 0, '_order': 'YXZ'}, 'pos': {'x': 0, 'y': 0, 'z': 0}, 'img_id': 'b0d9ca4f89d64be18df9a3b01cd82f4b'}}
9286	server	5d01c1baa83d9	{'type': 'update', 'action': 'update_mirror_nav', 'message': {'rot': {'_x': -0.43082520613549585, '_y': -2.9269396905140073, '_z': 0, '_order': 'YXZ'}, 'pos': {'x': 0, 'y': 0, 'z': 0}, 'img_id': 'b0d9ca4f89d64be18df9a3b01cd82f4b'}}
9287	5d01c29e8eafc	server	{'type': 'update', 'action': 'nav', 'message': {'rot': {'_x': 0.10294053597927495, '_y': -2.0311786201180086, '_z': 0, '_order': 'YXZ'}, 'pos': {'x': 0, 'y': 0, 'z': 0}, 'img_id': 'b0d9ca4f89d64be18df9a3b01cd82f4b'}}
9288	server	5d01c1baa83d9	{'type': 'update', 'action': 'update_mirror_nav', 'message': {'rot': {'_x': 0.10294053597927495, '_y': -2.0311786201180086, '_z': 0, '_order': 'YXZ'}, 'pos': {'x': 0, 'y': 0, 'z': 0}, 'img_id': 'b0d9ca4f89d64be18df9a3b01cd82f4b'}}
9289	5d01c29e8eafc	server	{'type': 'update', 'action': 'nav', 'message': {'rot': {'_x': -0.030500899549417797, '_y': -1.3497144565153119, '_z': 0, '_order': 'YXZ'}, 'pos': {'x': 0, 'y': 0, 'z': 0}, 'img_id': 'b0d9ca4f89d64be18df9a3b01cd82f4b'}}
9290	server	5d01c1baa83d9	{'type': 'update', 'action': 'update_mirror_nav', 'message': {'rot': {'_x': -0.030500899549417797, '_y': -1.3497144565153119, '_z': 0, '_order': 'YXZ'}, 'pos': {'x': 0, 'y': 0, 'z': 0}, 'img_id': 'b0d9ca4f89d64be18df9a3b01cd82f4b'}}
9291	5d01c29e8eafc	server	{'type': 'update', 'action': 'nav', 'message': {'rot': {'_x': -0.030500899549417797, '_y': -1.5264926008378183, '_z': 0, '_order': 'YXZ'}, 'pos': {'x': 0, 'y': 0, 'z': 0}, 'img_id': '0993008242df4171b26c1bf92ff5e845'}}
9292	server	5d01c1baa83d9	{'type': 'update', 'action': 'update_mirror_nav', 'message': {'rot': {'_x': -0.030500899549417797, '_y': -1.5264926008378183, '_z': 0, '_order': 'YXZ'}, 'pos': {'x': 0, 'y': 0, 'z': 0}, 'img_id': '0993008242df4171b26c1bf92ff5e845'}}
9294	5d01c29e8eafc	server	{'type': 'update', 'action': 'nav', 'message': {'rot': {'_x': -0.030500899549417797, '_y': -1.42472516763218, '_z': 0, '_order': 'YXZ'}, 'pos': {'x': 0, 'y': 0, 'z': 0}, 'img_id': '40eda297975f4648bbc301ff98940fcf'}}
9294	server	5d01c1baa83d9	{'type': 'update', 'action': 'update_mirror_nav', 'message': {'rot': {'_x': -0.030500899549417797, '_y': -1.42472516763218, '_z': 0, '_order': 'YXZ'}, 'pos': {'x': 0, 'y': 0, 'z': 0}, 'img_id': '40eda297975f4648bbc301ff98940fcf'}}
9297	5d01c29e8eafc	server	{'type': 'update', 'action': 'nav', 'message': {'rot': {'_x': -0.1563171101907566, '_y': -0.19680389170656482, '_z': 0, '_order': 'YXZ'}, 'pos': {'x': 0, 'y': 0, 'z': 0}, 'img_id': '40eda297975f4648bbc301ff98940fcf'}}
9297	server	5d01c1baa83d9	{'type': 'update', 'action': 'update_mirror_nav', 'message': {'rot': {'_x': -0.1563171101907566, '_y': -0.19680389170656482, '_z': 0, '_order': 'YXZ'}, 'pos': {'x': 0, 'y': 0, 'z': 0}, 'img_id': '40eda297975f4648bbc301ff98940fcf'}}
9308	5d01c29e8eafc	server	{'type': 'update', 'action': 'nav', 'message': {'rot': {'_x': -0.32025944526886474, '_y': -1.1075657455780943, '_z': 0, '_order': 'YXZ'}, 'pos': {'x': 0, 'y': 0, 'z': 0}, 'img_id': '40eda297975f4648bbc301ff98940fcf'}}
9308	server	5d01c1baa83d9	{'type': 'update', 'action': 'update_mirror_nav', 'message': {'rot': {'_x': -0.32025944526886474, '_y': -1.1075657455780943, '_z': 0, '_order': 'YXZ'}, 'pos': {'x': 0, 'y': 0, 'z': 0}, 'img_id': '40eda297975f4648bbc301ff98940fcf'}}
9310	5d01c29e8eafc	server	{'type': 'update', 'action': 'nav', 'message': {'rot': {'_x': -0.32025944526886474, '_y': -1.4310928383515606, '_z': 0, '_order': 'YXZ'}, 'pos': {'x': 0, 'y': 0, 'z': 0}, 'img_id': 'c7b097de55f242fa8bdd795d3945637d'}}
9310	server	5d01c1baa83d9	{'type': 'update', 'action': 'update_mirror_nav', 'message': {'rot': {'_x': -0.32025944526886474, '_y': -1.4310928383515606, '_z': 0, '_order': 'YXZ'}, 'pos': {'x': 0, 'y': 0, 'z': 0}, 'img_id': 'c7b097de55f242fa8bdd795d3945637d'}}
9313	5d01c29e8eafc	server	{'type': 'update', 'action': 'nav', 'message': {'rot': {'_x': -0.41557475636078806, '_y': 0.36900117871216825, '_z': 0, '_order': 'YXZ'}, 'pos': {'x': 0, 'y': 0, 'z': 0}, 'img_id': 'c7b097de55f242fa8bdd795d3945637d'}}
9313	server	5d01c1baa83d9	{'type': 'update', 'action': 'update_mirror_nav', 'message': {'rot': {'_x': -0.41557475636078806, '_y': 0.36900117871216825, '_z': 0, '_order': 'YXZ'}, 'pos': {'x': 0, 'y': 0, 'z': 0}, 'img_id': 'c7b097de55f242fa8bdd795d3945637d'}}
9314	5d01c29e8eafc	server	{'type': 'update', 'action': 'nav', 'message': {'rot': {'_x': -0.19825584707120286, '_y': 1.1254692596925209, '_z': 0, '_order': 'YXZ'}, 'pos': {'x': 0, 'y': 0, 'z': 0}, 'img_id': 'c7b097de55f242fa8bdd795d3945637d'}}
9314	server	5d01c1baa83d9	{'type': 'update', 'action': 'update_mirror_nav', 'message': {'rot': {'_x': -0.19825584707120286, '_y': 1.1254692596925209, '_z': 0, '_order': 'YXZ'}, 'pos': {'x': 0, 'y': 0, 'z': 0}, 'img_id': 'c7b097de55f242fa8bdd795d3945637d'}}
9317	5d01c29e8eafc	server	{'type': 'update', 'action': 'nav', 'message': {'rot': {'_x': -0.19825584707120286, '_y': 1.6582765500170662, '_z': 0, '_order': 'YXZ'}, 'pos': {'x': 0, 'y': 0, 'z': 0}, 'img_id': '40eda297975f4648bbc301ff98940fcf'}}
9317	server	5d01c1baa83d9	{'type': 'update', 'action': 'update_mirror_nav', 'message': {'rot': {'_x': -0.19825584707120286, '_y': 1.6582765500170662, '_z': 0, '_order': 'YXZ'}, 'pos': {'x': 0, 'y': 0, 'z': 0}, 'img_id': '40eda297975f4648bbc301ff98940fcf'}}
9318	5d01c29e8eafc	server	{'type': 'update', 'action': 'guess_stop', 'value': '40eda297975f4648bbc301ff98940fcf'}
9318	server	5d01c29e8eafc	{'type': 'update', 'action': 'disable_nav'}
9318	server	5d01c29e8eafc	{'type': 'update', 'action': 'enable_chat', 'timeout_at': 1560397174.653463}
9318	server	5d01c29e8eafc	{'type': 'update', 'action': 'set_aux', 'message': "You're not yet in the right room. Try asking your partner for directions."}
9318	server	5d01c1baa83d9	{'type': 'update', 'action': 'disable_chat', 'timeout_at': 1560397174.6534667}
9349	5d01c29e8eafc	server	{'type': 'update', 'action': 'chat', 'message': 'Did I pass the room with the bookshelf?'}
9349	server	5d01c29e8eafc	{'type': 'update', 'action': 'add_chat', 'speaker': 'self', 'message': 'Did I pass the room with the bookshelf?'}
9349	server	5d01c29e8eafc	{'type': 'update', 'action': 'disable_chat', 'timeout_at': 1560397205.6994975}
9349	server	5d01c29e8eafc	{'type': 'update', 'action': 'disable_nav'}
9349	server	5d01c1baa83d9	{'type': 'update', 'action': 'add_chat', 'speaker': 'other', 'message': 'Did I pass the room with the bookshelf?'}
9349	server	5d01c1baa83d9	{'type': 'update', 'action': 'enable_chat', 'timeout_at': 1560397205.6995015}
9349	server	5d01c1baa83d9	{'type': 'update', 'action': 'enable_gold_view'}
9384	5d01c1baa83d9	server	{'type': 'update', 'action': 'chat', 'message': 'Go past the plant on the left and through the door, and to the left go down the stairway.'}
9384	server	5d01c29e8eafc	{'type': 'update', 'action': 'add_chat', 'speaker': 'other', 'message': 'Go past the plant on the left and through the door, and to the left go down the stairway.'}
9384	server	5d01c29e8eafc	{'type': 'update', 'action': 'enable_chat', 'timeout_at': 1560397240.7508428}
9384	server	5d01c29e8eafc	{'type': 'update', 'action': 'enable_nav'}
9384	server	5d01c1baa83d9	{'type': 'update', 'action': 'add_chat', 'speaker': 'self', 'message': 'Go past the plant on the left and through the door, and to the left go down the stairway.'}
9384	server	5d01c1baa83d9	{'type': 'update', 'action': 'disable_chat', 'timeout_at': 1560397240.750839}
9384	server	5d01c1baa83d9	{'type': 'update', 'action': 'disable_gold_view'}
9392	5d01c29e8eafc	server	{'type': 'update', 'action': 'nav', 'message': {'rot': {'_x': -0.19825584707120286, '_y': 1.71386296225991, '_z': 0, '_order': 'YXZ'}, 'pos': {'x': 0, 'y': 0, 'z': 0}, 'img_id': '0993008242df4171b26c1bf92ff5e845'}}
9392	server	5d01c1baa83d9	{'type': 'update', 'action': 'update_mirror_nav', 'message': {'rot': {'_x': -0.19825584707120286, '_y': 1.71386296225991, '_z': 0, '_order': 'YXZ'}, 'pos': {'x': 0, 'y': 0, 'z': 0}, 'img_id': '0993008242df4171b26c1bf92ff5e845'}}
9394	5d01c29e8eafc	server	{'type': 'update', 'action': 'nav', 'message': {'rot': {'_x': -0.19825584707120286, '_y': 1.620320890550019, '_z': 0, '_order': 'YXZ'}, 'pos': {'x': 0, 'y': 0, 'z': 0}, 'img_id': 'b0d9ca4f89d64be18df9a3b01cd82f4b'}}
9394	server	5d01c1baa83d9	{'type': 'update', 'action': 'update_mirror_nav', 'message': {'rot': {'_x': -0.19825584707120286, '_y': 1.620320890550019, '_z': 0, '_order': 'YXZ'}, 'pos': {'x': 0, 'y': 0, 'z': 0}, 'img_id': 'b0d9ca4f89d64be18df9a3b01cd82f4b'}}
9396	5d01c29e8eafc	server	{'type': 'update', 'action': 'nav', 'message': {'rot': {'_x': -0.19825584707120286, '_y': 1.7455479523864939, '_z': 0, '_order': 'YXZ'}, 'pos': {'x': 0, 'y': 0, 'z': 0}, 'img_id': 'e3de486699144933aada2e59873d5984'}}
9396	server	5d01c1baa83d9	{'type': 'update', 'action': 'update_mirror_nav', 'message': {'rot': {'_x': -0.19825584707120286, '_y': 1.7455479523864939, '_z': 0, '_order': 'YXZ'}, 'pos': {'x': 0, 'y': 0, 'z': 0}, 'img_id': 'e3de486699144933aada2e59873d5984'}}
9398	5d01c29e8eafc	server	{'type': 'update', 'action': 'nav', 'message': {'rot': {'_x': -0.19825584707120286, '_y': 1.6696888839074289, '_z': 0, '_order': 'YXZ'}, 'pos': {'x': 0, 'y': 0, 'z': 0}, 'img_id': '6ecf3c792e5c48b4921e21fbb3aeff3c'}}
9398	server	5d01c1baa83d9	{'type': 'update', 'action': 'update_mirror_nav', 'message': {'rot': {'_x': -0.19825584707120286, '_y': 1.6696888839074289, '_z': 0, '_order': 'YXZ'}, 'pos': {'x': 0, 'y': 0, 'z': 0}, 'img_id': '6ecf3c792e5c48b4921e21fbb3aeff3c'}}
9402	5d01c29e8eafc	server	{'type': 'update', 'action': 'nav', 'message': {'rot': {'_x': -0.19825584707120286, '_y': 2.404049749046796, '_z': 0, '_order': 'YXZ'}, 'pos': {'x': 0, 'y': 0, 'z': 0}, 'img_id': 'a6ce5d580416478b847a83a2c537a637'}}
9402	server	5d01c1baa83d9	{'type': 'update', 'action': 'update_mirror_nav', 'message': {'rot': {'_x': -0.19825584707120286, '_y': 2.404049749046796, '_z': 0, '_order': 'YXZ'}, 'pos': {'x': 0, 'y': 0, 'z': 0}, 'img_id': 'a6ce5d580416478b847a83a2c537a637'}}
9404	5d01c29e8eafc	server	{'type': 'update', 'action': 'nav', 'message': {'rot': {'_x': -0.9424777960769379, '_y': 2.1490364299627673, '_z': 0, '_order': 'YXZ'}, 'pos': {'x': 0, 'y': 0, 'z': 0}, 'img_id': 'a6ce5d580416478b847a83a2c537a637'}}
9404	server	5d01c1baa83d9	{'type': 'update', 'action': 'update_mirror_nav', 'message': {'rot': {'_x': -0.9424777960769379, '_y': 2.1490364299627673, '_z': 0, '_order': 'YXZ'}, 'pos': {'x': 0, 'y': 0, 'z': 0}, 'img_id': 'a6ce5d580416478b847a83a2c537a637'}}
9405	5d01c29e8eafc	server	{'type': 'update', 'action': 'nav', 'message': {'rot': {'_x': -0.9424777960769379, '_y': 1.9064981209053276, '_z': 0, '_order': 'YXZ'}, 'pos': {'x': 0, 'y': 0, 'z': 0}, 'img_id': '04e0d7506a0849009fabf4c10fa74a40'}}
9405	server	5d01c1baa83d9	{'type': 'update', 'action': 'update_mirror_nav', 'message': {'rot': {'_x': -0.9424777960769379, '_y': 1.9064981209053276, '_z': 0, '_order': 'YXZ'}, 'pos': {'x': 0, 'y': 0, 'z': 0}, 'img_id': '04e0d7506a0849009fabf4c10fa74a40'}}
9407	5d01c29e8eafc	server	{'type': 'update', 'action': 'nav', 'message': {'rot': {'_x': -0.9424777960769379, '_y': 1.708093708087993, '_z': 0, '_order': 'YXZ'}, 'pos': {'x': 0, 'y': 0, 'z': 0}, 'img_id': '3264da900f47425c8c062f909db9abe0'}}
9407	server	5d01c1baa83d9	{'type': 'update', 'action': 'update_mirror_nav', 'message': {'rot': {'_x': -0.9424777960769379, '_y': 1.708093708087993, '_z': 0, '_order': 'YXZ'}, 'pos': {'x': 0, 'y': 0, 'z': 0}, 'img_id': '3264da900f47425c8c062f909db9abe0'}}
9408	5d01c29e8eafc	server	{'type': 'update', 'action': 'nav', 'message': {'rot': {'_x': -0.9424777960769379, '_y': 1.6998885507225348, '_z': 0, '_order': 'YXZ'}, 'pos': {'x': 0, 'y': 0, 'z': 0}, 'img_id': 'e5bfa9c293cd44e1b14953500462dd72'}}
9408	server	5d01c1baa83d9	{'type': 'update', 'action': 'update_mirror_nav', 'message': {'rot': {'_x': -0.9424777960769379, '_y': 1.6998885507225348, '_z': 0, '_order': 'YXZ'}, 'pos': {'x': 0, 'y': 0, 'z': 0}, 'img_id': 'e5bfa9c293cd44e1b14953500462dd72'}}
9411	5d01c29e8eafc	server	{'type': 'update', 'action': 'nav', 'message': {'rot': {'_x': -0.2562075562150899, '_y': 2.5377894562843415, '_z': 0, '_order': 'YXZ'}, 'pos': {'x': 0, 'y': 0, 'z': 0}, 'img_id': 'e5bfa9c293cd44e1b14953500462dd72'}}
9411	server	5d01c1baa83d9	{'type': 'update', 'action': 'update_mirror_nav', 'message': {'rot': {'_x': -0.2562075562150899, '_y': 2.5377894562843415, '_z': 0, '_order': 'YXZ'}, 'pos': {'x': 0, 'y': 0, 'z': 0}, 'img_id': 'e5bfa9c293cd44e1b14953500462dd72'}}
9413	5d01c29e8eafc	server	{'type': 'update', 'action': 'nav', 'message': {'rot': {'_x': -0.35152286730701326, '_y': 2.8528059092704936, '_z': 0, '_order': 'YXZ'}, 'pos': {'x': 0, 'y': 0, 'z': 0}, 'img_id': 'e5bfa9c293cd44e1b14953500462dd72'}}
9413	server	5d01c1baa83d9	{'type': 'update', 'action': 'update_mirror_nav', 'message': {'rot': {'_x': -0.35152286730701326, '_y': 2.8528059092704936, '_z': 0, '_order': 'YXZ'}, 'pos': {'x': 0, 'y': 0, 'z': 0}, 'img_id': 'e5bfa9c293cd44e1b14953500462dd72'}}
9415	5d01c29e8eafc	server	{'type': 'update', 'action': 'nav', 'message': {'rot': {'_x': -0.35152286730701326, '_y': 2.6260037417660986, '_z': 0, '_order': 'YXZ'}, 'pos': {'x': 0, 'y': 0, 'z': 0}, 'img_id': 'a55a46bc13e743ca8626a97ac056b8f3'}}
9415	server	5d01c1baa83d9	{'type': 'update', 'action': 'update_mirror_nav', 'message': {'rot': {'_x': -0.35152286730701326, '_y': 2.6260037417660986, '_z': 0, '_order': 'YXZ'}, 'pos': {'x': 0, 'y': 0, 'z': 0}, 'img_id': 'a55a46bc13e743ca8626a97ac056b8f3'}}
9418	5d01c29e8eafc	server	{'type': 'update', 'action': 'nav', 'message': {'rot': {'_x': -0.35152286730701326, '_y': 1.9832758197095093, '_z': 0, '_order': 'YXZ'}, 'pos': {'x': 0, 'y': 0, 'z': 0}, 'img_id': 'b0299947a912497ba3e1c8f80181f408'}}
9418	server	5d01c1baa83d9	{'type': 'update', 'action': 'update_mirror_nav', 'message': {'rot': {'_x': -0.35152286730701326, '_y': 1.9832758197095093, '_z': 0, '_order': 'YXZ'}, 'pos': {'x': 0, 'y': 0, 'z': 0}, 'img_id': 'b0299947a912497ba3e1c8f80181f408'}}
9420	5d01c29e8eafc	server	{'type': 'update', 'action': 'nav', 'message': {'rot': {'_x': -0.17995530734155132, '_y': 3.3847775901376975, '_z': 0, '_order': 'YXZ'}, 'pos': {'x': 0, 'y': 0, 'z': 0}, 'img_id': 'b0299947a912497ba3e1c8f80181f408'}}
9420	server	5d01c1baa83d9	{'type': 'update', 'action': 'update_mirror_nav', 'message': {'rot': {'_x': -0.17995530734155132, '_y': 3.3847775901376975, '_z': 0, '_order': 'YXZ'}, 'pos': {'x': 0, 'y': 0, 'z': 0}, 'img_id': 'b0299947a912497ba3e1c8f80181f408'}}
9422	5d01c29e8eafc	server	{'type': 'update', 'action': 'nav', 'message': {'rot': {'_x': -0.199018369559936, '_y': 4.676987938101303, '_z': 0, '_order': 'YXZ'}, 'pos': {'x': 0, 'y': 0, 'z': 0}, 'img_id': 'b0299947a912497ba3e1c8f80181f408'}}
9422	server	5d01c1baa83d9	{'type': 'update', 'action': 'update_mirror_nav', 'message': {'rot': {'_x': -0.199018369559936, '_y': 4.676987938101303, '_z': 0, '_order': 'YXZ'}, 'pos': {'x': 0, 'y': 0, 'z': 0}, 'img_id': 'b0299947a912497ba3e1c8f80181f408'}}
9424	5d01c29e8eafc	server	{'type': 'update', 'action': 'nav', 'message': {'rot': {'_x': -0.199018369559936, '_y': 4.756354583983644, '_z': 0, '_order': 'YXZ'}, 'pos': {'x': 0, 'y': 0, 'z': 0}, 'img_id': '8c6c60e241e34c0685171c4f55322940'}}
9424	server	5d01c1baa83d9	{'type': 'update', 'action': 'update_mirror_nav', 'message': {'rot': {'_x': -0.199018369559936, '_y': 4.756354583983644, '_z': 0, '_order': 'YXZ'}, 'pos': {'x': 0, 'y': 0, 'z': 0}, 'img_id': '8c6c60e241e34c0685171c4f55322940'}}
9426	5d01c29e8eafc	server	{'type': 'update', 'action': 'nav', 'message': {'rot': {'_x': -0.4315877286242291, '_y': 3.4962887720390343, '_z': 0, '_order': 'YXZ'}, 'pos': {'x': 0, 'y': 0, 'z': 0}, 'img_id': '8c6c60e241e34c0685171c4f55322940'}}
9426	server	5d01c1baa83d9	{'type': 'update', 'action': 'update_mirror_nav', 'message': {'rot': {'_x': -0.4315877286242291, '_y': 3.4962887720390343, '_z': 0, '_order': 'YXZ'}, 'pos': {'x': 0, 'y': 0, 'z': 0}, 'img_id': '8c6c60e241e34c0685171c4f55322940'}}
9428	5d01c29e8eafc	server	{'type': 'update', 'action': 'nav', 'message': {'rot': {'_x': -0.34389764241965964, '_y': 3.2305606076153404, '_z': 0, '_order': 'YXZ'}, 'pos': {'x': 0, 'y': 0, 'z': 0}, 'img_id': '8c6c60e241e34c0685171c4f55322940'}}
9428	server	5d01c1baa83d9	{'type': 'update', 'action': 'update_mirror_nav', 'message': {'rot': {'_x': -0.34389764241965964, '_y': 3.2305606076153404, '_z': 0, '_order': 'YXZ'}, 'pos': {'x': 0, 'y': 0, 'z': 0}, 'img_id': '8c6c60e241e34c0685171c4f55322940'}}
9431	5d01c29e8eafc	server	{'type': 'update', 'action': 'nav', 'message': {'rot': {'_x': -0.34389764241965964, '_y': 3.2241744570935067, '_z': 0, '_order': 'YXZ'}, 'pos': {'x': 0, 'y': 0, 'z': 0}, 'img_id': 'c3b46ef0552142a6b62a45cd30f26de8'}}
9431	server	5d01c1baa83d9	{'type': 'update', 'action': 'update_mirror_nav', 'message': {'rot': {'_x': -0.34389764241965964, '_y': 3.2241744570935067, '_z': 0, '_order': 'YXZ'}, 'pos': {'x': 0, 'y': 0, 'z': 0}, 'img_id': 'c3b46ef0552142a6b62a45cd30f26de8'}}
9433	5d01c29e8eafc	server	{'type': 'update', 'action': 'nav', 'message': {'rot': {'_x': 0.003050089954941297, '_y': 2.313412603221979, '_z': 0, '_order': 'YXZ'}, 'pos': {'x': 0, 'y': 0, 'z': 0}, 'img_id': 'c3b46ef0552142a6b62a45cd30f26de8'}}
9433	server	5d01c1baa83d9	{'type': 'update', 'action': 'update_mirror_nav', 'message': {'rot': {'_x': 0.003050089954941297, '_y': 2.313412603221979, '_z': 0, '_order': 'YXZ'}, 'pos': {'x': 0, 'y': 0, 'z': 0}, 'img_id': 'c3b46ef0552142a6b62a45cd30f26de8'}}
9434	5d01c29e8eafc	server	{'type': 'update', 'action': 'guess_stop', 'value': 'c3b46ef0552142a6b62a45cd30f26de8'}
9434	server	5d01c29e8eafc	{'type': 'update', 'action': 'set_aux', 'message': 'Congrats, you found the room!'}
9434	server	5d01c29e8eafc	{'type': 'update', 'action': 'disable_chat'}
9434	server	5d01c29e8eafc	{'type': 'update', 'action': 'disable_nav'}
9434	server	5d01c29e8eafc	{'type': 'update', 'action': 'exit', 'message': {'oracle': '5d01c1baa83d9', 'navigator': '5d01c29e8eafc'}}
9434	server	5d01c1baa83d9	{'type': 'update', 'action': 'set_aux', 'message': 'Congrats, you helped your partner find the room!'}
9434	server	5d01c1baa83d9	{'type': 'update', 'action': 'disable_chat'}
9434	server	5d01c1baa83d9	{'type': 'update', 'action': 'disable_gold_view'}
9434	server	5d01c1baa83d9	{'type': 'update', 'action': 'exit', 'message': {'oracle': '5d01c1baa83d9', 'navigator': '5d01c29e8eafc'}}
