2603	server	5d01a9fbad543	{'type': 'update', 'action': 'set_house', 'value': 'UwV83HsGsw3'}
2603	server	5d01a9fbad543	{'type': 'update', 'action': 'set_target_obj', 'value': 'sofa'}
2603	server	5d01a9fbad543	{'type': 'update', 'action': 'set_start_pano', 'value': 'a497aa9041fd41b3b5e6f3cab0849f98'}
2603	server	5d01a9fbad543	{'type': 'update', 'action': 'set_aux', 'message': 'Another player connected! You are The Navigator.'}
2603	server	5d01a9fbad543	{'type': 'update', 'action': 'hide_instructions'}
2603	server	5d01a9fbad543	{'type': 'update', 'action': 'show_chat'}
2603	server	5d01a9fbad543	{'type': 'update', 'action': 'show_nav'}
2603	server	5d01a9fbad543	{'type': 'update', 'action': 'enable_chat', 'timeout_at': 1560390447.1370082}
2603	server	5d01a9fbad543	{'type': 'update', 'action': 'enable_nav'}
2603	server	5d01a9ad3edcb	{'type': 'update', 'action': 'set_house', 'value': 'UwV83HsGsw3'}
2603	server	5d01a9ad3edcb	{'type': 'update', 'action': 'set_target_obj', 'value': 'sofa'}
2603	server	5d01a9ad3edcb	{'type': 'update', 'action': 'set_start_pano', 'value': 'a497aa9041fd41b3b5e6f3cab0849f98'}
2603	server	5d01a9ad3edcb	{'type': 'update', 'action': 'set_end_panos', 'value': 'f3183802e10f416d858c16efa99b4785,f9725f1e55954fd59b38ff787cd6a0b8,3622338b143243f49db867035cfd55cd,8c1aaf74762c49d0bd3bfe3e7691522f,cd0d434e01134cac841ae43f63fb0b8d,46d857a7ee4f45d09a095e105798fc71,6155de25ed8343569cf42c09ada10c86,1d973f8414f849df9c34262ca3dc1452,1f9195e71a8a426faec4f34c513dc27e'}
2603	server	5d01a9ad3edcb	{'type': 'update', 'action': 'set_aux', 'message': 'Another player connected! You are The Oracle.'}
2603	server	5d01a9ad3edcb	{'type': 'update', 'action': 'hide_instructions'}
2603	server	5d01a9ad3edcb	{'type': 'update', 'action': 'show_chat'}
2603	server	5d01a9ad3edcb	{'type': 'update', 'action': 'disable_chat', 'timeout_at': 1560390447.137015}
2603	server	5d01a9ad3edcb	{'type': 'update', 'action': 'show_mirror_nav'}
2603	server	5d01a9ad3edcb	{'type': 'update', 'action': 'show_gold_view'}
2613	5d01a9fbad543	server	{'type': 'update', 'action': 'nav', 'message': {'rot': {'_x': 0, '_y': 0, '_z': 0, '_order': 'YXZ'}, 'pos': {'x': 0, 'y': 0, 'z': 0}, 'img_id': 'a497aa9041fd41b3b5e6f3cab0849f98'}}
2613	server	5d01a9ad3edcb	{'type': 'update', 'action': 'update_mirror_nav', 'message': {'rot': {'_x': 0, '_y': 0, '_z': 0, '_order': 'YXZ'}, 'pos': {'x': 0, 'y': 0, 'z': 0}, 'img_id': 'a497aa9041fd41b3b5e6f3cab0849f98'}}
2635	5d01a9fbad543	server	{'type': 'update', 'action': 'nav', 'message': {'rot': {'_x': -0.010959044140429513, '_y': -0.004106657063516074, '_z': 0, '_order': 'YXZ'}, 'pos': {'x': 0, 'y': 0, 'z': 0}, 'img_id': 'a497aa9041fd41b3b5e6f3cab0849f98'}}
2635	server	5d01a9ad3edcb	{'type': 'update', 'action': 'update_mirror_nav', 'message': {'rot': {'_x': -0.010959044140429513, '_y': -0.004106657063516074, '_z': 0, '_order': 'YXZ'}, 'pos': {'x': 0, 'y': 0, 'z': 0}, 'img_id': 'a497aa9041fd41b3b5e6f3cab0849f98'}}
2649	5d01a9fbad543	server	{'type': 'update', 'action': 'chat', 'message': 'Do I go straight or turn around'}
2649	server	5d01a9fbad543	{'type': 'update', 'action': 'add_chat', 'speaker': 'self', 'message': 'Do I go straight or turn around'}
2649	server	5d01a9fbad543	{'type': 'update', 'action': 'disable_chat', 'timeout_at': 1560390493.2244368}
2649	server	5d01a9fbad543	{'type': 'update', 'action': 'disable_nav'}
2649	server	5d01a9ad3edcb	{'type': 'update', 'action': 'add_chat', 'speaker': 'other', 'message': 'Do I go straight or turn around'}
2649	server	5d01a9ad3edcb	{'type': 'update', 'action': 'enable_chat', 'timeout_at': 1560390493.22444}
2649	server	5d01a9ad3edcb	{'type': 'update', 'action': 'enable_gold_view'}
2662	5d01a9ad3edcb	server	{'type': 'update', 'action': 'chat', 'message': 'go straight'}
2662	server	5d01a9fbad543	{'type': 'update', 'action': 'add_chat', 'speaker': 'other', 'message': 'go straight'}
2662	server	5d01a9fbad543	{'type': 'update', 'action': 'enable_chat', 'timeout_at': 1560390506.2498221}
2662	server	5d01a9fbad543	{'type': 'update', 'action': 'enable_nav'}
2662	server	5d01a9ad3edcb	{'type': 'update', 'action': 'add_chat', 'speaker': 'self', 'message': 'go straight'}
2662	server	5d01a9ad3edcb	{'type': 'update', 'action': 'disable_chat', 'timeout_at': 1560390506.249818}
2662	server	5d01a9ad3edcb	{'type': 'update', 'action': 'disable_gold_view'}
2678	5d01a9fbad543	server	{'type': 'update', 'action': 'nav', 'message': {'rot': {'_x': -0.12054948554472467, '_y': -0.5913586171463141, '_z': 0, '_order': 'YXZ'}, 'pos': {'x': 0, 'y': 0, 'z': 0}, 'img_id': 'a497aa9041fd41b3b5e6f3cab0849f98'}}
2678	server	5d01a9ad3edcb	{'type': 'update', 'action': 'update_mirror_nav', 'message': {'rot': {'_x': -0.12054948554472467, '_y': -0.5913586171463141, '_z': 0, '_order': 'YXZ'}, 'pos': {'x': 0, 'y': 0, 'z': 0}, 'img_id': 'a497aa9041fd41b3b5e6f3cab0849f98'}}
2681	5d01a9fbad543	server	{'type': 'update', 'action': 'nav', 'message': {'rot': {'_x': -0.5625642658753819, '_y': -1.841835692986957, '_z': 0, '_order': 'YXZ'}, 'pos': {'x': 0, 'y': 0, 'z': 0}, 'img_id': 'a497aa9041fd41b3b5e6f3cab0849f98'}}
2681	server	5d01a9ad3edcb	{'type': 'update', 'action': 'update_mirror_nav', 'message': {'rot': {'_x': -0.5625642658753819, '_y': -1.841835692986957, '_z': 0, '_order': 'YXZ'}, 'pos': {'x': 0, 'y': 0, 'z': 0}, 'img_id': 'a497aa9041fd41b3b5e6f3cab0849f98'}}
2684	5d01a9fbad543	server	{'type': 'update', 'action': 'nav', 'message': {'rot': {'_x': -0.4127906626228453, '_y': -1.073890822109454, '_z': 0, '_order': 'YXZ'}, 'pos': {'x': 0, 'y': 0, 'z': 0}, 'img_id': 'a497aa9041fd41b3b5e6f3cab0849f98'}}
2684	server	5d01a9ad3edcb	{'type': 'update', 'action': 'update_mirror_nav', 'message': {'rot': {'_x': -0.4127906626228453, '_y': -1.073890822109454, '_z': 0, '_order': 'YXZ'}, 'pos': {'x': 0, 'y': 0, 'z': 0}, 'img_id': 'a497aa9041fd41b3b5e6f3cab0849f98'}}
2685	5d01a9fbad543	server	{'type': 'update', 'action': 'nav', 'message': {'rot': {'_x': -0.9424777960769379, '_y': -1.7330092808037838, '_z': 0, '_order': 'YXZ'}, 'pos': {'x': 0, 'y': 0, 'z': 0}, 'img_id': 'a497aa9041fd41b3b5e6f3cab0849f98'}}
2685	server	5d01a9ad3edcb	{'type': 'update', 'action': 'update_mirror_nav', 'message': {'rot': {'_x': -0.9424777960769379, '_y': -1.7330092808037838, '_z': 0, '_order': 'YXZ'}, 'pos': {'x': 0, 'y': 0, 'z': 0}, 'img_id': 'a497aa9041fd41b3b5e6f3cab0849f98'}}
2687	5d01a9fbad543	server	{'type': 'update', 'action': 'nav', 'message': {'rot': {'_x': -0.9424777960769379, '_y': -0.022586613849341127, '_z': 0, '_order': 'YXZ'}, 'pos': {'x': 0, 'y': 0, 'z': 0}, 'img_id': 'a497aa9041fd41b3b5e6f3cab0849f98'}}
2687	server	5d01a9ad3edcb	{'type': 'update', 'action': 'update_mirror_nav', 'message': {'rot': {'_x': -0.9424777960769379, '_y': -0.022586613849341127, '_z': 0, '_order': 'YXZ'}, 'pos': {'x': 0, 'y': 0, 'z': 0}, 'img_id': 'a497aa9041fd41b3b5e6f3cab0849f98'}}
2688	5d01a9fbad543	server	{'type': 'update', 'action': 'nav', 'message': {'rot': {'_x': -0.08767235312343612, '_y': 0.11498639777844719, '_z': 0, '_order': 'YXZ'}, 'pos': {'x': 0, 'y': 0, 'z': 0}, 'img_id': 'a497aa9041fd41b3b5e6f3cab0849f98'}}
2688	server	5d01a9ad3edcb	{'type': 'update', 'action': 'update_mirror_nav', 'message': {'rot': {'_x': -0.08767235312343612, '_y': 0.11498639777844719, '_z': 0, '_order': 'YXZ'}, 'pos': {'x': 0, 'y': 0, 'z': 0}, 'img_id': 'a497aa9041fd41b3b5e6f3cab0849f98'}}
2695	5d01a9fbad543	server	{'type': 'update', 'action': 'nav', 'message': {'rot': {'_x': -0.2958941917915969, '_y': 0.936317810481661, '_z': 0, '_order': 'YXZ'}, 'pos': {'x': 0, 'y': 0, 'z': 0}, 'img_id': 'a497aa9041fd41b3b5e6f3cab0849f98'}}
2695	server	5d01a9ad3edcb	{'type': 'update', 'action': 'update_mirror_nav', 'message': {'rot': {'_x': -0.2958941917915969, '_y': 0.936317810481661, '_z': 0, '_order': 'YXZ'}, 'pos': {'x': 0, 'y': 0, 'z': 0}, 'img_id': 'a497aa9041fd41b3b5e6f3cab0849f98'}}
2701	5d01a9fbad543	server	{'type': 'update', 'action': 'nav', 'message': {'rot': {'_x': -0.16438566210644293, '_y': 0.030799927976367592, '_z': 0, '_order': 'YXZ'}, 'pos': {'x': 0, 'y': 0, 'z': 0}, 'img_id': 'a497aa9041fd41b3b5e6f3cab0849f98'}}
2701	server	5d01a9ad3edcb	{'type': 'update', 'action': 'update_mirror_nav', 'message': {'rot': {'_x': -0.16438566210644293, '_y': 0.030799927976367592, '_z': 0, '_order': 'YXZ'}, 'pos': {'x': 0, 'y': 0, 'z': 0}, 'img_id': 'a497aa9041fd41b3b5e6f3cab0849f98'}}
2703	5d01a9fbad543	server	{'type': 'update', 'action': 'nav', 'message': {'rot': {'_x': -0.16073264739296642, '_y': 0.030799927976367592, '_z': 0, '_order': 'YXZ'}, 'pos': {'x': 0, 'y': 0, 'z': 0}, 'img_id': 'a497aa9041fd41b3b5e6f3cab0849f98'}}
2703	server	5d01a9ad3edcb	{'type': 'update', 'action': 'update_mirror_nav', 'message': {'rot': {'_x': -0.16073264739296642, '_y': 0.030799927976367592, '_z': 0, '_order': 'YXZ'}, 'pos': {'x': 0, 'y': 0, 'z': 0}, 'img_id': 'a497aa9041fd41b3b5e6f3cab0849f98'}}
2711	5d01a9fbad543	server	{'type': 'update', 'action': 'nav', 'message': {'rot': {'_x': -0.13150852968515442, '_y': 0.1334663545642693, '_z': 0, '_order': 'YXZ'}, 'pos': {'x': 0, 'y': 0, 'z': 0}, 'img_id': 'a497aa9041fd41b3b5e6f3cab0849f98'}}
2711	server	5d01a9ad3edcb	{'type': 'update', 'action': 'update_mirror_nav', 'message': {'rot': {'_x': -0.13150852968515442, '_y': 0.1334663545642693, '_z': 0, '_order': 'YXZ'}, 'pos': {'x': 0, 'y': 0, 'z': 0}, 'img_id': 'a497aa9041fd41b3b5e6f3cab0849f98'}}
2724	5d01a9fbad543	server	{'type': 'update', 'action': 'nav', 'message': {'rot': {'_x': -0.1059374266908191, '_y': 0.17247959666767204, '_z': 0, '_order': 'YXZ'}, 'pos': {'x': 0, 'y': 0, 'z': 0}, 'img_id': 'a497aa9041fd41b3b5e6f3cab0849f98'}}
2724	server	5d01a9ad3edcb	{'type': 'update', 'action': 'update_mirror_nav', 'message': {'rot': {'_x': -0.1059374266908191, '_y': 0.17247959666767204, '_z': 0, '_order': 'YXZ'}, 'pos': {'x': 0, 'y': 0, 'z': 0}, 'img_id': 'a497aa9041fd41b3b5e6f3cab0849f98'}}
2738	5d01a9fbad543	server	{'type': 'update', 'action': 'chat', 'message': "it won't let me go further any ideas?"}
2738	server	5d01a9fbad543	{'type': 'update', 'action': 'add_chat', 'speaker': 'self', 'message': "it won't let me go further any ideas?"}
2738	server	5d01a9fbad543	{'type': 'update', 'action': 'disable_chat', 'timeout_at': 1560390582.457336}
2738	server	5d01a9fbad543	{'type': 'update', 'action': 'disable_nav'}
2738	server	5d01a9ad3edcb	{'type': 'update', 'action': 'add_chat', 'speaker': 'other', 'message': "it won't let me go further any ideas?"}
2738	server	5d01a9ad3edcb	{'type': 'update', 'action': 'enable_chat', 'timeout_at': 1560390582.45734}
2738	server	5d01a9ad3edcb	{'type': 'update', 'action': 'enable_gold_view'}
2766	5d01a9ad3edcb	server	{'type': 'update', 'action': 'chat', 'message': 'right  click on the blue things'}
2766	server	5d01a9fbad543	{'type': 'update', 'action': 'add_chat', 'speaker': 'other', 'message': 'right  click on the blue things'}
2766	server	5d01a9fbad543	{'type': 'update', 'action': 'enable_chat', 'timeout_at': 1560390610.508925}
2766	server	5d01a9fbad543	{'type': 'update', 'action': 'enable_nav'}
2766	server	5d01a9ad3edcb	{'type': 'update', 'action': 'add_chat', 'speaker': 'self', 'message': 'right  click on the blue things'}
2766	server	5d01a9ad3edcb	{'type': 'update', 'action': 'disable_chat', 'timeout_at': 1560390610.5089214}
2766	server	5d01a9ad3edcb	{'type': 'update', 'action': 'disable_gold_view'}
2778	5d01a9fbad543	server	{'type': 'update', 'action': 'nav', 'message': {'rot': {'_x': -0.1059374266908191, '_y': 0.22572937368389284, '_z': 0, '_order': 'YXZ'}, 'pos': {'x': 0, 'y': 0, 'z': 0}, 'img_id': '7482b1a2655e4655ae4ab58749f43f65'}}
2778	server	5d01a9ad3edcb	{'type': 'update', 'action': 'update_mirror_nav', 'message': {'rot': {'_x': -0.1059374266908191, '_y': 0.22572937368389284, '_z': 0, '_order': 'YXZ'}, 'pos': {'x': 0, 'y': 0, 'z': 0}, 'img_id': '7482b1a2655e4655ae4ab58749f43f65'}}
2785	5d01a9fbad543	server	{'type': 'update', 'action': 'nav', 'message': {'rot': {'_x': -0.1059374266908191, '_y': -0.5288198859935493, '_z': 0, '_order': 'YXZ'}, 'pos': {'x': 0, 'y': 0, 'z': 0}, 'img_id': '6a9fc849b1804b638303406e734b7505'}}
2785	server	5d01a9ad3edcb	{'type': 'update', 'action': 'update_mirror_nav', 'message': {'rot': {'_x': -0.1059374266908191, '_y': -0.5288198859935493, '_z': 0, '_order': 'YXZ'}, 'pos': {'x': 0, 'y': 0, 'z': 0}, 'img_id': '6a9fc849b1804b638303406e734b7505'}}
2790	5d01a9fbad543	server	{'type': 'update', 'action': 'nav', 'message': {'rot': {'_x': -0.5662172805888583, '_y': -1.5349508665549862, '_z': 0, '_order': 'YXZ'}, 'pos': {'x': 0, 'y': 0, 'z': 0}, 'img_id': '6a9fc849b1804b638303406e734b7505'}}
2790	server	5d01a9ad3edcb	{'type': 'update', 'action': 'update_mirror_nav', 'message': {'rot': {'_x': -0.5662172805888583, '_y': -1.5349508665549862, '_z': 0, '_order': 'YXZ'}, 'pos': {'x': 0, 'y': 0, 'z': 0}, 'img_id': '6a9fc849b1804b638303406e734b7505'}}
2792	5d01a9fbad543	server	{'type': 'update', 'action': 'nav', 'message': {'rot': {'_x': -0.7342559574087774, '_y': -0.4898066438901462, '_z': 0, '_order': 'YXZ'}, 'pos': {'x': 0, 'y': 0, 'z': 0}, 'img_id': '6a9fc849b1804b638303406e734b7505'}}
2792	server	5d01a9ad3edcb	{'type': 'update', 'action': 'update_mirror_nav', 'message': {'rot': {'_x': -0.7342559574087774, '_y': -0.4898066438901462, '_z': 0, '_order': 'YXZ'}, 'pos': {'x': 0, 'y': 0, 'z': 0}, 'img_id': '6a9fc849b1804b638303406e734b7505'}}
2794	5d01a9fbad543	server	{'type': 'update', 'action': 'nav', 'message': {'rot': {'_x': -0.37626051548807943, '_y': 0.19189842865352139, '_z': 0, '_order': 'YXZ'}, 'pos': {'x': 0, 'y': 0, 'z': 0}, 'img_id': '6a9fc849b1804b638303406e734b7505'}}
2794	server	5d01a9ad3edcb	{'type': 'update', 'action': 'update_mirror_nav', 'message': {'rot': {'_x': -0.37626051548807943, '_y': 0.19189842865352139, '_z': 0, '_order': 'YXZ'}, 'pos': {'x': 0, 'y': 0, 'z': 0}, 'img_id': '6a9fc849b1804b638303406e734b7505'}}
2797	5d01a9fbad543	server	{'type': 'update', 'action': 'nav', 'message': {'rot': {'_x': -0.37626051548807943, '_y': 0.7839882186108943, '_z': 0, '_order': 'YXZ'}, 'pos': {'x': 0, 'y': 0, 'z': 0}, 'img_id': '364f0e028d454ee88bbdc1d3f93a6c36'}}
2797	server	5d01a9ad3edcb	{'type': 'update', 'action': 'update_mirror_nav', 'message': {'rot': {'_x': -0.37626051548807943, '_y': 0.7839882186108943, '_z': 0, '_order': 'YXZ'}, 'pos': {'x': 0, 'y': 0, 'z': 0}, 'img_id': '364f0e028d454ee88bbdc1d3f93a6c36'}}
2800	5d01a9fbad543	server	{'type': 'update', 'action': 'nav', 'message': {'rot': {'_x': -0.48585095689237456, '_y': 0.1967362585280964, '_z': 0, '_order': 'YXZ'}, 'pos': {'x': 0, 'y': 0, 'z': 0}, 'img_id': '364f0e028d454ee88bbdc1d3f93a6c36'}}
2800	server	5d01a9ad3edcb	{'type': 'update', 'action': 'update_mirror_nav', 'message': {'rot': {'_x': -0.48585095689237456, '_y': 0.1967362585280964, '_z': 0, '_order': 'YXZ'}, 'pos': {'x': 0, 'y': 0, 'z': 0}, 'img_id': '364f0e028d454ee88bbdc1d3f93a6c36'}}
2803	5d01a9fbad543	server	{'type': 'update', 'action': 'nav', 'message': {'rot': {'_x': -0.39452558905546187, '_y': -0.6574484106832461, '_z': 0, '_order': 'YXZ'}, 'pos': {'x': 0, 'y': 0, 'z': 0}, 'img_id': '364f0e028d454ee88bbdc1d3f93a6c36'}}
2803	server	5d01a9ad3edcb	{'type': 'update', 'action': 'update_mirror_nav', 'message': {'rot': {'_x': -0.39452558905546187, '_y': -0.6574484106832461, '_z': 0, '_order': 'YXZ'}, 'pos': {'x': 0, 'y': 0, 'z': 0}, 'img_id': '364f0e028d454ee88bbdc1d3f93a6c36'}}
2806	5d01a9fbad543	server	{'type': 'update', 'action': 'nav', 'message': {'rot': {'_x': -0.27032308879726025, '_y': 0.39385579757686795, '_z': 0, '_order': 'YXZ'}, 'pos': {'x': 0, 'y': 0, 'z': 0}, 'img_id': '364f0e028d454ee88bbdc1d3f93a6c36'}}
2806	server	5d01a9ad3edcb	{'type': 'update', 'action': 'update_mirror_nav', 'message': {'rot': {'_x': -0.27032308879726025, '_y': 0.39385579757686795, '_z': 0, '_order': 'YXZ'}, 'pos': {'x': 0, 'y': 0, 'z': 0}, 'img_id': '364f0e028d454ee88bbdc1d3f93a6c36'}}
2807	5d01a9fbad543	server	{'type': 'update', 'action': 'nav', 'message': {'rot': {'_x': -0.6027474277236221, '_y': 1.4040934352018208, '_z': 0, '_order': 'YXZ'}, 'pos': {'x': 0, 'y': 0, 'z': 0}, 'img_id': '364f0e028d454ee88bbdc1d3f93a6c36'}}
2807	server	5d01a9ad3edcb	{'type': 'update', 'action': 'update_mirror_nav', 'message': {'rot': {'_x': -0.6027474277236221, '_y': 1.4040934352018208, '_z': 0, '_order': 'YXZ'}, 'pos': {'x': 0, 'y': 0, 'z': 0}, 'img_id': '364f0e028d454ee88bbdc1d3f93a6c36'}}
2808	5d01a9fbad543	server	{'type': 'update', 'action': 'nav', 'message': {'rot': {'_x': -0.33973036835331477, '_y': 2.652517182510703, '_z': 0, '_order': 'YXZ'}, 'pos': {'x': 0, 'y': 0, 'z': 0}, 'img_id': '364f0e028d454ee88bbdc1d3f93a6c36'}}
2808	server	5d01a9ad3edcb	{'type': 'update', 'action': 'update_mirror_nav', 'message': {'rot': {'_x': -0.33973036835331477, '_y': 2.652517182510703, '_z': 0, '_order': 'YXZ'}, 'pos': {'x': 0, 'y': 0, 'z': 0}, 'img_id': '364f0e028d454ee88bbdc1d3f93a6c36'}}
2811	5d01a9fbad543	server	{'type': 'update', 'action': 'nav', 'message': {'rot': {'_x': -0.17899772096034897, '_y': 4.061100555296715, '_z': 0, '_order': 'YXZ'}, 'pos': {'x': 0, 'y': 0, 'z': 0}, 'img_id': '364f0e028d454ee88bbdc1d3f93a6c36'}}
2811	server	5d01a9ad3edcb	{'type': 'update', 'action': 'update_mirror_nav', 'message': {'rot': {'_x': -0.17899772096034897, '_y': 4.061100555296715, '_z': 0, '_order': 'YXZ'}, 'pos': {'x': 0, 'y': 0, 'z': 0}, 'img_id': '364f0e028d454ee88bbdc1d3f93a6c36'}}
2816	5d01a9fbad543	server	{'type': 'update', 'action': 'nav', 'message': {'rot': {'_x': -0.8000102222513552, '_y': 4.420433048354369, '_z': 0, '_order': 'YXZ'}, 'pos': {'x': 0, 'y': 0, 'z': 0}, 'img_id': '364f0e028d454ee88bbdc1d3f93a6c36'}}
2816	server	5d01a9ad3edcb	{'type': 'update', 'action': 'update_mirror_nav', 'message': {'rot': {'_x': -0.8000102222513552, '_y': 4.420433048354369, '_z': 0, '_order': 'YXZ'}, 'pos': {'x': 0, 'y': 0, 'z': 0}, 'img_id': '364f0e028d454ee88bbdc1d3f93a6c36'}}
2818	5d01a9fbad543	server	{'type': 'update', 'action': 'nav', 'message': {'rot': {'_x': -0.8000102222513552, '_y': 4.0963822138558506, '_z': 0, '_order': 'YXZ'}, 'pos': {'x': 0, 'y': 0, 'z': 0}, 'img_id': '6a9fc849b1804b638303406e734b7505'}}
2818	server	5d01a9ad3edcb	{'type': 'update', 'action': 'update_mirror_nav', 'message': {'rot': {'_x': -0.8000102222513552, '_y': 4.0963822138558506, '_z': 0, '_order': 'YXZ'}, 'pos': {'x': 0, 'y': 0, 'z': 0}, 'img_id': '6a9fc849b1804b638303406e734b7505'}}
2820	5d01a9fbad543	server	{'type': 'update', 'action': 'nav', 'message': {'rot': {'_x': -0.33607735363983926, '_y': 4.455714706913511, '_z': 0, '_order': 'YXZ'}, 'pos': {'x': 0, 'y': 0, 'z': 0}, 'img_id': '6a9fc849b1804b638303406e734b7505'}}
2820	server	5d01a9ad3edcb	{'type': 'update', 'action': 'update_mirror_nav', 'message': {'rot': {'_x': -0.33607735363983926, '_y': 4.455714706913511, '_z': 0, '_order': 'YXZ'}, 'pos': {'x': 0, 'y': 0, 'z': 0}, 'img_id': '6a9fc849b1804b638303406e734b7505'}}
2823	5d01a9fbad543	server	{'type': 'update', 'action': 'nav', 'message': {'rot': {'_x': -0.33607735363983926, '_y': 4.926913878837021, '_z': 0, '_order': 'YXZ'}, 'pos': {'x': 0, 'y': 0, 'z': 0}, 'img_id': '3b506f568fdc4148aebf5326595706c0'}}
2823	server	5d01a9ad3edcb	{'type': 'update', 'action': 'update_mirror_nav', 'message': {'rot': {'_x': -0.33607735363983926, '_y': 4.926913878837021, '_z': 0, '_order': 'YXZ'}, 'pos': {'x': 0, 'y': 0, 'z': 0}, 'img_id': '3b506f568fdc4148aebf5326595706c0'}}
2826	5d01a9fbad543	server	{'type': 'update', 'action': 'nav', 'message': {'rot': {'_x': -0.09132536783691338, '_y': 5.296513014553469, '_z': 0, '_order': 'YXZ'}, 'pos': {'x': 0, 'y': 0, 'z': 0}, 'img_id': '3b506f568fdc4148aebf5326595706c0'}}
2826	server	5d01a9ad3edcb	{'type': 'update', 'action': 'update_mirror_nav', 'message': {'rot': {'_x': -0.09132536783691338, '_y': 5.296513014553469, '_z': 0, '_order': 'YXZ'}, 'pos': {'x': 0, 'y': 0, 'z': 0}, 'img_id': '3b506f568fdc4148aebf5326595706c0'}}
2827	5d01a9fbad543	server	{'type': 'update', 'action': 'nav', 'message': {'rot': {'_x': -0.18265073567382598, '_y': 6.47512359178258, '_z': 0, '_order': 'YXZ'}, 'pos': {'x': 0, 'y': 0, 'z': 0}, 'img_id': '3b506f568fdc4148aebf5326595706c0'}}
2827	server	5d01a9ad3edcb	{'type': 'update', 'action': 'update_mirror_nav', 'message': {'rot': {'_x': -0.18265073567382598, '_y': 6.47512359178258, '_z': 0, '_order': 'YXZ'}, 'pos': {'x': 0, 'y': 0, 'z': 0}, 'img_id': '3b506f568fdc4148aebf5326595706c0'}}
2828	5d01a9fbad543	server	{'type': 'update', 'action': 'nav', 'message': {'rot': {'_x': -0.38356654491503367, '_y': 7.622934241035323, '_z': 0, '_order': 'YXZ'}, 'pos': {'x': 0, 'y': 0, 'z': 0}, 'img_id': '3b506f568fdc4148aebf5326595706c0'}}
2828	server	5d01a9ad3edcb	{'type': 'update', 'action': 'update_mirror_nav', 'message': {'rot': {'_x': -0.38356654491503367, '_y': 7.622934241035323, '_z': 0, '_order': 'YXZ'}, 'pos': {'x': 0, 'y': 0, 'z': 0}, 'img_id': '3b506f568fdc4148aebf5326595706c0'}}
2829	5d01a9fbad543	server	{'type': 'update', 'action': 'nav', 'message': {'rot': {'_x': -0.4310557361902283, '_y': 8.050026575640995, '_z': 0, '_order': 'YXZ'}, 'pos': {'x': 0, 'y': 0, 'z': 0}, 'img_id': '3b506f568fdc4148aebf5326595706c0'}}
2829	server	5d01a9ad3edcb	{'type': 'update', 'action': 'update_mirror_nav', 'message': {'rot': {'_x': -0.4310557361902283, '_y': 8.050026575640995, '_z': 0, '_order': 'YXZ'}, 'pos': {'x': 0, 'y': 0, 'z': 0}, 'img_id': '3b506f568fdc4148aebf5326595706c0'}}
2830	5d01a9fbad543	server	{'type': 'update', 'action': 'nav', 'message': {'rot': {'_x': -0.4310557361902283, '_y': 8.0756153164067, '_z': 0, '_order': 'YXZ'}, 'pos': {'x': 0, 'y': 0, 'z': 0}, 'img_id': '6a9fc849b1804b638303406e734b7505'}}
2830	server	5d01a9ad3edcb	{'type': 'update', 'action': 'update_mirror_nav', 'message': {'rot': {'_x': -0.4310557361902283, '_y': 8.0756153164067, '_z': 0, '_order': 'YXZ'}, 'pos': {'x': 0, 'y': 0, 'z': 0}, 'img_id': '6a9fc849b1804b638303406e734b7505'}}
2835	5d01a9fbad543	server	{'type': 'update', 'action': 'nav', 'message': {'rot': {'_x': -0.4639328686115175, '_y': 9.484198689192718, '_z': 0, '_order': 'YXZ'}, 'pos': {'x': 0, 'y': 0, 'z': 0}, 'img_id': '6a9fc849b1804b638303406e734b7505'}}
2835	server	5d01a9ad3edcb	{'type': 'update', 'action': 'update_mirror_nav', 'message': {'rot': {'_x': -0.4639328686115175, '_y': 9.484198689192718, '_z': 0, '_order': 'YXZ'}, 'pos': {'x': 0, 'y': 0, 'z': 0}, 'img_id': '6a9fc849b1804b638303406e734b7505'}}
2837	5d01a9fbad543	server	{'type': 'update', 'action': 'nav', 'message': {'rot': {'_x': -0.03653014713476685, '_y': 11.31782106805265, '_z': 0, '_order': 'YXZ'}, 'pos': {'x': 0, 'y': 0, 'z': 0}, 'img_id': '6a9fc849b1804b638303406e734b7505'}}
2837	server	5d01a9ad3edcb	{'type': 'update', 'action': 'update_mirror_nav', 'message': {'rot': {'_x': -0.03653014713476685, '_y': 11.31782106805265, '_z': 0, '_order': 'YXZ'}, 'pos': {'x': 0, 'y': 0, 'z': 0}, 'img_id': '6a9fc849b1804b638303406e734b7505'}}
2838	5d01a9fbad543	server	{'type': 'update', 'action': 'nav', 'message': {'rot': {'_x': -0.06210125012910236, '_y': 12.718191126711627, '_z': 0, '_order': 'YXZ'}, 'pos': {'x': 0, 'y': 0, 'z': 0}, 'img_id': '6a9fc849b1804b638303406e734b7505'}}
2838	server	5d01a9ad3edcb	{'type': 'update', 'action': 'update_mirror_nav', 'message': {'rot': {'_x': -0.06210125012910236, '_y': 12.718191126711627, '_z': 0, '_order': 'YXZ'}, 'pos': {'x': 0, 'y': 0, 'z': 0}, 'img_id': '6a9fc849b1804b638303406e734b7505'}}
2840	5d01a9fbad543	server	{'type': 'update', 'action': 'nav', 'message': {'rot': {'_x': -0.41279066262284675, '_y': 13.796188605884593, '_z': 0, '_order': 'YXZ'}, 'pos': {'x': 0, 'y': 0, 'z': 0}, 'img_id': '6a9fc849b1804b638303406e734b7505'}}
2840	server	5d01a9ad3edcb	{'type': 'update', 'action': 'update_mirror_nav', 'message': {'rot': {'_x': -0.41279066262284675, '_y': 13.796188605884593, '_z': 0, '_order': 'YXZ'}, 'pos': {'x': 0, 'y': 0, 'z': 0}, 'img_id': '6a9fc849b1804b638303406e734b7505'}}
2841	5d01a9fbad543	server	{'type': 'update', 'action': 'nav', 'message': {'rot': {'_x': -0.43470875090370603, '_y': 14.80847957204131, '_z': 0, '_order': 'YXZ'}, 'pos': {'x': 0, 'y': 0, 'z': 0}, 'img_id': '6a9fc849b1804b638303406e734b7505'}}
2841	server	5d01a9ad3edcb	{'type': 'update', 'action': 'update_mirror_nav', 'message': {'rot': {'_x': -0.43470875090370603, '_y': 14.80847957204131, '_z': 0, '_order': 'YXZ'}, 'pos': {'x': 0, 'y': 0, 'z': 0}, 'img_id': '6a9fc849b1804b638303406e734b7505'}}
2843	5d01a9fbad543	server	{'type': 'update', 'action': 'nav', 'message': {'rot': {'_x': -0.43470875090370603, '_y': 15.051162583448729, '_z': 0, '_order': 'YXZ'}, 'pos': {'x': 0, 'y': 0, 'z': 0}, 'img_id': '7482b1a2655e4655ae4ab58749f43f65'}}
2843	server	5d01a9ad3edcb	{'type': 'update', 'action': 'update_mirror_nav', 'message': {'rot': {'_x': -0.43470875090370603, '_y': 15.051162583448729, '_z': 0, '_order': 'YXZ'}, 'pos': {'x': 0, 'y': 0, 'z': 0}, 'img_id': '7482b1a2655e4655ae4ab58749f43f65'}}
2846	5d01a9fbad543	server	{'type': 'update', 'action': 'nav', 'message': {'rot': {'_x': -0.15707963267949177, '_y': 14.170284643324528, '_z': 0, '_order': 'YXZ'}, 'pos': {'x': 0, 'y': 0, 'z': 0}, 'img_id': '7482b1a2655e4655ae4ab58749f43f65'}}
2846	server	5d01a9ad3edcb	{'type': 'update', 'action': 'update_mirror_nav', 'message': {'rot': {'_x': -0.15707963267949177, '_y': 14.170284643324528, '_z': 0, '_order': 'YXZ'}, 'pos': {'x': 0, 'y': 0, 'z': 0}, 'img_id': '7482b1a2655e4655ae4ab58749f43f65'}}
2852	5d01a9fbad543	server	{'type': 'update', 'action': 'nav', 'message': {'rot': {'_x': -0.13881455911210933, '_y': 13.45367298574098, '_z': 0, '_order': 'YXZ'}, 'pos': {'x': 0, 'y': 0, 'z': 0}, 'img_id': '7482b1a2655e4655ae4ab58749f43f65'}}
2852	server	5d01a9ad3edcb	{'type': 'update', 'action': 'update_mirror_nav', 'message': {'rot': {'_x': -0.13881455911210933, '_y': 13.45367298574098, '_z': 0, '_order': 'YXZ'}, 'pos': {'x': 0, 'y': 0, 'z': 0}, 'img_id': '7482b1a2655e4655ae4ab58749f43f65'}}
2855	5d01a9fbad543	server	{'type': 'update', 'action': 'nav', 'message': {'rot': {'_x': -0.2703230887972636, '_y': 12.332555607401083, '_z': 0, '_order': 'YXZ'}, 'pos': {'x': 0, 'y': 0, 'z': 0}, 'img_id': '7482b1a2655e4655ae4ab58749f43f65'}}
2855	server	5d01a9ad3edcb	{'type': 'update', 'action': 'update_mirror_nav', 'message': {'rot': {'_x': -0.2703230887972636, '_y': 12.332555607401083, '_z': 0, '_order': 'YXZ'}, 'pos': {'x': 0, 'y': 0, 'z': 0}, 'img_id': '7482b1a2655e4655ae4ab58749f43f65'}}
2856	5d01a9fbad543	server	{'type': 'update', 'action': 'nav', 'message': {'rot': {'_x': -0.1753447062468746, '_y': 11.23607817144229, '_z': 0, '_order': 'YXZ'}, 'pos': {'x': 0, 'y': 0, 'z': 0}, 'img_id': '7482b1a2655e4655ae4ab58749f43f65'}}
2856	server	5d01a9ad3edcb	{'type': 'update', 'action': 'update_mirror_nav', 'message': {'rot': {'_x': -0.1753447062468746, '_y': 11.23607817144229, '_z': 0, '_order': 'YXZ'}, 'pos': {'x': 0, 'y': 0, 'z': 0}, 'img_id': '7482b1a2655e4655ae4ab58749f43f65'}}
2859	5d01a9fbad543	server	{'type': 'update', 'action': 'nav', 'message': {'rot': {'_x': -0.06575426484257944, '_y': 10.796665865646066, '_z': 0, '_order': 'YXZ'}, 'pos': {'x': 0, 'y': 0, 'z': 0}, 'img_id': '7482b1a2655e4655ae4ab58749f43f65'}}
2859	server	5d01a9ad3edcb	{'type': 'update', 'action': 'update_mirror_nav', 'message': {'rot': {'_x': -0.06575426484257944, '_y': 10.796665865646066, '_z': 0, '_order': 'YXZ'}, 'pos': {'x': 0, 'y': 0, 'z': 0}, 'img_id': '7482b1a2655e4655ae4ab58749f43f65'}}
2871	5d01a9fbad543	server	{'type': 'update', 'action': 'chat', 'message': 'am i pointed in the right direction?'}
2871	server	5d01a9fbad543	{'type': 'update', 'action': 'add_chat', 'speaker': 'self', 'message': 'am i pointed in the right direction?'}
2871	server	5d01a9fbad543	{'type': 'update', 'action': 'disable_chat', 'timeout_at': 1560390715.7786453}
2871	server	5d01a9fbad543	{'type': 'update', 'action': 'disable_nav'}
2871	server	5d01a9ad3edcb	{'type': 'update', 'action': 'add_chat', 'speaker': 'other', 'message': 'am i pointed in the right direction?'}
2871	server	5d01a9ad3edcb	{'type': 'update', 'action': 'enable_chat', 'timeout_at': 1560390715.7786489}
2871	server	5d01a9ad3edcb	{'type': 'update', 'action': 'enable_gold_view'}
2897	5d01a9ad3edcb	server	{'type': 'update', 'action': 'chat', 'message': "no, it's in the room with the bed and the carpet"}
2897	server	5d01a9fbad543	{'type': 'update', 'action': 'add_chat', 'speaker': 'other', 'message': "no, it's in the room with the bed and the carpet"}
2897	server	5d01a9fbad543	{'type': 'update', 'action': 'enable_chat', 'timeout_at': 1560390741.8215349}
2897	server	5d01a9fbad543	{'type': 'update', 'action': 'enable_nav'}
2897	server	5d01a9ad3edcb	{'type': 'update', 'action': 'add_chat', 'speaker': 'self', 'message': "no, it's in the room with the bed and the carpet"}
2897	server	5d01a9ad3edcb	{'type': 'update', 'action': 'disable_chat', 'timeout_at': 1560390741.8215306}
2897	server	5d01a9ad3edcb	{'type': 'update', 'action': 'disable_gold_view'}
2904	5d01a9fbad543	server	{'type': 'update', 'action': 'nav', 'message': {'rot': {'_x': -0.21918088280859263, '_y': 11.730930347595976, '_z': 0, '_order': 'YXZ'}, 'pos': {'x': 0, 'y': 0, 'z': 0}, 'img_id': '7482b1a2655e4655ae4ab58749f43f65'}}
2904	server	5d01a9ad3edcb	{'type': 'update', 'action': 'update_mirror_nav', 'message': {'rot': {'_x': -0.21918088280859263, '_y': 11.730930347595976, '_z': 0, '_order': 'YXZ'}, 'pos': {'x': 0, 'y': 0, 'z': 0}, 'img_id': '7482b1a2655e4655ae4ab58749f43f65'}}
2907	5d01a9fbad543	server	{'type': 'update', 'action': 'nav', 'message': {'rot': {'_x': -0.23379294166249875, '_y': 12.776074570260825, '_z': 0, '_order': 'YXZ'}, 'pos': {'x': 0, 'y': 0, 'z': 0}, 'img_id': '7482b1a2655e4655ae4ab58749f43f65'}}
2907	server	5d01a9ad3edcb	{'type': 'update', 'action': 'update_mirror_nav', 'message': {'rot': {'_x': -0.23379294166249875, '_y': 12.776074570260825, '_z': 0, '_order': 'YXZ'}, 'pos': {'x': 0, 'y': 0, 'z': 0}, 'img_id': '7482b1a2655e4655ae4ab58749f43f65'}}
2910	5d01a9fbad543	server	{'type': 'update', 'action': 'nav', 'message': {'rot': {'_x': -0.6538896337122966, '_y': 12.722688028435108, '_z': 0, '_order': 'YXZ'}, 'pos': {'x': 0, 'y': 0, 'z': 0}, 'img_id': '7482b1a2655e4655ae4ab58749f43f65'}}
2910	server	5d01a9ad3edcb	{'type': 'update', 'action': 'update_mirror_nav', 'message': {'rot': {'_x': -0.6538896337122966, '_y': 12.722688028435108, '_z': 0, '_order': 'YXZ'}, 'pos': {'x': 0, 'y': 0, 'z': 0}, 'img_id': '7482b1a2655e4655ae4ab58749f43f65'}}
2911	5d01a9fbad543	server	{'type': 'update', 'action': 'nav', 'message': {'rot': {'_x': -0.6502366189988201, '_y': 12.724741356966867, '_z': 0, '_order': 'YXZ'}, 'pos': {'x': 0, 'y': 0, 'z': 0}, 'img_id': '7482b1a2655e4655ae4ab58749f43f65'}}
2911	server	5d01a9ad3edcb	{'type': 'update', 'action': 'update_mirror_nav', 'message': {'rot': {'_x': -0.6502366189988201, '_y': 12.724741356966867, '_z': 0, '_order': 'YXZ'}, 'pos': {'x': 0, 'y': 0, 'z': 0}, 'img_id': '7482b1a2655e4655ae4ab58749f43f65'}}
2914	5d01a9fbad543	server	{'type': 'update', 'action': 'nav', 'message': {'rot': {'_x': -0.6502366189988201, '_y': 12.094191543662284, '_z': 0, '_order': 'YXZ'}, 'pos': {'x': 0, 'y': 0, 'z': 0}, 'img_id': '6a9fc849b1804b638303406e734b7505'}}
2914	server	5d01a9ad3edcb	{'type': 'update', 'action': 'update_mirror_nav', 'message': {'rot': {'_x': -0.6502366189988201, '_y': 12.094191543662284, '_z': 0, '_order': 'YXZ'}, 'pos': {'x': 0, 'y': 0, 'z': 0}, 'img_id': '6a9fc849b1804b638303406e734b7505'}}
2916	5d01a9fbad543	server	{'type': 'update', 'action': 'nav', 'message': {'rot': {'_x': -0.57717632472929, '_y': 13.494561602321257, '_z': 0, '_order': 'YXZ'}, 'pos': {'x': 0, 'y': 0, 'z': 0}, 'img_id': '6a9fc849b1804b638303406e734b7505'}}
2916	server	5d01a9ad3edcb	{'type': 'update', 'action': 'update_mirror_nav', 'message': {'rot': {'_x': -0.57717632472929, '_y': 13.494561602321257, '_z': 0, '_order': 'YXZ'}, 'pos': {'x': 0, 'y': 0, 'z': 0}, 'img_id': '6a9fc849b1804b638303406e734b7505'}}
2918	5d01a9fbad543	server	{'type': 'update', 'action': 'nav', 'message': {'rot': {'_x': -0.57717632472929, '_y': 13.48560907509901, '_z': 0, '_order': 'YXZ'}, 'pos': {'x': 0, 'y': 0, 'z': 0}, 'img_id': '364f0e028d454ee88bbdc1d3f93a6c36'}}
2918	server	5d01a9ad3edcb	{'type': 'update', 'action': 'update_mirror_nav', 'message': {'rot': {'_x': -0.57717632472929, '_y': 13.48560907509901, '_z': 0, '_order': 'YXZ'}, 'pos': {'x': 0, 'y': 0, 'z': 0}, 'img_id': '364f0e028d454ee88bbdc1d3f93a6c36'}}
2920	5d01a9fbad543	server	{'type': 'update', 'action': 'nav', 'message': {'rot': {'_x': -0.34703639778027023, '_y': 12.485638080132848, '_z': 0, '_order': 'YXZ'}, 'pos': {'x': 0, 'y': 0, 'z': 0}, 'img_id': '364f0e028d454ee88bbdc1d3f93a6c36'}}
2920	server	5d01a9ad3edcb	{'type': 'update', 'action': 'update_mirror_nav', 'message': {'rot': {'_x': -0.34703639778027023, '_y': 12.485638080132848, '_z': 0, '_order': 'YXZ'}, 'pos': {'x': 0, 'y': 0, 'z': 0}, 'img_id': '364f0e028d454ee88bbdc1d3f93a6c36'}}
2921	5d01a9fbad543	server	{'type': 'update', 'action': 'nav', 'message': {'rot': {'_x': -0.41279066262284736, '_y': 11.904546105645322, '_z': 0, '_order': 'YXZ'}, 'pos': {'x': 0, 'y': 0, 'z': 0}, 'img_id': '364f0e028d454ee88bbdc1d3f93a6c36'}}
2921	server	5d01a9ad3edcb	{'type': 'update', 'action': 'update_mirror_nav', 'message': {'rot': {'_x': -0.41279066262284736, '_y': 11.904546105645322, '_z': 0, '_order': 'YXZ'}, 'pos': {'x': 0, 'y': 0, 'z': 0}, 'img_id': '364f0e028d454ee88bbdc1d3f93a6c36'}}
2925	5d01a9fbad543	server	{'type': 'update', 'action': 'nav', 'message': {'rot': {'_x': -0.135161544398633, '_y': 12.664277662395802, '_z': 0, '_order': 'YXZ'}, 'pos': {'x': 0, 'y': 0, 'z': 0}, 'img_id': '364f0e028d454ee88bbdc1d3f93a6c36'}}
2925	server	5d01a9ad3edcb	{'type': 'update', 'action': 'update_mirror_nav', 'message': {'rot': {'_x': -0.135161544398633, '_y': 12.664277662395802, '_z': 0, '_order': 'YXZ'}, 'pos': {'x': 0, 'y': 0, 'z': 0}, 'img_id': '364f0e028d454ee88bbdc1d3f93a6c36'}}
2927	5d01a9fbad543	server	{'type': 'update', 'action': 'nav', 'message': {'rot': {'_x': -0.3251183094994113, '_y': 12.651957691205256, '_z': 0, '_order': 'YXZ'}, 'pos': {'x': 0, 'y': 0, 'z': 0}, 'img_id': '364f0e028d454ee88bbdc1d3f93a6c36'}}
2927	server	5d01a9ad3edcb	{'type': 'update', 'action': 'update_mirror_nav', 'message': {'rot': {'_x': -0.3251183094994113, '_y': 12.651957691205256, '_z': 0, '_order': 'YXZ'}, 'pos': {'x': 0, 'y': 0, 'z': 0}, 'img_id': '364f0e028d454ee88bbdc1d3f93a6c36'}}
2935	5d01a9fbad543	server	{'type': 'update', 'action': 'nav', 'message': {'rot': {'_x': -0.12420250025820342, '_y': 11.874008238459655, '_z': 0, '_order': 'YXZ'}, 'pos': {'x': 0, 'y': 0, 'z': 0}, 'img_id': '8ef9a331a6884c0ebb6979b506a6a718'}}
2935	server	5d01a9ad3edcb	{'type': 'update', 'action': 'update_mirror_nav', 'message': {'rot': {'_x': -0.12420250025820342, '_y': 11.874008238459655, '_z': 0, '_order': 'YXZ'}, 'pos': {'x': 0, 'y': 0, 'z': 0}, 'img_id': '8ef9a331a6884c0ebb6979b506a6a718'}}
2936	5d01a9fbad543	server	{'type': 'update', 'action': 'nav', 'message': {'rot': {'_x': -0.18265073567382747, '_y': 12.200487475009185, '_z': 0, '_order': 'YXZ'}, 'pos': {'x': 0, 'y': 0, 'z': 0}, 'img_id': '8ef9a331a6884c0ebb6979b506a6a718'}}
2936	server	5d01a9ad3edcb	{'type': 'update', 'action': 'update_mirror_nav', 'message': {'rot': {'_x': -0.18265073567382747, '_y': 12.200487475009185, '_z': 0, '_order': 'YXZ'}, 'pos': {'x': 0, 'y': 0, 'z': 0}, 'img_id': '8ef9a331a6884c0ebb6979b506a6a718'}}
2939	5d01a9fbad543	server	{'type': 'update', 'action': 'nav', 'message': {'rot': {'_x': -0.18265073567382747, '_y': 12.141941638050419, '_z': 0, '_order': 'YXZ'}, 'pos': {'x': 0, 'y': 0, 'z': 0}, 'img_id': 'b0b57815b1354671b22b8c05a3b0301c'}}
2939	server	5d01a9ad3edcb	{'type': 'update', 'action': 'update_mirror_nav', 'message': {'rot': {'_x': -0.18265073567382747, '_y': 12.141941638050419, '_z': 0, '_order': 'YXZ'}, 'pos': {'x': 0, 'y': 0, 'z': 0}, 'img_id': 'b0b57815b1354671b22b8c05a3b0301c'}}
2941	5d01a9fbad543	server	{'type': 'update', 'action': 'nav', 'message': {'rot': {'_x': -0.24109897108945155, '_y': 11.18509054225117, '_z': 0, '_order': 'YXZ'}, 'pos': {'x': 0, 'y': 0, 'z': 0}, 'img_id': 'b0b57815b1354671b22b8c05a3b0301c'}}
2941	server	5d01a9ad3edcb	{'type': 'update', 'action': 'update_mirror_nav', 'message': {'rot': {'_x': -0.24109897108945155, '_y': 11.18509054225117, '_z': 0, '_order': 'YXZ'}, 'pos': {'x': 0, 'y': 0, 'z': 0}, 'img_id': 'b0b57815b1354671b22b8c05a3b0301c'}}
2943	5d01a9fbad543	server	{'type': 'update', 'action': 'nav', 'message': {'rot': {'_x': -0.28128213293769316, '_y': 10.207706161134341, '_z': 0, '_order': 'YXZ'}, 'pos': {'x': 0, 'y': 0, 'z': 0}, 'img_id': 'b0b57815b1354671b22b8c05a3b0301c'}}
2943	server	5d01a9ad3edcb	{'type': 'update', 'action': 'update_mirror_nav', 'message': {'rot': {'_x': -0.28128213293769316, '_y': 10.207706161134341, '_z': 0, '_order': 'YXZ'}, 'pos': {'x': 0, 'y': 0, 'z': 0}, 'img_id': 'b0b57815b1354671b22b8c05a3b0301c'}}
2944	5d01a9fbad543	server	{'type': 'update', 'action': 'nav', 'message': {'rot': {'_x': -0.3032002212185522, '_y': 9.486987846487265, '_z': 0, '_order': 'YXZ'}, 'pos': {'x': 0, 'y': 0, 'z': 0}, 'img_id': 'b0b57815b1354671b22b8c05a3b0301c'}}
2944	server	5d01a9ad3edcb	{'type': 'update', 'action': 'update_mirror_nav', 'message': {'rot': {'_x': -0.3032002212185522, '_y': 9.486987846487265, '_z': 0, '_order': 'YXZ'}, 'pos': {'x': 0, 'y': 0, 'z': 0}, 'img_id': 'b0b57815b1354671b22b8c05a3b0301c'}}
2945	5d01a9fbad543	server	{'type': 'update', 'action': 'nav', 'message': {'rot': {'_x': -0.3287713242128878, '_y': 8.743682917990855, '_z': 0, '_order': 'YXZ'}, 'pos': {'x': 0, 'y': 0, 'z': 0}, 'img_id': 'b0b57815b1354671b22b8c05a3b0301c'}}
2945	server	5d01a9ad3edcb	{'type': 'update', 'action': 'update_mirror_nav', 'message': {'rot': {'_x': -0.3287713242128878, '_y': 8.743682917990855, '_z': 0, '_order': 'YXZ'}, 'pos': {'x': 0, 'y': 0, 'z': 0}, 'img_id': 'b0b57815b1354671b22b8c05a3b0301c'}}
2951	5d01a9fbad543	server	{'type': 'update', 'action': 'nav', 'message': {'rot': {'_x': -0.6685016925662027, '_y': 8.242670756241882, '_z': 0, '_order': 'YXZ'}, 'pos': {'x': 0, 'y': 0, 'z': 0}, 'img_id': 'b0b57815b1354671b22b8c05a3b0301c'}}
2951	server	5d01a9ad3edcb	{'type': 'update', 'action': 'update_mirror_nav', 'message': {'rot': {'_x': -0.6685016925662027, '_y': 8.242670756241882, '_z': 0, '_order': 'YXZ'}, 'pos': {'x': 0, 'y': 0, 'z': 0}, 'img_id': 'b0b57815b1354671b22b8c05a3b0301c'}}
2952	5d01a9fbad543	server	{'type': 'update', 'action': 'nav', 'message': {'rot': {'_x': -0.5369931628810487, '_y': 8.261150713027707, '_z': 0, '_order': 'YXZ'}, 'pos': {'x': 0, 'y': 0, 'z': 0}, 'img_id': 'b0b57815b1354671b22b8c05a3b0301c'}}
2952	server	5d01a9ad3edcb	{'type': 'update', 'action': 'update_mirror_nav', 'message': {'rot': {'_x': -0.5369931628810487, '_y': 8.261150713027707, '_z': 0, '_order': 'YXZ'}, 'pos': {'x': 0, 'y': 0, 'z': 0}, 'img_id': 'b0b57815b1354671b22b8c05a3b0301c'}}
2960	5d01a9fbad543	server	{'type': 'update', 'action': 'chat', 'message': 'are they calling that a sofa?'}
2960	server	5d01a9fbad543	{'type': 'update', 'action': 'add_chat', 'speaker': 'self', 'message': 'are they calling that a sofa?'}
2960	server	5d01a9fbad543	{'type': 'update', 'action': 'disable_chat', 'timeout_at': 1560390804.9798617}
2960	server	5d01a9fbad543	{'type': 'update', 'action': 'disable_nav'}
2960	server	5d01a9ad3edcb	{'type': 'update', 'action': 'add_chat', 'speaker': 'other', 'message': 'are they calling that a sofa?'}
2960	server	5d01a9ad3edcb	{'type': 'update', 'action': 'enable_chat', 'timeout_at': 1560390804.9798658}
2960	server	5d01a9ad3edcb	{'type': 'update', 'action': 'enable_gold_view'}
3003	5d01a9ad3edcb	server	{'type': 'update', 'action': 'chat', 'message': "mabye, but try going out that door that;s where i'ts leading now"}
3003	server	5d01a9fbad543	{'type': 'update', 'action': 'add_chat', 'speaker': 'other', 'message': "mabye, but try going out that door that;s where i'ts leading now"}
3003	server	5d01a9fbad543	{'type': 'update', 'action': 'enable_chat', 'timeout_at': 1560390848.0380464}
3003	server	5d01a9fbad543	{'type': 'update', 'action': 'enable_nav'}
3003	server	5d01a9ad3edcb	{'type': 'update', 'action': 'add_chat', 'speaker': 'self', 'message': "mabye, but try going out that door that;s where i'ts leading now"}
3003	server	5d01a9ad3edcb	{'type': 'update', 'action': 'disable_chat', 'timeout_at': 1560390848.0380414}
3003	server	5d01a9ad3edcb	{'type': 'update', 'action': 'disable_gold_view'}
3012	5d01a9fbad543	server	{'type': 'update', 'action': 'nav', 'message': {'rot': {'_x': -0.5369931628810487, '_y': 9.000929907243563, '_z': 0, '_order': 'YXZ'}, 'pos': {'x': 0, 'y': 0, 'z': 0}, 'img_id': '8ef9a331a6884c0ebb6979b506a6a718'}}
3012	server	5d01a9ad3edcb	{'type': 'update', 'action': 'update_mirror_nav', 'message': {'rot': {'_x': -0.5369931628810487, '_y': 9.000929907243563, '_z': 0, '_order': 'YXZ'}, 'pos': {'x': 0, 'y': 0, 'z': 0}, 'img_id': '8ef9a331a6884c0ebb6979b506a6a718'}}
3016	5d01a9fbad543	server	{'type': 'update', 'action': 'nav', 'message': {'rot': {'_x': -0.5041160304597603, '_y': 10.146687227964563, '_z': 0, '_order': 'YXZ'}, 'pos': {'x': 0, 'y': 0, 'z': 0}, 'img_id': '8ef9a331a6884c0ebb6979b506a6a718'}}
3016	server	5d01a9ad3edcb	{'type': 'update', 'action': 'update_mirror_nav', 'message': {'rot': {'_x': -0.5041160304597603, '_y': 10.146687227964563, '_z': 0, '_order': 'YXZ'}, 'pos': {'x': 0, 'y': 0, 'z': 0}, 'img_id': '8ef9a331a6884c0ebb6979b506a6a718'}}
3020	5d01a9fbad543	server	{'type': 'update', 'action': 'nav', 'message': {'rot': {'_x': -0.1753447062468749, '_y': 9.996794245146225, '_z': 0, '_order': 'YXZ'}, 'pos': {'x': 0, 'y': 0, 'z': 0}, 'img_id': '8ef9a331a6884c0ebb6979b506a6a718'}}
3020	server	5d01a9ad3edcb	{'type': 'update', 'action': 'update_mirror_nav', 'message': {'rot': {'_x': -0.1753447062468749, '_y': 9.996794245146225, '_z': 0, '_order': 'YXZ'}, 'pos': {'x': 0, 'y': 0, 'z': 0}, 'img_id': '8ef9a331a6884c0ebb6979b506a6a718'}}
3021	5d01a9fbad543	server	{'type': 'update', 'action': 'nav', 'message': {'rot': {'_x': -0.7013788249874913, '_y': 9.631301766493289, '_z': 0, '_order': 'YXZ'}, 'pos': {'x': 0, 'y': 0, 'z': 0}, 'img_id': '8ef9a331a6884c0ebb6979b506a6a718'}}
3021	server	5d01a9ad3edcb	{'type': 'update', 'action': 'update_mirror_nav', 'message': {'rot': {'_x': -0.7013788249874913, '_y': 9.631301766493289, '_z': 0, '_order': 'YXZ'}, 'pos': {'x': 0, 'y': 0, 'z': 0}, 'img_id': '8ef9a331a6884c0ebb6979b506a6a718'}}
3023	5d01a9fbad543	server	{'type': 'update', 'action': 'nav', 'message': {'rot': {'_x': -0.44932080975761224, '_y': 8.684717313352833, '_z': 0, '_order': 'YXZ'}, 'pos': {'x': 0, 'y': 0, 'z': 0}, 'img_id': '8ef9a331a6884c0ebb6979b506a6a718'}}
3023	server	5d01a9ad3edcb	{'type': 'update', 'action': 'update_mirror_nav', 'message': {'rot': {'_x': -0.44932080975761224, '_y': 8.684717313352833, '_z': 0, '_order': 'YXZ'}, 'pos': {'x': 0, 'y': 0, 'z': 0}, 'img_id': '8ef9a331a6884c0ebb6979b506a6a718'}}
3024	5d01a9fbad543	server	{'type': 'update', 'action': 'nav', 'message': {'rot': {'_x': -0.13150852968515633, '_y': 7.538959992631843, '_z': 0, '_order': 'YXZ'}, 'pos': {'x': 0, 'y': 0, 'z': 0}, 'img_id': '8ef9a331a6884c0ebb6979b506a6a718'}}
3024	server	5d01a9ad3edcb	{'type': 'update', 'action': 'update_mirror_nav', 'message': {'rot': {'_x': -0.13150852968515633, '_y': 7.538959992631843, '_z': 0, '_order': 'YXZ'}, 'pos': {'x': 0, 'y': 0, 'z': 0}, 'img_id': '8ef9a331a6884c0ebb6979b506a6a718'}}
3025	5d01a9fbad543	server	{'type': 'update', 'action': 'nav', 'message': {'rot': {'_x': -0.20822183866816293, '_y': 6.545148983260954, '_z': 0, '_order': 'YXZ'}, 'pos': {'x': 0, 'y': 0, 'z': 0}, 'img_id': '8ef9a331a6884c0ebb6979b506a6a718'}}
3025	server	5d01a9ad3edcb	{'type': 'update', 'action': 'update_mirror_nav', 'message': {'rot': {'_x': -0.20822183866816293, '_y': 6.545148983260954, '_z': 0, '_order': 'YXZ'}, 'pos': {'x': 0, 'y': 0, 'z': 0}, 'img_id': '8ef9a331a6884c0ebb6979b506a6a718'}}
3026	5d01a9fbad543	server	{'type': 'update', 'action': 'nav', 'message': {'rot': {'_x': -0.18995676510078038, '_y': 5.614991158374567, '_z': 0, '_order': 'YXZ'}, 'pos': {'x': 0, 'y': 0, 'z': 0}, 'img_id': '8ef9a331a6884c0ebb6979b506a6a718'}}
3026	server	5d01a9ad3edcb	{'type': 'update', 'action': 'update_mirror_nav', 'message': {'rot': {'_x': -0.18995676510078038, '_y': 5.614991158374567, '_z': 0, '_order': 'YXZ'}, 'pos': {'x': 0, 'y': 0, 'z': 0}, 'img_id': '8ef9a331a6884c0ebb6979b506a6a718'}}
3027	5d01a9fbad543	server	{'type': 'update', 'action': 'nav', 'message': {'rot': {'_x': -0.17534470624687437, '_y': 4.600646863686098, '_z': 0, '_order': 'YXZ'}, 'pos': {'x': 0, 'y': 0, 'z': 0}, 'img_id': '8ef9a331a6884c0ebb6979b506a6a718'}}
3027	server	5d01a9ad3edcb	{'type': 'update', 'action': 'update_mirror_nav', 'message': {'rot': {'_x': -0.17534470624687437, '_y': 4.600646863686098, '_z': 0, '_order': 'YXZ'}, 'pos': {'x': 0, 'y': 0, 'z': 0}, 'img_id': '8ef9a331a6884c0ebb6979b506a6a718'}}
3028	5d01a9fbad543	server	{'type': 'update', 'action': 'nav', 'message': {'rot': {'_x': -0.2009158092412099, '_y': 3.5041694277273066, '_z': 0, '_order': 'YXZ'}, 'pos': {'x': 0, 'y': 0, 'z': 0}, 'img_id': '8ef9a331a6884c0ebb6979b506a6a718'}}
3028	server	5d01a9ad3edcb	{'type': 'update', 'action': 'update_mirror_nav', 'message': {'rot': {'_x': -0.2009158092412099, '_y': 3.5041694277273066, '_z': 0, '_order': 'YXZ'}, 'pos': {'x': 0, 'y': 0, 'z': 0}, 'img_id': '8ef9a331a6884c0ebb6979b506a6a718'}}
3029	5d01a9fbad543	server	{'type': 'update', 'action': 'nav', 'message': {'rot': {'_x': -0.5041160304597597, '_y': 3.5062227562590644, '_z': 0, '_order': 'YXZ'}, 'pos': {'x': 0, 'y': 0, 'z': 0}, 'img_id': '8ef9a331a6884c0ebb6979b506a6a718'}}
3029	server	5d01a9ad3edcb	{'type': 'update', 'action': 'update_mirror_nav', 'message': {'rot': {'_x': -0.5041160304597597, '_y': 3.5062227562590644, '_z': 0, '_order': 'YXZ'}, 'pos': {'x': 0, 'y': 0, 'z': 0}, 'img_id': '8ef9a331a6884c0ebb6979b506a6a718'}}
3030	5d01a9fbad543	server	{'type': 'update', 'action': 'nav', 'message': {'rot': {'_x': -0.5041160304597597, '_y': 3.388317912025875, '_z': 0, '_order': 'YXZ'}, 'pos': {'x': 0, 'y': 0, 'z': 0}, 'img_id': '364f0e028d454ee88bbdc1d3f93a6c36'}}
3030	server	5d01a9ad3edcb	{'type': 'update', 'action': 'update_mirror_nav', 'message': {'rot': {'_x': -0.5041160304597597, '_y': 3.388317912025875, '_z': 0, '_order': 'YXZ'}, 'pos': {'x': 0, 'y': 0, 'z': 0}, 'img_id': '364f0e028d454ee88bbdc1d3f93a6c36'}}
3034	5d01a9fbad543	server	{'type': 'update', 'action': 'nav', 'message': {'rot': {'_x': -0.15707963267949182, '_y': 3.9427166156005433, '_z': 0, '_order': 'YXZ'}, 'pos': {'x': 0, 'y': 0, 'z': 0}, 'img_id': '364f0e028d454ee88bbdc1d3f93a6c36'}}
3034	server	5d01a9ad3edcb	{'type': 'update', 'action': 'update_mirror_nav', 'message': {'rot': {'_x': -0.15707963267949182, '_y': 3.9427166156005433, '_z': 0, '_order': 'YXZ'}, 'pos': {'x': 0, 'y': 0, 'z': 0}, 'img_id': '364f0e028d454ee88bbdc1d3f93a6c36'}}
3036	5d01a9fbad543	server	{'type': 'update', 'action': 'nav', 'message': {'rot': {'_x': -0.15707963267949182, '_y': 4.0725476506223925, '_z': 0, '_order': 'YXZ'}, 'pos': {'x': 0, 'y': 0, 'z': 0}, 'img_id': '6a9fc849b1804b638303406e734b7505'}}
3036	server	5d01a9ad3edcb	{'type': 'update', 'action': 'update_mirror_nav', 'message': {'rot': {'_x': -0.15707963267949182, '_y': 4.0725476506223925, '_z': 0, '_order': 'YXZ'}, 'pos': {'x': 0, 'y': 0, 'z': 0}, 'img_id': '6a9fc849b1804b638303406e734b7505'}}
3040	5d01a9fbad543	server	{'type': 'update', 'action': 'nav', 'message': {'rot': {'_x': -0.15707963267949182, '_y': 4.9063171915774495, '_z': 0, '_order': 'YXZ'}, 'pos': {'x': 0, 'y': 0, 'z': 0}, 'img_id': '3b506f568fdc4148aebf5326595706c0'}}
3040	server	5d01a9ad3edcb	{'type': 'update', 'action': 'update_mirror_nav', 'message': {'rot': {'_x': -0.15707963267949182, '_y': 4.9063171915774495, '_z': 0, '_order': 'YXZ'}, 'pos': {'x': 0, 'y': 0, 'z': 0}, 'img_id': '3b506f568fdc4148aebf5326595706c0'}}
3043	5d01a9fbad543	server	{'type': 'update', 'action': 'nav', 'message': {'rot': {'_x': 0.12420250025819903, '_y': 5.723541947217148, '_z': 0, '_order': 'YXZ'}, 'pos': {'x': 0, 'y': 0, 'z': 0}, 'img_id': '3b506f568fdc4148aebf5326595706c0'}}
3043	server	5d01a9ad3edcb	{'type': 'update', 'action': 'update_mirror_nav', 'message': {'rot': {'_x': 0.12420250025819903, '_y': 5.723541947217148, '_z': 0, '_order': 'YXZ'}, 'pos': {'x': 0, 'y': 0, 'z': 0}, 'img_id': '3b506f568fdc4148aebf5326595706c0'}}
3044	5d01a9fbad543	server	{'type': 'update', 'action': 'nav', 'message': {'rot': {'_x': -0.32511830949941106, '_y': 7.583857596989927, '_z': 0, '_order': 'YXZ'}, 'pos': {'x': 0, 'y': 0, 'z': 0}, 'img_id': '3b506f568fdc4148aebf5326595706c0'}}
3044	server	5d01a9ad3edcb	{'type': 'update', 'action': 'update_mirror_nav', 'message': {'rot': {'_x': -0.32511830949941106, '_y': 7.583857596989927, '_z': 0, '_order': 'YXZ'}, 'pos': {'x': 0, 'y': 0, 'z': 0}, 'img_id': '3b506f568fdc4148aebf5326595706c0'}}
3048	5d01a9fbad543	server	{'type': 'update', 'action': 'nav', 'message': {'rot': {'_x': -0.32511830949941106, '_y': 8.04980585467619, '_z': 0, '_order': 'YXZ'}, 'pos': {'x': 0, 'y': 0, 'z': 0}, 'img_id': '6a9fc849b1804b638303406e734b7505'}}
3048	server	5d01a9ad3edcb	{'type': 'update', 'action': 'update_mirror_nav', 'message': {'rot': {'_x': -0.32511830949941106, '_y': 8.04980585467619, '_z': 0, '_order': 'YXZ'}, 'pos': {'x': 0, 'y': 0, 'z': 0}, 'img_id': '6a9fc849b1804b638303406e734b7505'}}
3052	5d01a9fbad543	server	{'type': 'update', 'action': 'nav', 'message': {'rot': {'_x': -0.11324345611777382, '_y': 8.29415194995539, '_z': 0, '_order': 'YXZ'}, 'pos': {'x': 0, 'y': 0, 'z': 0}, 'img_id': '6a9fc849b1804b638303406e734b7505'}}
3052	server	5d01a9ad3edcb	{'type': 'update', 'action': 'update_mirror_nav', 'message': {'rot': {'_x': -0.11324345611777382, '_y': 8.29415194995539, '_z': 0, '_order': 'YXZ'}, 'pos': {'x': 0, 'y': 0, 'z': 0}, 'img_id': '6a9fc849b1804b638303406e734b7505'}}
3053	5d01a9fbad543	server	{'type': 'update', 'action': 'nav', 'message': {'rot': {'_x': -0.2337929416624985, '_y': 8.78900412610908, '_z': 0, '_order': 'YXZ'}, 'pos': {'x': 0, 'y': 0, 'z': 0}, 'img_id': '6a9fc849b1804b638303406e734b7505'}}
3053	server	5d01a9ad3edcb	{'type': 'update', 'action': 'update_mirror_nav', 'message': {'rot': {'_x': -0.2337929416624985, '_y': 8.78900412610908, '_z': 0, '_order': 'YXZ'}, 'pos': {'x': 0, 'y': 0, 'z': 0}, 'img_id': '6a9fc849b1804b638303406e734b7505'}}
3055	5d01a9fbad543	server	{'type': 'update', 'action': 'nav', 'message': {'rot': {'_x': -0.2337929416624985, '_y': 8.822196941613504, '_z': 0, '_order': 'YXZ'}, 'pos': {'x': 0, 'y': 0, 'z': 0}, 'img_id': '7482b1a2655e4655ae4ab58749f43f65'}}
3055	server	5d01a9ad3edcb	{'type': 'update', 'action': 'update_mirror_nav', 'message': {'rot': {'_x': -0.2337929416624985, '_y': 8.822196941613504, '_z': 0, '_order': 'YXZ'}, 'pos': {'x': 0, 'y': 0, 'z': 0}, 'img_id': '7482b1a2655e4655ae4ab58749f43f65'}}
3058	5d01a9fbad543	server	{'type': 'update', 'action': 'nav', 'message': {'rot': {'_x': -0.029224117707814277, '_y': 8.152811840260377, '_z': 0, '_order': 'YXZ'}, 'pos': {'x': 0, 'y': 0, 'z': 0}, 'img_id': '7482b1a2655e4655ae4ab58749f43f65'}}
3058	server	5d01a9ad3edcb	{'type': 'update', 'action': 'update_mirror_nav', 'message': {'rot': {'_x': -0.029224117707814277, '_y': 8.152811840260377, '_z': 0, '_order': 'YXZ'}, 'pos': {'x': 0, 'y': 0, 'z': 0}, 'img_id': '7482b1a2655e4655ae4ab58749f43f65'}}
3060	5d01a9fbad543	server	{'type': 'update', 'action': 'nav', 'message': {'rot': {'_x': -0.23744595637597526, '_y': 7.329427099025404, '_z': 0, '_order': 'YXZ'}, 'pos': {'x': 0, 'y': 0, 'z': 0}, 'img_id': '7482b1a2655e4655ae4ab58749f43f65'}}
3060	server	5d01a9ad3edcb	{'type': 'update', 'action': 'update_mirror_nav', 'message': {'rot': {'_x': -0.23744595637597526, '_y': 7.329427099025404, '_z': 0, '_order': 'YXZ'}, 'pos': {'x': 0, 'y': 0, 'z': 0}, 'img_id': '7482b1a2655e4655ae4ab58749f43f65'}}
3062	5d01a9fbad543	server	{'type': 'update', 'action': 'nav', 'message': {'rot': {'_x': -0.9424777960769379, '_y': 7.325320441961889, '_z': 0, '_order': 'YXZ'}, 'pos': {'x': 0, 'y': 0, 'z': 0}, 'img_id': '7482b1a2655e4655ae4ab58749f43f65'}}
3062	server	5d01a9ad3edcb	{'type': 'update', 'action': 'update_mirror_nav', 'message': {'rot': {'_x': -0.9424777960769379, '_y': 7.325320441961889, '_z': 0, '_order': 'YXZ'}, 'pos': {'x': 0, 'y': 0, 'z': 0}, 'img_id': '7482b1a2655e4655ae4ab58749f43f65'}}
3063	5d01a9fbad543	server	{'type': 'update', 'action': 'nav', 'message': {'rot': {'_x': -0.21918088280859016, '_y': 8.62302407403297, '_z': 0, '_order': 'YXZ'}, 'pos': {'x': 0, 'y': 0, 'z': 0}, 'img_id': '7482b1a2655e4655ae4ab58749f43f65'}}
3063	server	5d01a9ad3edcb	{'type': 'update', 'action': 'update_mirror_nav', 'message': {'rot': {'_x': -0.21918088280859016, '_y': 8.62302407403297, '_z': 0, '_order': 'YXZ'}, 'pos': {'x': 0, 'y': 0, 'z': 0}, 'img_id': '7482b1a2655e4655ae4ab58749f43f65'}}
3064	5d01a9fbad543	server	{'type': 'update', 'action': 'nav', 'message': {'rot': {'_x': -0.5552582364484286, '_y': 10.158913815787985, '_z': 0, '_order': 'YXZ'}, 'pos': {'x': 0, 'y': 0, 'z': 0}, 'img_id': '7482b1a2655e4655ae4ab58749f43f65'}}
3064	server	5d01a9ad3edcb	{'type': 'update', 'action': 'update_mirror_nav', 'message': {'rot': {'_x': -0.5552582364484286, '_y': 10.158913815787985, '_z': 0, '_order': 'YXZ'}, 'pos': {'x': 0, 'y': 0, 'z': 0}, 'img_id': '7482b1a2655e4655ae4ab58749f43f65'}}
3066	5d01a9fbad543	server	{'type': 'update', 'action': 'nav', 'message': {'rot': {'_x': -0.295894191791597, '_y': 10.707152533767387, '_z': 0, '_order': 'YXZ'}, 'pos': {'x': 0, 'y': 0, 'z': 0}, 'img_id': '7482b1a2655e4655ae4ab58749f43f65'}}
3066	server	5d01a9ad3edcb	{'type': 'update', 'action': 'update_mirror_nav', 'message': {'rot': {'_x': -0.295894191791597, '_y': 10.707152533767387, '_z': 0, '_order': 'YXZ'}, 'pos': {'x': 0, 'y': 0, 'z': 0}, 'img_id': '7482b1a2655e4655ae4ab58749f43f65'}}
3067	5d01a9fbad543	server	{'type': 'update', 'action': 'nav', 'message': {'rot': {'_x': -0.295894191791597, '_y': 10.70304587670387, '_z': 0, '_order': 'YXZ'}, 'pos': {'x': 0, 'y': 0, 'z': 0}, 'img_id': '7482b1a2655e4655ae4ab58749f43f65'}}
3067	server	5d01a9ad3edcb	{'type': 'update', 'action': 'update_mirror_nav', 'message': {'rot': {'_x': -0.295894191791597, '_y': 10.70304587670387, '_z': 0, '_order': 'YXZ'}, 'pos': {'x': 0, 'y': 0, 'z': 0}, 'img_id': '7482b1a2655e4655ae4ab58749f43f65'}}
3068	5d01a9fbad543	server	{'type': 'update', 'action': 'nav', 'message': {'rot': {'_x': -0.1936097798142547, '_y': 11.093178297737902, '_z': 0, '_order': 'YXZ'}, 'pos': {'x': 0, 'y': 0, 'z': 0}, 'img_id': '7482b1a2655e4655ae4ab58749f43f65'}}
3068	server	5d01a9ad3edcb	{'type': 'update', 'action': 'update_mirror_nav', 'message': {'rot': {'_x': -0.1936097798142547, '_y': 11.093178297737902, '_z': 0, '_order': 'YXZ'}, 'pos': {'x': 0, 'y': 0, 'z': 0}, 'img_id': '7482b1a2655e4655ae4ab58749f43f65'}}
3069	5d01a9fbad543	server	{'type': 'update', 'action': 'nav', 'message': {'rot': {'_x': -0.48950397160585146, '_y': 10.61269942130652, '_z': 0, '_order': 'YXZ'}, 'pos': {'x': 0, 'y': 0, 'z': 0}, 'img_id': '7482b1a2655e4655ae4ab58749f43f65'}}
3069	server	5d01a9ad3edcb	{'type': 'update', 'action': 'update_mirror_nav', 'message': {'rot': {'_x': -0.48950397160585146, '_y': 10.61269942130652, '_z': 0, '_order': 'YXZ'}, 'pos': {'x': 0, 'y': 0, 'z': 0}, 'img_id': '7482b1a2655e4655ae4ab58749f43f65'}}
3072	5d01a9fbad543	server	{'type': 'update', 'action': 'nav', 'message': {'rot': {'_x': -0.48950397160585146, '_y': 10.104099128895298, '_z': 0, '_order': 'YXZ'}, 'pos': {'x': 0, 'y': 0, 'z': 0}, 'img_id': '28e58f32d4274b62ac6d2b239e9e8516'}}
3072	server	5d01a9ad3edcb	{'type': 'update', 'action': 'update_mirror_nav', 'message': {'rot': {'_x': -0.48950397160585146, '_y': 10.104099128895298, '_z': 0, '_order': 'YXZ'}, 'pos': {'x': 0, 'y': 0, 'z': 0}, 'img_id': '28e58f32d4274b62ac6d2b239e9e8516'}}
3073	5d01a9fbad543	server	{'type': 'update', 'action': 'nav', 'message': {'rot': {'_x': -0.5917883835831936, '_y': 11.516789158744826, '_z': 0, '_order': 'YXZ'}, 'pos': {'x': 0, 'y': 0, 'z': 0}, 'img_id': '28e58f32d4274b62ac6d2b239e9e8516'}}
3073	server	5d01a9ad3edcb	{'type': 'update', 'action': 'update_mirror_nav', 'message': {'rot': {'_x': -0.5917883835831936, '_y': 11.516789158744826, '_z': 0, '_order': 'YXZ'}, 'pos': {'x': 0, 'y': 0, 'z': 0}, 'img_id': '28e58f32d4274b62ac6d2b239e9e8516'}}
3074	5d01a9fbad543	server	{'type': 'update', 'action': 'nav', 'message': {'rot': {'_x': -0.6319715454314351, '_y': 12.98697238748358, '_z': 0, '_order': 'YXZ'}, 'pos': {'x': 0, 'y': 0, 'z': 0}, 'img_id': '28e58f32d4274b62ac6d2b239e9e8516'}}
3074	server	5d01a9ad3edcb	{'type': 'update', 'action': 'update_mirror_nav', 'message': {'rot': {'_x': -0.6319715454314351, '_y': 12.98697238748358, '_z': 0, '_order': 'YXZ'}, 'pos': {'x': 0, 'y': 0, 'z': 0}, 'img_id': '28e58f32d4274b62ac6d2b239e9e8516'}}
3076	5d01a9fbad543	server	{'type': 'update', 'action': 'nav', 'message': {'rot': {'_x': -0.6319715454314351, '_y': 13.209762953408973, '_z': 0, '_order': 'YXZ'}, 'pos': {'x': 0, 'y': 0, 'z': 0}, 'img_id': '7482b1a2655e4655ae4ab58749f43f65'}}
3076	server	5d01a9ad3edcb	{'type': 'update', 'action': 'update_mirror_nav', 'message': {'rot': {'_x': -0.6319715454314351, '_y': 13.209762953408973, '_z': 0, '_order': 'YXZ'}, 'pos': {'x': 0, 'y': 0, 'z': 0}, 'img_id': '7482b1a2655e4655ae4ab58749f43f65'}}
3079	5d01a9fbad543	server	{'type': 'update', 'action': 'nav', 'message': {'rot': {'_x': -0.1972627945277311, '_y': 13.193336325154906, '_z': 0, '_order': 'YXZ'}, 'pos': {'x': 0, 'y': 0, 'z': 0}, 'img_id': '7482b1a2655e4655ae4ab58749f43f65'}}
3079	server	5d01a9ad3edcb	{'type': 'update', 'action': 'update_mirror_nav', 'message': {'rot': {'_x': -0.1972627945277311, '_y': 13.193336325154906, '_z': 0, '_order': 'YXZ'}, 'pos': {'x': 0, 'y': 0, 'z': 0}, 'img_id': '7482b1a2655e4655ae4ab58749f43f65'}}
3087	5d01a9fbad543	server	{'type': 'update', 'action': 'chat', 'message': 'same rooms no sofa'}
3087	server	5d01a9fbad543	{'type': 'update', 'action': 'add_chat', 'speaker': 'self', 'message': 'same rooms no sofa'}
3087	server	5d01a9fbad543	{'type': 'update', 'action': 'disable_chat', 'timeout_at': 1560390932.2573566}
3087	server	5d01a9fbad543	{'type': 'update', 'action': 'disable_nav'}
3087	server	5d01a9ad3edcb	{'type': 'update', 'action': 'add_chat', 'speaker': 'other', 'message': 'same rooms no sofa'}
3087	server	5d01a9ad3edcb	{'type': 'update', 'action': 'enable_chat', 'timeout_at': 1560390932.2573605}
3087	server	5d01a9ad3edcb	{'type': 'update', 'action': 'enable_gold_view'}
3119	5d01a9ad3edcb	server	{'type': 'update', 'action': 'chat', 'message': 'go to the room with the bed, then exit the door that leads to a hall'}
3119	server	5d01a9fbad543	{'type': 'update', 'action': 'add_chat', 'speaker': 'other', 'message': 'go to the room with the bed, then exit the door that leads to a hall'}
3119	server	5d01a9fbad543	{'type': 'update', 'action': 'enable_chat', 'timeout_at': 1560390964.3310792}
3119	server	5d01a9fbad543	{'type': 'update', 'action': 'enable_nav'}
3119	server	5d01a9ad3edcb	{'type': 'update', 'action': 'add_chat', 'speaker': 'self', 'message': 'go to the room with the bed, then exit the door that leads to a hall'}
3119	server	5d01a9ad3edcb	{'type': 'update', 'action': 'disable_chat', 'timeout_at': 1560390964.3310754}
3119	server	5d01a9ad3edcb	{'type': 'update', 'action': 'disable_gold_view'}
3126	5d01a9fbad543	server	{'type': 'update', 'action': 'nav', 'message': {'rot': {'_x': -0.6429305895718646, '_y': 13.17690969690084, '_z': 0, '_order': 'YXZ'}, 'pos': {'x': 0, 'y': 0, 'z': 0}, 'img_id': '7482b1a2655e4655ae4ab58749f43f65'}}
3126	server	5d01a9ad3edcb	{'type': 'update', 'action': 'update_mirror_nav', 'message': {'rot': {'_x': -0.6429305895718646, '_y': 13.17690969690084, '_z': 0, '_order': 'YXZ'}, 'pos': {'x': 0, 'y': 0, 'z': 0}, 'img_id': '7482b1a2655e4655ae4ab58749f43f65'}}
3128	5d01a9fbad543	server	{'type': 'update', 'action': 'nav', 'message': {'rot': {'_x': -0.6429305895718646, '_y': 12.938529202929281, '_z': 0, '_order': 'YXZ'}, 'pos': {'x': 0, 'y': 0, 'z': 0}, 'img_id': 'f0f91b744f2046aeaf3acaafaf080bde'}}
3128	server	5d01a9ad3edcb	{'type': 'update', 'action': 'update_mirror_nav', 'message': {'rot': {'_x': -0.6429305895718646, '_y': 12.938529202929281, '_z': 0, '_order': 'YXZ'}, 'pos': {'x': 0, 'y': 0, 'z': 0}, 'img_id': 'f0f91b744f2046aeaf3acaafaf080bde'}}
3133	5d01a9fbad543	server	{'type': 'update', 'action': 'nav', 'message': {'rot': {'_x': -0.6429305895718646, '_y': 12.880482916482922, '_z': 0, '_order': 'YXZ'}, 'pos': {'x': 0, 'y': 0, 'z': 0}, 'img_id': '898036b2dad54b5eae257f8dae6b1d41'}}
3133	server	5d01a9ad3edcb	{'type': 'update', 'action': 'update_mirror_nav', 'message': {'rot': {'_x': -0.6429305895718646, '_y': 12.880482916482922, '_z': 0, '_order': 'YXZ'}, 'pos': {'x': 0, 'y': 0, 'z': 0}, 'img_id': '898036b2dad54b5eae257f8dae6b1d41'}}
3135	5d01a9fbad543	server	{'type': 'update', 'action': 'nav', 'message': {'rot': {'_x': -0.6429305895718646, '_y': 12.716731171182564, '_z': 0, '_order': 'YXZ'}, 'pos': {'x': 0, 'y': 0, 'z': 0}, 'img_id': '364f0e028d454ee88bbdc1d3f93a6c36'}}
3135	server	5d01a9ad3edcb	{'type': 'update', 'action': 'update_mirror_nav', 'message': {'rot': {'_x': -0.6429305895718646, '_y': 12.716731171182564, '_z': 0, '_order': 'YXZ'}, 'pos': {'x': 0, 'y': 0, 'z': 0}, 'img_id': '364f0e028d454ee88bbdc1d3f93a6c36'}}
3138	5d01a9fbad543	server	{'type': 'update', 'action': 'nav', 'message': {'rot': {'_x': -0.04018316184824151, '_y': 12.692091228801466, '_z': 0, '_order': 'YXZ'}, 'pos': {'x': 0, 'y': 0, 'z': 0}, 'img_id': '364f0e028d454ee88bbdc1d3f93a6c36'}}
3138	server	5d01a9ad3edcb	{'type': 'update', 'action': 'update_mirror_nav', 'message': {'rot': {'_x': -0.04018316184824151, '_y': 12.692091228801466, '_z': 0, '_order': 'YXZ'}, 'pos': {'x': 0, 'y': 0, 'z': 0}, 'img_id': '364f0e028d454ee88bbdc1d3f93a6c36'}}
3140	5d01a9fbad543	server	{'type': 'update', 'action': 'nav', 'message': {'rot': {'_x': -0.003653014713476473, '_y': 12.069932683678774, '_z': 0, '_order': 'YXZ'}, 'pos': {'x': 0, 'y': 0, 'z': 0}, 'img_id': '364f0e028d454ee88bbdc1d3f93a6c36'}}
3140	server	5d01a9ad3edcb	{'type': 'update', 'action': 'update_mirror_nav', 'message': {'rot': {'_x': -0.003653014713476473, '_y': 12.069932683678774, '_z': 0, '_order': 'YXZ'}, 'pos': {'x': 0, 'y': 0, 'z': 0}, 'img_id': '364f0e028d454ee88bbdc1d3f93a6c36'}}
3142	5d01a9fbad543	server	{'type': 'update', 'action': 'nav', 'message': {'rot': {'_x': -0.4931569863193281, '_y': 12.340972049870842, '_z': 0, '_order': 'YXZ'}, 'pos': {'x': 0, 'y': 0, 'z': 0}, 'img_id': '364f0e028d454ee88bbdc1d3f93a6c36'}}
3142	server	5d01a9ad3edcb	{'type': 'update', 'action': 'update_mirror_nav', 'message': {'rot': {'_x': -0.4931569863193281, '_y': 12.340972049870842, '_z': 0, '_order': 'YXZ'}, 'pos': {'x': 0, 'y': 0, 'z': 0}, 'img_id': '364f0e028d454ee88bbdc1d3f93a6c36'}}
3143	5d01a9fbad543	server	{'type': 'update', 'action': 'nav', 'message': {'rot': {'_x': -0.4931569863193281, '_y': 12.534083015095128, '_z': 0, '_order': 'YXZ'}, 'pos': {'x': 0, 'y': 0, 'z': 0}, 'img_id': '8ef9a331a6884c0ebb6979b506a6a718'}}
3143	server	5d01a9ad3edcb	{'type': 'update', 'action': 'update_mirror_nav', 'message': {'rot': {'_x': -0.4931569863193281, '_y': 12.534083015095128, '_z': 0, '_order': 'YXZ'}, 'pos': {'x': 0, 'y': 0, 'z': 0}, 'img_id': '8ef9a331a6884c0ebb6979b506a6a718'}}
3146	5d01a9fbad543	server	{'type': 'update', 'action': 'nav', 'message': {'rot': {'_x': -0.08401933840995959, '_y': 12.50738974418227, '_z': 0, '_order': 'YXZ'}, 'pos': {'x': 0, 'y': 0, 'z': 0}, 'img_id': '8ef9a331a6884c0ebb6979b506a6a718'}}
3146	server	5d01a9ad3edcb	{'type': 'update', 'action': 'update_mirror_nav', 'message': {'rot': {'_x': -0.08401933840995959, '_y': 12.50738974418227, '_z': 0, '_order': 'YXZ'}, 'pos': {'x': 0, 'y': 0, 'z': 0}, 'img_id': '8ef9a331a6884c0ebb6979b506a6a718'}}
3151	5d01a9fbad543	server	{'type': 'update', 'action': 'nav', 'message': {'rot': {'_x': -0.10593742669081868, '_y': 12.579256242793795, '_z': 0, '_order': 'YXZ'}, 'pos': {'x': 0, 'y': 0, 'z': 0}, 'img_id': '8ef9a331a6884c0ebb6979b506a6a718'}}
3151	server	5d01a9ad3edcb	{'type': 'update', 'action': 'update_mirror_nav', 'message': {'rot': {'_x': -0.10593742669081868, '_y': 12.579256242793795, '_z': 0, '_order': 'YXZ'}, 'pos': {'x': 0, 'y': 0, 'z': 0}, 'img_id': '8ef9a331a6884c0ebb6979b506a6a718'}}
3155	5d01a9fbad543	server	{'type': 'update', 'action': 'nav', 'message': {'rot': {'_x': -0.10593742669081868, '_y': 12.613019306620922, '_z': 0, '_order': 'YXZ'}, 'pos': {'x': 0, 'y': 0, 'z': 0}, 'img_id': 'dcc10c2420a0458a80c8e27daa68acc9'}}
3155	server	5d01a9ad3edcb	{'type': 'update', 'action': 'update_mirror_nav', 'message': {'rot': {'_x': -0.10593742669081868, '_y': 12.613019306620922, '_z': 0, '_order': 'YXZ'}, 'pos': {'x': 0, 'y': 0, 'z': 0}, 'img_id': 'dcc10c2420a0458a80c8e27daa68acc9'}}
3159	5d01a9fbad543	server	{'type': 'update', 'action': 'nav', 'message': {'rot': {'_x': -0.07671330898300664, '_y': 13.1427780678145, '_z': 0, '_order': 'YXZ'}, 'pos': {'x': 0, 'y': 0, 'z': 0}, 'img_id': 'dcc10c2420a0458a80c8e27daa68acc9'}}
3159	server	5d01a9ad3edcb	{'type': 'update', 'action': 'update_mirror_nav', 'message': {'rot': {'_x': -0.07671330898300664, '_y': 13.1427780678145, '_z': 0, '_order': 'YXZ'}, 'pos': {'x': 0, 'y': 0, 'z': 0}, 'img_id': 'dcc10c2420a0458a80c8e27daa68acc9'}}
3161	5d01a9fbad543	server	{'type': 'update', 'action': 'nav', 'message': {'rot': {'_x': -0.2922411770781202, '_y': 13.543177131507324, '_z': 0, '_order': 'YXZ'}, 'pos': {'x': 0, 'y': 0, 'z': 0}, 'img_id': 'dcc10c2420a0458a80c8e27daa68acc9'}}
3161	server	5d01a9ad3edcb	{'type': 'update', 'action': 'update_mirror_nav', 'message': {'rot': {'_x': -0.2922411770781202, '_y': 13.543177131507324, '_z': 0, '_order': 'YXZ'}, 'pos': {'x': 0, 'y': 0, 'z': 0}, 'img_id': 'dcc10c2420a0458a80c8e27daa68acc9'}}
3162	5d01a9fbad543	server	{'type': 'update', 'action': 'nav', 'message': {'rot': {'_x': -0.19360977981425453, '_y': 14.393255143655153, '_z': 0, '_order': 'YXZ'}, 'pos': {'x': 0, 'y': 0, 'z': 0}, 'img_id': 'dcc10c2420a0458a80c8e27daa68acc9'}}
3162	server	5d01a9ad3edcb	{'type': 'update', 'action': 'update_mirror_nav', 'message': {'rot': {'_x': -0.19360977981425453, '_y': 14.393255143655153, '_z': 0, '_order': 'YXZ'}, 'pos': {'x': 0, 'y': 0, 'z': 0}, 'img_id': 'dcc10c2420a0458a80c8e27daa68acc9'}}
3165	5d01a9fbad543	server	{'type': 'update', 'action': 'nav', 'message': {'rot': {'_x': -0.33607735363983826, '_y': 15.163253343064426, '_z': 0, '_order': 'YXZ'}, 'pos': {'x': 0, 'y': 0, 'z': 0}, 'img_id': 'dcc10c2420a0458a80c8e27daa68acc9'}}
3165	server	5d01a9ad3edcb	{'type': 'update', 'action': 'update_mirror_nav', 'message': {'rot': {'_x': -0.33607735363983826, '_y': 15.163253343064426, '_z': 0, '_order': 'YXZ'}, 'pos': {'x': 0, 'y': 0, 'z': 0}, 'img_id': 'dcc10c2420a0458a80c8e27daa68acc9'}}
3167	5d01a9fbad543	server	{'type': 'update', 'action': 'nav', 'message': {'rot': {'_x': -0.33607735363983826, '_y': 15.236285378865848, '_z': 0, '_order': 'YXZ'}, 'pos': {'x': 0, 'y': 0, 'z': 0}, 'img_id': 'f9961709734949de829f4c3a7cb11b32'}}
3167	server	5d01a9ad3edcb	{'type': 'update', 'action': 'update_mirror_nav', 'message': {'rot': {'_x': -0.33607735363983826, '_y': 15.236285378865848, '_z': 0, '_order': 'YXZ'}, 'pos': {'x': 0, 'y': 0, 'z': 0}, 'img_id': 'f9961709734949de829f4c3a7cb11b32'}}
3169	5d01a9fbad543	server	{'type': 'update', 'action': 'nav', 'message': {'rot': {'_x': -0.04018316184824147, '_y': 15.295831906286834, '_z': 0, '_order': 'YXZ'}, 'pos': {'x': 0, 'y': 0, 'z': 0}, 'img_id': 'f9961709734949de829f4c3a7cb11b32'}}
3169	server	5d01a9ad3edcb	{'type': 'update', 'action': 'update_mirror_nav', 'message': {'rot': {'_x': -0.04018316184824147, '_y': 15.295831906286834, '_z': 0, '_order': 'YXZ'}, 'pos': {'x': 0, 'y': 0, 'z': 0}, 'img_id': 'f9961709734949de829f4c3a7cb11b32'}}
3170	5d01a9fbad543	server	{'type': 'update', 'action': 'nav', 'message': {'rot': {'_x': -0.47123889803846886, '_y': 15.297885234818592, '_z': 0, '_order': 'YXZ'}, 'pos': {'x': 0, 'y': 0, 'z': 0}, 'img_id': 'f9961709734949de829f4c3a7cb11b32'}}
3170	server	5d01a9ad3edcb	{'type': 'update', 'action': 'update_mirror_nav', 'message': {'rot': {'_x': -0.47123889803846886, '_y': 15.297885234818592, '_z': 0, '_order': 'YXZ'}, 'pos': {'x': 0, 'y': 0, 'z': 0}, 'img_id': 'f9961709734949de829f4c3a7cb11b32'}}
3173	5d01a9fbad543	server	{'type': 'update', 'action': 'nav', 'message': {'rot': {'_x': -0.47123889803846886, '_y': 15.681176054849324, '_z': 0, '_order': 'YXZ'}, 'pos': {'x': 0, 'y': 0, 'z': 0}, 'img_id': '685ea92e9142472295aaf81cd68d2ee8'}}
3173	server	5d01a9ad3edcb	{'type': 'update', 'action': 'update_mirror_nav', 'message': {'rot': {'_x': -0.47123889803846886, '_y': 15.681176054849324, '_z': 0, '_order': 'YXZ'}, 'pos': {'x': 0, 'y': 0, 'z': 0}, 'img_id': '685ea92e9142472295aaf81cd68d2ee8'}}
3174	5d01a9fbad543	server	{'type': 'update', 'action': 'nav', 'message': {'rot': {'_x': -0.1863037503873015, '_y': 15.681176054849324, '_z': 0, '_order': 'YXZ'}, 'pos': {'x': 0, 'y': 0, 'z': 0}, 'img_id': '685ea92e9142472295aaf81cd68d2ee8'}}
3174	server	5d01a9ad3edcb	{'type': 'update', 'action': 'update_mirror_nav', 'message': {'rot': {'_x': -0.1863037503873015, '_y': 15.681176054849324, '_z': 0, '_order': 'YXZ'}, 'pos': {'x': 0, 'y': 0, 'z': 0}, 'img_id': '685ea92e9142472295aaf81cd68d2ee8'}}
3177	5d01a9fbad543	server	{'type': 'update', 'action': 'nav', 'message': {'rot': {'_x': -0.1863037503873015, '_y': 15.77867304963108, '_z': 0, '_order': 'YXZ'}, 'pos': {'x': 0, 'y': 0, 'z': 0}, 'img_id': '918ea49196cf4c2fad6d44f237708836'}}
3177	server	5d01a9ad3edcb	{'type': 'update', 'action': 'update_mirror_nav', 'message': {'rot': {'_x': -0.1863037503873015, '_y': 15.77867304963108, '_z': 0, '_order': 'YXZ'}, 'pos': {'x': 0, 'y': 0, 'z': 0}, 'img_id': '918ea49196cf4c2fad6d44f237708836'}}
3179	5d01a9fbad543	server	{'type': 'update', 'action': 'nav', 'message': {'rot': {'_x': -0.1863037503873015, '_y': 15.833601509260527, '_z': 0, '_order': 'YXZ'}, 'pos': {'x': 0, 'y': 0, 'z': 0}, 'img_id': '145b26b8b20642118337e34382ab28e8'}}
3179	server	5d01a9ad3edcb	{'type': 'update', 'action': 'update_mirror_nav', 'message': {'rot': {'_x': -0.1863037503873015, '_y': 15.833601509260527, '_z': 0, '_order': 'YXZ'}, 'pos': {'x': 0, 'y': 0, 'z': 0}, 'img_id': '145b26b8b20642118337e34382ab28e8'}}
3181	5d01a9fbad543	server	{'type': 'update', 'action': 'nav', 'message': {'rot': {'_x': -0.06575426484257682, '_y': 15.603628713703621, '_z': 0, '_order': 'YXZ'}, 'pos': {'x': 0, 'y': 0, 'z': 0}, 'img_id': '145b26b8b20642118337e34382ab28e8'}}
3181	server	5d01a9ad3edcb	{'type': 'update', 'action': 'update_mirror_nav', 'message': {'rot': {'_x': -0.06575426484257682, '_y': 15.603628713703621, '_z': 0, '_order': 'YXZ'}, 'pos': {'x': 0, 'y': 0, 'z': 0}, 'img_id': '145b26b8b20642118337e34382ab28e8'}}
3182	5d01a9fbad543	server	{'type': 'update', 'action': 'nav', 'message': {'rot': {'_x': -0.06575426484257682, '_y': 15.403078689367709, '_z': 0, '_order': 'YXZ'}, 'pos': {'x': 0, 'y': 0, 'z': 0}, 'img_id': 'ba8e57d555f64cb29ed981c31c507f45'}}
3182	server	5d01a9ad3edcb	{'type': 'update', 'action': 'update_mirror_nav', 'message': {'rot': {'_x': -0.06575426484257682, '_y': 15.403078689367709, '_z': 0, '_order': 'YXZ'}, 'pos': {'x': 0, 'y': 0, 'z': 0}, 'img_id': 'ba8e57d555f64cb29ed981c31c507f45'}}
3185	5d01a9fbad543	server	{'type': 'update', 'action': 'nav', 'message': {'rot': {'_x': 0.003653014713476737, '_y': 14.762440187459196, '_z': 0, '_order': 'YXZ'}, 'pos': {'x': 0, 'y': 0, 'z': 0}, 'img_id': 'ba8e57d555f64cb29ed981c31c507f45'}}
3185	server	5d01a9ad3edcb	{'type': 'update', 'action': 'update_mirror_nav', 'message': {'rot': {'_x': 0.003653014713476737, '_y': 14.762440187459196, '_z': 0, '_order': 'YXZ'}, 'pos': {'x': 0, 'y': 0, 'z': 0}, 'img_id': 'ba8e57d555f64cb29ed981c31c507f45'}}
3188	5d01a9fbad543	server	{'type': 'update', 'action': 'nav', 'message': {'rot': {'_x': -0.3726075007746034, '_y': 13.612576209674694, '_z': 0, '_order': 'YXZ'}, 'pos': {'x': 0, 'y': 0, 'z': 0}, 'img_id': 'ba8e57d555f64cb29ed981c31c507f45'}}
3188	server	5d01a9ad3edcb	{'type': 'update', 'action': 'update_mirror_nav', 'message': {'rot': {'_x': -0.3726075007746034, '_y': 13.612576209674694, '_z': 0, '_order': 'YXZ'}, 'pos': {'x': 0, 'y': 0, 'z': 0}, 'img_id': 'ba8e57d555f64cb29ed981c31c507f45'}}
3190	5d01a9fbad543	server	{'type': 'update', 'action': 'nav', 'message': {'rot': {'_x': -0.3726075007746034, '_y': 14.120810385830708, '_z': 0, '_order': 'YXZ'}, 'pos': {'x': 0, 'y': 0, 'z': 0}, 'img_id': '05b860befcdf4aa0a7a9029ade32f411'}}
3190	server	5d01a9ad3edcb	{'type': 'update', 'action': 'update_mirror_nav', 'message': {'rot': {'_x': -0.3726075007746034, '_y': 14.120810385830708, '_z': 0, '_order': 'YXZ'}, 'pos': {'x': 0, 'y': 0, 'z': 0}, 'img_id': '05b860befcdf4aa0a7a9029ade32f411'}}
3194	5d01a9fbad543	server	{'type': 'update', 'action': 'nav', 'message': {'rot': {'_x': -0.3726075007746034, '_y': 14.205930566804248, '_z': 0, '_order': 'YXZ'}, 'pos': {'x': 0, 'y': 0, 'z': 0}, 'img_id': '24e0f571b4524766a23db424806f000e'}}
3194	server	5d01a9ad3edcb	{'type': 'update', 'action': 'update_mirror_nav', 'message': {'rot': {'_x': -0.3726075007746034, '_y': 14.205930566804248, '_z': 0, '_order': 'YXZ'}, 'pos': {'x': 0, 'y': 0, 'z': 0}, 'img_id': '24e0f571b4524766a23db424806f000e'}}
3200	5d01a9fbad543	server	{'type': 'update', 'action': 'nav', 'message': {'rot': {'_x': -0.7232969132683481, '_y': 13.569398721959274, '_z': 0, '_order': 'YXZ'}, 'pos': {'x': 0, 'y': 0, 'z': 0}, 'img_id': '24e0f571b4524766a23db424806f000e'}}
3200	server	5d01a9ad3edcb	{'type': 'update', 'action': 'update_mirror_nav', 'message': {'rot': {'_x': -0.7232969132683481, '_y': 13.569398721959274, '_z': 0, '_order': 'YXZ'}, 'pos': {'x': 0, 'y': 0, 'z': 0}, 'img_id': '24e0f571b4524766a23db424806f000e'}}
3203	5d01a9fbad543	server	{'type': 'update', 'action': 'nav', 'message': {'rot': {'_x': -0.7232969132683481, '_y': 13.97235555126162, '_z': 0, '_order': 'YXZ'}, 'pos': {'x': 0, 'y': 0, 'z': 0}, 'img_id': '53abab7fbeff4b61842d457eff7406ce'}}
3203	server	5d01a9ad3edcb	{'type': 'update', 'action': 'update_mirror_nav', 'message': {'rot': {'_x': -0.7232969132683481, '_y': 13.97235555126162, '_z': 0, '_order': 'YXZ'}, 'pos': {'x': 0, 'y': 0, 'z': 0}, 'img_id': '53abab7fbeff4b61842d457eff7406ce'}}
3204	5d01a9fbad543	server	{'type': 'update', 'action': 'nav', 'message': {'rot': {'_x': -0.5187280893136642, '_y': 13.42822349034573, '_z': 0, '_order': 'YXZ'}, 'pos': {'x': 0, 'y': 0, 'z': 0}, 'img_id': '53abab7fbeff4b61842d457eff7406ce'}}
3204	server	5d01a9ad3edcb	{'type': 'update', 'action': 'update_mirror_nav', 'message': {'rot': {'_x': -0.5187280893136642, '_y': 13.42822349034573, '_z': 0, '_order': 'YXZ'}, 'pos': {'x': 0, 'y': 0, 'z': 0}, 'img_id': '53abab7fbeff4b61842d457eff7406ce'}}
3207	5d01a9fbad543	server	{'type': 'update', 'action': 'nav', 'message': {'rot': {'_x': -0.5187280893136642, '_y': 13.417761076430944, '_z': 0, '_order': 'YXZ'}, 'pos': {'x': 0, 'y': 0, 'z': 0}, 'img_id': '4c1bb3c9f3634b4e8c68de5757da3904'}}
3207	server	5d01a9ad3edcb	{'type': 'update', 'action': 'update_mirror_nav', 'message': {'rot': {'_x': -0.5187280893136642, '_y': 13.417761076430944, '_z': 0, '_order': 'YXZ'}, 'pos': {'x': 0, 'y': 0, 'z': 0}, 'img_id': '4c1bb3c9f3634b4e8c68de5757da3904'}}
3208	5d01a9fbad543	server	{'type': 'update', 'action': 'nav', 'message': {'rot': {'_x': -0.02191808828085981, '_y': 12.99477539888879, '_z': 0, '_order': 'YXZ'}, 'pos': {'x': 0, 'y': 0, 'z': 0}, 'img_id': '4c1bb3c9f3634b4e8c68de5757da3904'}}
3208	server	5d01a9ad3edcb	{'type': 'update', 'action': 'update_mirror_nav', 'message': {'rot': {'_x': -0.02191808828085981, '_y': 12.99477539888879, '_z': 0, '_order': 'YXZ'}, 'pos': {'x': 0, 'y': 0, 'z': 0}, 'img_id': '4c1bb3c9f3634b4e8c68de5757da3904'}}
3210	5d01a9fbad543	server	{'type': 'update', 'action': 'nav', 'message': {'rot': {'_x': -0.02191808828085981, '_y': 12.828845429907714, '_z': 0, '_order': 'YXZ'}, 'pos': {'x': 0, 'y': 0, 'z': 0}, 'img_id': '9e2b1925799843408d34e5108d819fe2'}}
3210	server	5d01a9ad3edcb	{'type': 'update', 'action': 'update_mirror_nav', 'message': {'rot': {'_x': -0.02191808828085981, '_y': 12.828845429907714, '_z': 0, '_order': 'YXZ'}, 'pos': {'x': 0, 'y': 0, 'z': 0}, 'img_id': '9e2b1925799843408d34e5108d819fe2'}}
3214	5d01a9fbad543	server	{'type': 'update', 'action': 'nav', 'message': {'rot': {'_x': -0.4493208097576109, '_y': 12.648152519113003, '_z': 0, '_order': 'YXZ'}, 'pos': {'x': 0, 'y': 0, 'z': 0}, 'img_id': '9e2b1925799843408d34e5108d819fe2'}}
3214	server	5d01a9ad3edcb	{'type': 'update', 'action': 'update_mirror_nav', 'message': {'rot': {'_x': -0.4493208097576109, '_y': 12.648152519113003, '_z': 0, '_order': 'YXZ'}, 'pos': {'x': 0, 'y': 0, 'z': 0}, 'img_id': '9e2b1925799843408d34e5108d819fe2'}}
3216	5d01a9fbad543	server	{'type': 'update', 'action': 'nav', 'message': {'rot': {'_x': -0.4493208097576109, '_y': 12.658475530359217, '_z': 0, '_order': 'YXZ'}, 'pos': {'x': 0, 'y': 0, 'z': 0}, 'img_id': '45ae4acf4af247ef85bf26dae6795aca'}}
3216	server	5d01a9ad3edcb	{'type': 'update', 'action': 'update_mirror_nav', 'message': {'rot': {'_x': -0.4493208097576109, '_y': 12.658475530359217, '_z': 0, '_order': 'YXZ'}, 'pos': {'x': 0, 'y': 0, 'z': 0}, 'img_id': '45ae4acf4af247ef85bf26dae6795aca'}}
3217	5d01a9fbad543	server	{'type': 'update', 'action': 'nav', 'message': {'rot': {'_x': -0.3032002212185506, '_y': 12.656422201827459, '_z': 0, '_order': 'YXZ'}, 'pos': {'x': 0, 'y': 0, 'z': 0}, 'img_id': '45ae4acf4af247ef85bf26dae6795aca'}}
3217	server	5d01a9ad3edcb	{'type': 'update', 'action': 'update_mirror_nav', 'message': {'rot': {'_x': -0.3032002212185506, '_y': 12.656422201827459, '_z': 0, '_order': 'YXZ'}, 'pos': {'x': 0, 'y': 0, 'z': 0}, 'img_id': '45ae4acf4af247ef85bf26dae6795aca'}}
3219	5d01a9fbad543	server	{'type': 'update', 'action': 'nav', 'message': {'rot': {'_x': -0.3032002212185506, '_y': 12.694685685009269, '_z': 0, '_order': 'YXZ'}, 'pos': {'x': 0, 'y': 0, 'z': 0}, 'img_id': '0a814a2f43064d7196ad6bf99080966d'}}
3219	server	5d01a9ad3edcb	{'type': 'update', 'action': 'update_mirror_nav', 'message': {'rot': {'_x': -0.3032002212185506, '_y': 12.694685685009269, '_z': 0, '_order': 'YXZ'}, 'pos': {'x': 0, 'y': 0, 'z': 0}, 'img_id': '0a814a2f43064d7196ad6bf99080966d'}}
3221	5d01a9fbad543	server	{'type': 'update', 'action': 'nav', 'message': {'rot': {'_x': -0.09132536783691325, '_y': 12.466766217984127, '_z': 0, '_order': 'YXZ'}, 'pos': {'x': 0, 'y': 0, 'z': 0}, 'img_id': '0a814a2f43064d7196ad6bf99080966d'}}
3221	server	5d01a9ad3edcb	{'type': 'update', 'action': 'update_mirror_nav', 'message': {'rot': {'_x': -0.09132536783691325, '_y': 12.466766217984127, '_z': 0, '_order': 'YXZ'}, 'pos': {'x': 0, 'y': 0, 'z': 0}, 'img_id': '0a814a2f43064d7196ad6bf99080966d'}}
3223	5d01a9fbad543	server	{'type': 'update', 'action': 'nav', 'message': {'rot': {'_x': -0.09132536783691325, '_y': 11.822036923542328, '_z': 0, '_order': 'YXZ'}, 'pos': {'x': 0, 'y': 0, 'z': 0}, 'img_id': 'f3183802e10f416d858c16efa99b4785'}}
3223	server	5d01a9ad3edcb	{'type': 'update', 'action': 'update_mirror_nav', 'message': {'rot': {'_x': -0.09132536783691325, '_y': 11.822036923542328, '_z': 0, '_order': 'YXZ'}, 'pos': {'x': 0, 'y': 0, 'z': 0}, 'img_id': 'f3183802e10f416d858c16efa99b4785'}}
3227	5d01a9fbad543	server	{'type': 'update', 'action': 'nav', 'message': {'rot': {'_x': -0.2776291182242142, '_y': 12.56328852350698, '_z': 0, '_order': 'YXZ'}, 'pos': {'x': 0, 'y': 0, 'z': 0}, 'img_id': 'f3183802e10f416d858c16efa99b4785'}}
3227	server	5d01a9ad3edcb	{'type': 'update', 'action': 'update_mirror_nav', 'message': {'rot': {'_x': -0.2776291182242142, '_y': 12.56328852350698, '_z': 0, '_order': 'YXZ'}, 'pos': {'x': 0, 'y': 0, 'z': 0}, 'img_id': 'f3183802e10f416d858c16efa99b4785'}}
3228	5d01a9fbad543	server	{'type': 'update', 'action': 'nav', 'message': {'rot': {'_x': -0.5260341187406165, '_y': 13.331233394384489, '_z': 0, '_order': 'YXZ'}, 'pos': {'x': 0, 'y': 0, 'z': 0}, 'img_id': 'f3183802e10f416d858c16efa99b4785'}}
3228	server	5d01a9ad3edcb	{'type': 'update', 'action': 'update_mirror_nav', 'message': {'rot': {'_x': -0.5260341187406165, '_y': 13.331233394384489, '_z': 0, '_order': 'YXZ'}, 'pos': {'x': 0, 'y': 0, 'z': 0}, 'img_id': 'f3183802e10f416d858c16efa99b4785'}}
3233	5d01a9fbad543	server	{'type': 'update', 'action': 'chat', 'message': 'close enough?'}
3233	server	5d01a9fbad543	{'type': 'update', 'action': 'add_chat', 'speaker': 'self', 'message': 'close enough?'}
3233	server	5d01a9fbad543	{'type': 'update', 'action': 'disable_chat', 'timeout_at': 1560391078.7038352}
3233	server	5d01a9fbad543	{'type': 'update', 'action': 'disable_nav'}
3233	server	5d01a9ad3edcb	{'type': 'update', 'action': 'add_chat', 'speaker': 'other', 'message': 'close enough?'}
3233	server	5d01a9ad3edcb	{'type': 'update', 'action': 'enable_chat', 'timeout_at': 1560391078.7038388}
3233	server	5d01a9ad3edcb	{'type': 'update', 'action': 'enable_gold_view'}
3275	5d01a9ad3edcb	server	{'type': 'update', 'action': 'chat', 'message': "You're in the right room  it must b e in here"}
3275	server	5d01a9fbad543	{'type': 'update', 'action': 'add_chat', 'speaker': 'other', 'message': "You're in the right room  it must b e in here"}
3275	server	5d01a9fbad543	{'type': 'update', 'action': 'enable_chat', 'timeout_at': 1560391120.7613568}
3275	server	5d01a9fbad543	{'type': 'update', 'action': 'enable_nav'}
3275	server	5d01a9ad3edcb	{'type': 'update', 'action': 'add_chat', 'speaker': 'self', 'message': "You're in the right room  it must b e in here"}
3275	server	5d01a9ad3edcb	{'type': 'update', 'action': 'disable_chat', 'timeout_at': 1560391120.7613533}
3275	server	5d01a9ad3edcb	{'type': 'update', 'action': 'disable_gold_view'}
3305	5d01a9fbad543	server	{'type': 'update', 'action': 'chat', 'message': 'okay thank you sorry about the blue things i read the instructions and then just freaked. i am going to hit found room. okay with you'}
3305	server	5d01a9fbad543	{'type': 'update', 'action': 'add_chat', 'speaker': 'self', 'message': 'okay thank you sorry about the blue things i read the instructions and then just freaked. i am going to hit found room. okay with you'}
3305	server	5d01a9fbad543	{'type': 'update', 'action': 'disable_chat', 'timeout_at': 1560391150.804883}
3305	server	5d01a9fbad543	{'type': 'update', 'action': 'disable_nav'}
3305	server	5d01a9ad3edcb	{'type': 'update', 'action': 'add_chat', 'speaker': 'other', 'message': 'okay thank you sorry about the blue things i read the instructions and then just freaked. i am going to hit found room. okay with you'}
3305	server	5d01a9ad3edcb	{'type': 'update', 'action': 'enable_chat', 'timeout_at': 1560391150.8048868}
3305	server	5d01a9ad3edcb	{'type': 'update', 'action': 'enable_gold_view'}
3321	5d01a9ad3edcb	server	{'type': 'update', 'action': 'chat', 'message': "yes that's good"}
3321	server	5d01a9fbad543	{'type': 'update', 'action': 'add_chat', 'speaker': 'other', 'message': "yes that's good"}
3321	server	5d01a9fbad543	{'type': 'update', 'action': 'enable_chat', 'timeout_at': 1560391166.841487}
3321	server	5d01a9fbad543	{'type': 'update', 'action': 'enable_nav'}
3321	server	5d01a9ad3edcb	{'type': 'update', 'action': 'add_chat', 'speaker': 'self', 'message': "yes that's good"}
3321	server	5d01a9ad3edcb	{'type': 'update', 'action': 'disable_chat', 'timeout_at': 1560391166.8414834}
3321	server	5d01a9ad3edcb	{'type': 'update', 'action': 'disable_gold_view'}
3324	5d01a9fbad543	server	{'type': 'update', 'action': 'guess_stop', 'value': 'f3183802e10f416d858c16efa99b4785'}
3324	server	5d01a9fbad543	{'type': 'update', 'action': 'set_aux', 'message': 'Congrats, you found the room!'}
3324	server	5d01a9fbad543	{'type': 'update', 'action': 'disable_chat'}
3324	server	5d01a9fbad543	{'type': 'update', 'action': 'disable_nav'}
3324	server	5d01a9fbad543	{'type': 'update', 'action': 'exit', 'message': {'oracle': '5d01a9ad3edcb', 'navigator': '5d01a9fbad543'}}
3324	server	5d01a9ad3edcb	{'type': 'update', 'action': 'set_aux', 'message': 'Congrats, you helped your partner find the room!'}
3324	server	5d01a9ad3edcb	{'type': 'update', 'action': 'disable_chat'}
3324	server	5d01a9ad3edcb	{'type': 'update', 'action': 'disable_gold_view'}
3324	server	5d01a9ad3edcb	{'type': 'update', 'action': 'exit', 'message': {'oracle': '5d01a9ad3edcb', 'navigator': '5d01a9fbad543'}}
