5886	server	5d01b60fc665e	{'type': 'update', 'action': 'set_house', 'value': 'fzynW3qQPVF'}
5886	server	5d01b60fc665e	{'type': 'update', 'action': 'set_target_obj', 'value': 'tv'}
5886	server	5d01b60fc665e	{'type': 'update', 'action': 'set_start_pano', 'value': '550fc02432934d80b050571ebd1b2b3c'}
5886	server	5d01b60fc665e	{'type': 'update', 'action': 'set_aux', 'message': 'Another player connected! You are The Navigator.'}
5886	server	5d01b60fc665e	{'type': 'update', 'action': 'hide_instructions'}
5886	server	5d01b60fc665e	{'type': 'update', 'action': 'show_chat'}
5886	server	5d01b60fc665e	{'type': 'update', 'action': 'show_nav'}
5886	server	5d01b60fc665e	{'type': 'update', 'action': 'enable_chat', 'timeout_at': 1560393735.975192}
5886	server	5d01b60fc665e	{'type': 'update', 'action': 'enable_nav'}
5886	server	5d01b659aa21a	{'type': 'update', 'action': 'set_house', 'value': 'fzynW3qQPVF'}
5886	server	5d01b659aa21a	{'type': 'update', 'action': 'set_target_obj', 'value': 'tv'}
5886	server	5d01b659aa21a	{'type': 'update', 'action': 'set_start_pano', 'value': '550fc02432934d80b050571ebd1b2b3c'}
5886	server	5d01b659aa21a	{'type': 'update', 'action': 'set_end_panos', 'value': '74994a8e40df4daca33f7baaab9cd8e0'}
5886	server	5d01b659aa21a	{'type': 'update', 'action': 'set_aux', 'message': 'Another player connected! You are The Oracle.'}
5886	server	5d01b659aa21a	{'type': 'update', 'action': 'hide_instructions'}
5886	server	5d01b659aa21a	{'type': 'update', 'action': 'show_chat'}
5886	server	5d01b659aa21a	{'type': 'update', 'action': 'disable_chat', 'timeout_at': 1560393735.9751983}
5886	server	5d01b659aa21a	{'type': 'update', 'action': 'show_mirror_nav'}
5886	server	5d01b659aa21a	{'type': 'update', 'action': 'show_gold_view'}
5890	5d01b60fc665e	server	{'type': 'update', 'action': 'nav', 'message': {'rot': {'_x': 0, '_y': 0, '_z': 0, '_order': 'YXZ'}, 'pos': {'x': 0, 'y': 0, 'z': 0}, 'img_id': '550fc02432934d80b050571ebd1b2b3c'}}
5890	server	5d01b659aa21a	{'type': 'update', 'action': 'update_mirror_nav', 'message': {'rot': {'_x': 0, '_y': 0, '_z': 0, '_order': 'YXZ'}, 'pos': {'x': 0, 'y': 0, 'z': 0}, 'img_id': '550fc02432934d80b050571ebd1b2b3c'}}
5946	5d01b60fc665e	server	{'type': 'update', 'action': 'nav', 'message': {'rot': {'_x': -0.12011971910784522, '_y': 0.6413003185427096, '_z': 0, '_order': 'YXZ'}, 'pos': {'x': 0, 'y': 0, 'z': 0}, 'img_id': '550fc02432934d80b050571ebd1b2b3c'}}
5946	server	5d01b659aa21a	{'type': 'update', 'action': 'update_mirror_nav', 'message': {'rot': {'_x': -0.12011971910784522, '_y': 0.6413003185427096, '_z': 0, '_order': 'YXZ'}, 'pos': {'x': 0, 'y': 0, 'z': 0}, 'img_id': '550fc02432934d80b050571ebd1b2b3c'}}
5951	5d01b60fc665e	server	{'type': 'update', 'action': 'nav', 'message': {'rot': {'_x': -0.9424777960769379, '_y': 0.2881956897094764, '_z': 0, '_order': 'YXZ'}, 'pos': {'x': 0, 'y': 0, 'z': 0}, 'img_id': '550fc02432934d80b050571ebd1b2b3c'}}
5951	server	5d01b659aa21a	{'type': 'update', 'action': 'update_mirror_nav', 'message': {'rot': {'_x': -0.9424777960769379, '_y': 0.2881956897094764, '_z': 0, '_order': 'YXZ'}, 'pos': {'x': 0, 'y': 0, 'z': 0}, 'img_id': '550fc02432934d80b050571ebd1b2b3c'}}
5952	5d01b60fc665e	server	{'type': 'update', 'action': 'nav', 'message': {'rot': {'_x': -0.9286178284875712, '_y': 0.18693774467641688, '_z': 0, '_order': 'YXZ'}, 'pos': {'x': 0, 'y': 0, 'z': 0}, 'img_id': '550fc02432934d80b050571ebd1b2b3c'}}
5953	server	5d01b659aa21a	{'type': 'update', 'action': 'update_mirror_nav', 'message': {'rot': {'_x': -0.9286178284875712, '_y': 0.18693774467641688, '_z': 0, '_order': 'YXZ'}, 'pos': {'x': 0, 'y': 0, 'z': 0}, 'img_id': '550fc02432934d80b050571ebd1b2b3c'}}
5956	5d01b60fc665e	server	{'type': 'update', 'action': 'nav', 'message': {'rot': {'_x': -0.9286178284875712, '_y': -0.7996003769180359, '_z': 0, '_order': 'YXZ'}, 'pos': {'x': 0, 'y': 0, 'z': 0}, 'img_id': '5c5fc50ec4a546ba81b55ac2af86e6e0'}}
5956	server	5d01b659aa21a	{'type': 'update', 'action': 'update_mirror_nav', 'message': {'rot': {'_x': -0.9286178284875712, '_y': -0.7996003769180359, '_z': 0, '_order': 'YXZ'}, 'pos': {'x': 0, 'y': 0, 'z': 0}, 'img_id': '5c5fc50ec4a546ba81b55ac2af86e6e0'}}
5961	5d01b60fc665e	server	{'type': 'update', 'action': 'nav', 'message': {'rot': {'_x': -0.9286178284875712, '_y': -1.7344953898800624, '_z': 0, '_order': 'YXZ'}, 'pos': {'x': 0, 'y': 0, 'z': 0}, 'img_id': 'd293213249b04e8d9c47b1560de1d94a'}}
5961	server	5d01b659aa21a	{'type': 'update', 'action': 'update_mirror_nav', 'message': {'rot': {'_x': -0.9286178284875712, '_y': -1.7344953898800624, '_z': 0, '_order': 'YXZ'}, 'pos': {'x': 0, 'y': 0, 'z': 0}, 'img_id': 'd293213249b04e8d9c47b1560de1d94a'}}
5964	5d01b60fc665e	server	{'type': 'update', 'action': 'nav', 'message': {'rot': {'_x': -0.8685579689336489, '_y': -2.625046034657994, '_z': 0, '_order': 'YXZ'}, 'pos': {'x': 0, 'y': 0, 'z': 0}, 'img_id': 'd293213249b04e8d9c47b1560de1d94a'}}
5964	server	5d01b659aa21a	{'type': 'update', 'action': 'update_mirror_nav', 'message': {'rot': {'_x': -0.8685579689336489, '_y': -2.625046034657994, '_z': 0, '_order': 'YXZ'}, 'pos': {'x': 0, 'y': 0, 'z': 0}, 'img_id': 'd293213249b04e8d9c47b1560de1d94a'}}
5969	5d01b60fc665e	server	{'type': 'update', 'action': 'nav', 'message': {'rot': {'_x': -0.6745184226825147, '_y': -3.2611536380708, '_z': 0, '_order': 'YXZ'}, 'pos': {'x': 0, 'y': 0, 'z': 0}, 'img_id': 'd293213249b04e8d9c47b1560de1d94a'}}
5969	server	5d01b659aa21a	{'type': 'update', 'action': 'update_mirror_nav', 'message': {'rot': {'_x': -0.6745184226825147, '_y': -3.2611536380708, '_z': 0, '_order': 'YXZ'}, 'pos': {'x': 0, 'y': 0, 'z': 0}, 'img_id': 'd293213249b04e8d9c47b1560de1d94a'}}
5973	5d01b60fc665e	server	{'type': 'update', 'action': 'nav', 'message': {'rot': {'_x': -0.6745184226825147, '_y': -3.2372399216379897, '_z': 0, '_order': 'YXZ'}, 'pos': {'x': 0, 'y': 0, 'z': 0}, 'img_id': '0871e41cf2a745cdb6a50fbda8d2387b'}}
5973	server	5d01b659aa21a	{'type': 'update', 'action': 'update_mirror_nav', 'message': {'rot': {'_x': -0.6745184226825147, '_y': -3.2372399216379897, '_z': 0, '_order': 'YXZ'}, 'pos': {'x': 0, 'y': 0, 'z': 0}, 'img_id': '0871e41cf2a745cdb6a50fbda8d2387b'}}
5977	5d01b60fc665e	server	{'type': 'update', 'action': 'nav', 'message': {'rot': {'_x': -0.6745184226825147, '_y': -2.5141885074729258, '_z': 0, '_order': 'YXZ'}, 'pos': {'x': 0, 'y': 0, 'z': 0}, 'img_id': '3cbe2ef8c0b341288c91dbb731916371'}}
5977	server	5d01b659aa21a	{'type': 'update', 'action': 'update_mirror_nav', 'message': {'rot': {'_x': -0.6745184226825147, '_y': -2.5141885074729258, '_z': 0, '_order': 'YXZ'}, 'pos': {'x': 0, 'y': 0, 'z': 0}, 'img_id': '3cbe2ef8c0b341288c91dbb731916371'}}
5990	5d01b60fc665e	server	{'type': 'update', 'action': 'nav', 'message': {'rot': {'_x': -0.6745184226825147, '_y': -2.2457448393933843, '_z': 0, '_order': 'YXZ'}, 'pos': {'x': 0, 'y': 0, 'z': 0}, 'img_id': '02b20a729e84406887ebdbbf7d627370'}}
5990	server	5d01b659aa21a	{'type': 'update', 'action': 'update_mirror_nav', 'message': {'rot': {'_x': -0.6745184226825147, '_y': -2.2457448393933843, '_z': 0, '_order': 'YXZ'}, 'pos': {'x': 0, 'y': 0, 'z': 0}, 'img_id': '02b20a729e84406887ebdbbf7d627370'}}
5994	5d01b60fc665e	server	{'type': 'update', 'action': 'nav', 'message': {'rot': {'_x': -0.6745184226825147, '_y': -3.028942722967833, '_z': 0, '_order': 'YXZ'}, 'pos': {'x': 0, 'y': 0, 'z': 0}, 'img_id': 'e0a4f76777f348e8a953515c135cda04'}}
5994	server	5d01b659aa21a	{'type': 'update', 'action': 'update_mirror_nav', 'message': {'rot': {'_x': -0.6745184226825147, '_y': -3.028942722967833, '_z': 0, '_order': 'YXZ'}, 'pos': {'x': 0, 'y': 0, 'z': 0}, 'img_id': 'e0a4f76777f348e8a953515c135cda04'}}
5997	5d01b60fc665e	server	{'type': 'update', 'action': 'nav', 'message': {'rot': {'_x': -0.6745184226825147, '_y': -3.4441812213723497, '_z': 0, '_order': 'YXZ'}, 'pos': {'x': 0, 'y': 0, 'z': 0}, 'img_id': '2aaa18d316ba493aac436bde56b8011f'}}
5997	server	5d01b659aa21a	{'type': 'update', 'action': 'update_mirror_nav', 'message': {'rot': {'_x': -0.6745184226825147, '_y': -3.4441812213723497, '_z': 0, '_order': 'YXZ'}, 'pos': {'x': 0, 'y': 0, 'z': 0}, 'img_id': '2aaa18d316ba493aac436bde56b8011f'}}
5999	5d01b60fc665e	server	{'type': 'update', 'action': 'nav', 'message': {'rot': {'_x': -0.6745184226825147, '_y': -3.5632063786868393, '_z': 0, '_order': 'YXZ'}, 'pos': {'x': 0, 'y': 0, 'z': 0}, 'img_id': '2cc420cf791c45c1b618382ab9fdb9b2'}}
5999	server	5d01b659aa21a	{'type': 'update', 'action': 'update_mirror_nav', 'message': {'rot': {'_x': -0.6745184226825147, '_y': -3.5632063786868393, '_z': 0, '_order': 'YXZ'}, 'pos': {'x': 0, 'y': 0, 'z': 0}, 'img_id': '2cc420cf791c45c1b618382ab9fdb9b2'}}
6003	5d01b60fc665e	server	{'type': 'update', 'action': 'nav', 'message': {'rot': {'_x': -0.6745184226825147, '_y': -2.663234433729635, '_z': 0, '_order': 'YXZ'}, 'pos': {'x': 0, 'y': 0, 'z': 0}, 'img_id': '4854d4c3aed945c7822f213f354bbfa7'}}
6003	server	5d01b659aa21a	{'type': 'update', 'action': 'update_mirror_nav', 'message': {'rot': {'_x': -0.6745184226825147, '_y': -2.663234433729635, '_z': 0, '_order': 'YXZ'}, 'pos': {'x': 0, 'y': 0, 'z': 0}, 'img_id': '4854d4c3aed945c7822f213f354bbfa7'}}
6006	5d01b60fc665e	server	{'type': 'update', 'action': 'nav', 'message': {'rot': {'_x': -0.6745184226825147, '_y': -2.1328588460868843, '_z': 0, '_order': 'YXZ'}, 'pos': {'x': 0, 'y': 0, 'z': 0}, 'img_id': '6b6933d59f9c4ab4a2bfbd33916ee23d'}}
6006	server	5d01b659aa21a	{'type': 'update', 'action': 'update_mirror_nav', 'message': {'rot': {'_x': -0.6745184226825147, '_y': -2.1328588460868843, '_z': 0, '_order': 'YXZ'}, 'pos': {'x': 0, 'y': 0, 'z': 0}, 'img_id': '6b6933d59f9c4ab4a2bfbd33916ee23d'}}
6010	5d01b60fc665e	server	{'type': 'update', 'action': 'nav', 'message': {'rot': {'_x': -0.6745184226825147, '_y': -2.485662192624311, '_z': 0, '_order': 'YXZ'}, 'pos': {'x': 0, 'y': 0, 'z': 0}, 'img_id': '63d8386fdc234de889fdd850feeaae11'}}
6010	server	5d01b659aa21a	{'type': 'update', 'action': 'update_mirror_nav', 'message': {'rot': {'_x': -0.6745184226825147, '_y': -2.485662192624311, '_z': 0, '_order': 'YXZ'}, 'pos': {'x': 0, 'y': 0, 'z': 0}, 'img_id': '63d8386fdc234de889fdd850feeaae11'}}
6012	5d01b60fc665e	server	{'type': 'update', 'action': 'nav', 'message': {'rot': {'_x': -0.6745184226825147, '_y': -2.059660685263744, '_z': 0, '_order': 'YXZ'}, 'pos': {'x': 0, 'y': 0, 'z': 0}, 'img_id': '1c1e707c47b4426ba831c712210403e8'}}
6012	server	5d01b659aa21a	{'type': 'update', 'action': 'update_mirror_nav', 'message': {'rot': {'_x': -0.6745184226825147, '_y': -2.059660685263744, '_z': 0, '_order': 'YXZ'}, 'pos': {'x': 0, 'y': 0, 'z': 0}, 'img_id': '1c1e707c47b4426ba831c712210403e8'}}
6018	5d01b60fc665e	server	{'type': 'update', 'action': 'nav', 'message': {'rot': {'_x': -0.3464991897341682, '_y': -2.514023259130037, '_z': 0, '_order': 'YXZ'}, 'pos': {'x': 0, 'y': 0, 'z': 0}, 'img_id': '1c1e707c47b4426ba831c712210403e8'}}
6018	server	5d01b659aa21a	{'type': 'update', 'action': 'update_mirror_nav', 'message': {'rot': {'_x': -0.3464991897341682, '_y': -2.514023259130037, '_z': 0, '_order': 'YXZ'}, 'pos': {'x': 0, 'y': 0, 'z': 0}, 'img_id': '1c1e707c47b4426ba831c712210403e8'}}
6021	5d01b60fc665e	server	{'type': 'update', 'action': 'nav', 'message': {'rot': {'_x': -0.9424777960769379, '_y': -2.887898748482871, '_z': 0, '_order': 'YXZ'}, 'pos': {'x': 0, 'y': 0, 'z': 0}, 'img_id': '1c1e707c47b4426ba831c712210403e8'}}
6021	server	5d01b659aa21a	{'type': 'update', 'action': 'update_mirror_nav', 'message': {'rot': {'_x': -0.9424777960769379, '_y': -2.887898748482871, '_z': 0, '_order': 'YXZ'}, 'pos': {'x': 0, 'y': 0, 'z': 0}, 'img_id': '1c1e707c47b4426ba831c712210403e8'}}
6022	5d01b60fc665e	server	{'type': 'update', 'action': 'nav', 'message': {'rot': {'_x': -0.5405387359853032, '_y': -3.31889410426461, '_z': 0, '_order': 'YXZ'}, 'pos': {'x': 0, 'y': 0, 'z': 0}, 'img_id': '1c1e707c47b4426ba831c712210403e8'}}
6023	server	5d01b659aa21a	{'type': 'update', 'action': 'update_mirror_nav', 'message': {'rot': {'_x': -0.5405387359853032, '_y': -3.31889410426461, '_z': 0, '_order': 'YXZ'}, 'pos': {'x': 0, 'y': 0, 'z': 0}, 'img_id': '1c1e707c47b4426ba831c712210403e8'}}
6024	5d01b60fc665e	server	{'type': 'update', 'action': 'nav', 'message': {'rot': {'_x': -0.3095392761625244, '_y': -3.887496410988713, '_z': 0, '_order': 'YXZ'}, 'pos': {'x': 0, 'y': 0, 'z': 0}, 'img_id': '1c1e707c47b4426ba831c712210403e8'}}
6025	server	5d01b659aa21a	{'type': 'update', 'action': 'update_mirror_nav', 'message': {'rot': {'_x': -0.3095392761625244, '_y': -3.887496410988713, '_z': 0, '_order': 'YXZ'}, 'pos': {'x': 0, 'y': 0, 'z': 0}, 'img_id': '1c1e707c47b4426ba831c712210403e8'}}
6026	5d01b60fc665e	server	{'type': 'update', 'action': 'nav', 'message': {'rot': {'_x': -0.3095392761625244, '_y': -4.339903658684962, '_z': 0, '_order': 'YXZ'}, 'pos': {'x': 0, 'y': 0, 'z': 0}, 'img_id': '522f93cfd1c441bfab873cd3442256bb'}}
6027	server	5d01b659aa21a	{'type': 'update', 'action': 'update_mirror_nav', 'message': {'rot': {'_x': -0.3095392761625244, '_y': -4.339903658684962, '_z': 0, '_order': 'YXZ'}, 'pos': {'x': 0, 'y': 0, 'z': 0}, 'img_id': '522f93cfd1c441bfab873cd3442256bb'}}
6029	5d01b60fc665e	server	{'type': 'update', 'action': 'nav', 'message': {'rot': {'_x': -0.3095392761625244, '_y': -4.016523810766123, '_z': 0, '_order': 'YXZ'}, 'pos': {'x': 0, 'y': 0, 'z': 0}, 'img_id': '96bc1fad774b437cb5cf5c4f071423f8'}}
6029	server	5d01b659aa21a	{'type': 'update', 'action': 'update_mirror_nav', 'message': {'rot': {'_x': -0.3095392761625244, '_y': -4.016523810766123, '_z': 0, '_order': 'YXZ'}, 'pos': {'x': 0, 'y': 0, 'z': 0}, 'img_id': '96bc1fad774b437cb5cf5c4f071423f8'}}
6033	5d01b60fc665e	server	{'type': 'update', 'action': 'nav', 'message': {'rot': {'_x': -0.3095392761625244, '_y': -4.865540315559236, '_z': 0, '_order': 'YXZ'}, 'pos': {'x': 0, 'y': 0, 'z': 0}, 'img_id': '99832b1467534bae9699acc679bff5a3'}}
6033	server	5d01b659aa21a	{'type': 'update', 'action': 'update_mirror_nav', 'message': {'rot': {'_x': -0.3095392761625244, '_y': -4.865540315559236, '_z': 0, '_order': 'YXZ'}, 'pos': {'x': 0, 'y': 0, 'z': 0}, 'img_id': '99832b1467534bae9699acc679bff5a3'}}
6035	5d01b60fc665e	server	{'type': 'update', 'action': 'nav', 'message': {'rot': {'_x': -0.3095392761625244, '_y': -5.48043577992797, '_z': 0, '_order': 'YXZ'}, 'pos': {'x': 0, 'y': 0, 'z': 0}, 'img_id': 'f3121e94390a40849384e4b37baa3887'}}
6035	server	5d01b659aa21a	{'type': 'update', 'action': 'update_mirror_nav', 'message': {'rot': {'_x': -0.3095392761625244, '_y': -5.48043577992797, '_z': 0, '_order': 'YXZ'}, 'pos': {'x': 0, 'y': 0, 'z': 0}, 'img_id': 'f3121e94390a40849384e4b37baa3887'}}
6037	5d01b60fc665e	server	{'type': 'update', 'action': 'nav', 'message': {'rot': {'_x': -0.3095392761625244, '_y': -5.512473038405266, '_z': 0, '_order': 'YXZ'}, 'pos': {'x': 0, 'y': 0, 'z': 0}, 'img_id': '319725bdf39d4c10a45296cf35054780'}}
6037	server	5d01b659aa21a	{'type': 'update', 'action': 'update_mirror_nav', 'message': {'rot': {'_x': -0.3095392761625244, '_y': -5.512473038405266, '_z': 0, '_order': 'YXZ'}, 'pos': {'x': 0, 'y': 0, 'z': 0}, 'img_id': '319725bdf39d4c10a45296cf35054780'}}
6040	5d01b60fc665e	server	{'type': 'update', 'action': 'nav', 'message': {'rot': {'_x': -0.3095392761625244, '_y': -5.852986645781754, '_z': 0, '_order': 'YXZ'}, 'pos': {'x': 0, 'y': 0, 'z': 0}, 'img_id': 'f678138281fc401cb4f995cdda76c01d'}}
6040	server	5d01b659aa21a	{'type': 'update', 'action': 'update_mirror_nav', 'message': {'rot': {'_x': -0.3095392761625244, '_y': -5.852986645781754, '_z': 0, '_order': 'YXZ'}, 'pos': {'x': 0, 'y': 0, 'z': 0}, 'img_id': 'f678138281fc401cb4f995cdda76c01d'}}
6043	5d01b60fc665e	server	{'type': 'update', 'action': 'nav', 'message': {'rot': {'_x': -0.3095392761625244, '_y': -6.422953060422683, '_z': 0, '_order': 'YXZ'}, 'pos': {'x': 0, 'y': 0, 'z': 0}, 'img_id': 'ebf47bab12834459856e76f8e492a9cd'}}
6043	server	5d01b659aa21a	{'type': 'update', 'action': 'update_mirror_nav', 'message': {'rot': {'_x': -0.3095392761625244, '_y': -6.422953060422683, '_z': 0, '_order': 'YXZ'}, 'pos': {'x': 0, 'y': 0, 'z': 0}, 'img_id': 'ebf47bab12834459856e76f8e492a9cd'}}
6045	5d01b60fc665e	server	{'type': 'update', 'action': 'nav', 'message': {'rot': {'_x': -0.3095392761625244, '_y': -6.532038904392196, '_z': 0, '_order': 'YXZ'}, 'pos': {'x': 0, 'y': 0, 'z': 0}, 'img_id': '3f4ad5a7a5a44504aac191e894231bad'}}
6045	server	5d01b659aa21a	{'type': 'update', 'action': 'update_mirror_nav', 'message': {'rot': {'_x': -0.3095392761625244, '_y': -6.532038904392196, '_z': 0, '_order': 'YXZ'}, 'pos': {'x': 0, 'y': 0, 'z': 0}, 'img_id': '3f4ad5a7a5a44504aac191e894231bad'}}
6049	5d01b60fc665e	server	{'type': 'update', 'action': 'nav', 'message': {'rot': {'_x': -0.06005985955392329, '_y': -5.581772035620405, '_z': 0, '_order': 'YXZ'}, 'pos': {'x': 0, 'y': 0, 'z': 0}, 'img_id': '3f4ad5a7a5a44504aac191e894231bad'}}
6049	server	5d01b659aa21a	{'type': 'update', 'action': 'update_mirror_nav', 'message': {'rot': {'_x': -0.06005985955392329, '_y': -5.581772035620405, '_z': 0, '_order': 'YXZ'}, 'pos': {'x': 0, 'y': 0, 'z': 0}, 'img_id': '3f4ad5a7a5a44504aac191e894231bad'}}
6051	5d01b60fc665e	server	{'type': 'update', 'action': 'nav', 'message': {'rot': {'_x': 0.009239978392910292, '_y': -4.605541591199112, '_z': 0, '_order': 'YXZ'}, 'pos': {'x': 0, 'y': 0, 'z': 0}, 'img_id': '3f4ad5a7a5a44504aac191e894231bad'}}
6051	server	5d01b659aa21a	{'type': 'update', 'action': 'update_mirror_nav', 'message': {'rot': {'_x': 0.009239978392910292, '_y': -4.605541591199112, '_z': 0, '_order': 'YXZ'}, 'pos': {'x': 0, 'y': 0, 'z': 0}, 'img_id': '3f4ad5a7a5a44504aac191e894231bad'}}
6052	5d01b60fc665e	server	{'type': 'update', 'action': 'nav', 'message': {'rot': {'_x': -0.08777979473265685, '_y': -3.7072018737263304, '_z': 0, '_order': 'YXZ'}, 'pos': {'x': 0, 'y': 0, 'z': 0}, 'img_id': '3f4ad5a7a5a44504aac191e894231bad'}}
6053	server	5d01b659aa21a	{'type': 'update', 'action': 'update_mirror_nav', 'message': {'rot': {'_x': -0.08777979473265685, '_y': -3.7072018737263304, '_z': 0, '_order': 'YXZ'}, 'pos': {'x': 0, 'y': 0, 'z': 0}, 'img_id': '3f4ad5a7a5a44504aac191e894231bad'}}
6058	5d01b60fc665e	server	{'type': 'update', 'action': 'nav', 'message': {'rot': {'_x': -0.3880790925022685, '_y': -3.0892687732681754, '_z': 0, '_order': 'YXZ'}, 'pos': {'x': 0, 'y': 0, 'z': 0}, 'img_id': '3f4ad5a7a5a44504aac191e894231bad'}}
6058	server	5d01b659aa21a	{'type': 'update', 'action': 'update_mirror_nav', 'message': {'rot': {'_x': -0.3880790925022685, '_y': -3.0892687732681754, '_z': 0, '_order': 'YXZ'}, 'pos': {'x': 0, 'y': 0, 'z': 0}, 'img_id': '3f4ad5a7a5a44504aac191e894231bad'}}
6060	5d01b60fc665e	server	{'type': 'update', 'action': 'nav', 'message': {'rot': {'_x': -0.3880790925022685, '_y': -3.3412881526802005, '_z': 0, '_order': 'YXZ'}, 'pos': {'x': 0, 'y': 0, 'z': 0}, 'img_id': 'ebf47bab12834459856e76f8e492a9cd'}}
6064	5d01b60fc665e	server	{'type': 'update', 'action': 'nav', 'message': {'rot': {'_x': -0.799258130986815, '_y': -3.403600734239006, '_z': 0, '_order': 'YXZ'}, 'pos': {'x': 0, 'y': 0, 'z': 0}, 'img_id': 'ebf47bab12834459856e76f8e492a9cd'}}
6064	server	5d01b659aa21a	{'type': 'update', 'action': 'update_mirror_nav', 'message': {'rot': {'_x': -0.3880790925022685, '_y': -3.3412881526802005, '_z': 0, '_order': 'YXZ'}, 'pos': {'x': 0, 'y': 0, 'z': 0}, 'img_id': 'ebf47bab12834459856e76f8e492a9cd'}}
6064	server	5d01b659aa21a	{'type': 'update', 'action': 'update_mirror_nav', 'message': {'rot': {'_x': -0.799258130986815, '_y': -3.403600734239006, '_z': 0, '_order': 'YXZ'}, 'pos': {'x': 0, 'y': 0, 'z': 0}, 'img_id': 'ebf47bab12834459856e76f8e492a9cd'}}
6071	5d01b60fc665e	server	{'type': 'update', 'action': 'nav', 'message': {'rot': {'_x': -0.799258130986815, '_y': -2.665093806956892, '_z': 0, '_order': 'YXZ'}, 'pos': {'x': 0, 'y': 0, 'z': 0}, 'img_id': 'f50b5a6a5da64c64932b4c1a84f3c83e'}}
6071	server	5d01b659aa21a	{'type': 'update', 'action': 'update_mirror_nav', 'message': {'rot': {'_x': -0.799258130986815, '_y': -2.665093806956892, '_z': 0, '_order': 'YXZ'}, 'pos': {'x': 0, 'y': 0, 'z': 0}, 'img_id': 'f50b5a6a5da64c64932b4c1a84f3c83e'}}
6098	5d01b60fc665e	server	{'type': 'update', 'action': 'nav', 'message': {'rot': {'_x': -0.799258130986815, '_y': -2.052370909998131, '_z': 0, '_order': 'YXZ'}, 'pos': {'x': 0, 'y': 0, 'z': 0}, 'img_id': '8b289c66eb46409d959ab3a20074b9e6'}}
6098	server	5d01b659aa21a	{'type': 'update', 'action': 'update_mirror_nav', 'message': {'rot': {'_x': -0.799258130986815, '_y': -2.052370909998131, '_z': 0, '_order': 'YXZ'}, 'pos': {'x': 0, 'y': 0, 'z': 0}, 'img_id': '8b289c66eb46409d959ab3a20074b9e6'}}
6102	5d01b60fc665e	server	{'type': 'update', 'action': 'nav', 'message': {'rot': {'_x': -0.799258130986815, '_y': -1.1271798711235868, '_z': 0, '_order': 'YXZ'}, 'pos': {'x': 0, 'y': 0, 'z': 0}, 'img_id': '4854d4c3aed945c7822f213f354bbfa7'}}
6102	server	5d01b659aa21a	{'type': 'update', 'action': 'update_mirror_nav', 'message': {'rot': {'_x': -0.799258130986815, '_y': -1.1271798711235868, '_z': 0, '_order': 'YXZ'}, 'pos': {'x': 0, 'y': 0, 'z': 0}, 'img_id': '4854d4c3aed945c7822f213f354bbfa7'}}
6117	5d01b60fc665e	server	{'type': 'update', 'action': 'chat', 'message': 'Turn left, go through the door to the room. Then go towards the closet'}
6117	server	5d01b60fc665e	{'type': 'update', 'action': 'add_chat', 'speaker': 'self', 'message': 'Turn left, go through the door to the room. Then go towards the closet'}
6117	server	5d01b60fc665e	{'type': 'update', 'action': 'disable_chat', 'timeout_at': 1560393967.6469212}
6117	server	5d01b60fc665e	{'type': 'update', 'action': 'disable_nav'}
6117	server	5d01b659aa21a	{'type': 'update', 'action': 'add_chat', 'speaker': 'other', 'message': 'Turn left, go through the door to the room. Then go towards the closet'}
6117	server	5d01b659aa21a	{'type': 'update', 'action': 'enable_chat', 'timeout_at': 1560393967.6469247}
6117	server	5d01b659aa21a	{'type': 'update', 'action': 'enable_gold_view'}
6188	5d01b659aa21a	server	{'type': 'update', 'action': 'chat', 'message': 'turn right and go down hall'}
6188	server	5d01b60fc665e	{'type': 'update', 'action': 'add_chat', 'speaker': 'other', 'message': 'turn right and go down hall'}
6188	server	5d01b60fc665e	{'type': 'update', 'action': 'enable_chat', 'timeout_at': 1560394038.823226}
6188	server	5d01b60fc665e	{'type': 'update', 'action': 'enable_nav'}
6188	server	5d01b659aa21a	{'type': 'update', 'action': 'add_chat', 'speaker': 'self', 'message': 'turn right and go down hall'}
6188	server	5d01b659aa21a	{'type': 'update', 'action': 'disable_chat', 'timeout_at': 1560394038.823222}
6188	server	5d01b659aa21a	{'type': 'update', 'action': 'disable_gold_view'}
6199	5d01b60fc665e	server	{'type': 'update', 'action': 'nav', 'message': {'rot': {'_x': -0.799258130986815, '_y': -1.9379103039852263, '_z': 0, '_order': 'YXZ'}, 'pos': {'x': 0, 'y': 0, 'z': 0}, 'img_id': '6b6933d59f9c4ab4a2bfbd33916ee23d'}}
6199	server	5d01b659aa21a	{'type': 'update', 'action': 'update_mirror_nav', 'message': {'rot': {'_x': -0.799258130986815, '_y': -1.9379103039852263, '_z': 0, '_order': 'YXZ'}, 'pos': {'x': 0, 'y': 0, 'z': 0}, 'img_id': '6b6933d59f9c4ab4a2bfbd33916ee23d'}}
6208	5d01b60fc665e	server	{'type': 'update', 'action': 'nav', 'message': {'rot': {'_x': -0.799258130986815, '_y': -2.441675537255351, '_z': 0, '_order': 'YXZ'}, 'pos': {'x': 0, 'y': 0, 'z': 0}, 'img_id': '1c1e707c47b4426ba831c712210403e8'}}
6208	server	5d01b659aa21a	{'type': 'update', 'action': 'update_mirror_nav', 'message': {'rot': {'_x': -0.799258130986815, '_y': -2.441675537255351, '_z': 0, '_order': 'YXZ'}, 'pos': {'x': 0, 'y': 0, 'z': 0}, 'img_id': '1c1e707c47b4426ba831c712210403e8'}}
6217	5d01b60fc665e	server	{'type': 'update', 'action': 'nav', 'message': {'rot': {'_x': 0.13859967589366717, '_y': -3.285491745864177, '_z': 0, '_order': 'YXZ'}, 'pos': {'x': 0, 'y': 0, 'z': 0}, 'img_id': '1c1e707c47b4426ba831c712210403e8'}}
6222	5d01b60fc665e	server	{'type': 'update', 'action': 'nav', 'message': {'rot': {'_x': -0.5081988116101138, '_y': -4.378558280708235, '_z': 0, '_order': 'YXZ'}, 'pos': {'x': 0, 'y': 0, 'z': 0}, 'img_id': '1c1e707c47b4426ba831c712210403e8'}}
6225	5d01b60fc665e	server	{'type': 'update', 'action': 'nav', 'message': {'rot': {'_x': -0.36035915732353513, '_y': -4.173446033077159, '_z': 0, '_order': 'YXZ'}, 'pos': {'x': 0, 'y': 0, 'z': 0}, 'img_id': '1c1e707c47b4426ba831c712210403e8'}}
6227	5d01b60fc665e	server	{'type': 'update', 'action': 'nav', 'message': {'rot': {'_x': -0.36035915732353513, '_y': -4.352833165499669, '_z': 0, '_order': 'YXZ'}, 'pos': {'x': 0, 'y': 0, 'z': 0}, 'img_id': '522f93cfd1c441bfab873cd3442256bb'}}
6229	server	5d01b659aa21a	{'type': 'update', 'action': 'update_mirror_nav', 'message': {'rot': {'_x': 0.13859967589366717, '_y': -3.285491745864177, '_z': 0, '_order': 'YXZ'}, 'pos': {'x': 0, 'y': 0, 'z': 0}, 'img_id': '1c1e707c47b4426ba831c712210403e8'}}
6229	server	5d01b659aa21a	{'type': 'update', 'action': 'update_mirror_nav', 'message': {'rot': {'_x': -0.5081988116101138, '_y': -4.378558280708235, '_z': 0, '_order': 'YXZ'}, 'pos': {'x': 0, 'y': 0, 'z': 0}, 'img_id': '1c1e707c47b4426ba831c712210403e8'}}
6229	server	5d01b659aa21a	{'type': 'update', 'action': 'update_mirror_nav', 'message': {'rot': {'_x': -0.36035915732353513, '_y': -4.173446033077159, '_z': 0, '_order': 'YXZ'}, 'pos': {'x': 0, 'y': 0, 'z': 0}, 'img_id': '1c1e707c47b4426ba831c712210403e8'}}
6229	server	5d01b659aa21a	{'type': 'update', 'action': 'update_mirror_nav', 'message': {'rot': {'_x': -0.36035915732353513, '_y': -4.352833165499669, '_z': 0, '_order': 'YXZ'}, 'pos': {'x': 0, 'y': 0, 'z': 0}, 'img_id': '522f93cfd1c441bfab873cd3442256bb'}}
6230	5d01b60fc665e	server	{'type': 'update', 'action': 'nav', 'message': {'rot': {'_x': -0.36035915732353513, '_y': -4.368915410648542, '_z': 0, '_order': 'YXZ'}, 'pos': {'x': 0, 'y': 0, 'z': 0}, 'img_id': '99832b1467534bae9699acc679bff5a3'}}
6231	server	5d01b659aa21a	{'type': 'update', 'action': 'update_mirror_nav', 'message': {'rot': {'_x': -0.36035915732353513, '_y': -4.368915410648542, '_z': 0, '_order': 'YXZ'}, 'pos': {'x': 0, 'y': 0, 'z': 0}, 'img_id': '99832b1467534bae9699acc679bff5a3'}}
6233	5d01b60fc665e	server	{'type': 'update', 'action': 'nav', 'message': {'rot': {'_x': -0.4666189088420136, '_y': -5.080317383444908, '_z': 0, '_order': 'YXZ'}, 'pos': {'x': 0, 'y': 0, 'z': 0}, 'img_id': '99832b1467534bae9699acc679bff5a3'}}
6233	server	5d01b659aa21a	{'type': 'update', 'action': 'update_mirror_nav', 'message': {'rot': {'_x': -0.4666189088420136, '_y': -5.080317383444908, '_z': 0, '_order': 'YXZ'}, 'pos': {'x': 0, 'y': 0, 'z': 0}, 'img_id': '99832b1467534bae9699acc679bff5a3'}}
6235	5d01b60fc665e	server	{'type': 'update', 'action': 'nav', 'message': {'rot': {'_x': -0.4666189088420136, '_y': -5.513588875667569, '_z': 0, '_order': 'YXZ'}, 'pos': {'x': 0, 'y': 0, 'z': 0}, 'img_id': 'f3121e94390a40849384e4b37baa3887'}}
6235	server	5d01b659aa21a	{'type': 'update', 'action': 'update_mirror_nav', 'message': {'rot': {'_x': -0.4666189088420136, '_y': -5.513588875667569, '_z': 0, '_order': 'YXZ'}, 'pos': {'x': 0, 'y': 0, 'z': 0}, 'img_id': 'f3121e94390a40849384e4b37baa3887'}}
6237	5d01b60fc665e	server	{'type': 'update', 'action': 'nav', 'message': {'rot': {'_x': -0.4666189088420136, '_y': -5.518695125376483, '_z': 0, '_order': 'YXZ'}, 'pos': {'x': 0, 'y': 0, 'z': 0}, 'img_id': '319725bdf39d4c10a45296cf35054780'}}
6237	server	5d01b659aa21a	{'type': 'update', 'action': 'update_mirror_nav', 'message': {'rot': {'_x': -0.4666189088420136, '_y': -5.518695125376483, '_z': 0, '_order': 'YXZ'}, 'pos': {'x': 0, 'y': 0, 'z': 0}, 'img_id': '319725bdf39d4c10a45296cf35054780'}}
6240	5d01b60fc665e	server	{'type': 'update', 'action': 'nav', 'message': {'rot': {'_x': -0.4666189088420136, '_y': -5.86724402596407, '_z': 0, '_order': 'YXZ'}, 'pos': {'x': 0, 'y': 0, 'z': 0}, 'img_id': 'f678138281fc401cb4f995cdda76c01d'}}
6240	server	5d01b659aa21a	{'type': 'update', 'action': 'update_mirror_nav', 'message': {'rot': {'_x': -0.4666189088420136, '_y': -5.86724402596407, '_z': 0, '_order': 'YXZ'}, 'pos': {'x': 0, 'y': 0, 'z': 0}, 'img_id': 'f678138281fc401cb4f995cdda76c01d'}}
6244	5d01b60fc665e	server	{'type': 'update', 'action': 'nav', 'message': {'rot': {'_x': -0.07853981633974506, '_y': -5.392110591578181, '_z': 0, '_order': 'YXZ'}, 'pos': {'x': 0, 'y': 0, 'z': 0}, 'img_id': 'f678138281fc401cb4f995cdda76c01d'}}
6244	server	5d01b659aa21a	{'type': 'update', 'action': 'update_mirror_nav', 'message': {'rot': {'_x': -0.07853981633974506, '_y': -5.392110591578181, '_z': 0, '_order': 'YXZ'}, 'pos': {'x': 0, 'y': 0, 'z': 0}, 'img_id': 'f678138281fc401cb4f995cdda76c01d'}}
6245	5d01b60fc665e	server	{'type': 'update', 'action': 'nav', 'message': {'rot': {'_x': 0.38345910330581273, '_y': -4.241924190305223, '_z': 0, '_order': 'YXZ'}, 'pos': {'x': 0, 'y': 0, 'z': 0}, 'img_id': 'f678138281fc401cb4f995cdda76c01d'}}
6246	5d01b60fc665e	server	{'type': 'update', 'action': 'nav', 'message': {'rot': {'_x': 0.21713949223341186, '_y': -3.265693745883932, '_z': 0, '_order': 'YXZ'}, 'pos': {'x': 0, 'y': 0, 'z': 0}, 'img_id': 'f678138281fc401cb4f995cdda76c01d'}}
6248	5d01b60fc665e	server	{'type': 'update', 'action': 'nav', 'message': {'rot': {'_x': 0.1709396002688561, '_y': -2.5932371365618208, '_z': 0, '_order': 'YXZ'}, 'pos': {'x': 0, 'y': 0, 'z': 0}, 'img_id': 'f678138281fc401cb4f995cdda76c01d'}}
6248	server	5d01b659aa21a	{'type': 'update', 'action': 'update_mirror_nav', 'message': {'rot': {'_x': 0.38345910330581273, '_y': -4.241924190305223, '_z': 0, '_order': 'YXZ'}, 'pos': {'x': 0, 'y': 0, 'z': 0}, 'img_id': 'f678138281fc401cb4f995cdda76c01d'}}
6248	server	5d01b659aa21a	{'type': 'update', 'action': 'update_mirror_nav', 'message': {'rot': {'_x': 0.21713949223341186, '_y': -3.265693745883932, '_z': 0, '_order': 'YXZ'}, 'pos': {'x': 0, 'y': 0, 'z': 0}, 'img_id': 'f678138281fc401cb4f995cdda76c01d'}}
6248	server	5d01b659aa21a	{'type': 'update', 'action': 'update_mirror_nav', 'message': {'rot': {'_x': 0.1709396002688561, '_y': -2.5932371365618208, '_z': 0, '_order': 'YXZ'}, 'pos': {'x': 0, 'y': 0, 'z': 0}, 'img_id': 'f678138281fc401cb4f995cdda76c01d'}}
6250	5d01b60fc665e	server	{'type': 'update', 'action': 'nav', 'message': {'rot': {'_x': 0.1709396002688561, '_y': -2.7560298933284786, '_z': 0, '_order': 'YXZ'}, 'pos': {'x': 0, 'y': 0, 'z': 0}, 'img_id': '319725bdf39d4c10a45296cf35054780'}}
6250	server	5d01b659aa21a	{'type': 'update', 'action': 'update_mirror_nav', 'message': {'rot': {'_x': 0.1709396002688561, '_y': -2.7560298933284786, '_z': 0, '_order': 'YXZ'}, 'pos': {'x': 0, 'y': 0, 'z': 0}, 'img_id': '319725bdf39d4c10a45296cf35054780'}}
6253	5d01b60fc665e	server	{'type': 'update', 'action': 'nav', 'message': {'rot': {'_x': -0.33725921134125736, '_y': -2.447063343099401, '_z': 0, '_order': 'YXZ'}, 'pos': {'x': 0, 'y': 0, 'z': 0}, 'img_id': '319725bdf39d4c10a45296cf35054780'}}
6253	server	5d01b659aa21a	{'type': 'update', 'action': 'update_mirror_nav', 'message': {'rot': {'_x': -0.33725921134125736, '_y': -2.447063343099401, '_z': 0, '_order': 'YXZ'}, 'pos': {'x': 0, 'y': 0, 'z': 0}, 'img_id': '319725bdf39d4c10a45296cf35054780'}}
6256	5d01b60fc665e	server	{'type': 'update', 'action': 'nav', 'message': {'rot': {'_x': -0.33725921134125736, '_y': -2.390852325526406, '_z': 0, '_order': 'YXZ'}, 'pos': {'x': 0, 'y': 0, 'z': 0}, 'img_id': 'f3121e94390a40849384e4b37baa3887'}}
6256	server	5d01b659aa21a	{'type': 'update', 'action': 'update_mirror_nav', 'message': {'rot': {'_x': -0.33725921134125736, '_y': -2.390852325526406, '_z': 0, '_order': 'YXZ'}, 'pos': {'x': 0, 'y': 0, 'z': 0}, 'img_id': 'f3121e94390a40849384e4b37baa3887'}}
6258	5d01b60fc665e	server	{'type': 'update', 'action': 'nav', 'message': {'rot': {'_x': -0.33725921134125736, '_y': -2.1464341892534704, '_z': 0, '_order': 'YXZ'}, 'pos': {'x': 0, 'y': 0, 'z': 0}, 'img_id': '96bc1fad774b437cb5cf5c4f071423f8'}}
6258	server	5d01b659aa21a	{'type': 'update', 'action': 'update_mirror_nav', 'message': {'rot': {'_x': -0.33725921134125736, '_y': -2.1464341892534704, '_z': 0, '_order': 'YXZ'}, 'pos': {'x': 0, 'y': 0, 'z': 0}, 'img_id': '96bc1fad774b437cb5cf5c4f071423f8'}}
6269	5d01b60fc665e	server	{'type': 'update', 'action': 'nav', 'message': {'rot': {'_x': -0.582118638753403, '_y': -1.8270822087645904, '_z': 0, '_order': 'YXZ'}, 'pos': {'x': 0, 'y': 0, 'z': 0}, 'img_id': '96bc1fad774b437cb5cf5c4f071423f8'}}
6269	server	5d01b659aa21a	{'type': 'update', 'action': 'update_mirror_nav', 'message': {'rot': {'_x': -0.582118638753403, '_y': -1.8270822087645904, '_z': 0, '_order': 'YXZ'}, 'pos': {'x': 0, 'y': 0, 'z': 0}, 'img_id': '96bc1fad774b437cb5cf5c4f071423f8'}}
6298	5d01b60fc665e	server	{'type': 'update', 'action': 'chat', 'message': 'go down the hall, turn right and walk towards the deck.'}
6298	server	5d01b60fc665e	{'type': 'update', 'action': 'add_chat', 'speaker': 'self', 'message': 'go down the hall, turn right and walk towards the deck.'}
6298	server	5d01b60fc665e	{'type': 'update', 'action': 'disable_chat', 'timeout_at': 1560394149.0453947}
6298	server	5d01b60fc665e	{'type': 'update', 'action': 'disable_nav'}
6298	server	5d01b659aa21a	{'type': 'update', 'action': 'add_chat', 'speaker': 'other', 'message': 'go down the hall, turn right and walk towards the deck.'}
6298	server	5d01b659aa21a	{'type': 'update', 'action': 'enable_chat', 'timeout_at': 1560394149.0453985}
6298	server	5d01b659aa21a	{'type': 'update', 'action': 'enable_gold_view'}
6356	5d01b659aa21a	server	{'type': 'update', 'action': 'chat', 'message': 'go through door and go up the stairs'}
6356	server	5d01b60fc665e	{'type': 'update', 'action': 'add_chat', 'speaker': 'other', 'message': 'go through door and go up the stairs'}
6356	server	5d01b60fc665e	{'type': 'update', 'action': 'enable_chat', 'timeout_at': 1560394207.1963897}
6356	server	5d01b60fc665e	{'type': 'update', 'action': 'enable_nav'}
6356	server	5d01b659aa21a	{'type': 'update', 'action': 'add_chat', 'speaker': 'self', 'message': 'go through door and go up the stairs'}
6356	server	5d01b659aa21a	{'type': 'update', 'action': 'disable_chat', 'timeout_at': 1560394207.196386}
6356	server	5d01b659aa21a	{'type': 'update', 'action': 'disable_gold_view'}
6380	5d01b60fc665e	server	{'type': 'update', 'action': 'nav', 'message': {'rot': {'_x': -0.7299582930399808, '_y': -1.7881368452903317, '_z': 0, '_order': 'YXZ'}, 'pos': {'x': 0, 'y': 0, 'z': 0}, 'img_id': '96bc1fad774b437cb5cf5c4f071423f8'}}
6380	server	5d01b659aa21a	{'type': 'update', 'action': 'update_mirror_nav', 'message': {'rot': {'_x': -0.7299582930399808, '_y': -1.7881368452903317, '_z': 0, '_order': 'YXZ'}, 'pos': {'x': 0, 'y': 0, 'z': 0}, 'img_id': '96bc1fad774b437cb5cf5c4f071423f8'}}
6382	5d01b60fc665e	server	{'type': 'update', 'action': 'nav', 'message': {'rot': {'_x': -0.7299582930399808, '_y': -1.8475476165939728, '_z': 0, '_order': 'YXZ'}, 'pos': {'x': 0, 'y': 0, 'z': 0}, 'img_id': 'e04ee80e0ad949b6867eb233c023f270'}}
6382	server	5d01b659aa21a	{'type': 'update', 'action': 'update_mirror_nav', 'message': {'rot': {'_x': -0.7299582930399808, '_y': -1.8475476165939728, '_z': 0, '_order': 'YXZ'}, 'pos': {'x': 0, 'y': 0, 'z': 0}, 'img_id': 'e04ee80e0ad949b6867eb233c023f270'}}
6384	5d01b60fc665e	server	{'type': 'update', 'action': 'nav', 'message': {'rot': {'_x': -0.7299582930399808, '_y': -2.023673012422184, '_z': 0, '_order': 'YXZ'}, 'pos': {'x': 0, 'y': 0, 'z': 0}, 'img_id': 'a44e21ec900b48c9b9f3e53081d3d98c'}}
6384	server	5d01b659aa21a	{'type': 'update', 'action': 'update_mirror_nav', 'message': {'rot': {'_x': -0.7299582930399808, '_y': -2.023673012422184, '_z': 0, '_order': 'YXZ'}, 'pos': {'x': 0, 'y': 0, 'z': 0}, 'img_id': 'a44e21ec900b48c9b9f3e53081d3d98c'}}
6387	5d01b60fc665e	server	{'type': 'update', 'action': 'nav', 'message': {'rot': {'_x': -0.30491928696606785, '_y': -1.3823726938794745, '_z': 0, '_order': 'YXZ'}, 'pos': {'x': 0, 'y': 0, 'z': 0}, 'img_id': 'a44e21ec900b48c9b9f3e53081d3d98c'}}
6387	server	5d01b659aa21a	{'type': 'update', 'action': 'update_mirror_nav', 'message': {'rot': {'_x': -0.30491928696606785, '_y': -1.3823726938794745, '_z': 0, '_order': 'YXZ'}, 'pos': {'x': 0, 'y': 0, 'z': 0}, 'img_id': 'a44e21ec900b48c9b9f3e53081d3d98c'}}
6390	5d01b60fc665e	server	{'type': 'update', 'action': 'nav', 'message': {'rot': {'_x': -0.6375585091108695, '_y': -0.9643591259224865, '_z': 0, '_order': 'YXZ'}, 'pos': {'x': 0, 'y': 0, 'z': 0}, 'img_id': 'a44e21ec900b48c9b9f3e53081d3d98c'}}
6390	server	5d01b659aa21a	{'type': 'update', 'action': 'update_mirror_nav', 'message': {'rot': {'_x': -0.6375585091108695, '_y': -0.9643591259224865, '_z': 0, '_order': 'YXZ'}, 'pos': {'x': 0, 'y': 0, 'z': 0}, 'img_id': 'a44e21ec900b48c9b9f3e53081d3d98c'}}
6392	5d01b60fc665e	server	{'type': 'update', 'action': 'nav', 'message': {'rot': {'_x': -0.6375585091108695, '_y': -0.7315334278633877, '_z': 0, '_order': 'YXZ'}, 'pos': {'x': 0, 'y': 0, 'z': 0}, 'img_id': 'f055a3bda9b241bb8316f05c76153e5a'}}
6392	server	5d01b659aa21a	{'type': 'update', 'action': 'update_mirror_nav', 'message': {'rot': {'_x': -0.6375585091108695, '_y': -0.7315334278633877, '_z': 0, '_order': 'YXZ'}, 'pos': {'x': 0, 'y': 0, 'z': 0}, 'img_id': 'f055a3bda9b241bb8316f05c76153e5a'}}
6394	5d01b60fc665e	server	{'type': 'update', 'action': 'nav', 'message': {'rot': {'_x': -0.6375585091108695, '_y': -0.8038540430568085, '_z': 0, '_order': 'YXZ'}, 'pos': {'x': 0, 'y': 0, 'z': 0}, 'img_id': '193ece9d0e6c45cc8cdc43f1fb8c58af'}}
6394	server	5d01b659aa21a	{'type': 'update', 'action': 'update_mirror_nav', 'message': {'rot': {'_x': -0.6375585091108695, '_y': -0.8038540430568085, '_z': 0, '_order': 'YXZ'}, 'pos': {'x': 0, 'y': 0, 'z': 0}, 'img_id': '193ece9d0e6c45cc8cdc43f1fb8c58af'}}
6395	5d01b60fc665e	server	{'type': 'update', 'action': 'nav', 'message': {'rot': {'_x': -0.6375585091108695, '_y': -0.7924833082096142, '_z': 0, '_order': 'YXZ'}, 'pos': {'x': 0, 'y': 0, 'z': 0}, 'img_id': 'f3f3681e5a2c4d08aa2b362d3d45323e'}}
6395	server	5d01b659aa21a	{'type': 'update', 'action': 'update_mirror_nav', 'message': {'rot': {'_x': -0.6375585091108695, '_y': -0.7924833082096142, '_z': 0, '_order': 'YXZ'}, 'pos': {'x': 0, 'y': 0, 'z': 0}, 'img_id': 'f3f3681e5a2c4d08aa2b362d3d45323e'}}
6397	5d01b60fc665e	server	{'type': 'update', 'action': 'nav', 'message': {'rot': {'_x': -0.6375585091108695, '_y': -0.7585339185024415, '_z': 0, '_order': 'YXZ'}, 'pos': {'x': 0, 'y': 0, 'z': 0}, 'img_id': '8960e53ec0be401fbee952dd49d96e8f'}}
6397	server	5d01b659aa21a	{'type': 'update', 'action': 'update_mirror_nav', 'message': {'rot': {'_x': -0.6375585091108695, '_y': -0.7585339185024415, '_z': 0, '_order': 'YXZ'}, 'pos': {'x': 0, 'y': 0, 'z': 0}, 'img_id': '8960e53ec0be401fbee952dd49d96e8f'}}
6399	5d01b60fc665e	server	{'type': 'update', 'action': 'nav', 'message': {'rot': {'_x': -0.6375585091108695, '_y': -0.863451235540634, '_z': 0, '_order': 'YXZ'}, 'pos': {'x': 0, 'y': 0, 'z': 0}, 'img_id': 'd4616eed16424cfaa4f1ad74e9616ad2'}}
6399	server	5d01b659aa21a	{'type': 'update', 'action': 'update_mirror_nav', 'message': {'rot': {'_x': -0.6375585091108695, '_y': -0.863451235540634, '_z': 0, '_order': 'YXZ'}, 'pos': {'x': 0, 'y': 0, 'z': 0}, 'img_id': 'd4616eed16424cfaa4f1ad74e9616ad2'}}
6404	5d01b60fc665e	server	{'type': 'update', 'action': 'nav', 'message': {'rot': {'_x': -0.2171394922334119, '_y': -1.4839806935637418, '_z': 0, '_order': 'YXZ'}, 'pos': {'x': 0, 'y': 0, 'z': 0}, 'img_id': 'd4616eed16424cfaa4f1ad74e9616ad2'}}
6404	server	5d01b659aa21a	{'type': 'update', 'action': 'update_mirror_nav', 'message': {'rot': {'_x': -0.2171394922334119, '_y': -1.4839806935637418, '_z': 0, '_order': 'YXZ'}, 'pos': {'x': 0, 'y': 0, 'z': 0}, 'img_id': 'd4616eed16424cfaa4f1ad74e9616ad2'}}
6408	5d01b60fc665e	server	{'type': 'update', 'action': 'nav', 'message': {'rot': {'_x': -0.2171394922334119, '_y': -2.2778673659011255, '_z': 0, '_order': 'YXZ'}, 'pos': {'x': 0, 'y': 0, 'z': 0}, 'img_id': 'c4ff90c8855a46a3a4c8e4f5fc7e9695'}}
6408	server	5d01b659aa21a	{'type': 'update', 'action': 'update_mirror_nav', 'message': {'rot': {'_x': -0.2171394922334119, '_y': -2.2778673659011255, '_z': 0, '_order': 'YXZ'}, 'pos': {'x': 0, 'y': 0, 'z': 0}, 'img_id': 'c4ff90c8855a46a3a4c8e4f5fc7e9695'}}
6412	5d01b60fc665e	server	{'type': 'update', 'action': 'nav', 'message': {'rot': {'_x': -0.2171394922334119, '_y': -1.25194968557495, '_z': 0, '_order': 'YXZ'}, 'pos': {'x': 0, 'y': 0, 'z': 0}, 'img_id': 'f5ca7fe097b94cd2bf42a79389f409c7'}}
6412	server	5d01b659aa21a	{'type': 'update', 'action': 'update_mirror_nav', 'message': {'rot': {'_x': -0.2171394922334119, '_y': -1.25194968557495, '_z': 0, '_order': 'YXZ'}, 'pos': {'x': 0, 'y': 0, 'z': 0}, 'img_id': 'f5ca7fe097b94cd2bf42a79389f409c7'}}
6415	5d01b60fc665e	server	{'type': 'update', 'action': 'nav', 'message': {'rot': {'_x': -0.12935969750075596, '_y': -1.963351658371316, '_z': 0, '_order': 'YXZ'}, 'pos': {'x': 0, 'y': 0, 'z': 0}, 'img_id': 'f5ca7fe097b94cd2bf42a79389f409c7'}}
6415	server	5d01b659aa21a	{'type': 'update', 'action': 'update_mirror_nav', 'message': {'rot': {'_x': -0.12935969750075596, '_y': -1.963351658371316, '_z': 0, '_order': 'YXZ'}, 'pos': {'x': 0, 'y': 0, 'z': 0}, 'img_id': 'f5ca7fe097b94cd2bf42a79389f409c7'}}
6418	5d01b60fc665e	server	{'type': 'update', 'action': 'nav', 'message': {'rot': {'_x': -0.3742191249129017, '_y': -2.277510923730294, '_z': 0, '_order': 'YXZ'}, 'pos': {'x': 0, 'y': 0, 'z': 0}, 'img_id': 'f5ca7fe097b94cd2bf42a79389f409c7'}}
6418	server	5d01b659aa21a	{'type': 'update', 'action': 'update_mirror_nav', 'message': {'rot': {'_x': -0.3742191249129017, '_y': -2.277510923730294, '_z': 0, '_order': 'YXZ'}, 'pos': {'x': 0, 'y': 0, 'z': 0}, 'img_id': 'f5ca7fe097b94cd2bf42a79389f409c7'}}
6421	5d01b60fc665e	server	{'type': 'update', 'action': 'nav', 'message': {'rot': {'_x': -0.3742191249129017, '_y': -2.407842737780895, '_z': 0, '_order': 'YXZ'}, 'pos': {'x': 0, 'y': 0, 'z': 0}, 'img_id': 'f6b95c4ad3aa41399f8a69a0bc84338a'}}
6421	server	5d01b659aa21a	{'type': 'update', 'action': 'update_mirror_nav', 'message': {'rot': {'_x': -0.3742191249129017, '_y': -2.407842737780895, '_z': 0, '_order': 'YXZ'}, 'pos': {'x': 0, 'y': 0, 'z': 0}, 'img_id': 'f6b95c4ad3aa41399f8a69a0bc84338a'}}
6423	5d01b60fc665e	server	{'type': 'update', 'action': 'nav', 'message': {'rot': {'_x': -0.3742191249129017, '_y': -2.3556060679118755, '_z': 0, '_order': 'YXZ'}, 'pos': {'x': 0, 'y': 0, 'z': 0}, 'img_id': '4ee3c5805b4942a29cbb67266614cace'}}
6423	server	5d01b659aa21a	{'type': 'update', 'action': 'update_mirror_nav', 'message': {'rot': {'_x': -0.3742191249129017, '_y': -2.3556060679118755, '_z': 0, '_order': 'YXZ'}, 'pos': {'x': 0, 'y': 0, 'z': 0}, 'img_id': '4ee3c5805b4942a29cbb67266614cace'}}
6425	5d01b60fc665e	server	{'type': 'update', 'action': 'nav', 'message': {'rot': {'_x': -0.3742191249129017, '_y': -2.2814888797178066, '_z': 0, '_order': 'YXZ'}, 'pos': {'x': 0, 'y': 0, 'z': 0}, 'img_id': 'abe8cb5c22af4559b3261bca9a73c0df'}}
6425	server	5d01b659aa21a	{'type': 'update', 'action': 'update_mirror_nav', 'message': {'rot': {'_x': -0.3742191249129017, '_y': -2.2814888797178066, '_z': 0, '_order': 'YXZ'}, 'pos': {'x': 0, 'y': 0, 'z': 0}, 'img_id': 'abe8cb5c22af4559b3261bca9a73c0df'}}
6430	5d01b60fc665e	server	{'type': 'update', 'action': 'nav', 'message': {'rot': {'_x': -0.3742191249129017, '_y': -2.6129497443502023, '_z': 0, '_order': 'YXZ'}, 'pos': {'x': 0, 'y': 0, 'z': 0}, 'img_id': 'd95d78f3d8a54818a3adaba6f5587655'}}
6430	server	5d01b659aa21a	{'type': 'update', 'action': 'update_mirror_nav', 'message': {'rot': {'_x': -0.3742191249129017, '_y': -2.6129497443502023, '_z': 0, '_order': 'YXZ'}, 'pos': {'x': 0, 'y': 0, 'z': 0}, 'img_id': 'd95d78f3d8a54818a3adaba6f5587655'}}
6433	5d01b60fc665e	server	{'type': 'update', 'action': 'nav', 'message': {'rot': {'_x': -0.3742191249129017, '_y': -2.0492042273175253, '_z': 0, '_order': 'YXZ'}, 'pos': {'x': 0, 'y': 0, 'z': 0}, 'img_id': '74994a8e40df4daca33f7baaab9cd8e0'}}
6433	server	5d01b659aa21a	{'type': 'update', 'action': 'update_mirror_nav', 'message': {'rot': {'_x': -0.3742191249129017, '_y': -2.0492042273175253, '_z': 0, '_order': 'YXZ'}, 'pos': {'x': 0, 'y': 0, 'z': 0}, 'img_id': '74994a8e40df4daca33f7baaab9cd8e0'}}
6435	5d01b60fc665e	server	{'type': 'update', 'action': 'nav', 'message': {'rot': {'_x': -0.6098385739321363, '_y': -1.039221134551881, '_z': 0, '_order': 'YXZ'}, 'pos': {'x': 0, 'y': 0, 'z': 0}, 'img_id': '74994a8e40df4daca33f7baaab9cd8e0'}}
6435	server	5d01b659aa21a	{'type': 'update', 'action': 'update_mirror_nav', 'message': {'rot': {'_x': -0.6098385739321363, '_y': -1.039221134551881, '_z': 0, '_order': 'YXZ'}, 'pos': {'x': 0, 'y': 0, 'z': 0}, 'img_id': '74994a8e40df4daca33f7baaab9cd8e0'}}
6437	5d01b60fc665e	server	{'type': 'update', 'action': 'nav', 'message': {'rot': {'_x': -0.5867386279498584, '_y': 0.038267254902469544, '_z': 0, '_order': 'YXZ'}, 'pos': {'x': 0, 'y': 0, 'z': 0}, 'img_id': '74994a8e40df4daca33f7baaab9cd8e0'}}
6437	server	5d01b659aa21a	{'type': 'update', 'action': 'update_mirror_nav', 'message': {'rot': {'_x': -0.5867386279498584, '_y': 0.038267254902469544, '_z': 0, '_order': 'YXZ'}, 'pos': {'x': 0, 'y': 0, 'z': 0}, 'img_id': '74994a8e40df4daca33f7baaab9cd8e0'}}
6438	5d01b60fc665e	server	{'type': 'update', 'action': 'nav', 'message': {'rot': {'_x': -0.5728786603604918, '_y': 0.9651669055897063, '_z': 0, '_order': 'YXZ'}, 'pos': {'x': 0, 'y': 0, 'z': 0}, 'img_id': '74994a8e40df4daca33f7baaab9cd8e0'}}
6438	server	5d01b659aa21a	{'type': 'update', 'action': 'update_mirror_nav', 'message': {'rot': {'_x': -0.5728786603604918, '_y': 0.9651669055897063, '_z': 0, '_order': 'YXZ'}, 'pos': {'x': 0, 'y': 0, 'z': 0}, 'img_id': '74994a8e40df4daca33f7baaab9cd8e0'}}
6441	5d01b60fc665e	server	{'type': 'update', 'action': 'nav', 'message': {'rot': {'_x': -0.5728786603604918, '_y': 0.7949431441915311, '_z': 0, '_order': 'YXZ'}, 'pos': {'x': 0, 'y': 0, 'z': 0}, 'img_id': '4abe9421e73f4c378aae9dbe0edb63e6'}}
6441	server	5d01b659aa21a	{'type': 'update', 'action': 'update_mirror_nav', 'message': {'rot': {'_x': -0.5728786603604918, '_y': 0.7949431441915311, '_z': 0, '_order': 'YXZ'}, 'pos': {'x': 0, 'y': 0, 'z': 0}, 'img_id': '4abe9421e73f4c378aae9dbe0edb63e6'}}
6449	5d01b60fc665e	server	{'type': 'update', 'action': 'nav', 'message': {'rot': {'_x': -0.40193906009163555, '_y': 2.230728877609014, '_z': 0, '_order': 'YXZ'}, 'pos': {'x': 0, 'y': 0, 'z': 0}, 'img_id': '4abe9421e73f4c378aae9dbe0edb63e6'}}
6449	server	5d01b659aa21a	{'type': 'update', 'action': 'update_mirror_nav', 'message': {'rot': {'_x': -0.40193906009163555, '_y': 2.230728877609014, '_z': 0, '_order': 'YXZ'}, 'pos': {'x': 0, 'y': 0, 'z': 0}, 'img_id': '4abe9421e73f4c378aae9dbe0edb63e6'}}
6451	5d01b60fc665e	server	{'type': 'update', 'action': 'nav', 'message': {'rot': {'_x': -0.22637947062632358, '_y': 3.222537467420003, '_z': 0, '_order': 'YXZ'}, 'pos': {'x': 0, 'y': 0, 'z': 0}, 'img_id': '4abe9421e73f4c378aae9dbe0edb63e6'}}
6452	server	5d01b659aa21a	{'type': 'update', 'action': 'update_mirror_nav', 'message': {'rot': {'_x': -0.22637947062632358, '_y': 3.222537467420003, '_z': 0, '_order': 'YXZ'}, 'pos': {'x': 0, 'y': 0, 'z': 0}, 'img_id': '4abe9421e73f4c378aae9dbe0edb63e6'}}
6455	5d01b60fc665e	server	{'type': 'update', 'action': 'nav', 'message': {'rot': {'_x': -0.22637947062632358, '_y': 3.856891519101883, '_z': 0, '_order': 'YXZ'}, 'pos': {'x': 0, 'y': 0, 'z': 0}, 'img_id': '74994a8e40df4daca33f7baaab9cd8e0'}}
6455	server	5d01b659aa21a	{'type': 'update', 'action': 'update_mirror_nav', 'message': {'rot': {'_x': -0.22637947062632358, '_y': 3.856891519101883, '_z': 0, '_order': 'YXZ'}, 'pos': {'x': 0, 'y': 0, 'z': 0}, 'img_id': '74994a8e40df4daca33f7baaab9cd8e0'}}
6457	5d01b60fc665e	server	{'type': 'update', 'action': 'nav', 'message': {'rot': {'_x': -0.17555958946531208, '_y': 4.960343484205735, '_z': 0, '_order': 'YXZ'}, 'pos': {'x': 0, 'y': 0, 'z': 0}, 'img_id': '74994a8e40df4daca33f7baaab9cd8e0'}}
6457	server	5d01b659aa21a	{'type': 'update', 'action': 'update_mirror_nav', 'message': {'rot': {'_x': -0.17555958946531208, '_y': 4.960343484205735, '_z': 0, '_order': 'YXZ'}, 'pos': {'x': 0, 'y': 0, 'z': 0}, 'img_id': '74994a8e40df4daca33f7baaab9cd8e0'}}
6459	5d01b60fc665e	server	{'type': 'update', 'action': 'nav', 'message': {'rot': {'_x': -0.35111917893062405, '_y': 5.9910974374909785, '_z': 0, '_order': 'YXZ'}, 'pos': {'x': 0, 'y': 0, 'z': 0}, 'img_id': '74994a8e40df4daca33f7baaab9cd8e0'}}
6459	server	5d01b659aa21a	{'type': 'update', 'action': 'update_mirror_nav', 'message': {'rot': {'_x': -0.35111917893062405, '_y': 5.9910974374909785, '_z': 0, '_order': 'YXZ'}, 'pos': {'x': 0, 'y': 0, 'z': 0}, 'img_id': '74994a8e40df4daca33f7baaab9cd8e0'}}
6460	5d01b60fc665e	server	{'type': 'update', 'action': 'nav', 'message': {'rot': {'_x': -0.44813895205619114, '_y': 6.562296101780031, '_z': 0, '_order': 'YXZ'}, 'pos': {'x': 0, 'y': 0, 'z': 0}, 'img_id': '74994a8e40df4daca33f7baaab9cd8e0'}}
6460	server	5d01b659aa21a	{'type': 'update', 'action': 'update_mirror_nav', 'message': {'rot': {'_x': -0.44813895205619114, '_y': 6.562296101780031, '_z': 0, '_order': 'YXZ'}, 'pos': {'x': 0, 'y': 0, 'z': 0}, 'img_id': '74994a8e40df4daca33f7baaab9cd8e0'}}
6462	5d01b60fc665e	server	{'type': 'update', 'action': 'nav', 'message': {'rot': {'_x': -0.44813895205619114, '_y': 7.019582900013168, '_z': 0, '_order': 'YXZ'}, 'pos': {'x': 0, 'y': 0, 'z': 0}, 'img_id': '4abe9421e73f4c378aae9dbe0edb63e6'}}
6462	server	5d01b659aa21a	{'type': 'update', 'action': 'update_mirror_nav', 'message': {'rot': {'_x': -0.44813895205619114, '_y': 7.019582900013168, '_z': 0, '_order': 'YXZ'}, 'pos': {'x': 0, 'y': 0, 'z': 0}, 'img_id': '4abe9421e73f4c378aae9dbe0edb63e6'}}
6465	5d01b60fc665e	server	{'type': 'update', 'action': 'nav', 'message': {'rot': {'_x': -0.44813895205619114, '_y': 6.70659617935298, '_z': 0, '_order': 'YXZ'}, 'pos': {'x': 0, 'y': 0, 'z': 0}, 'img_id': '8e44515a4bce49c3af5d66a97e86b344'}}
6465	server	5d01b659aa21a	{'type': 'update', 'action': 'update_mirror_nav', 'message': {'rot': {'_x': -0.44813895205619114, '_y': 6.70659617935298, '_z': 0, '_order': 'YXZ'}, 'pos': {'x': 0, 'y': 0, 'z': 0}, 'img_id': '8e44515a4bce49c3af5d66a97e86b344'}}
6470	5d01b60fc665e	server	{'type': 'update', 'action': 'nav', 'message': {'rot': {'_x': -0.29105931937670154, '_y': 6.9766173661078, '_z': 0, '_order': 'YXZ'}, 'pos': {'x': 0, 'y': 0, 'z': 0}, 'img_id': '8e44515a4bce49c3af5d66a97e86b344'}}
6470	server	5d01b659aa21a	{'type': 'update', 'action': 'update_mirror_nav', 'message': {'rot': {'_x': -0.29105931937670154, '_y': 6.9766173661078, '_z': 0, '_order': 'YXZ'}, 'pos': {'x': 0, 'y': 0, 'z': 0}, 'img_id': '8e44515a4bce49c3af5d66a97e86b344'}}
6472	5d01b60fc665e	server	{'type': 'update', 'action': 'nav', 'message': {'rot': {'_x': -0.29105931937670154, '_y': 7.424528542096762, '_z': 0, '_order': 'YXZ'}, 'pos': {'x': 0, 'y': 0, 'z': 0}, 'img_id': 'abe8cb5c22af4559b3261bca9a73c0df'}}
6472	server	5d01b659aa21a	{'type': 'update', 'action': 'update_mirror_nav', 'message': {'rot': {'_x': -0.29105931937670154, '_y': 7.424528542096762, '_z': 0, '_order': 'YXZ'}, 'pos': {'x': 0, 'y': 0, 'z': 0}, 'img_id': 'abe8cb5c22af4559b3261bca9a73c0df'}}
6476	5d01b60fc665e	server	{'type': 'update', 'action': 'nav', 'message': {'rot': {'_x': -0.2956793085731571, '_y': 7.543960990084474, '_z': 0, '_order': 'YXZ'}, 'pos': {'x': 0, 'y': 0, 'z': 0}, 'img_id': 'abe8cb5c22af4559b3261bca9a73c0df'}}
6476	server	5d01b659aa21a	{'type': 'update', 'action': 'update_mirror_nav', 'message': {'rot': {'_x': -0.2956793085731571, '_y': 7.543960990084474, '_z': 0, '_order': 'YXZ'}, 'pos': {'x': 0, 'y': 0, 'z': 0}, 'img_id': 'abe8cb5c22af4559b3261bca9a73c0df'}}
6478	5d01b60fc665e	server	{'type': 'update', 'action': 'nav', 'message': {'rot': {'_x': -0.2956793085731571, '_y': 7.7201171508107596, '_z': 0, '_order': 'YXZ'}, 'pos': {'x': 0, 'y': 0, 'z': 0}, 'img_id': '9aa865781ae5499da73a7888cf319a12'}}
6478	server	5d01b659aa21a	{'type': 'update', 'action': 'update_mirror_nav', 'message': {'rot': {'_x': -0.2956793085731571, '_y': 7.7201171508107596, '_z': 0, '_order': 'YXZ'}, 'pos': {'x': 0, 'y': 0, 'z': 0}, 'img_id': '9aa865781ae5499da73a7888cf319a12'}}
6481	5d01b60fc665e	server	{'type': 'update', 'action': 'guess_stop', 'value': '9aa865781ae5499da73a7888cf319a12'}
6481	server	5d01b60fc665e	{'type': 'update', 'action': 'disable_nav'}
6481	server	5d01b60fc665e	{'type': 'update', 'action': 'enable_chat', 'timeout_at': 1560394332.6080492}
6481	server	5d01b60fc665e	{'type': 'update', 'action': 'set_aux', 'message': "You're not yet in the right room. Try asking your partner for directions."}
6481	server	5d01b659aa21a	{'type': 'update', 'action': 'disable_chat', 'timeout_at': 1560394332.608053}
6532	5d01b60fc665e	server	{'type': 'update', 'action': 'chat', 'message': 'I went upstairs and took the first left inside the house.'}
6532	server	5d01b60fc665e	{'type': 'update', 'action': 'add_chat', 'speaker': 'self', 'message': 'I went upstairs and took the first left inside the house.'}
6532	server	5d01b60fc665e	{'type': 'update', 'action': 'disable_chat', 'timeout_at': 1560394383.7025397}
6532	server	5d01b60fc665e	{'type': 'update', 'action': 'disable_nav'}
6532	server	5d01b659aa21a	{'type': 'update', 'action': 'add_chat', 'speaker': 'other', 'message': 'I went upstairs and took the first left inside the house.'}
6532	server	5d01b659aa21a	{'type': 'update', 'action': 'enable_chat', 'timeout_at': 1560394383.7025428}
6532	server	5d01b659aa21a	{'type': 'update', 'action': 'enable_gold_view'}
6602	5d01b659aa21a	server	{'type': 'update', 'action': 'chat', 'message': 'go out the door, not outside, back to the closet'}
6602	server	5d01b60fc665e	{'type': 'update', 'action': 'add_chat', 'speaker': 'other', 'message': 'go out the door, not outside, back to the closet'}
6602	server	5d01b60fc665e	{'type': 'update', 'action': 'enable_chat', 'timeout_at': 1560394453.8533862}
6602	server	5d01b60fc665e	{'type': 'update', 'action': 'enable_nav'}
6602	server	5d01b659aa21a	{'type': 'update', 'action': 'add_chat', 'speaker': 'self', 'message': 'go out the door, not outside, back to the closet'}
6602	server	5d01b659aa21a	{'type': 'update', 'action': 'disable_chat', 'timeout_at': 1560394453.853382}
6602	server	5d01b659aa21a	{'type': 'update', 'action': 'disable_gold_view'}
6666	5d01b60fc665e	server	{'type': 'update', 'action': 'nav', 'message': {'rot': {'_x': -0.6421784983073252, '_y': 7.494234042660084, '_z': 0, '_order': 'YXZ'}, 'pos': {'x': 0, 'y': 0, 'z': 0}, 'img_id': '9aa865781ae5499da73a7888cf319a12'}}
6666	server	5d01b659aa21a	{'type': 'update', 'action': 'update_mirror_nav', 'message': {'rot': {'_x': -0.6421784983073252, '_y': 7.494234042660084, '_z': 0, '_order': 'YXZ'}, 'pos': {'x': 0, 'y': 0, 'z': 0}, 'img_id': '9aa865781ae5499da73a7888cf319a12'}}
6671	5d01b60fc665e	server	{'type': 'update', 'action': 'nav', 'message': {'rot': {'_x': -0.6421784983073252, '_y': 6.388245777885808, '_z': 0, '_order': 'YXZ'}, 'pos': {'x': 0, 'y': 0, 'z': 0}, 'img_id': 'f6b95c4ad3aa41399f8a69a0bc84338a'}}
6674	5d01b60fc665e	server	{'type': 'update', 'action': 'nav', 'message': {'rot': {'_x': -0.651418476700237, '_y': 5.027754413851884, '_z': 0, '_order': 'YXZ'}, 'pos': {'x': 0, 'y': 0, 'z': 0}, 'img_id': 'f6b95c4ad3aa41399f8a69a0bc84338a'}}
6675	5d01b60fc665e	server	{'type': 'update', 'action': 'nav', 'message': {'rot': {'_x': -0.4804788764313807, '_y': 4.5318501189463865, '_z': 0, '_order': 'YXZ'}, 'pos': {'x': 0, 'y': 0, 'z': 0}, 'img_id': 'f6b95c4ad3aa41399f8a69a0bc84338a'}}
6678	5d01b60fc665e	server	{'type': 'update', 'action': 'nav', 'message': {'rot': {'_x': -0.4804788764313807, '_y': 3.9506194777348806, '_z': 0, '_order': 'YXZ'}, 'pos': {'x': 0, 'y': 0, 'z': 0}, 'img_id': '4ee3c5805b4942a29cbb67266614cace'}}
6680	5d01b60fc665e	server	{'type': 'update', 'action': 'nav', 'message': {'rot': {'_x': -0.4804788764313807, '_y': 4.007411105849842, '_z': 0, '_order': 'YXZ'}, 'pos': {'x': 0, 'y': 0, 'z': 0}, 'img_id': 'abe8cb5c22af4559b3261bca9a73c0df'}}
6684	5d01b60fc665e	server	{'type': 'update', 'action': 'nav', 'message': {'rot': {'_x': -0.4804788764313807, '_y': 4.847157760116975, '_z': 0, '_order': 'YXZ'}, 'pos': {'x': 0, 'y': 0, 'z': 0}, 'img_id': '0c8b8f1e66b9448692b50d8481bcfbe5'}}
6687	5d01b60fc665e	server	{'type': 'update', 'action': 'nav', 'message': {'rot': {'_x': -0.4804788764313807, '_y': 4.7229315033421475, '_z': 0, '_order': 'YXZ'}, 'pos': {'x': 0, 'y': 0, 'z': 0}, 'img_id': '5691a42e7c5f43bf93ebf04d245dd67d'}}
6694	5d01b60fc665e	server	{'type': 'update', 'action': 'nav', 'message': {'rot': {'_x': -0.4804788764313807, '_y': 5.483334994690782, '_z': 0, '_order': 'YXZ'}, 'pos': {'x': 0, 'y': 0, 'z': 0}, 'img_id': 'e4e709f7759145699a0d8b749605a2ea'}}
6699	5d01b60fc665e	server	{'type': 'update', 'action': 'nav', 'message': {'rot': {'_x': -0.4804788764313807, '_y': 5.990055031419811, '_z': 0, '_order': 'YXZ'}, 'pos': {'x': 0, 'y': 0, 'z': 0}, 'img_id': 'a772c45572ad4d818bf0eef7f7bd06fe'}}
6701	server	5d01b659aa21a	{'type': 'update', 'action': 'update_mirror_nav', 'message': {'rot': {'_x': -0.6421784983073252, '_y': 6.388245777885808, '_z': 0, '_order': 'YXZ'}, 'pos': {'x': 0, 'y': 0, 'z': 0}, 'img_id': 'f6b95c4ad3aa41399f8a69a0bc84338a'}}
6701	server	5d01b659aa21a	{'type': 'update', 'action': 'update_mirror_nav', 'message': {'rot': {'_x': -0.651418476700237, '_y': 5.027754413851884, '_z': 0, '_order': 'YXZ'}, 'pos': {'x': 0, 'y': 0, 'z': 0}, 'img_id': 'f6b95c4ad3aa41399f8a69a0bc84338a'}}
6701	server	5d01b659aa21a	{'type': 'update', 'action': 'update_mirror_nav', 'message': {'rot': {'_x': -0.4804788764313807, '_y': 4.5318501189463865, '_z': 0, '_order': 'YXZ'}, 'pos': {'x': 0, 'y': 0, 'z': 0}, 'img_id': 'f6b95c4ad3aa41399f8a69a0bc84338a'}}
6701	server	5d01b659aa21a	{'type': 'update', 'action': 'update_mirror_nav', 'message': {'rot': {'_x': -0.4804788764313807, '_y': 3.9506194777348806, '_z': 0, '_order': 'YXZ'}, 'pos': {'x': 0, 'y': 0, 'z': 0}, 'img_id': '4ee3c5805b4942a29cbb67266614cace'}}
6701	server	5d01b659aa21a	{'type': 'update', 'action': 'update_mirror_nav', 'message': {'rot': {'_x': -0.4804788764313807, '_y': 4.007411105849842, '_z': 0, '_order': 'YXZ'}, 'pos': {'x': 0, 'y': 0, 'z': 0}, 'img_id': 'abe8cb5c22af4559b3261bca9a73c0df'}}
6701	server	5d01b659aa21a	{'type': 'update', 'action': 'update_mirror_nav', 'message': {'rot': {'_x': -0.4804788764313807, '_y': 4.847157760116975, '_z': 0, '_order': 'YXZ'}, 'pos': {'x': 0, 'y': 0, 'z': 0}, 'img_id': '0c8b8f1e66b9448692b50d8481bcfbe5'}}
6701	server	5d01b659aa21a	{'type': 'update', 'action': 'update_mirror_nav', 'message': {'rot': {'_x': -0.4804788764313807, '_y': 4.7229315033421475, '_z': 0, '_order': 'YXZ'}, 'pos': {'x': 0, 'y': 0, 'z': 0}, 'img_id': '5691a42e7c5f43bf93ebf04d245dd67d'}}
6701	server	5d01b659aa21a	{'type': 'update', 'action': 'update_mirror_nav', 'message': {'rot': {'_x': -0.4804788764313807, '_y': 5.483334994690782, '_z': 0, '_order': 'YXZ'}, 'pos': {'x': 0, 'y': 0, 'z': 0}, 'img_id': 'e4e709f7759145699a0d8b749605a2ea'}}
6701	server	5d01b659aa21a	{'type': 'update', 'action': 'update_mirror_nav', 'message': {'rot': {'_x': -0.4804788764313807, '_y': 5.990055031419811, '_z': 0, '_order': 'YXZ'}, 'pos': {'x': 0, 'y': 0, 'z': 0}, 'img_id': 'a772c45572ad4d818bf0eef7f7bd06fe'}}
6705	5d01b60fc665e	server	{'type': 'update', 'action': 'nav', 'message': {'rot': {'_x': -0.4804788764313807, '_y': 6.9021895522822625, '_z': 0, '_order': 'YXZ'}, 'pos': {'x': 0, 'y': 0, 'z': 0}, 'img_id': '9b95841b53e54c23988650617c215a9a'}}
6705	server	5d01b659aa21a	{'type': 'update', 'action': 'update_mirror_nav', 'message': {'rot': {'_x': -0.4804788764313807, '_y': 6.9021895522822625, '_z': 0, '_order': 'YXZ'}, 'pos': {'x': 0, 'y': 0, 'z': 0}, 'img_id': '9b95841b53e54c23988650617c215a9a'}}
6709	5d01b60fc665e	server	{'type': 'update', 'action': 'nav', 'message': {'rot': {'_x': -0.4804788764313807, '_y': 7.521250274939195, '_z': 0, '_order': 'YXZ'}, 'pos': {'x': 0, 'y': 0, 'z': 0}, 'img_id': '7f4f8df6c0de4998992a5f1951a1bb64'}}
6709	server	5d01b659aa21a	{'type': 'update', 'action': 'update_mirror_nav', 'message': {'rot': {'_x': -0.4804788764313807, '_y': 7.521250274939195, '_z': 0, '_order': 'YXZ'}, 'pos': {'x': 0, 'y': 0, 'z': 0}, 'img_id': '7f4f8df6c0de4998992a5f1951a1bb64'}}
6712	5d01b60fc665e	server	{'type': 'update', 'action': 'nav', 'message': {'rot': {'_x': -0.4804788764313807, '_y': 7.991332751271553, '_z': 0, '_order': 'YXZ'}, 'pos': {'x': 0, 'y': 0, 'z': 0}, 'img_id': '74be707977774e7b834d8964268ee5e9'}}
6712	server	5d01b659aa21a	{'type': 'update', 'action': 'update_mirror_nav', 'message': {'rot': {'_x': -0.4804788764313807, '_y': 7.991332751271553, '_z': 0, '_order': 'YXZ'}, 'pos': {'x': 0, 'y': 0, 'z': 0}, 'img_id': '74be707977774e7b834d8964268ee5e9'}}
6715	5d01b60fc665e	server	{'type': 'update', 'action': 'nav', 'message': {'rot': {'_x': -0.4804788764313807, '_y': 8.146681973000751, '_z': 0, '_order': 'YXZ'}, 'pos': {'x': 0, 'y': 0, 'z': 0}, 'img_id': '470b5247311f43a096e51c14d6bfdeca'}}
6715	server	5d01b659aa21a	{'type': 'update', 'action': 'update_mirror_nav', 'message': {'rot': {'_x': -0.4804788764313807, '_y': 8.146681973000751, '_z': 0, '_order': 'YXZ'}, 'pos': {'x': 0, 'y': 0, 'z': 0}, 'img_id': '470b5247311f43a096e51c14d6bfdeca'}}
6719	5d01b60fc665e	server	{'type': 'update', 'action': 'nav', 'message': {'rot': {'_x': -0.4804788764313807, '_y': 8.16476699452273, '_z': 0, '_order': 'YXZ'}, 'pos': {'x': 0, 'y': 0, 'z': 0}, 'img_id': '99b157b426524b5b8cd240e1bc774253'}}
6719	server	5d01b659aa21a	{'type': 'update', 'action': 'update_mirror_nav', 'message': {'rot': {'_x': -0.4804788764313807, '_y': 8.16476699452273, '_z': 0, '_order': 'YXZ'}, 'pos': {'x': 0, 'y': 0, 'z': 0}, 'img_id': '99b157b426524b5b8cd240e1bc774253'}}
6724	5d01b60fc665e	server	{'type': 'update', 'action': 'nav', 'message': {'rot': {'_x': -0.5913586171463145, '_y': 9.10205207546977, '_z': 0, '_order': 'YXZ'}, 'pos': {'x': 0, 'y': 0, 'z': 0}, 'img_id': '99b157b426524b5b8cd240e1bc774253'}}
6724	server	5d01b659aa21a	{'type': 'update', 'action': 'update_mirror_nav', 'message': {'rot': {'_x': -0.5913586171463145, '_y': 9.10205207546977, '_z': 0, '_order': 'YXZ'}, 'pos': {'x': 0, 'y': 0, 'z': 0}, 'img_id': '99b157b426524b5b8cd240e1bc774253'}}
6728	5d01b60fc665e	server	{'type': 'update', 'action': 'nav', 'message': {'rot': {'_x': -0.5913586171463145, '_y': 10.109620119901646, '_z': 0, '_order': 'YXZ'}, 'pos': {'x': 0, 'y': 0, 'z': 0}, 'img_id': '1a2b93d5bff24558a403dd7182118f44'}}
6728	server	5d01b659aa21a	{'type': 'update', 'action': 'update_mirror_nav', 'message': {'rot': {'_x': -0.5913586171463145, '_y': 10.109620119901646, '_z': 0, '_order': 'YXZ'}, 'pos': {'x': 0, 'y': 0, 'z': 0}, 'img_id': '1a2b93d5bff24558a403dd7182118f44'}}
6731	5d01b60fc665e	server	{'type': 'update', 'action': 'nav', 'message': {'rot': {'_x': -0.12473970830430108, '_y': 9.190509541909263, '_z': 0, '_order': 'YXZ'}, 'pos': {'x': 0, 'y': 0, 'z': 0}, 'img_id': '1a2b93d5bff24558a403dd7182118f44'}}
6731	server	5d01b659aa21a	{'type': 'update', 'action': 'update_mirror_nav', 'message': {'rot': {'_x': -0.12473970830430108, '_y': 9.190509541909263, '_z': 0, '_order': 'YXZ'}, 'pos': {'x': 0, 'y': 0, 'z': 0}, 'img_id': '1a2b93d5bff24558a403dd7182118f44'}}
6733	5d01b60fc665e	server	{'type': 'update', 'action': 'nav', 'message': {'rot': {'_x': -0.235619449019235, '_y': 8.484300284242797, '_z': 0, '_order': 'YXZ'}, 'pos': {'x': 0, 'y': 0, 'z': 0}, 'img_id': '1a2b93d5bff24558a403dd7182118f44'}}
6733	server	5d01b659aa21a	{'type': 'update', 'action': 'update_mirror_nav', 'message': {'rot': {'_x': -0.235619449019235, '_y': 8.484300284242797, '_z': 0, '_order': 'YXZ'}, 'pos': {'x': 0, 'y': 0, 'z': 0}, 'img_id': '1a2b93d5bff24558a403dd7182118f44'}}
6736	5d01b60fc665e	server	{'type': 'update', 'action': 'nav', 'message': {'rot': {'_x': -0.235619449019235, '_y': 8.520186631886261, '_z': 0, '_order': 'YXZ'}, 'pos': {'x': 0, 'y': 0, 'z': 0}, 'img_id': 'c4ff90c8855a46a3a4c8e4f5fc7e9695'}}
6736	server	5d01b659aa21a	{'type': 'update', 'action': 'update_mirror_nav', 'message': {'rot': {'_x': -0.235619449019235, '_y': 8.520186631886261, '_z': 0, '_order': 'YXZ'}, 'pos': {'x': 0, 'y': 0, 'z': 0}, 'img_id': 'c4ff90c8855a46a3a4c8e4f5fc7e9695'}}
6738	5d01b60fc665e	server	{'type': 'update', 'action': 'nav', 'message': {'rot': {'_x': -0.3742191249129023, '_y': 7.614057841718626, '_z': 0, '_order': 'YXZ'}, 'pos': {'x': 0, 'y': 0, 'z': 0}, 'img_id': 'c4ff90c8855a46a3a4c8e4f5fc7e9695'}}
6738	server	5d01b659aa21a	{'type': 'update', 'action': 'update_mirror_nav', 'message': {'rot': {'_x': -0.3742191249129023, '_y': 7.614057841718626, '_z': 0, '_order': 'YXZ'}, 'pos': {'x': 0, 'y': 0, 'z': 0}, 'img_id': 'c4ff90c8855a46a3a4c8e4f5fc7e9695'}}
6740	5d01b60fc665e	server	{'type': 'update', 'action': 'nav', 'message': {'rot': {'_x': -0.3742191249129023, '_y': 7.204064052412725, '_z': 0, '_order': 'YXZ'}, 'pos': {'x': 0, 'y': 0, 'z': 0}, 'img_id': 'd4616eed16424cfaa4f1ad74e9616ad2'}}
6740	server	5d01b659aa21a	{'type': 'update', 'action': 'update_mirror_nav', 'message': {'rot': {'_x': -0.3742191249129023, '_y': 7.204064052412725, '_z': 0, '_order': 'YXZ'}, 'pos': {'x': 0, 'y': 0, 'z': 0}, 'img_id': 'd4616eed16424cfaa4f1ad74e9616ad2'}}
6742	5d01b60fc665e	server	{'type': 'update', 'action': 'nav', 'message': {'rot': {'_x': -0.7853981633974484, '_y': 7.985567679462746, '_z': 0, '_order': 'YXZ'}, 'pos': {'x': 0, 'y': 0, 'z': 0}, 'img_id': 'd4616eed16424cfaa4f1ad74e9616ad2'}}
6742	server	5d01b659aa21a	{'type': 'update', 'action': 'update_mirror_nav', 'message': {'rot': {'_x': -0.7853981633974484, '_y': 7.985567679462746, '_z': 0, '_order': 'YXZ'}, 'pos': {'x': 0, 'y': 0, 'z': 0}, 'img_id': 'd4616eed16424cfaa4f1ad74e9616ad2'}}
6744	5d01b60fc665e	server	{'type': 'update', 'action': 'nav', 'message': {'rot': {'_x': -0.7853981633974484, '_y': 8.467603184330397, '_z': 0, '_order': 'YXZ'}, 'pos': {'x': 0, 'y': 0, 'z': 0}, 'img_id': '8960e53ec0be401fbee952dd49d96e8f'}}
6744	server	5d01b659aa21a	{'type': 'update', 'action': 'update_mirror_nav', 'message': {'rot': {'_x': -0.7853981633974484, '_y': 8.467603184330397, '_z': 0, '_order': 'YXZ'}, 'pos': {'x': 0, 'y': 0, 'z': 0}, 'img_id': '8960e53ec0be401fbee952dd49d96e8f'}}
6746	5d01b60fc665e	server	{'type': 'update', 'action': 'nav', 'message': {'rot': {'_x': -0.7853981633974484, '_y': 8.584720282770274, '_z': 0, '_order': 'YXZ'}, 'pos': {'x': 0, 'y': 0, 'z': 0}, 'img_id': 'f3f3681e5a2c4d08aa2b362d3d45323e'}}
6746	server	5d01b659aa21a	{'type': 'update', 'action': 'update_mirror_nav', 'message': {'rot': {'_x': -0.7853981633974484, '_y': 8.584720282770274, '_z': 0, '_order': 'YXZ'}, 'pos': {'x': 0, 'y': 0, 'z': 0}, 'img_id': 'f3f3681e5a2c4d08aa2b362d3d45323e'}}
6748	5d01b60fc665e	server	{'type': 'update', 'action': 'nav', 'message': {'rot': {'_x': -0.7853981633974484, '_y': 8.605911689383529, '_z': 0, '_order': 'YXZ'}, 'pos': {'x': 0, 'y': 0, 'z': 0}, 'img_id': '193ece9d0e6c45cc8cdc43f1fb8c58af'}}
6748	server	5d01b659aa21a	{'type': 'update', 'action': 'update_mirror_nav', 'message': {'rot': {'_x': -0.7853981633974484, '_y': 8.605911689383529, '_z': 0, '_order': 'YXZ'}, 'pos': {'x': 0, 'y': 0, 'z': 0}, 'img_id': '193ece9d0e6c45cc8cdc43f1fb8c58af'}}
6751	5d01b60fc665e	server	{'type': 'update', 'action': 'nav', 'message': {'rot': {'_x': -0.7853981633974484, '_y': 8.942758906756644, '_z': 0, '_order': 'YXZ'}, 'pos': {'x': 0, 'y': 0, 'z': 0}, 'img_id': '13765c85bfb34515911a4322e1961d96'}}
6751	server	5d01b659aa21a	{'type': 'update', 'action': 'update_mirror_nav', 'message': {'rot': {'_x': -0.7853981633974484, '_y': 8.942758906756644, '_z': 0, '_order': 'YXZ'}, 'pos': {'x': 0, 'y': 0, 'z': 0}, 'img_id': '13765c85bfb34515911a4322e1961d96'}}
6753	5d01b60fc665e	server	{'type': 'update', 'action': 'nav', 'message': {'rot': {'_x': -0.5128188008065692, '_y': 8.091153625452963, '_z': 0, '_order': 'YXZ'}, 'pos': {'x': 0, 'y': 0, 'z': 0}, 'img_id': '13765c85bfb34515911a4322e1961d96'}}
6753	server	5d01b659aa21a	{'type': 'update', 'action': 'update_mirror_nav', 'message': {'rot': {'_x': -0.5128188008065692, '_y': 8.091153625452963, '_z': 0, '_order': 'YXZ'}, 'pos': {'x': 0, 'y': 0, 'z': 0}, 'img_id': '13765c85bfb34515911a4322e1961d96'}}
6756	5d01b60fc665e	server	{'type': 'update', 'action': 'nav', 'message': {'rot': {'_x': -0.5128188008065692, '_y': 7.419668478080684, '_z': 0, '_order': 'YXZ'}, 'pos': {'x': 0, 'y': 0, 'z': 0}, 'img_id': '097c1697dd3e4b39839479cbfb767e14'}}
6756	server	5d01b659aa21a	{'type': 'update', 'action': 'update_mirror_nav', 'message': {'rot': {'_x': -0.5128188008065692, '_y': 7.419668478080684, '_z': 0, '_order': 'YXZ'}, 'pos': {'x': 0, 'y': 0, 'z': 0}, 'img_id': '097c1697dd3e4b39839479cbfb767e14'}}
6760	5d01b60fc665e	server	{'type': 'update', 'action': 'nav', 'message': {'rot': {'_x': -0.5128188008065692, '_y': 6.830748377480052, '_z': 0, '_order': 'YXZ'}, 'pos': {'x': 0, 'y': 0, 'z': 0}, 'img_id': '522f93cfd1c441bfab873cd3442256bb'}}
6760	server	5d01b659aa21a	{'type': 'update', 'action': 'update_mirror_nav', 'message': {'rot': {'_x': -0.5128188008065692, '_y': 6.830748377480052, '_z': 0, '_order': 'YXZ'}, 'pos': {'x': 0, 'y': 0, 'z': 0}, 'img_id': '522f93cfd1c441bfab873cd3442256bb'}}
6762	5d01b60fc665e	server	{'type': 'update', 'action': 'nav', 'message': {'rot': {'_x': -0.8269780661655485, '_y': 7.8978513366746, '_z': 0, '_order': 'YXZ'}, 'pos': {'x': 0, 'y': 0, 'z': 0}, 'img_id': '522f93cfd1c441bfab873cd3442256bb'}}
6762	server	5d01b659aa21a	{'type': 'update', 'action': 'update_mirror_nav', 'message': {'rot': {'_x': -0.8269780661655485, '_y': 7.8978513366746, '_z': 0, '_order': 'YXZ'}, 'pos': {'x': 0, 'y': 0, 'z': 0}, 'img_id': '522f93cfd1c441bfab873cd3442256bb'}}
6764	5d01b60fc665e	server	{'type': 'update', 'action': 'nav', 'message': {'rot': {'_x': -0.8593179905407377, '_y': 9.097368531681612, '_z': 0, '_order': 'YXZ'}, 'pos': {'x': 0, 'y': 0, 'z': 0}, 'img_id': '522f93cfd1c441bfab873cd3442256bb'}}
6764	server	5d01b659aa21a	{'type': 'update', 'action': 'update_mirror_nav', 'message': {'rot': {'_x': -0.8593179905407377, '_y': 9.097368531681612, '_z': 0, '_order': 'YXZ'}, 'pos': {'x': 0, 'y': 0, 'z': 0}, 'img_id': '522f93cfd1c441bfab873cd3442256bb'}}
6765	5d01b60fc665e	server	{'type': 'update', 'action': 'nav', 'message': {'rot': {'_x': -0.9424777960769379, '_y': 9.951570170550243, '_z': 0, '_order': 'YXZ'}, 'pos': {'x': 0, 'y': 0, 'z': 0}, 'img_id': '522f93cfd1c441bfab873cd3442256bb'}}
6765	server	5d01b659aa21a	{'type': 'update', 'action': 'update_mirror_nav', 'message': {'rot': {'_x': -0.9424777960769379, '_y': 9.951570170550243, '_z': 0, '_order': 'YXZ'}, 'pos': {'x': 0, 'y': 0, 'z': 0}, 'img_id': '522f93cfd1c441bfab873cd3442256bb'}}
6769	5d01b60fc665e	server	{'type': 'update', 'action': 'nav', 'message': {'rot': {'_x': -0.9424777960769379, '_y': 9.322200735282005, '_z': 0, '_order': 'YXZ'}, 'pos': {'x': 0, 'y': 0, 'z': 0}, 'img_id': 'cdd0385390af49a288e7bf0f353ddd28'}}
6769	server	5d01b659aa21a	{'type': 'update', 'action': 'update_mirror_nav', 'message': {'rot': {'_x': -0.9424777960769379, '_y': 9.322200735282005, '_z': 0, '_order': 'YXZ'}, 'pos': {'x': 0, 'y': 0, 'z': 0}, 'img_id': 'cdd0385390af49a288e7bf0f353ddd28'}}
6772	5d01b60fc665e	server	{'type': 'update', 'action': 'nav', 'message': {'rot': {'_x': -0.5035788224136583, '_y': 9.966097411389661, '_z': 0, '_order': 'YXZ'}, 'pos': {'x': 0, 'y': 0, 'z': 0}, 'img_id': 'cdd0385390af49a288e7bf0f353ddd28'}}
6772	server	5d01b659aa21a	{'type': 'update', 'action': 'update_mirror_nav', 'message': {'rot': {'_x': -0.5035788224136583, '_y': 9.966097411389661, '_z': 0, '_order': 'YXZ'}, 'pos': {'x': 0, 'y': 0, 'z': 0}, 'img_id': 'cdd0385390af49a288e7bf0f353ddd28'}}
6774	5d01b60fc665e	server	{'type': 'update', 'action': 'nav', 'message': {'rot': {'_x': -0.5035788224136583, '_y': 10.189299288521408, '_z': 0, '_order': 'YXZ'}, 'pos': {'x': 0, 'y': 0, 'z': 0}, 'img_id': 'e04ee80e0ad949b6867eb233c023f270'}}
6774	server	5d01b659aa21a	{'type': 'update', 'action': 'update_mirror_nav', 'message': {'rot': {'_x': -0.5035788224136583, '_y': 10.189299288521408, '_z': 0, '_order': 'YXZ'}, 'pos': {'x': 0, 'y': 0, 'z': 0}, 'img_id': 'e04ee80e0ad949b6867eb233c023f270'}}
6776	5d01b60fc665e	server	{'type': 'update', 'action': 'nav', 'message': {'rot': {'_x': -0.5035788224136583, '_y': 10.548578277000203, '_z': 0, '_order': 'YXZ'}, 'pos': {'x': 0, 'y': 0, 'z': 0}, 'img_id': 'a44e21ec900b48c9b9f3e53081d3d98c'}}
6776	server	5d01b659aa21a	{'type': 'update', 'action': 'update_mirror_nav', 'message': {'rot': {'_x': -0.5035788224136583, '_y': 10.548578277000203, '_z': 0, '_order': 'YXZ'}, 'pos': {'x': 0, 'y': 0, 'z': 0}, 'img_id': 'a44e21ec900b48c9b9f3e53081d3d98c'}}
6781	5d01b60fc665e	server	{'type': 'update', 'action': 'nav', 'message': {'rot': {'_x': -0.04157990276810067, '_y': 9.909874316022446, '_z': 0, '_order': 'YXZ'}, 'pos': {'x': 0, 'y': 0, 'z': 0}, 'img_id': 'a44e21ec900b48c9b9f3e53081d3d98c'}}
6781	server	5d01b659aa21a	{'type': 'update', 'action': 'update_mirror_nav', 'message': {'rot': {'_x': -0.04157990276810067, '_y': 9.909874316022446, '_z': 0, '_order': 'YXZ'}, 'pos': {'x': 0, 'y': 0, 'z': 0}, 'img_id': 'a44e21ec900b48c9b9f3e53081d3d98c'}}
6782	5d01b60fc665e	server	{'type': 'update', 'action': 'nav', 'message': {'rot': {'_x': -0.43889897366328035, '_y': 9.652834917092369, '_z': 0, '_order': 'YXZ'}, 'pos': {'x': 0, 'y': 0, 'z': 0}, 'img_id': 'a44e21ec900b48c9b9f3e53081d3d98c'}}
6784	5d01b60fc665e	server	{'type': 'update', 'action': 'nav', 'message': {'rot': {'_x': -0.43889897366328035, '_y': 9.66609976374276, '_z': 0, '_order': 'YXZ'}, 'pos': {'x': 0, 'y': 0, 'z': 0}, 'img_id': '13765c85bfb34515911a4322e1961d96'}}
6787	5d01b60fc665e	server	{'type': 'update', 'action': 'nav', 'message': {'rot': {'_x': -0.43889897366328035, '_y': 10.384389662106178, '_z': 0, '_order': 'YXZ'}, 'pos': {'x': 0, 'y': 0, 'z': 0}, 'img_id': 'dfe3f160637d4aeb866da922cd32b196'}}
6790	5d01b60fc665e	server	{'type': 'update', 'action': 'nav', 'message': {'rot': {'_x': -0.21251950303695674, '_y': 10.849137666232272, '_z': 0, '_order': 'YXZ'}, 'pos': {'x': 0, 'y': 0, 'z': 0}, 'img_id': 'dfe3f160637d4aeb866da922cd32b196'}}
6791	server	5d01b659aa21a	{'type': 'update', 'action': 'update_mirror_nav', 'message': {'rot': {'_x': -0.43889897366328035, '_y': 9.652834917092369, '_z': 0, '_order': 'YXZ'}, 'pos': {'x': 0, 'y': 0, 'z': 0}, 'img_id': 'a44e21ec900b48c9b9f3e53081d3d98c'}}
6791	server	5d01b659aa21a	{'type': 'update', 'action': 'update_mirror_nav', 'message': {'rot': {'_x': -0.43889897366328035, '_y': 9.66609976374276, '_z': 0, '_order': 'YXZ'}, 'pos': {'x': 0, 'y': 0, 'z': 0}, 'img_id': '13765c85bfb34515911a4322e1961d96'}}
6791	server	5d01b659aa21a	{'type': 'update', 'action': 'update_mirror_nav', 'message': {'rot': {'_x': -0.43889897366328035, '_y': 10.384389662106178, '_z': 0, '_order': 'YXZ'}, 'pos': {'x': 0, 'y': 0, 'z': 0}, 'img_id': 'dfe3f160637d4aeb866da922cd32b196'}}
6791	server	5d01b659aa21a	{'type': 'update', 'action': 'update_mirror_nav', 'message': {'rot': {'_x': -0.21251950303695674, '_y': 10.849137666232272, '_z': 0, '_order': 'YXZ'}, 'pos': {'x': 0, 'y': 0, 'z': 0}, 'img_id': 'dfe3f160637d4aeb866da922cd32b196'}}
6792	5d01b60fc665e	server	{'type': 'update', 'action': 'nav', 'message': {'rot': {'_x': -0.21251950303695674, '_y': 10.383456887722172, '_z': 0, '_order': 'YXZ'}, 'pos': {'x': 0, 'y': 0, 'z': 0}, 'img_id': '158c287bb0aa42819aaadd5e65a96494'}}
6795	5d01b60fc665e	server	{'type': 'update', 'action': 'nav', 'message': {'rot': {'_x': -0.3511191789306239, '_y': 11.066298927304086, '_z': 0, '_order': 'YXZ'}, 'pos': {'x': 0, 'y': 0, 'z': 0}, 'img_id': '158c287bb0aa42819aaadd5e65a96494'}}
6797	server	5d01b659aa21a	{'type': 'update', 'action': 'update_mirror_nav', 'message': {'rot': {'_x': -0.21251950303695674, '_y': 10.383456887722172, '_z': 0, '_order': 'YXZ'}, 'pos': {'x': 0, 'y': 0, 'z': 0}, 'img_id': '158c287bb0aa42819aaadd5e65a96494'}}
6797	server	5d01b659aa21a	{'type': 'update', 'action': 'update_mirror_nav', 'message': {'rot': {'_x': -0.3511191789306239, '_y': 11.066298927304086, '_z': 0, '_order': 'YXZ'}, 'pos': {'x': 0, 'y': 0, 'z': 0}, 'img_id': '158c287bb0aa42819aaadd5e65a96494'}}
6800	5d01b60fc665e	server	{'type': 'update', 'action': 'nav', 'message': {'rot': {'_x': -0.2679593733944233, '_y': 12.419001218643155, '_z': 0, '_order': 'YXZ'}, 'pos': {'x': 0, 'y': 0, 'z': 0}, 'img_id': '158c287bb0aa42819aaadd5e65a96494'}}
6801	5d01b60fc665e	server	{'type': 'update', 'action': 'nav', 'message': {'rot': {'_x': -0.5682586711640358, '_y': 12.946061804328052, '_z': 0, '_order': 'YXZ'}, 'pos': {'x': 0, 'y': 0, 'z': 0}, 'img_id': '158c287bb0aa42819aaadd5e65a96494'}}
6804	5d01b60fc665e	server	{'type': 'update', 'action': 'nav', 'message': {'rot': {'_x': -0.5682586711640358, '_y': 13.448391264434505, '_z': 0, '_order': 'YXZ'}, 'pos': {'x': 0, 'y': 0, 'z': 0}, 'img_id': 'dfe3f160637d4aeb866da922cd32b196'}}
6806	5d01b60fc665e	server	{'type': 'update', 'action': 'nav', 'message': {'rot': {'_x': -0.5682586711640358, '_y': 13.63136860979918, '_z': 0, '_order': 'YXZ'}, 'pos': {'x': 0, 'y': 0, 'z': 0}, 'img_id': '13765c85bfb34515911a4322e1961d96'}}
6808	5d01b60fc665e	server	{'type': 'update', 'action': 'nav', 'message': {'rot': {'_x': -0.5682586711640358, '_y': 13.55115480952347, '_z': 0, '_order': 'YXZ'}, 'pos': {'x': 0, 'y': 0, 'z': 0}, 'img_id': '097c1697dd3e4b39839479cbfb767e14'}}
6811	5d01b60fc665e	server	{'type': 'update', 'action': 'nav', 'message': {'rot': {'_x': -0.5682586711640358, '_y': 13.095473292758351, '_z': 0, '_order': 'YXZ'}, 'pos': {'x': 0, 'y': 0, 'z': 0}, 'img_id': '522f93cfd1c441bfab873cd3442256bb'}}
6816	5d01b60fc665e	server	{'type': 'update', 'action': 'nav', 'message': {'rot': {'_x': -0.0785398163397449, '_y': 12.181555429895859, '_z': 0, '_order': 'YXZ'}, 'pos': {'x': 0, 'y': 0, 'z': 0}, 'img_id': '522f93cfd1c441bfab873cd3442256bb'}}
6820	5d01b60fc665e	server	{'type': 'update', 'action': 'nav', 'message': {'rot': {'_x': -0.0785398163397449, '_y': 11.37855180525968, '_z': 0, '_order': 'YXZ'}, 'pos': {'x': 0, 'y': 0, 'z': 0}, 'img_id': '1c1e707c47b4426ba831c712210403e8'}}
6822	5d01b60fc665e	server	{'type': 'update', 'action': 'nav', 'message': {'rot': {'_x': -0.8038781201832705, '_y': 12.219771656303559, '_z': 0, '_order': 'YXZ'}, 'pos': {'x': 0, 'y': 0, 'z': 0}, 'img_id': '1c1e707c47b4426ba831c712210403e8'}}
6825	5d01b60fc665e	server	{'type': 'update', 'action': 'nav', 'message': {'rot': {'_x': -0.4111790384845467, '_y': 12.650767012085296, '_z': 0, '_order': 'YXZ'}, 'pos': {'x': 0, 'y': 0, 'z': 0}, 'img_id': '1c1e707c47b4426ba831c712210403e8'}}
6828	5d01b60fc665e	server	{'type': 'update', 'action': 'nav', 'message': {'rot': {'_x': -0.4111790384845467, '_y': 13.407658697024212, '_z': 0, '_order': 'YXZ'}, 'pos': {'x': 0, 'y': 0, 'z': 0}, 'img_id': '6b6933d59f9c4ab4a2bfbd33916ee23d'}}
6831	5d01b60fc665e	server	{'type': 'update', 'action': 'nav', 'message': {'rot': {'_x': -0.4111790384845467, '_y': 13.606363271826197, '_z': 0, '_order': 'YXZ'}, 'pos': {'x': 0, 'y': 0, 'z': 0}, 'img_id': '4854d4c3aed945c7822f213f354bbfa7'}}
6833	5d01b60fc665e	server	{'type': 'update', 'action': 'nav', 'message': {'rot': {'_x': -0.7068583470577035, '_y': 13.20912056438881, '_z': 0, '_order': 'YXZ'}, 'pos': {'x': 0, 'y': 0, 'z': 0}, 'img_id': '4854d4c3aed945c7822f213f354bbfa7'}}
6835	5d01b60fc665e	server	{'type': 'update', 'action': 'nav', 'message': {'rot': {'_x': -0.6837584010754258, '_y': 13.154597055524857, '_z': 0, '_order': 'YXZ'}, 'pos': {'x': 0, 'y': 0, 'z': 0}, 'img_id': '4854d4c3aed945c7822f213f354bbfa7'}}
6836	5d01b60fc665e	server	{'type': 'update', 'action': 'nav', 'message': {'rot': {'_x': -0.6837584010754258, '_y': 13.057291408821792, '_z': 0, '_order': 'YXZ'}, 'pos': {'x': 0, 'y': 0, 'z': 0}, 'img_id': '2cc420cf791c45c1b618382ab9fdb9b2'}}
6840	5d01b60fc665e	server	{'type': 'update', 'action': 'nav', 'message': {'rot': {'_x': -0.6837584010754258, '_y': 12.157726808021831, '_z': 0, '_order': 'YXZ'}, 'pos': {'x': 0, 'y': 0, 'z': 0}, 'img_id': '2aaa18d316ba493aac436bde56b8011f'}}
6845	5d01b60fc665e	server	{'type': 'update', 'action': 'nav', 'message': {'rot': {'_x': -0.33725921134125775, '_y': 11.937036415001067, '_z': 0, '_order': 'YXZ'}, 'pos': {'x': 0, 'y': 0, 'z': 0}, 'img_id': '2aaa18d316ba493aac436bde56b8011f'}}
6845	server	5d01b659aa21a	{'type': 'update', 'action': 'update_mirror_nav', 'message': {'rot': {'_x': -0.2679593733944233, '_y': 12.419001218643155, '_z': 0, '_order': 'YXZ'}, 'pos': {'x': 0, 'y': 0, 'z': 0}, 'img_id': '158c287bb0aa42819aaadd5e65a96494'}}
6845	server	5d01b659aa21a	{'type': 'update', 'action': 'update_mirror_nav', 'message': {'rot': {'_x': -0.5682586711640358, '_y': 12.946061804328052, '_z': 0, '_order': 'YXZ'}, 'pos': {'x': 0, 'y': 0, 'z': 0}, 'img_id': '158c287bb0aa42819aaadd5e65a96494'}}
6845	server	5d01b659aa21a	{'type': 'update', 'action': 'update_mirror_nav', 'message': {'rot': {'_x': -0.5682586711640358, '_y': 13.448391264434505, '_z': 0, '_order': 'YXZ'}, 'pos': {'x': 0, 'y': 0, 'z': 0}, 'img_id': 'dfe3f160637d4aeb866da922cd32b196'}}
6845	server	5d01b659aa21a	{'type': 'update', 'action': 'update_mirror_nav', 'message': {'rot': {'_x': -0.5682586711640358, '_y': 13.63136860979918, '_z': 0, '_order': 'YXZ'}, 'pos': {'x': 0, 'y': 0, 'z': 0}, 'img_id': '13765c85bfb34515911a4322e1961d96'}}
6845	server	5d01b659aa21a	{'type': 'update', 'action': 'update_mirror_nav', 'message': {'rot': {'_x': -0.5682586711640358, '_y': 13.55115480952347, '_z': 0, '_order': 'YXZ'}, 'pos': {'x': 0, 'y': 0, 'z': 0}, 'img_id': '097c1697dd3e4b39839479cbfb767e14'}}
6845	server	5d01b659aa21a	{'type': 'update', 'action': 'update_mirror_nav', 'message': {'rot': {'_x': -0.5682586711640358, '_y': 13.095473292758351, '_z': 0, '_order': 'YXZ'}, 'pos': {'x': 0, 'y': 0, 'z': 0}, 'img_id': '522f93cfd1c441bfab873cd3442256bb'}}
6845	server	5d01b659aa21a	{'type': 'update', 'action': 'update_mirror_nav', 'message': {'rot': {'_x': -0.0785398163397449, '_y': 12.181555429895859, '_z': 0, '_order': 'YXZ'}, 'pos': {'x': 0, 'y': 0, 'z': 0}, 'img_id': '522f93cfd1c441bfab873cd3442256bb'}}
6845	server	5d01b659aa21a	{'type': 'update', 'action': 'update_mirror_nav', 'message': {'rot': {'_x': -0.0785398163397449, '_y': 11.37855180525968, '_z': 0, '_order': 'YXZ'}, 'pos': {'x': 0, 'y': 0, 'z': 0}, 'img_id': '1c1e707c47b4426ba831c712210403e8'}}
6845	server	5d01b659aa21a	{'type': 'update', 'action': 'update_mirror_nav', 'message': {'rot': {'_x': -0.8038781201832705, '_y': 12.219771656303559, '_z': 0, '_order': 'YXZ'}, 'pos': {'x': 0, 'y': 0, 'z': 0}, 'img_id': '1c1e707c47b4426ba831c712210403e8'}}
6845	server	5d01b659aa21a	{'type': 'update', 'action': 'update_mirror_nav', 'message': {'rot': {'_x': -0.4111790384845467, '_y': 12.650767012085296, '_z': 0, '_order': 'YXZ'}, 'pos': {'x': 0, 'y': 0, 'z': 0}, 'img_id': '1c1e707c47b4426ba831c712210403e8'}}
6845	server	5d01b659aa21a	{'type': 'update', 'action': 'update_mirror_nav', 'message': {'rot': {'_x': -0.4111790384845467, '_y': 13.407658697024212, '_z': 0, '_order': 'YXZ'}, 'pos': {'x': 0, 'y': 0, 'z': 0}, 'img_id': '6b6933d59f9c4ab4a2bfbd33916ee23d'}}
6845	server	5d01b659aa21a	{'type': 'update', 'action': 'update_mirror_nav', 'message': {'rot': {'_x': -0.4111790384845467, '_y': 13.606363271826197, '_z': 0, '_order': 'YXZ'}, 'pos': {'x': 0, 'y': 0, 'z': 0}, 'img_id': '4854d4c3aed945c7822f213f354bbfa7'}}
6845	server	5d01b659aa21a	{'type': 'update', 'action': 'update_mirror_nav', 'message': {'rot': {'_x': -0.7068583470577035, '_y': 13.20912056438881, '_z': 0, '_order': 'YXZ'}, 'pos': {'x': 0, 'y': 0, 'z': 0}, 'img_id': '4854d4c3aed945c7822f213f354bbfa7'}}
6845	server	5d01b659aa21a	{'type': 'update', 'action': 'update_mirror_nav', 'message': {'rot': {'_x': -0.6837584010754258, '_y': 13.154597055524857, '_z': 0, '_order': 'YXZ'}, 'pos': {'x': 0, 'y': 0, 'z': 0}, 'img_id': '4854d4c3aed945c7822f213f354bbfa7'}}
6845	server	5d01b659aa21a	{'type': 'update', 'action': 'update_mirror_nav', 'message': {'rot': {'_x': -0.6837584010754258, '_y': 13.057291408821792, '_z': 0, '_order': 'YXZ'}, 'pos': {'x': 0, 'y': 0, 'z': 0}, 'img_id': '2cc420cf791c45c1b618382ab9fdb9b2'}}
6845	server	5d01b659aa21a	{'type': 'update', 'action': 'update_mirror_nav', 'message': {'rot': {'_x': -0.6837584010754258, '_y': 12.157726808021831, '_z': 0, '_order': 'YXZ'}, 'pos': {'x': 0, 'y': 0, 'z': 0}, 'img_id': '2aaa18d316ba493aac436bde56b8011f'}}
6845	server	5d01b659aa21a	{'type': 'update', 'action': 'update_mirror_nav', 'message': {'rot': {'_x': -0.33725921134125775, '_y': 11.937036415001067, '_z': 0, '_order': 'YXZ'}, 'pos': {'x': 0, 'y': 0, 'z': 0}, 'img_id': '2aaa18d316ba493aac436bde56b8011f'}}
6847	5d01b60fc665e	server	{'type': 'update', 'action': 'nav', 'message': {'rot': {'_x': -0.33725921134125775, '_y': 12.257547355167254, '_z': 0, '_order': 'YXZ'}, 'pos': {'x': 0, 'y': 0, 'z': 0}, 'img_id': 'e0a4f76777f348e8a953515c135cda04'}}
6847	server	5d01b659aa21a	{'type': 'update', 'action': 'update_mirror_nav', 'message': {'rot': {'_x': -0.33725921134125775, '_y': 12.257547355167254, '_z': 0, '_order': 'YXZ'}, 'pos': {'x': 0, 'y': 0, 'z': 0}, 'img_id': 'e0a4f76777f348e8a953515c135cda04'}}
6850	5d01b60fc665e	server	{'type': 'update', 'action': 'nav', 'message': {'rot': {'_x': -0.33725921134125775, '_y': 12.994284534129843, '_z': 0, '_order': 'YXZ'}, 'pos': {'x': 0, 'y': 0, 'z': 0}, 'img_id': '3cbe2ef8c0b341288c91dbb731916371'}}
6850	server	5d01b659aa21a	{'type': 'update', 'action': 'update_mirror_nav', 'message': {'rot': {'_x': -0.33725921134125775, '_y': 12.994284534129843, '_z': 0, '_order': 'YXZ'}, 'pos': {'x': 0, 'y': 0, 'z': 0}, 'img_id': '3cbe2ef8c0b341288c91dbb731916371'}}
6852	5d01b60fc665e	server	{'type': 'update', 'action': 'nav', 'message': {'rot': {'_x': -0.4250390060739137, '_y': 13.835504385173722, '_z': 0, '_order': 'YXZ'}, 'pos': {'x': 0, 'y': 0, 'z': 0}, 'img_id': '3cbe2ef8c0b341288c91dbb731916371'}}
6852	server	5d01b659aa21a	{'type': 'update', 'action': 'update_mirror_nav', 'message': {'rot': {'_x': -0.4250390060739137, '_y': 13.835504385173722, '_z': 0, '_order': 'YXZ'}, 'pos': {'x': 0, 'y': 0, 'z': 0}, 'img_id': '3cbe2ef8c0b341288c91dbb731916371'}}
6854	5d01b60fc665e	server	{'type': 'update', 'action': 'nav', 'message': {'rot': {'_x': -0.411179038484547, '_y': 14.502768279365933, '_z': 0, '_order': 'YXZ'}, 'pos': {'x': 0, 'y': 0, 'z': 0}, 'img_id': '3cbe2ef8c0b341288c91dbb731916371'}}
6854	server	5d01b659aa21a	{'type': 'update', 'action': 'update_mirror_nav', 'message': {'rot': {'_x': -0.411179038484547, '_y': 14.502768279365933, '_z': 0, '_order': 'YXZ'}, 'pos': {'x': 0, 'y': 0, 'z': 0}, 'img_id': '3cbe2ef8c0b341288c91dbb731916371'}}
6855	5d01b60fc665e	server	{'type': 'update', 'action': 'nav', 'message': {'rot': {'_x': -0.43889897366328057, '_y': 14.837698405244511, '_z': 0, '_order': 'YXZ'}, 'pos': {'x': 0, 'y': 0, 'z': 0}, 'img_id': '3cbe2ef8c0b341288c91dbb731916371'}}
6856	server	5d01b659aa21a	{'type': 'update', 'action': 'update_mirror_nav', 'message': {'rot': {'_x': -0.43889897366328057, '_y': 14.837698405244511, '_z': 0, '_order': 'YXZ'}, 'pos': {'x': 0, 'y': 0, 'z': 0}, 'img_id': '3cbe2ef8c0b341288c91dbb731916371'}}
6857	5d01b60fc665e	server	{'type': 'update', 'action': 'guess_stop', 'value': '3cbe2ef8c0b341288c91dbb731916371'}
6857	server	5d01b60fc665e	{'type': 'update', 'action': 'disable_nav'}
6857	server	5d01b60fc665e	{'type': 'update', 'action': 'enable_chat', 'timeout_at': 1560394709.695312}
6857	server	5d01b60fc665e	{'type': 'update', 'action': 'set_aux', 'message': "You're not yet in the right room. Try asking your partner for directions."}
6861	server	5d01b659aa21a	{'type': 'update', 'action': 'disable_chat', 'timeout_at': 1560394709.695316}
6894	5d01b60fc665e	server	{'type': 'update', 'action': 'chat', 'message': 'I saw the media room downstairs earlier. But am happy to follow you upstairs'}
6894	server	5d01b60fc665e	{'type': 'update', 'action': 'add_chat', 'speaker': 'self', 'message': 'I saw the media room downstairs earlier. But am happy to follow you upstairs'}
6894	server	5d01b60fc665e	{'type': 'update', 'action': 'disable_chat', 'timeout_at': 1560394746.7818978}
6894	server	5d01b60fc665e	{'type': 'update', 'action': 'disable_nav'}
6894	server	5d01b659aa21a	{'type': 'update', 'action': 'add_chat', 'speaker': 'other', 'message': 'I saw the media room downstairs earlier. But am happy to follow you upstairs'}
6894	server	5d01b659aa21a	{'type': 'update', 'action': 'enable_chat', 'timeout_at': 1560394746.7819016}
6894	server	5d01b659aa21a	{'type': 'update', 'action': 'enable_gold_view'}
6904	5d01b659aa21a	server	{'type': 'update', 'action': 'chat', 'message': 'go up the stairs'}
6904	server	5d01b60fc665e	{'type': 'update', 'action': 'add_chat', 'speaker': 'other', 'message': 'go up the stairs'}
6904	server	5d01b60fc665e	{'type': 'update', 'action': 'enable_chat', 'timeout_at': 1560394756.8143432}
6904	server	5d01b60fc665e	{'type': 'update', 'action': 'enable_nav'}
6904	server	5d01b659aa21a	{'type': 'update', 'action': 'add_chat', 'speaker': 'self', 'message': 'go up the stairs'}
6904	server	5d01b659aa21a	{'type': 'update', 'action': 'disable_chat', 'timeout_at': 1560394756.8143394}
6904	server	5d01b659aa21a	{'type': 'update', 'action': 'disable_gold_view'}
7203	server	5d01b60fc665e	{'type': 'update', 'action': 'set_aux', 'message': 'Looks like you or your partner took too long to respond. Sorry about that! You can end the HIT and receive payment.'}
7203	server	5d01b60fc665e	{'type': 'update', 'action': 'disable_chat'}
7203	server	5d01b60fc665e	{'type': 'update', 'action': 'disable_nav'}
7203	server	5d01b60fc665e	{'type': 'update', 'action': 'exit'}
7203	server	5d01b659aa21a	{'type': 'update', 'action': 'set_aux', 'message': 'Looks like you or your partner took too long to respond. Sorry about that! You can end the HIT and receive payment.'}
7203	server	5d01b659aa21a	{'type': 'update', 'action': 'disable_chat'}
7203	server	5d01b659aa21a	{'type': 'update', 'action': 'disable_gold_view'}
7203	server	5d01b659aa21a	{'type': 'update', 'action': 'exit'}
