1726	server	{'type': 'update', 'action': 'set_house', 'value': 'wc2JMjhGNzB'}
1726	server	{'type': 'update', 'action': 'set_target_obj', 'value': 'bathtub'}
1726	server	{'type': 'update', 'action': 'set_start_pano', 'value': 'dc4a9f470b834de1983c7e605ff06b2e'}
1726	server	{'type': 'update', 'action': 'set_aux', 'message': 'Another player connected! You are The Navigator.'}
1726	server	{'type': 'update', 'action': 'show_chat'}
1726	server	{'type': 'update', 'action': 'show_nav'}
1726	server	{'type': 'update', 'action': 'enable_chat'}
1726	server	{'type': 'update', 'action': 'enable_nav'}
1726	server	{'type': 'update', 'action': 'set_house', 'value': 'wc2JMjhGNzB'}
1726	server	{'type': 'update', 'action': 'set_target_obj', 'value': 'bathtub'}
1726	server	{'type': 'update', 'action': 'set_start_pano', 'value': 'dc4a9f470b834de1983c7e605ff06b2e'}
1726	server	{'type': 'update', 'action': 'set_end_panos', 'value': '765293b6cd0a4bf4a50595038eb2b623'}
1726	server	{'type': 'update', 'action': 'set_aux', 'message': 'Another player connected! You are The Oracle.'}
1726	server	{'type': 'update', 'action': 'show_chat'}
1726	server	{'type': 'update', 'action': 'show_mirror_nav'}
1726	server	{'type': 'update', 'action': 'show_gold_view'}
1733	client	{'type': 'update', 'action': 'nav', 'message': {'rot': {'_x': 0, '_y': 0, '_z': 0, '_order': 'YXZ'}, 'pos': {'x': 0, 'y': 0, 'z': 0}, 'img_id': 'dc4a9f470b834de1983c7e605ff06b2e'}}
1733	server	{'type': 'update', 'action': 'update_mirror_nav', 'message': {'rot': {'_x': 0, '_y': 0, '_z': 0, '_order': 'YXZ'}, 'pos': {'x': 0, 'y': 0, 'z': 0}, 'img_id': 'dc4a9f470b834de1983c7e605ff06b2e'}}
1737	client	{'type': 'update', 'action': 'nav', 'message': {'rot': {'_x': -0.9424777960769379, '_y': -0.0181745029546517, '_z': 0, '_order': 'YXZ'}, 'pos': {'x': 0, 'y': 0, 'z': 0}, 'img_id': 'dc4a9f470b834de1983c7e605ff06b2e'}}
1737	server	{'type': 'update', 'action': 'update_mirror_nav', 'message': {'rot': {'_x': -0.9424777960769379, '_y': -0.0181745029546517, '_z': 0, '_order': 'YXZ'}, 'pos': {'x': 0, 'y': 0, 'z': 0}, 'img_id': 'dc4a9f470b834de1983c7e605ff06b2e'}}
1738	client	{'type': 'update', 'action': 'nav', 'message': {'rot': {'_x': -0.9378578068804824, '_y': 0.9580559414666396, '_z': 0, '_order': 'YXZ'}, 'pos': {'x': 0, 'y': 0, 'z': 0}, 'img_id': 'dc4a9f470b834de1983c7e605ff06b2e'}}
1738	server	{'type': 'update', 'action': 'update_mirror_nav', 'message': {'rot': {'_x': -0.9378578068804824, '_y': 0.9580559414666396, '_z': 0, '_order': 'YXZ'}, 'pos': {'x': 0, 'y': 0, 'z': 0}, 'img_id': 'dc4a9f470b834de1983c7e605ff06b2e'}}
1739	client	{'type': 'update', 'action': 'nav', 'message': {'rot': {'_x': -0.9424777960769379, '_y': 1.6331089083537018, '_z': 0, '_order': 'YXZ'}, 'pos': {'x': 0, 'y': 0, 'z': 0}, 'img_id': 'dc4a9f470b834de1983c7e605ff06b2e'}}
1739	server	{'type': 'update', 'action': 'update_mirror_nav', 'message': {'rot': {'_x': -0.9424777960769379, '_y': 1.6331089083537018, '_z': 0, '_order': 'YXZ'}, 'pos': {'x': 0, 'y': 0, 'z': 0}, 'img_id': 'dc4a9f470b834de1983c7e605ff06b2e'}}
1740	client	{'type': 'update', 'action': 'nav', 'message': {'rot': {'_x': -0.8824179365230155, '_y': 2.5158704804367837, '_z': 0, '_order': 'YXZ'}, 'pos': {'x': 0, 'y': 0, 'z': 0}, 'img_id': 'dc4a9f470b834de1983c7e605ff06b2e'}}
1740	server	{'type': 'update', 'action': 'update_mirror_nav', 'message': {'rot': {'_x': -0.8824179365230155, '_y': 2.5158704804367837, '_z': 0, '_order': 'YXZ'}, 'pos': {'x': 0, 'y': 0, 'z': 0}, 'img_id': 'dc4a9f470b834de1983c7e605ff06b2e'}}
1743	client	{'type': 'update', 'action': 'nav', 'message': {'rot': {'_x': -0.7900181525939038, '_y': 2.450961541313032, '_z': 0, '_order': 'YXZ'}, 'pos': {'x': 0, 'y': 0, 'z': 0}, 'img_id': 'dc4a9f470b834de1983c7e605ff06b2e'}}
1743	server	{'type': 'update', 'action': 'update_mirror_nav', 'message': {'rot': {'_x': -0.7900181525939038, '_y': 2.450961541313032, '_z': 0, '_order': 'YXZ'}, 'pos': {'x': 0, 'y': 0, 'z': 0}, 'img_id': 'dc4a9f470b834de1983c7e605ff06b2e'}}
1746	client	{'type': 'update', 'action': 'nav', 'message': {'rot': {'_x': -0.7900181525939038, '_y': 1.8474908850846776, '_z': 0, '_order': 'YXZ'}, 'pos': {'x': 0, 'y': 0, 'z': 0}, 'img_id': 'd7230c164e814f9a83244ab2edc15334'}}
1746	server	{'type': 'update', 'action': 'update_mirror_nav', 'message': {'rot': {'_x': -0.7900181525939038, '_y': 1.8474908850846776, '_z': 0, '_order': 'YXZ'}, 'pos': {'x': 0, 'y': 0, 'z': 0}, 'img_id': 'd7230c164e814f9a83244ab2edc15334'}}
1748	client	{'type': 'update', 'action': 'nav', 'message': {'rot': {'_x': -0.9147578608982042, '_y': 0.8946276587479385, '_z': 0, '_order': 'YXZ'}, 'pos': {'x': 0, 'y': 0, 'z': 0}, 'img_id': 'd7230c164e814f9a83244ab2edc15334'}}
1748	server	{'type': 'update', 'action': 'update_mirror_nav', 'message': {'rot': {'_x': -0.9147578608982042, '_y': 0.8946276587479385, '_z': 0, '_order': 'YXZ'}, 'pos': {'x': 0, 'y': 0, 'z': 0}, 'img_id': 'd7230c164e814f9a83244ab2edc15334'}}
1749	client	{'type': 'update', 'action': 'nav', 'message': {'rot': {'_x': -0.6976183686647921, '_y': 0.7206717018962722, '_z': 0, '_order': 'YXZ'}, 'pos': {'x': 0, 'y': 0, 'z': 0}, 'img_id': 'd7230c164e814f9a83244ab2edc15334'}}
1749	server	{'type': 'update', 'action': 'update_mirror_nav', 'message': {'rot': {'_x': -0.6976183686647921, '_y': 0.7206717018962722, '_z': 0, '_order': 'YXZ'}, 'pos': {'x': 0, 'y': 0, 'z': 0}, 'img_id': 'd7230c164e814f9a83244ab2edc15334'}}
1751	client	{'type': 'update', 'action': 'nav', 'message': {'rot': {'_x': -0.6976183686647921, '_y': 0.4316511919865579, '_z': 0, '_order': 'YXZ'}, 'pos': {'x': 0, 'y': 0, 'z': 0}, 'img_id': '99bcf51aef0947b6898bb8114219d730'}}
1751	server	{'type': 'update', 'action': 'update_mirror_nav', 'message': {'rot': {'_x': -0.6976183686647921, '_y': 0.4316511919865579, '_z': 0, '_order': 'YXZ'}, 'pos': {'x': 0, 'y': 0, 'z': 0}, 'img_id': '99bcf51aef0947b6898bb8114219d730'}}
1754	client	{'type': 'update', 'action': 'nav', 'message': {'rot': {'_x': -0.6976183686647921, '_y': 0.4127050508768929, '_z': 0, '_order': 'YXZ'}, 'pos': {'x': 0, 'y': 0, 'z': 0}, 'img_id': 'a4188bbbe166473bb2ecf35bdcbec1f9'}}
1754	server	{'type': 'update', 'action': 'update_mirror_nav', 'message': {'rot': {'_x': -0.6976183686647921, '_y': 0.4127050508768929, '_z': 0, '_order': 'YXZ'}, 'pos': {'x': 0, 'y': 0, 'z': 0}, 'img_id': 'a4188bbbe166473bb2ecf35bdcbec1f9'}}
1755	client	{'type': 'update', 'action': 'nav', 'message': {'rot': {'_x': -0.6791384118789698, '_y': -0.28571513409472227, '_z': 0, '_order': 'YXZ'}, 'pos': {'x': 0, 'y': 0, 'z': 0}, 'img_id': 'a4188bbbe166473bb2ecf35bdcbec1f9'}}
1755	server	{'type': 'update', 'action': 'update_mirror_nav', 'message': {'rot': {'_x': -0.6791384118789698, '_y': -0.28571513409472227, '_z': 0, '_order': 'YXZ'}, 'pos': {'x': 0, 'y': 0, 'z': 0}, 'img_id': 'a4188bbbe166473bb2ecf35bdcbec1f9'}}
1757	client	{'type': 'update', 'action': 'nav', 'message': {'rot': {'_x': -0.6329385199144142, '_y': -1.4229197475429276, '_z': 0, '_order': 'YXZ'}, 'pos': {'x': 0, 'y': 0, 'z': 0}, 'img_id': 'a4188bbbe166473bb2ecf35bdcbec1f9'}}
1757	server	{'type': 'update', 'action': 'update_mirror_nav', 'message': {'rot': {'_x': -0.6329385199144142, '_y': -1.4229197475429276, '_z': 0, '_order': 'YXZ'}, 'pos': {'x': 0, 'y': 0, 'z': 0}, 'img_id': 'a4188bbbe166473bb2ecf35bdcbec1f9'}}
1760	client	{'type': 'update', 'action': 'nav', 'message': {'rot': {'_x': -0.6329385199144142, '_y': -2.307268428488022, '_z': 0, '_order': 'YXZ'}, 'pos': {'x': 0, 'y': 0, 'z': 0}, 'img_id': '99bcf51aef0947b6898bb8114219d730'}}
1760	server	{'type': 'update', 'action': 'update_mirror_nav', 'message': {'rot': {'_x': -0.6329385199144142, '_y': -2.307268428488022, '_z': 0, '_order': 'YXZ'}, 'pos': {'x': 0, 'y': 0, 'z': 0}, 'img_id': '99bcf51aef0947b6898bb8114219d730'}}
1763	client	{'type': 'update', 'action': 'nav', 'message': {'rot': {'_x': -0.7900181525939036, '_y': -1.6607753948154123, '_z': 0, '_order': 'YXZ'}, 'pos': {'x': 0, 'y': 0, 'z': 0}, 'img_id': '99bcf51aef0947b6898bb8114219d730'}}
1763	server	{'type': 'update', 'action': 'update_mirror_nav', 'message': {'rot': {'_x': -0.7900181525939036, '_y': -1.6607753948154123, '_z': 0, '_order': 'YXZ'}, 'pos': {'x': 0, 'y': 0, 'z': 0}, 'img_id': '99bcf51aef0947b6898bb8114219d730'}}
1764	client	{'type': 'update', 'action': 'nav', 'message': {'rot': {'_x': -0.7992581309868146, '_y': -1.0584204397469574, '_z': 0, '_order': 'YXZ'}, 'pos': {'x': 0, 'y': 0, 'z': 0}, 'img_id': '99bcf51aef0947b6898bb8114219d730'}}
1764	server	{'type': 'update', 'action': 'update_mirror_nav', 'message': {'rot': {'_x': -0.7992581309868146, '_y': -1.0584204397469574, '_z': 0, '_order': 'YXZ'}, 'pos': {'x': 0, 'y': 0, 'z': 0}, 'img_id': '99bcf51aef0947b6898bb8114219d730'}}
1765	client	{'type': 'update', 'action': 'nav', 'message': {'rot': {'_x': -0.7345782822364366, '_y': -0.4638545573733518, '_z': 0, '_order': 'YXZ'}, 'pos': {'x': 0, 'y': 0, 'z': 0}, 'img_id': '99bcf51aef0947b6898bb8114219d730'}}
1765	server	{'type': 'update', 'action': 'update_mirror_nav', 'message': {'rot': {'_x': -0.7345782822364366, '_y': -0.4638545573733518, '_z': 0, '_order': 'YXZ'}, 'pos': {'x': 0, 'y': 0, 'z': 0}, 'img_id': '99bcf51aef0947b6898bb8114219d730'}}
1769	client	{'type': 'update', 'action': 'nav', 'message': {'rot': {'_x': -0.7345782822364366, '_y': 0.22765203286223745, '_z': 0, '_order': 'YXZ'}, 'pos': {'x': 0, 'y': 0, 'z': 0}, 'img_id': 'a4188bbbe166473bb2ecf35bdcbec1f9'}}
1769	server	{'type': 'update', 'action': 'update_mirror_nav', 'message': {'rot': {'_x': -0.7345782822364366, '_y': 0.22765203286223745, '_z': 0, '_order': 'YXZ'}, 'pos': {'x': 0, 'y': 0, 'z': 0}, 'img_id': 'a4188bbbe166473bb2ecf35bdcbec1f9'}}
1771	client	{'type': 'update', 'action': 'nav', 'message': {'rot': {'_x': -0.7345782822364366, '_y': 0.4226483756824463, '_z': 0, '_order': 'YXZ'}, 'pos': {'x': 0, 'y': 0, 'z': 0}, 'img_id': '7d8e047f6d42423ab91e43a3e25ad03b'}}
1771	server	{'type': 'update', 'action': 'update_mirror_nav', 'message': {'rot': {'_x': -0.7345782822364366, '_y': 0.4226483756824463, '_z': 0, '_order': 'YXZ'}, 'pos': {'x': 0, 'y': 0, 'z': 0}, 'img_id': '7d8e047f6d42423ab91e43a3e25ad03b'}}
1772	client	{'type': 'update', 'action': 'nav', 'message': {'rot': {'_x': -0.7438182606293477, '_y': 1.1470321363035634, '_z': 0, '_order': 'YXZ'}, 'pos': {'x': 0, 'y': 0, 'z': 0}, 'img_id': '7d8e047f6d42423ab91e43a3e25ad03b'}}
1772	server	{'type': 'update', 'action': 'update_mirror_nav', 'message': {'rot': {'_x': -0.7438182606293477, '_y': 1.1470321363035634, '_z': 0, '_order': 'YXZ'}, 'pos': {'x': 0, 'y': 0, 'z': 0}, 'img_id': '7d8e047f6d42423ab91e43a3e25ad03b'}}
1775	client	{'type': 'update', 'action': 'nav', 'message': {'rot': {'_x': -0.6698984334860588, '_y': 0.4148593029875947, '_z': 0, '_order': 'YXZ'}, 'pos': {'x': 0, 'y': 0, 'z': 0}, 'img_id': '7d8e047f6d42423ab91e43a3e25ad03b'}}
1775	server	{'type': 'update', 'action': 'update_mirror_nav', 'message': {'rot': {'_x': -0.6698984334860588, '_y': 0.4148593029875947, '_z': 0, '_order': 'YXZ'}, 'pos': {'x': 0, 'y': 0, 'z': 0}, 'img_id': '7d8e047f6d42423ab91e43a3e25ad03b'}}
1786	client	{'type': 'update', 'action': 'chat', 'message': 'Should I go to the right or to the left through the door ahead?'}
1786	server	{'type': 'update', 'action': 'add_chat', 'speaker': 'self', 'message': 'Should I go to the right or to the left through the door ahead?'}
1786	server	{'type': 'update', 'action': 'disable_chat'}
1786	server	{'type': 'update', 'action': 'disable_nav'}
1786	server	{'type': 'update', 'action': 'add_chat', 'speaker': 'other', 'message': 'Should I go to the right or to the left through the door ahead?'}
1786	server	{'type': 'update', 'action': 'enable_chat'}
1786	server	{'type': 'update', 'action': 'enable_gold_view'}
1811	client	{'type': 'update', 'action': 'chat', 'message': 'The right'}
1811	server	{'type': 'update', 'action': 'add_chat', 'speaker': 'other', 'message': 'The right'}
1811	server	{'type': 'update', 'action': 'enable_chat'}
1811	server	{'type': 'update', 'action': 'enable_nav'}
1811	server	{'type': 'update', 'action': 'add_chat', 'speaker': 'self', 'message': 'The right'}
1811	server	{'type': 'update', 'action': 'disable_chat'}
1811	server	{'type': 'update', 'action': 'disable_gold_view'}
1817	client	{'type': 'update', 'action': 'nav', 'message': {'rot': {'_x': -0.6698984334860588, '_y': -0.2197657506161909, '_z': 0, '_order': 'YXZ'}, 'pos': {'x': 0, 'y': 0, 'z': 0}, 'img_id': '0a54ae7daf36423fb6a5607caf3fb942'}}
1817	server	{'type': 'update', 'action': 'update_mirror_nav', 'message': {'rot': {'_x': -0.6698984334860588, '_y': -0.2197657506161909, '_z': 0, '_order': 'YXZ'}, 'pos': {'x': 0, 'y': 0, 'z': 0}, 'img_id': '0a54ae7daf36423fb6a5607caf3fb942'}}
1819	client	{'type': 'update', 'action': 'nav', 'message': {'rot': {'_x': -0.7160983254506147, '_y': -1.081756462179671, '_z': 0, '_order': 'YXZ'}, 'pos': {'x': 0, 'y': 0, 'z': 0}, 'img_id': '0a54ae7daf36423fb6a5607caf3fb942'}}
1819	server	{'type': 'update', 'action': 'update_mirror_nav', 'message': {'rot': {'_x': -0.7160983254506147, '_y': -1.081756462179671, '_z': 0, '_order': 'YXZ'}, 'pos': {'x': 0, 'y': 0, 'z': 0}, 'img_id': '0a54ae7daf36423fb6a5607caf3fb942'}}
1820	client	{'type': 'update', 'action': 'nav', 'message': {'rot': {'_x': -0.7946381417903597, '_y': -0.5650813067545722, '_z': 0, '_order': 'YXZ'}, 'pos': {'x': 0, 'y': 0, 'z': 0}, 'img_id': '0a54ae7daf36423fb6a5607caf3fb942'}}
1821	server	{'type': 'update', 'action': 'update_mirror_nav', 'message': {'rot': {'_x': -0.7946381417903597, '_y': -0.5650813067545722, '_z': 0, '_order': 'YXZ'}, 'pos': {'x': 0, 'y': 0, 'z': 0}, 'img_id': '0a54ae7daf36423fb6a5607caf3fb942'}}
1823	client	{'type': 'update', 'action': 'nav', 'message': {'rot': {'_x': -0.7946381417903597, '_y': -1.068539167060719, '_z': 0, '_order': 'YXZ'}, 'pos': {'x': 0, 'y': 0, 'z': 0}, 'img_id': '5a3ae4d630544ca5ad9946fa1900cfed'}}
1823	server	{'type': 'update', 'action': 'update_mirror_nav', 'message': {'rot': {'_x': -0.7946381417903597, '_y': -1.068539167060719, '_z': 0, '_order': 'YXZ'}, 'pos': {'x': 0, 'y': 0, 'z': 0}, 'img_id': '5a3ae4d630544ca5ad9946fa1900cfed'}}
1826	client	{'type': 'update', 'action': 'nav', 'message': {'rot': {'_x': -0.7068583470577039, '_y': -1.494341807712558, '_z': 0, '_order': 'YXZ'}, 'pos': {'x': 0, 'y': 0, 'z': 0}, 'img_id': '5a3ae4d630544ca5ad9946fa1900cfed'}}
1826	server	{'type': 'update', 'action': 'update_mirror_nav', 'message': {'rot': {'_x': -0.7068583470577039, '_y': -1.494341807712558, '_z': 0, '_order': 'YXZ'}, 'pos': {'x': 0, 'y': 0, 'z': 0}, 'img_id': '5a3ae4d630544ca5ad9946fa1900cfed'}}
1834	client	{'type': 'update', 'action': 'chat', 'message': 'Should I go to the left or to the right?'}
1834	server	{'type': 'update', 'action': 'add_chat', 'speaker': 'self', 'message': 'Should I go to the left or to the right?'}
1834	server	{'type': 'update', 'action': 'disable_chat'}
1834	server	{'type': 'update', 'action': 'disable_nav'}
1834	server	{'type': 'update', 'action': 'add_chat', 'speaker': 'other', 'message': 'Should I go to the left or to the right?'}
1834	server	{'type': 'update', 'action': 'enable_chat'}
1834	server	{'type': 'update', 'action': 'enable_gold_view'}
1866	client	{'type': 'update', 'action': 'chat', 'message': 'I think you can only go left'}
1866	server	{'type': 'update', 'action': 'add_chat', 'speaker': 'other', 'message': 'I think you can only go left'}
1866	server	{'type': 'update', 'action': 'enable_chat'}
1866	server	{'type': 'update', 'action': 'enable_nav'}
1866	server	{'type': 'update', 'action': 'add_chat', 'speaker': 'self', 'message': 'I think you can only go left'}
1866	server	{'type': 'update', 'action': 'disable_chat'}
1866	server	{'type': 'update', 'action': 'disable_gold_view'}
1869	client	{'type': 'update', 'action': 'nav', 'message': {'rot': {'_x': -0.8084981093797265, '_y': -0.593405732674824, '_z': 0, '_order': 'YXZ'}, 'pos': {'x': 0, 'y': 0, 'z': 0}, 'img_id': '5a3ae4d630544ca5ad9946fa1900cfed'}}
1869	server	{'type': 'update', 'action': 'update_mirror_nav', 'message': {'rot': {'_x': -0.8084981093797265, '_y': -0.593405732674824, '_z': 0, '_order': 'YXZ'}, 'pos': {'x': 0, 'y': 0, 'z': 0}, 'img_id': '5a3ae4d630544ca5ad9946fa1900cfed'}}
1870	client	{'type': 'update', 'action': 'nav', 'message': {'rot': {'_x': -0.5821186387534033, '_y': -0.13125408611368083, '_z': 0, '_order': 'YXZ'}, 'pos': {'x': 0, 'y': 0, 'z': 0}, 'img_id': '5a3ae4d630544ca5ad9946fa1900cfed'}}
1870	server	{'type': 'update', 'action': 'update_mirror_nav', 'message': {'rot': {'_x': -0.5821186387534033, '_y': -0.13125408611368083, '_z': 0, '_order': 'YXZ'}, 'pos': {'x': 0, 'y': 0, 'z': 0}, 'img_id': '5a3ae4d630544ca5ad9946fa1900cfed'}}
1873	client	{'type': 'update', 'action': 'nav', 'message': {'rot': {'_x': -0.5821186387534033, '_y': 0.3115353443635258, '_z': 0, '_order': 'YXZ'}, 'pos': {'x': 0, 'y': 0, 'z': 0}, 'img_id': '69df5bc684ce4c67ad1c7ecbef1ad80c'}}
1873	server	{'type': 'update', 'action': 'update_mirror_nav', 'message': {'rot': {'_x': -0.5821186387534033, '_y': 0.3115353443635258, '_z': 0, '_order': 'YXZ'}, 'pos': {'x': 0, 'y': 0, 'z': 0}, 'img_id': '69df5bc684ce4c67ad1c7ecbef1ad80c'}}
1875	client	{'type': 'update', 'action': 'nav', 'message': {'rot': {'_x': -0.5821186387534033, '_y': 0.3630290570131769, '_z': 0, '_order': 'YXZ'}, 'pos': {'x': 0, 'y': 0, 'z': 0}, 'img_id': '77962388887942148ee65c2892600e02'}}
1875	server	{'type': 'update', 'action': 'update_mirror_nav', 'message': {'rot': {'_x': -0.5821186387534033, '_y': 0.3630290570131769, '_z': 0, '_order': 'YXZ'}, 'pos': {'x': 0, 'y': 0, 'z': 0}, 'img_id': '77962388887942148ee65c2892600e02'}}
1879	client	{'type': 'update', 'action': 'nav', 'message': {'rot': {'_x': -0.5821186387534033, '_y': -0.37510750359731215, '_z': 0, '_order': 'YXZ'}, 'pos': {'x': 0, 'y': 0, 'z': 0}, 'img_id': '2195c5a9b9fd451b927b0050f23fac31'}}
1879	server	{'type': 'update', 'action': 'update_mirror_nav', 'message': {'rot': {'_x': -0.5821186387534033, '_y': -0.37510750359731215, '_z': 0, '_order': 'YXZ'}, 'pos': {'x': 0, 'y': 0, 'z': 0}, 'img_id': '2195c5a9b9fd451b927b0050f23fac31'}}
1884	client	{'type': 'update', 'action': 'nav', 'message': {'rot': {'_x': -0.5821186387534033, '_y': 0.2719273072740154, '_z': 0, '_order': 'YXZ'}, 'pos': {'x': 0, 'y': 0, 'z': 0}, 'img_id': '9d8a625f48194382a0bfb748b1126069'}}
1884	server	{'type': 'update', 'action': 'update_mirror_nav', 'message': {'rot': {'_x': -0.5821186387534033, '_y': 0.2719273072740154, '_z': 0, '_order': 'YXZ'}, 'pos': {'x': 0, 'y': 0, 'z': 0}, 'img_id': '9d8a625f48194382a0bfb748b1126069'}}
1885	client	{'type': 'update', 'action': 'nav', 'message': {'rot': {'_x': -0.6005985955392256, '_y': 1.2144051033509522, '_z': 0, '_order': 'YXZ'}, 'pos': {'x': 0, 'y': 0, 'z': 0}, 'img_id': '9d8a625f48194382a0bfb748b1126069'}}
1885	server	{'type': 'update', 'action': 'update_mirror_nav', 'message': {'rot': {'_x': -0.6005985955392256, '_y': 1.2144051033509522, '_z': 0, '_order': 'YXZ'}, 'pos': {'x': 0, 'y': 0, 'z': 0}, 'img_id': '9d8a625f48194382a0bfb748b1126069'}}
1888	client	{'type': 'update', 'action': 'nav', 'message': {'rot': {'_x': -0.7807781742009929, '_y': -0.4888054592564072, '_z': 0, '_order': 'YXZ'}, 'pos': {'x': 0, 'y': 0, 'z': 0}, 'img_id': '9d8a625f48194382a0bfb748b1126069'}}
1888	server	{'type': 'update', 'action': 'update_mirror_nav', 'message': {'rot': {'_x': -0.7807781742009929, '_y': -0.4888054592564072, '_z': 0, '_order': 'YXZ'}, 'pos': {'x': 0, 'y': 0, 'z': 0}, 'img_id': '9d8a625f48194382a0bfb748b1126069'}}
1889	client	{'type': 'update', 'action': 'nav', 'message': {'rot': {'_x': -0.7853981633974485, '_y': -1.3767597464693901, '_z': 0, '_order': 'YXZ'}, 'pos': {'x': 0, 'y': 0, 'z': 0}, 'img_id': '9d8a625f48194382a0bfb748b1126069'}}
1889	server	{'type': 'update', 'action': 'update_mirror_nav', 'message': {'rot': {'_x': -0.7853981633974485, '_y': -1.3767597464693901, '_z': 0, '_order': 'YXZ'}, 'pos': {'x': 0, 'y': 0, 'z': 0}, 'img_id': '9d8a625f48194382a0bfb748b1126069'}}
1893	client	{'type': 'update', 'action': 'nav', 'message': {'rot': {'_x': -0.7853981633974485, '_y': -2.2882667323340686, '_z': 0, '_order': 'YXZ'}, 'pos': {'x': 0, 'y': 0, 'z': 0}, 'img_id': '2195c5a9b9fd451b927b0050f23fac31'}}
1893	server	{'type': 'update', 'action': 'update_mirror_nav', 'message': {'rot': {'_x': -0.7853981633974485, '_y': -2.2882667323340686, '_z': 0, '_order': 'YXZ'}, 'pos': {'x': 0, 'y': 0, 'z': 0}, 'img_id': '2195c5a9b9fd451b927b0050f23fac31'}}
1894	client	{'type': 'update', 'action': 'nav', 'message': {'rot': {'_x': -0.8131180985761819, '_y': -3.2177627405862537, '_z': 0, '_order': 'YXZ'}, 'pos': {'x': 0, 'y': 0, 'z': 0}, 'img_id': '2195c5a9b9fd451b927b0050f23fac31'}}
1894	server	{'type': 'update', 'action': 'update_mirror_nav', 'message': {'rot': {'_x': -0.8131180985761819, '_y': -3.2177627405862537, '_z': 0, '_order': 'YXZ'}, 'pos': {'x': 0, 'y': 0, 'z': 0}, 'img_id': '2195c5a9b9fd451b927b0050f23fac31'}}
1898	client	{'type': 'update', 'action': 'nav', 'message': {'rot': {'_x': -0.8131180985761819, '_y': -4.2840113103717705, '_z': 0, '_order': 'YXZ'}, 'pos': {'x': 0, 'y': 0, 'z': 0}, 'img_id': '8e093e32e55c4a5dbf453b5e2bf2b24c'}}
1898	server	{'type': 'update', 'action': 'update_mirror_nav', 'message': {'rot': {'_x': -0.8131180985761819, '_y': -4.2840113103717705, '_z': 0, '_order': 'YXZ'}, 'pos': {'x': 0, 'y': 0, 'z': 0}, 'img_id': '8e093e32e55c4a5dbf453b5e2bf2b24c'}}
1901	client	{'type': 'update', 'action': 'nav', 'message': {'rot': {'_x': -0.7622982174151703, '_y': -5.3640960573910705, '_z': 0, '_order': 'YXZ'}, 'pos': {'x': 0, 'y': 0, 'z': 0}, 'img_id': '8e093e32e55c4a5dbf453b5e2bf2b24c'}}
1901	server	{'type': 'update', 'action': 'update_mirror_nav', 'message': {'rot': {'_x': -0.7622982174151703, '_y': -5.3640960573910705, '_z': 0, '_order': 'YXZ'}, 'pos': {'x': 0, 'y': 0, 'z': 0}, 'img_id': '8e093e32e55c4a5dbf453b5e2bf2b24c'}}
1903	client	{'type': 'update', 'action': 'nav', 'message': {'rot': {'_x': -0.42041901687745753, '_y': -3.2402755692617746, '_z': 0, '_order': 'YXZ'}, 'pos': {'x': 0, 'y': 0, 'z': 0}, 'img_id': '8e093e32e55c4a5dbf453b5e2bf2b24c'}}
1903	server	{'type': 'update', 'action': 'update_mirror_nav', 'message': {'rot': {'_x': -0.42041901687745753, '_y': -3.2402755692617746, '_z': 0, '_order': 'YXZ'}, 'pos': {'x': 0, 'y': 0, 'z': 0}, 'img_id': '8e093e32e55c4a5dbf453b5e2bf2b24c'}}
1906	client	{'type': 'update', 'action': 'nav', 'message': {'rot': {'_x': -0.42041901687745753, '_y': -2.8333411095381895, '_z': 0, '_order': 'YXZ'}, 'pos': {'x': 0, 'y': 0, 'z': 0}, 'img_id': '77962388887942148ee65c2892600e02'}}
1906	server	{'type': 'update', 'action': 'update_mirror_nav', 'message': {'rot': {'_x': -0.42041901687745753, '_y': -2.8333411095381895, '_z': 0, '_order': 'YXZ'}, 'pos': {'x': 0, 'y': 0, 'z': 0}, 'img_id': '77962388887942148ee65c2892600e02'}}
1907	client	{'type': 'update', 'action': 'nav', 'message': {'rot': {'_x': -0.42041901687745753, '_y': -2.826577869536617, '_z': 0, '_order': 'YXZ'}, 'pos': {'x': 0, 'y': 0, 'z': 0}, 'img_id': '69df5bc684ce4c67ad1c7ecbef1ad80c'}}
1907	server	{'type': 'update', 'action': 'update_mirror_nav', 'message': {'rot': {'_x': -0.42041901687745753, '_y': -2.826577869536617, '_z': 0, '_order': 'YXZ'}, 'pos': {'x': 0, 'y': 0, 'z': 0}, 'img_id': '69df5bc684ce4c67ad1c7ecbef1ad80c'}}
1909	client	{'type': 'update', 'action': 'nav', 'message': {'rot': {'_x': -0.42041901687745753, '_y': -2.76932472944431, '_z': 0, '_order': 'YXZ'}, 'pos': {'x': 0, 'y': 0, 'z': 0}, 'img_id': '5a3ae4d630544ca5ad9946fa1900cfed'}}
1909	server	{'type': 'update', 'action': 'update_mirror_nav', 'message': {'rot': {'_x': -0.42041901687745753, '_y': -2.76932472944431, '_z': 0, '_order': 'YXZ'}, 'pos': {'x': 0, 'y': 0, 'z': 0}, 'img_id': '5a3ae4d630544ca5ad9946fa1900cfed'}}
1913	client	{'type': 'update', 'action': 'nav', 'message': {'rot': {'_x': -0.42041901687745753, '_y': -2.7723285249017997, '_z': 0, '_order': 'YXZ'}, 'pos': {'x': 0, 'y': 0, 'z': 0}, 'img_id': '8f24318712a24f1a9be2ac1b69fa41fb'}}
1913	server	{'type': 'update', 'action': 'update_mirror_nav', 'message': {'rot': {'_x': -0.42041901687745753, '_y': -2.7723285249017997, '_z': 0, '_order': 'YXZ'}, 'pos': {'x': 0, 'y': 0, 'z': 0}, 'img_id': '8f24318712a24f1a9be2ac1b69fa41fb'}}
1916	client	{'type': 'update', 'action': 'nav', 'message': {'rot': {'_x': -0.4296589952703686, '_y': -1.902548740643469, '_z': 0, '_order': 'YXZ'}, 'pos': {'x': 0, 'y': 0, 'z': 0}, 'img_id': '8f24318712a24f1a9be2ac1b69fa41fb'}}
1916	server	{'type': 'update', 'action': 'update_mirror_nav', 'message': {'rot': {'_x': -0.4296589952703686, '_y': -1.902548740643469, '_z': 0, '_order': 'YXZ'}, 'pos': {'x': 0, 'y': 0, 'z': 0}, 'img_id': '8f24318712a24f1a9be2ac1b69fa41fb'}}
1919	client	{'type': 'update', 'action': 'nav', 'message': {'rot': {'_x': -0.4296589952703686, '_y': -1.269165832394404, '_z': 0, '_order': 'YXZ'}, 'pos': {'x': 0, 'y': 0, 'z': 0}, 'img_id': 'f14140828a1d4639b42fcb2a34f41f53'}}
1919	server	{'type': 'update', 'action': 'update_mirror_nav', 'message': {'rot': {'_x': -0.4296589952703686, '_y': -1.269165832394404, '_z': 0, '_order': 'YXZ'}, 'pos': {'x': 0, 'y': 0, 'z': 0}, 'img_id': 'f14140828a1d4639b42fcb2a34f41f53'}}
1921	client	{'type': 'update', 'action': 'nav', 'message': {'rot': {'_x': -0.6098385739321364, '_y': -1.609288673402885, '_z': 0, '_order': 'YXZ'}, 'pos': {'x': 0, 'y': 0, 'z': 0}, 'img_id': 'f14140828a1d4639b42fcb2a34f41f53'}}
1921	server	{'type': 'update', 'action': 'update_mirror_nav', 'message': {'rot': {'_x': -0.6098385739321364, '_y': -1.609288673402885, '_z': 0, '_order': 'YXZ'}, 'pos': {'x': 0, 'y': 0, 'z': 0}, 'img_id': 'f14140828a1d4639b42fcb2a34f41f53'}}
1923	client	{'type': 'update', 'action': 'nav', 'message': {'rot': {'_x': -0.6375585091108701, '_y': -1.2977257656088563, '_z': 0, '_order': 'YXZ'}, 'pos': {'x': 0, 'y': 0, 'z': 0}, 'img_id': 'f14140828a1d4639b42fcb2a34f41f53'}}
1923	server	{'type': 'update', 'action': 'update_mirror_nav', 'message': {'rot': {'_x': -0.6375585091108701, '_y': -1.2977257656088563, '_z': 0, '_order': 'YXZ'}, 'pos': {'x': 0, 'y': 0, 'z': 0}, 'img_id': 'f14140828a1d4639b42fcb2a34f41f53'}}
1924	client	{'type': 'update', 'action': 'nav', 'message': {'rot': {'_x': -0.4804788764313805, '_y': -0.23841187910915757, '_z': 0, '_order': 'YXZ'}, 'pos': {'x': 0, 'y': 0, 'z': 0}, 'img_id': 'f14140828a1d4639b42fcb2a34f41f53'}}
1924	server	{'type': 'update', 'action': 'update_mirror_nav', 'message': {'rot': {'_x': -0.4804788764313805, '_y': -0.23841187910915757, '_z': 0, '_order': 'YXZ'}, 'pos': {'x': 0, 'y': 0, 'z': 0}, 'img_id': 'f14140828a1d4639b42fcb2a34f41f53'}}
1928	client	{'type': 'update', 'action': 'nav', 'message': {'rot': {'_x': -0.4804788764313805, '_y': 0.3318767943982249, '_z': 0, '_order': 'YXZ'}, 'pos': {'x': 0, 'y': 0, 'z': 0}, 'img_id': '07fb6ea1434a451aa8dc27539ede0991'}}
1928	server	{'type': 'update', 'action': 'update_mirror_nav', 'message': {'rot': {'_x': -0.4804788764313805, '_y': 0.3318767943982249, '_z': 0, '_order': 'YXZ'}, 'pos': {'x': 0, 'y': 0, 'z': 0}, 'img_id': '07fb6ea1434a451aa8dc27539ede0991'}}
1929	client	{'type': 'update', 'action': 'nav', 'message': {'rot': {'_x': -0.323399243751891, '_y': 1.4976413410608833, '_z': 0, '_order': 'YXZ'}, 'pos': {'x': 0, 'y': 0, 'z': 0}, 'img_id': '07fb6ea1434a451aa8dc27539ede0991'}}
1929	server	{'type': 'update', 'action': 'update_mirror_nav', 'message': {'rot': {'_x': -0.323399243751891, '_y': 1.4976413410608833, '_z': 0, '_order': 'YXZ'}, 'pos': {'x': 0, 'y': 0, 'z': 0}, 'img_id': '07fb6ea1434a451aa8dc27539ede0991'}}
1930	client	{'type': 'update', 'action': 'nav', 'message': {'rot': {'_x': -0.6005985955392258, '_y': 0.9082681738171768, '_z': 0, '_order': 'YXZ'}, 'pos': {'x': 0, 'y': 0, 'z': 0}, 'img_id': '07fb6ea1434a451aa8dc27539ede0991'}}
1930	server	{'type': 'update', 'action': 'update_mirror_nav', 'message': {'rot': {'_x': -0.6005985955392258, '_y': 0.9082681738171768, '_z': 0, '_order': 'YXZ'}, 'pos': {'x': 0, 'y': 0, 'z': 0}, 'img_id': '07fb6ea1434a451aa8dc27539ede0991'}}
1931	client	{'type': 'update', 'action': 'nav', 'message': {'rot': {'_x': -0.5636386819675812, '_y': -0.0965222038185669, '_z': 0, '_order': 'YXZ'}, 'pos': {'x': 0, 'y': 0, 'z': 0}, 'img_id': '07fb6ea1434a451aa8dc27539ede0991'}}
1931	server	{'type': 'update', 'action': 'update_mirror_nav', 'message': {'rot': {'_x': -0.5636386819675812, '_y': -0.0965222038185669, '_z': 0, '_order': 'YXZ'}, 'pos': {'x': 0, 'y': 0, 'z': 0}, 'img_id': '07fb6ea1434a451aa8dc27539ede0991'}}
1932	client	{'type': 'update', 'action': 'nav', 'message': {'rot': {'_x': -0.531298757592392, '_y': -1.2285341021368728, '_z': 0, '_order': 'YXZ'}, 'pos': {'x': 0, 'y': 0, 'z': 0}, 'img_id': '07fb6ea1434a451aa8dc27539ede0991'}}
1932	server	{'type': 'update', 'action': 'update_mirror_nav', 'message': {'rot': {'_x': -0.531298757592392, '_y': -1.2285341021368728, '_z': 0, '_order': 'YXZ'}, 'pos': {'x': 0, 'y': 0, 'z': 0}, 'img_id': '07fb6ea1434a451aa8dc27539ede0991'}}
1933	client	{'type': 'update', 'action': 'nav', 'message': {'rot': {'_x': -0.47585888723492514, '_y': -2.4566112303583374, '_z': 0, '_order': 'YXZ'}, 'pos': {'x': 0, 'y': 0, 'z': 0}, 'img_id': '07fb6ea1434a451aa8dc27539ede0991'}}
1933	server	{'type': 'update', 'action': 'update_mirror_nav', 'message': {'rot': {'_x': -0.47585888723492514, '_y': -2.4566112303583374, '_z': 0, '_order': 'YXZ'}, 'pos': {'x': 0, 'y': 0, 'z': 0}, 'img_id': '07fb6ea1434a451aa8dc27539ede0991'}}
1936	client	{'type': 'update', 'action': 'nav', 'message': {'rot': {'_x': -0.47585888723492514, '_y': -2.715031619722859, '_z': 0, '_order': 'YXZ'}, 'pos': {'x': 0, 'y': 0, 'z': 0}, 'img_id': 'f14140828a1d4639b42fcb2a34f41f53'}}
1936	server	{'type': 'update', 'action': 'update_mirror_nav', 'message': {'rot': {'_x': -0.47585888723492514, '_y': -2.715031619722859, '_z': 0, '_order': 'YXZ'}, 'pos': {'x': 0, 'y': 0, 'z': 0}, 'img_id': 'f14140828a1d4639b42fcb2a34f41f53'}}
1937	client	{'type': 'update', 'action': 'nav', 'message': {'rot': {'_x': -0.48509886562783633, '_y': -1.8660226959841302, '_z': 0, '_order': 'YXZ'}, 'pos': {'x': 0, 'y': 0, 'z': 0}, 'img_id': 'f14140828a1d4639b42fcb2a34f41f53'}}
1937	server	{'type': 'update', 'action': 'update_mirror_nav', 'message': {'rot': {'_x': -0.48509886562783633, '_y': -1.8660226959841302, '_z': 0, '_order': 'YXZ'}, 'pos': {'x': 0, 'y': 0, 'z': 0}, 'img_id': 'f14140828a1d4639b42fcb2a34f41f53'}}
1944	client	{'type': 'update', 'action': 'chat', 'message': 'Which direction should I turn next?'}
1944	server	{'type': 'update', 'action': 'add_chat', 'speaker': 'self', 'message': 'Which direction should I turn next?'}
1944	server	{'type': 'update', 'action': 'disable_chat'}
1944	server	{'type': 'update', 'action': 'disable_nav'}
1944	server	{'type': 'update', 'action': 'add_chat', 'speaker': 'other', 'message': 'Which direction should I turn next?'}
1944	server	{'type': 'update', 'action': 'enable_chat'}
1944	server	{'type': 'update', 'action': 'enable_gold_view'}
1967	client	{'type': 'update', 'action': 'chat', 'message': 'Right'}
1967	server	{'type': 'update', 'action': 'add_chat', 'speaker': 'other', 'message': 'Right'}
1967	server	{'type': 'update', 'action': 'enable_chat'}
1967	server	{'type': 'update', 'action': 'enable_nav'}
1967	server	{'type': 'update', 'action': 'add_chat', 'speaker': 'self', 'message': 'Right'}
1967	server	{'type': 'update', 'action': 'disable_chat'}
1967	server	{'type': 'update', 'action': 'disable_gold_view'}
1978	client	{'type': 'update', 'action': 'nav', 'message': {'rot': {'_x': -0.48509886562783633, '_y': -2.6172877168190363, '_z': 0, '_order': 'YXZ'}, 'pos': {'x': 0, 'y': 0, 'z': 0}, 'img_id': 'bb7193904c8b4c4fae2c83ad2fb9fd09'}}
1978	server	{'type': 'update', 'action': 'update_mirror_nav', 'message': {'rot': {'_x': -0.48509886562783633, '_y': -2.6172877168190363, '_z': 0, '_order': 'YXZ'}, 'pos': {'x': 0, 'y': 0, 'z': 0}, 'img_id': 'bb7193904c8b4c4fae2c83ad2fb9fd09'}}
1980	client	{'type': 'update', 'action': 'nav', 'message': {'rot': {'_x': -0.48509886562783633, '_y': -2.74423704616529, '_z': 0, '_order': 'YXZ'}, 'pos': {'x': 0, 'y': 0, 'z': 0}, 'img_id': '0f6a2b014f82459c9a4f8cc4878887f6'}}
1980	server	{'type': 'update', 'action': 'update_mirror_nav', 'message': {'rot': {'_x': -0.48509886562783633, '_y': -2.74423704616529, '_z': 0, '_order': 'YXZ'}, 'pos': {'x': 0, 'y': 0, 'z': 0}, 'img_id': '0f6a2b014f82459c9a4f8cc4878887f6'}}
1983	client	{'type': 'update', 'action': 'nav', 'message': {'rot': {'_x': -0.48509886562783633, '_y': -2.774272654081804, '_z': 0, '_order': 'YXZ'}, 'pos': {'x': 0, 'y': 0, 'z': 0}, 'img_id': '6776a213a00b42b296782b4f569c46b9'}}
1983	server	{'type': 'update', 'action': 'update_mirror_nav', 'message': {'rot': {'_x': -0.48509886562783633, '_y': -2.774272654081804, '_z': 0, '_order': 'YXZ'}, 'pos': {'x': 0, 'y': 0, 'z': 0}, 'img_id': '6776a213a00b42b296782b4f569c46b9'}}
1987	client	{'type': 'update', 'action': 'nav', 'message': {'rot': {'_x': -0.3649791465199914, '_y': -2.4912696795022287, '_z': 0, '_order': 'YXZ'}, 'pos': {'x': 0, 'y': 0, 'z': 0}, 'img_id': '6776a213a00b42b296782b4f569c46b9'}}
1987	server	{'type': 'update', 'action': 'update_mirror_nav', 'message': {'rot': {'_x': -0.3649791465199914, '_y': -2.4912696795022287, '_z': 0, '_order': 'YXZ'}, 'pos': {'x': 0, 'y': 0, 'z': 0}, 'img_id': '6776a213a00b42b296782b4f569c46b9'}}
1988	client	{'type': 'update', 'action': 'nav', 'message': {'rot': {'_x': -0.33263922214480235, '_y': -3.3169113851564056, '_z': 0, '_order': 'YXZ'}, 'pos': {'x': 0, 'y': 0, 'z': 0}, 'img_id': '6776a213a00b42b296782b4f569c46b9'}}
1988	server	{'type': 'update', 'action': 'update_mirror_nav', 'message': {'rot': {'_x': -0.33263922214480235, '_y': -3.3169113851564056, '_z': 0, '_order': 'YXZ'}, 'pos': {'x': 0, 'y': 0, 'z': 0}, 'img_id': '6776a213a00b42b296782b4f569c46b9'}}
1989	client	{'type': 'update', 'action': 'nav', 'message': {'rot': {'_x': -0.07391982714329014, '_y': -4.428152422955109, '_z': 0, '_order': 'YXZ'}, 'pos': {'x': 0, 'y': 0, 'z': 0}, 'img_id': '6776a213a00b42b296782b4f569c46b9'}}
1989	server	{'type': 'update', 'action': 'update_mirror_nav', 'message': {'rot': {'_x': -0.07391982714329014, '_y': -4.428152422955109, '_z': 0, '_order': 'YXZ'}, 'pos': {'x': 0, 'y': 0, 'z': 0}, 'img_id': '6776a213a00b42b296782b4f569c46b9'}}
1990	client	{'type': 'update', 'action': 'nav', 'message': {'rot': {'_x': 0.06467984875037727, '_y': -3.841375613276355, '_z': 0, '_order': 'YXZ'}, 'pos': {'x': 0, 'y': 0, 'z': 0}, 'img_id': '6776a213a00b42b296782b4f569c46b9'}}
1990	server	{'type': 'update', 'action': 'update_mirror_nav', 'message': {'rot': {'_x': 0.06467984875037727, '_y': -3.841375613276355, '_z': 0, '_order': 'YXZ'}, 'pos': {'x': 0, 'y': 0, 'z': 0}, 'img_id': '6776a213a00b42b296782b4f569c46b9'}}
1991	client	{'type': 'update', 'action': 'nav', 'message': {'rot': {'_x': -0.02309994598227871, '_y': -3.1481481434346406, '_z': 0, '_order': 'YXZ'}, 'pos': {'x': 0, 'y': 0, 'z': 0}, 'img_id': '6776a213a00b42b296782b4f569c46b9'}}
1991	server	{'type': 'update', 'action': 'update_mirror_nav', 'message': {'rot': {'_x': -0.02309994598227871, '_y': -3.1481481434346406, '_z': 0, '_order': 'YXZ'}, 'pos': {'x': 0, 'y': 0, 'z': 0}, 'img_id': '6776a213a00b42b296782b4f569c46b9'}}
1997	client	{'type': 'update', 'action': 'chat', 'message': 'Now where should I go?'}
1997	server	{'type': 'update', 'action': 'add_chat', 'speaker': 'self', 'message': 'Now where should I go?'}
1997	server	{'type': 'update', 'action': 'disable_chat'}
1997	server	{'type': 'update', 'action': 'disable_nav'}
1997	server	{'type': 'update', 'action': 'add_chat', 'speaker': 'other', 'message': 'Now where should I go?'}
1997	server	{'type': 'update', 'action': 'enable_chat'}
1997	server	{'type': 'update', 'action': 'enable_gold_view'}
2025	client	{'type': 'update', 'action': 'chat', 'message': 'Go straight until you run into the paintings at the end of the hall.'}
2025	server	{'type': 'update', 'action': 'add_chat', 'speaker': 'other', 'message': 'Go straight until you run into the paintings at the end of the hall.'}
2025	server	{'type': 'update', 'action': 'enable_chat'}
2025	server	{'type': 'update', 'action': 'enable_nav'}
2025	server	{'type': 'update', 'action': 'add_chat', 'speaker': 'self', 'message': 'Go straight until you run into the paintings at the end of the hall.'}
2025	server	{'type': 'update', 'action': 'disable_chat'}
2025	server	{'type': 'update', 'action': 'disable_gold_view'}
2035	client	{'type': 'update', 'action': 'nav', 'message': {'rot': {'_x': -0.3464991897341691, '_y': -3.6310706505153907, '_z': 0, '_order': 'YXZ'}, 'pos': {'x': 0, 'y': 0, 'z': 0}, 'img_id': '6776a213a00b42b296782b4f569c46b9'}}
2035	server	{'type': 'update', 'action': 'update_mirror_nav', 'message': {'rot': {'_x': -0.3464991897341691, '_y': -3.6310706505153907, '_z': 0, '_order': 'YXZ'}, 'pos': {'x': 0, 'y': 0, 'z': 0}, 'img_id': '6776a213a00b42b296782b4f569c46b9'}}
2039	client	{'type': 'update', 'action': 'nav', 'message': {'rot': {'_x': -0.3464991897341691, '_y': -2.8113578085881423, '_z': 0, '_order': 'YXZ'}, 'pos': {'x': 0, 'y': 0, 'z': 0}, 'img_id': '0f35f97fed664257a9abdae8de6ed8a4'}}
2039	server	{'type': 'update', 'action': 'update_mirror_nav', 'message': {'rot': {'_x': -0.3464991897341691, '_y': -2.8113578085881423, '_z': 0, '_order': 'YXZ'}, 'pos': {'x': 0, 'y': 0, 'z': 0}, 'img_id': '0f35f97fed664257a9abdae8de6ed8a4'}}
2048	client	{'type': 'update', 'action': 'nav', 'message': {'rot': {'_x': -0.3464991897341691, '_y': -2.8139916142045402, '_z': 0, '_order': 'YXZ'}, 'pos': {'x': 0, 'y': 0, 'z': 0}, 'img_id': '16e15299d13e4f02b791693e0b1f911b'}}
2048	server	{'type': 'update', 'action': 'update_mirror_nav', 'message': {'rot': {'_x': -0.3464991897341691, '_y': -2.8139916142045402, '_z': 0, '_order': 'YXZ'}, 'pos': {'x': 0, 'y': 0, 'z': 0}, 'img_id': '16e15299d13e4f02b791693e0b1f911b'}}
2052	client	{'type': 'update', 'action': 'nav', 'message': {'rot': {'_x': -0.3464991897341691, '_y': -2.763996815870964, '_z': 0, '_order': 'YXZ'}, 'pos': {'x': 0, 'y': 0, 'z': 0}, 'img_id': '178bf29147d74a31810f3524ef4a1de6'}}
2052	server	{'type': 'update', 'action': 'update_mirror_nav', 'message': {'rot': {'_x': -0.3464991897341691, '_y': -2.763996815870964, '_z': 0, '_order': 'YXZ'}, 'pos': {'x': 0, 'y': 0, 'z': 0}, 'img_id': '178bf29147d74a31810f3524ef4a1de6'}}
2061	client	{'type': 'update', 'action': 'nav', 'message': {'rot': {'_x': -0.3464991897341691, '_y': -2.7528632358197367, '_z': 0, '_order': 'YXZ'}, 'pos': {'x': 0, 'y': 0, 'z': 0}, 'img_id': '1ab9927e1ff946939e92c6c53273d5d9'}}
2061	server	{'type': 'update', 'action': 'update_mirror_nav', 'message': {'rot': {'_x': -0.3464991897341691, '_y': -2.7528632358197367, '_z': 0, '_order': 'YXZ'}, 'pos': {'x': 0, 'y': 0, 'z': 0}, 'img_id': '1ab9927e1ff946939e92c6c53273d5d9'}}
2063	client	{'type': 'update', 'action': 'nav', 'message': {'rot': {'_x': -0.7391982714328931, '_y': -2.7762304539042892, '_z': 0, '_order': 'YXZ'}, 'pos': {'x': 0, 'y': 0, 'z': 0}, 'img_id': '1ab9927e1ff946939e92c6c53273d5d9'}}
2063	server	{'type': 'update', 'action': 'update_mirror_nav', 'message': {'rot': {'_x': -0.7391982714328931, '_y': -2.7762304539042892, '_z': 0, '_order': 'YXZ'}, 'pos': {'x': 0, 'y': 0, 'z': 0}, 'img_id': '1ab9927e1ff946939e92c6c53273d5d9'}}
2068	client	{'type': 'update', 'action': 'nav', 'message': {'rot': {'_x': -0.48971885482429167, '_y': -2.7952891864248546, '_z': 0, '_order': 'YXZ'}, 'pos': {'x': 0, 'y': 0, 'z': 0}, 'img_id': '1ab9927e1ff946939e92c6c53273d5d9'}}
2068	server	{'type': 'update', 'action': 'update_mirror_nav', 'message': {'rot': {'_x': -0.48971885482429167, '_y': -2.7952891864248546, '_z': 0, '_order': 'YXZ'}, 'pos': {'x': 0, 'y': 0, 'z': 0}, 'img_id': '1ab9927e1ff946939e92c6c53273d5d9'}}
2070	client	{'type': 'update', 'action': 'nav', 'message': {'rot': {'_x': -0.4342789844668244, '_y': -2.7797110410351524, '_z': 0, '_order': 'YXZ'}, 'pos': {'x': 0, 'y': 0, 'z': 0}, 'img_id': '1ab9927e1ff946939e92c6c53273d5d9'}}
2070	server	{'type': 'update', 'action': 'update_mirror_nav', 'message': {'rot': {'_x': -0.4342789844668244, '_y': -2.7797110410351524, '_z': 0, '_order': 'YXZ'}, 'pos': {'x': 0, 'y': 0, 'z': 0}, 'img_id': '1ab9927e1ff946939e92c6c53273d5d9'}}
2072	client	{'type': 'update', 'action': 'nav', 'message': {'rot': {'_x': -0.4342789844668244, '_y': -2.8369368886990345, '_z': 0, '_order': 'YXZ'}, 'pos': {'x': 0, 'y': 0, 'z': 0}, 'img_id': 'e4413aba14594e0a884caa9a5948fe20'}}
2072	server	{'type': 'update', 'action': 'update_mirror_nav', 'message': {'rot': {'_x': -0.4342789844668244, '_y': -2.8369368886990345, '_z': 0, '_order': 'YXZ'}, 'pos': {'x': 0, 'y': 0, 'z': 0}, 'img_id': 'e4413aba14594e0a884caa9a5948fe20'}}
2075	client	{'type': 'update', 'action': 'nav', 'message': {'rot': {'_x': -0.8315980553620042, '_y': -3.1744633721425672, '_z': 0, '_order': 'YXZ'}, 'pos': {'x': 0, 'y': 0, 'z': 0}, 'img_id': 'e4413aba14594e0a884caa9a5948fe20'}}
2075	server	{'type': 'update', 'action': 'update_mirror_nav', 'message': {'rot': {'_x': -0.8315980553620042, '_y': -3.1744633721425672, '_z': 0, '_order': 'YXZ'}, 'pos': {'x': 0, 'y': 0, 'z': 0}, 'img_id': 'e4413aba14594e0a884caa9a5948fe20'}}
2080	client	{'type': 'update', 'action': 'chat', 'message': 'Okay, should I turn left or right this time?'}
2080	server	{'type': 'update', 'action': 'add_chat', 'speaker': 'self', 'message': 'Okay, should I turn left or right this time?'}
2080	server	{'type': 'update', 'action': 'disable_chat'}
2080	server	{'type': 'update', 'action': 'disable_nav'}
2080	server	{'type': 'update', 'action': 'add_chat', 'speaker': 'other', 'message': 'Okay, should I turn left or right this time?'}
2080	server	{'type': 'update', 'action': 'enable_chat'}
2080	server	{'type': 'update', 'action': 'enable_gold_view'}
2123	client	{'type': 'update', 'action': 'chat', 'message': "Go left and keep going that way until you get to the bedroom. It's in the adjoined room to the bedroom."}
2123	server	{'type': 'update', 'action': 'add_chat', 'speaker': 'other', 'message': "Go left and keep going that way until you get to the bedroom. It's in the adjoined room to the bedroom."}
2123	server	{'type': 'update', 'action': 'enable_chat'}
2123	server	{'type': 'update', 'action': 'enable_nav'}
2123	server	{'type': 'update', 'action': 'add_chat', 'speaker': 'self', 'message': "Go left and keep going that way until you get to the bedroom. It's in the adjoined room to the bedroom."}
2123	server	{'type': 'update', 'action': 'disable_chat'}
2123	server	{'type': 'update', 'action': 'disable_gold_view'}
2127	client	{'type': 'update', 'action': 'nav', 'message': {'rot': {'_x': -0.9332378176840268, '_y': -2.4682541144761014, '_z': 0, '_order': 'YXZ'}, 'pos': {'x': 0, 'y': 0, 'z': 0}, 'img_id': 'e4413aba14594e0a884caa9a5948fe20'}}
2127	server	{'type': 'update', 'action': 'update_mirror_nav', 'message': {'rot': {'_x': -0.9332378176840268, '_y': -2.4682541144761014, '_z': 0, '_order': 'YXZ'}, 'pos': {'x': 0, 'y': 0, 'z': 0}, 'img_id': 'e4413aba14594e0a884caa9a5948fe20'}}
2128	client	{'type': 'update', 'action': 'nav', 'message': {'rot': {'_x': -0.8084981093797264, '_y': -1.9282117409664505, '_z': 0, '_order': 'YXZ'}, 'pos': {'x': 0, 'y': 0, 'z': 0}, 'img_id': 'e4413aba14594e0a884caa9a5948fe20'}}
2128	server	{'type': 'update', 'action': 'update_mirror_nav', 'message': {'rot': {'_x': -0.8084981093797264, '_y': -1.9282117409664505, '_z': 0, '_order': 'YXZ'}, 'pos': {'x': 0, 'y': 0, 'z': 0}, 'img_id': 'e4413aba14594e0a884caa9a5948fe20'}}
2130	client	{'type': 'update', 'action': 'nav', 'message': {'rot': {'_x': -0.44351896285973597, '_y': -1.4556746641455072, '_z': 0, '_order': 'YXZ'}, 'pos': {'x': 0, 'y': 0, 'z': 0}, 'img_id': 'e4413aba14594e0a884caa9a5948fe20'}}
2130	server	{'type': 'update', 'action': 'update_mirror_nav', 'message': {'rot': {'_x': -0.44351896285973597, '_y': -1.4556746641455072, '_z': 0, '_order': 'YXZ'}, 'pos': {'x': 0, 'y': 0, 'z': 0}, 'img_id': 'e4413aba14594e0a884caa9a5948fe20'}}
2133	client	{'type': 'update', 'action': 'nav', 'message': {'rot': {'_x': -0.44351896285973597, '_y': -1.196191381018628, '_z': 0, '_order': 'YXZ'}, 'pos': {'x': 0, 'y': 0, 'z': 0}, 'img_id': 'b6fa15c48a6a4044a34a405d3990a022'}}
2133	server	{'type': 'update', 'action': 'update_mirror_nav', 'message': {'rot': {'_x': -0.44351896285973597, '_y': -1.196191381018628, '_z': 0, '_order': 'YXZ'}, 'pos': {'x': 0, 'y': 0, 'z': 0}, 'img_id': 'b6fa15c48a6a4044a34a405d3990a022'}}
2136	client	{'type': 'update', 'action': 'nav', 'message': {'rot': {'_x': -0.44351896285973597, '_y': -1.1234171280647343, '_z': 0, '_order': 'YXZ'}, 'pos': {'x': 0, 'y': 0, 'z': 0}, 'img_id': 'e82af99c70ad4f50ab49a5af5d98f783'}}
2136	server	{'type': 'update', 'action': 'update_mirror_nav', 'message': {'rot': {'_x': -0.44351896285973597, '_y': -1.1234171280647343, '_z': 0, '_order': 'YXZ'}, 'pos': {'x': 0, 'y': 0, 'z': 0}, 'img_id': 'e82af99c70ad4f50ab49a5af5d98f783'}}
2137	client	{'type': 'update', 'action': 'nav', 'message': {'rot': {'_x': -0.44351896285973597, '_y': -1.182868434191269, '_z': 0, '_order': 'YXZ'}, 'pos': {'x': 0, 'y': 0, 'z': 0}, 'img_id': '8ecfa79d71b44c04b5c5fd05d2c9160d'}}
2137	server	{'type': 'update', 'action': 'update_mirror_nav', 'message': {'rot': {'_x': -0.44351896285973597, '_y': -1.182868434191269, '_z': 0, '_order': 'YXZ'}, 'pos': {'x': 0, 'y': 0, 'z': 0}, 'img_id': '8ecfa79d71b44c04b5c5fd05d2c9160d'}}
2140	client	{'type': 'update', 'action': 'nav', 'message': {'rot': {'_x': -0.44351896285973597, '_y': -1.1553922971271429, '_z': 0, '_order': 'YXZ'}, 'pos': {'x': 0, 'y': 0, 'z': 0}, 'img_id': 'a8bee39766144657b1eb5a9346804366'}}
2140	server	{'type': 'update', 'action': 'update_mirror_nav', 'message': {'rot': {'_x': -0.44351896285973597, '_y': -1.1553922971271429, '_z': 0, '_order': 'YXZ'}, 'pos': {'x': 0, 'y': 0, 'z': 0}, 'img_id': 'a8bee39766144657b1eb5a9346804366'}}
2141	client	{'type': 'update', 'action': 'nav', 'message': {'rot': {'_x': -0.45275894125264715, '_y': -2.282211480315548, '_z': 0, '_order': 'YXZ'}, 'pos': {'x': 0, 'y': 0, 'z': 0}, 'img_id': 'a8bee39766144657b1eb5a9346804366'}}
2141	server	{'type': 'update', 'action': 'update_mirror_nav', 'message': {'rot': {'_x': -0.45275894125264715, '_y': -2.282211480315548, '_z': 0, '_order': 'YXZ'}, 'pos': {'x': 0, 'y': 0, 'z': 0}, 'img_id': 'a8bee39766144657b1eb5a9346804366'}}
2144	client	{'type': 'update', 'action': 'nav', 'message': {'rot': {'_x': -0.45275894125264715, '_y': -2.6180892225479178, '_z': 0, '_order': 'YXZ'}, 'pos': {'x': 0, 'y': 0, 'z': 0}, 'img_id': 'ec04ef10a0664e94878aa2d0f1720c2f'}}
2144	server	{'type': 'update', 'action': 'update_mirror_nav', 'message': {'rot': {'_x': -0.45275894125264715, '_y': -2.6180892225479178, '_z': 0, '_order': 'YXZ'}, 'pos': {'x': 0, 'y': 0, 'z': 0}, 'img_id': 'ec04ef10a0664e94878aa2d0f1720c2f'}}
2145	client	{'type': 'update', 'action': 'nav', 'message': {'rot': {'_x': -0.43889897366328046, '_y': -1.78725480176384, '_z': 0, '_order': 'YXZ'}, 'pos': {'x': 0, 'y': 0, 'z': 0}, 'img_id': 'ec04ef10a0664e94878aa2d0f1720c2f'}}
2145	server	{'type': 'update', 'action': 'update_mirror_nav', 'message': {'rot': {'_x': -0.43889897366328046, '_y': -1.78725480176384, '_z': 0, '_order': 'YXZ'}, 'pos': {'x': 0, 'y': 0, 'z': 0}, 'img_id': 'ec04ef10a0664e94878aa2d0f1720c2f'}}
2148	client	{'type': 'update', 'action': 'nav', 'message': {'rot': {'_x': -0.43889897366328046, '_y': -1.2686695968618122, '_z': 0, '_order': 'YXZ'}, 'pos': {'x': 0, 'y': 0, 'z': 0}, 'img_id': '765293b6cd0a4bf4a50595038eb2b623'}}
2148	server	{'type': 'update', 'action': 'update_mirror_nav', 'message': {'rot': {'_x': -0.43889897366328046, '_y': -1.2686695968618122, '_z': 0, '_order': 'YXZ'}, 'pos': {'x': 0, 'y': 0, 'z': 0}, 'img_id': '765293b6cd0a4bf4a50595038eb2b623'}}
2150	client	{'type': 'update', 'action': 'guess_stop', 'value': '765293b6cd0a4bf4a50595038eb2b623'}
2150	server	{'type': 'update', 'action': 'set_aux', 'message': 'Congrats, you found the room!'}
2150	server	{'type': 'update', 'action': 'disable_chat'}
2150	server	{'type': 'update', 'action': 'disable_nav'}
2150	server	{'type': 'update', 'action': 'enable_exit', 'message': {'oracle': '5cfd5e36be024', 'navigator': '5cfd5de1c26d1'}}
2150	server	{'type': 'update', 'action': 'set_aux', 'message': 'Congrats, you helped your partner find the room!'}
2150	server	{'type': 'update', 'action': 'disable_chat'}
2150	server	{'type': 'update', 'action': 'disable_gold_view'}
2150	server	{'type': 'update', 'action': 'enable_exit', 'message': {'oracle': '5cfd5e36be024', 'navigator': '5cfd5de1c26d1'}}
