8315	server	{'type': 'update', 'action': 'set_house', 'value': 'wc2JMjhGNzB'}
8315	server	{'type': 'update', 'action': 'set_target_obj', 'value': 'stool'}
8315	server	{'type': 'update', 'action': 'set_start_pano', 'value': 'dc4a9f470b834de1983c7e605ff06b2e'}
8315	server	{'type': 'update', 'action': 'set_aux', 'message': 'Another player connected! You are The Navigator.'}
8315	server	{'type': 'update', 'action': 'show_chat'}
8315	server	{'type': 'update', 'action': 'show_nav'}
8315	server	{'type': 'update', 'action': 'enable_chat'}
8315	server	{'type': 'update', 'action': 'enable_nav'}
8315	server	{'type': 'update', 'action': 'set_house', 'value': 'wc2JMjhGNzB'}
8315	server	{'type': 'update', 'action': 'set_target_obj', 'value': 'stool'}
8315	server	{'type': 'update', 'action': 'set_start_pano', 'value': 'dc4a9f470b834de1983c7e605ff06b2e'}
8315	server	{'type': 'update', 'action': 'set_end_panos', 'value': '074ac1d681e3415081b89cf582e1e995,0bc39539e0434ceaab91e2b2647a51e3,8680af4757b347ca952431962131b9b6,9941156a2a954273ac7a9983b3663b25'}
8315	server	{'type': 'update', 'action': 'set_aux', 'message': 'Another player connected! You are The Oracle.'}
8315	server	{'type': 'update', 'action': 'show_chat'}
8315	server	{'type': 'update', 'action': 'show_mirror_nav'}
8315	server	{'type': 'update', 'action': 'show_gold_view'}
8320	client	{'type': 'update', 'action': 'nav', 'message': {'rot': {'_x': 0, '_y': 0, '_z': 0, '_order': 'YXZ'}, 'pos': {'x': 0, 'y': 0, 'z': 0}, 'img_id': 'dc4a9f470b834de1983c7e605ff06b2e'}}
8320	server	{'type': 'update', 'action': 'update_mirror_nav', 'message': {'rot': {'_x': 0, '_y': 0, '_z': 0, '_order': 'YXZ'}, 'pos': {'x': 0, 'y': 0, 'z': 0}, 'img_id': 'dc4a9f470b834de1983c7e605ff06b2e'}}
8347	client	{'type': 'update', 'action': 'chat', 'message': 'go to the room with the stool'}
8347	server	{'type': 'update', 'action': 'add_chat', 'speaker': 'self', 'message': 'go to the room with the stool'}
8347	server	{'type': 'update', 'action': 'disable_chat'}
8347	server	{'type': 'update', 'action': 'disable_nav'}
8347	server	{'type': 'update', 'action': 'add_chat', 'speaker': 'other', 'message': 'go to the room with the stool'}
8347	server	{'type': 'update', 'action': 'enable_chat'}
8347	server	{'type': 'update', 'action': 'enable_gold_view'}
8449	client	{'type': 'update', 'action': 'chat', 'message': 'goleft  past the toilet and turn right out of the bathroom and down the hall into the empty room and turn right'}
8449	server	{'type': 'update', 'action': 'add_chat', 'speaker': 'other', 'message': 'goleft  past the toilet and turn right out of the bathroom and down the hall into the empty room and turn right'}
8449	server	{'type': 'update', 'action': 'enable_chat'}
8449	server	{'type': 'update', 'action': 'enable_nav'}
8449	server	{'type': 'update', 'action': 'add_chat', 'speaker': 'self', 'message': 'goleft  past the toilet and turn right out of the bathroom and down the hall into the empty room and turn right'}
8449	server	{'type': 'update', 'action': 'disable_chat'}
8449	server	{'type': 'update', 'action': 'disable_gold_view'}
8459	client	{'type': 'update', 'action': 'nav', 'message': {'rot': {'_x': -0.5207297412114591, '_y': 1.4956502062229176, '_z': 0, '_order': 'YXZ'}, 'pos': {'x': 0, 'y': 0, 'z': 0}, 'img_id': 'dc4a9f470b834de1983c7e605ff06b2e'}}
8459	server	{'type': 'update', 'action': 'update_mirror_nav', 'message': {'rot': {'_x': -0.5207297412114591, '_y': 1.4956502062229176, '_z': 0, '_order': 'YXZ'}, 'pos': {'x': 0, 'y': 0, 'z': 0}, 'img_id': 'dc4a9f470b834de1983c7e605ff06b2e'}}
8474	client	{'type': 'update', 'action': 'chat', 'message': ''}
8474	server	{'type': 'update', 'action': 'add_chat', 'speaker': 'self', 'message': ''}
8474	server	{'type': 'update', 'action': 'disable_chat'}
8474	server	{'type': 'update', 'action': 'disable_nav'}
8474	server	{'type': 'update', 'action': 'add_chat', 'speaker': 'other', 'message': ''}
8474	server	{'type': 'update', 'action': 'enable_chat'}
8474	server	{'type': 'update', 'action': 'enable_gold_view'}
8592	client	{'type': 'update', 'action': 'chat', 'message': 'go through the right doorway of the empty room'}
8592	server	{'type': 'update', 'action': 'add_chat', 'speaker': 'other', 'message': 'go through the right doorway of the empty room'}
8592	server	{'type': 'update', 'action': 'enable_chat'}
8592	server	{'type': 'update', 'action': 'enable_nav'}
8592	server	{'type': 'update', 'action': 'add_chat', 'speaker': 'self', 'message': 'go through the right doorway of the empty room'}
8592	server	{'type': 'update', 'action': 'disable_chat'}
8592	server	{'type': 'update', 'action': 'disable_gold_view'}
8891	server	{'type': 'update', 'action': 'set_aux', 'message': 'Looks like you or your partner took too long to respond. Sorry about that! You can end the HIT and recieve payment.'}
8891	server	{'type': 'update', 'action': 'disable_chat'}
8891	server	{'type': 'update', 'action': 'disable_gold_view'}
8891	server	{'type': 'update', 'action': 'enable_exit'}
