9246	server	{'type': 'update', 'action': 'set_house', 'value': 'Vt2qJdWjCF2'}
9246	server	{'type': 'update', 'action': 'set_target_obj', 'value': 'vase'}
9246	server	{'type': 'update', 'action': 'set_start_pano', 'value': 'd75e05b439da412d9615fa190f75bc3c'}
9246	server	{'type': 'update', 'action': 'set_aux', 'message': 'Another player connected! You are The Navigator.'}
9246	server	{'type': 'update', 'action': 'hide_instructions'}
9246	server	{'type': 'update', 'action': 'show_chat'}
9246	server	{'type': 'update', 'action': 'show_nav'}
9246	server	{'type': 'update', 'action': 'enable_chat'}
9246	server	{'type': 'update', 'action': 'enable_nav'}
9246	server	{'type': 'update', 'action': 'set_house', 'value': 'Vt2qJdWjCF2'}
9246	server	{'type': 'update', 'action': 'set_target_obj', 'value': 'vase'}
9246	server	{'type': 'update', 'action': 'set_start_pano', 'value': 'd75e05b439da412d9615fa190f75bc3c'}
9246	server	{'type': 'update', 'action': 'set_end_panos', 'value': '193b90f8ef4b456081904519e07fe98f,382d39852e2a4c13a9545c6b69c5c9f8,a065d99d11a84247a796f012e6b63bac,4e1f80bab73e472e8f833bfd75f55d7f,3ed7ce0893dd444a829af0b9d7def070,a9b342ad80f0428c84fd3a135a32c575,d438a0acaa9a4b8daf7cdc2919fb78c7'}
9246	server	{'type': 'update', 'action': 'set_aux', 'message': 'Another player connected! You are The Oracle.'}
9246	server	{'type': 'update', 'action': 'hide_instructions'}
9246	server	{'type': 'update', 'action': 'show_chat'}
9246	server	{'type': 'update', 'action': 'show_mirror_nav'}
9246	server	{'type': 'update', 'action': 'show_gold_view'}
9251	client	{'type': 'update', 'action': 'nav', 'message': {'rot': {'_x': 0, '_y': 0, '_z': 0, '_order': 'YXZ'}, 'pos': {'x': 0, 'y': 0, 'z': 0}, 'img_id': 'd75e05b439da412d9615fa190f75bc3c'}}
9251	server	{'type': 'update', 'action': 'update_mirror_nav', 'message': {'rot': {'_x': 0, '_y': 0, '_z': 0, '_order': 'YXZ'}, 'pos': {'x': 0, 'y': 0, 'z': 0}, 'img_id': 'd75e05b439da412d9615fa190f75bc3c'}}
9327	client	{'type': 'update', 'action': 'chat', 'message': 'Should I go though the door past the weight machine or turn around?'}
9327	server	{'type': 'update', 'action': 'add_chat', 'speaker': 'self', 'message': 'Should I go though the door past the weight machine or turn around?'}
9327	server	{'type': 'update', 'action': 'disable_chat'}
9327	server	{'type': 'update', 'action': 'disable_nav'}
9327	server	{'type': 'update', 'action': 'add_chat', 'speaker': 'other', 'message': 'Should I go though the door past the weight machine or turn around?'}
9327	server	{'type': 'update', 'action': 'enable_chat'}
9327	server	{'type': 'update', 'action': 'enable_gold_view'}
9379	client	{'type': 'update', 'action': 'chat', 'message': 'go through the double wooden doors, with one open.'}
9379	server	{'type': 'update', 'action': 'add_chat', 'speaker': 'other', 'message': 'go through the double wooden doors, with one open.'}
9379	server	{'type': 'update', 'action': 'enable_chat'}
9379	server	{'type': 'update', 'action': 'enable_nav'}
9379	server	{'type': 'update', 'action': 'add_chat', 'speaker': 'self', 'message': 'go through the double wooden doors, with one open.'}
9379	server	{'type': 'update', 'action': 'disable_chat'}
9379	server	{'type': 'update', 'action': 'disable_gold_view'}
9410	client	{'type': 'update', 'action': 'nav', 'message': {'rot': {'_x': -0.6712008043277895, '_y': -0.05506965419481268, '_z': 0, '_order': 'YXZ'}, 'pos': {'x': 0, 'y': 0, 'z': 0}, 'img_id': 'd75e05b439da412d9615fa190f75bc3c'}}
9410	server	{'type': 'update', 'action': 'update_mirror_nav', 'message': {'rot': {'_x': -0.6712008043277895, '_y': -0.05506965419481268, '_z': 0, '_order': 'YXZ'}, 'pos': {'x': 0, 'y': 0, 'z': 0}, 'img_id': 'd75e05b439da412d9615fa190f75bc3c'}}
9414	client	{'type': 'update', 'action': 'nav', 'message': {'rot': {'_x': -0.14915573429506446, '_y': -0.5978991026865381, '_z': 0, '_order': 'YXZ'}, 'pos': {'x': 0, 'y': 0, 'z': 0}, 'img_id': 'd75e05b439da412d9615fa190f75bc3c'}}
9414	server	{'type': 'update', 'action': 'update_mirror_nav', 'message': {'rot': {'_x': -0.14915573429506446, '_y': -0.5978991026865381, '_z': 0, '_order': 'YXZ'}, 'pos': {'x': 0, 'y': 0, 'z': 0}, 'img_id': 'd75e05b439da412d9615fa190f75bc3c'}}
9429	client	{'type': 'update', 'action': 'nav', 'message': {'rot': {'_x': -0.14915573429506446, '_y': -0.7338390167273978, '_z': 0, '_order': 'YXZ'}, 'pos': {'x': 0, 'y': 0, 'z': 0}, 'img_id': '387468f468084bb791ec624acc88dada'}}
9429	server	{'type': 'update', 'action': 'update_mirror_nav', 'message': {'rot': {'_x': -0.14915573429506446, '_y': -0.7338390167273978, '_z': 0, '_order': 'YXZ'}, 'pos': {'x': 0, 'y': 0, 'z': 0}, 'img_id': '387468f468084bb791ec624acc88dada'}}
9477	client	{'type': 'update', 'action': 'nav', 'message': {'rot': {'_x': 0.037843828418613744, '_y': 0.2619336547229382, '_z': 0, '_order': 'YXZ'}, 'pos': {'x': 0, 'y': 0, 'z': 0}, 'img_id': '387468f468084bb791ec624acc88dada'}}
9477	server	{'type': 'update', 'action': 'update_mirror_nav', 'message': {'rot': {'_x': 0.037843828418613744, '_y': 0.2619336547229382, '_z': 0, '_order': 'YXZ'}, 'pos': {'x': 0, 'y': 0, 'z': 0}, 'img_id': '387468f468084bb791ec624acc88dada'}}
9479	client	{'type': 'update', 'action': 'nav', 'message': {'rot': {'_x': -0.26966656359943464, '_y': 1.3652310747336394, '_z': 0, '_order': 'YXZ'}, 'pos': {'x': 0, 'y': 0, 'z': 0}, 'img_id': '387468f468084bb791ec624acc88dada'}}
9479	server	{'type': 'update', 'action': 'update_mirror_nav', 'message': {'rot': {'_x': -0.26966656359943464, '_y': 1.3652310747336394, '_z': 0, '_order': 'YXZ'}, 'pos': {'x': 0, 'y': 0, 'z': 0}, 'img_id': '387468f468084bb791ec624acc88dada'}}
9480	client	{'type': 'update', 'action': 'nav', 'message': {'rot': {'_x': -0.42342175960845885, '_y': 2.3119163609716353, '_z': 0, '_order': 'YXZ'}, 'pos': {'x': 0, 'y': 0, 'z': 0}, 'img_id': '387468f468084bb791ec624acc88dada'}}
9480	server	{'type': 'update', 'action': 'update_mirror_nav', 'message': {'rot': {'_x': -0.42342175960845885, '_y': 2.3119163609716353, '_z': 0, '_order': 'YXZ'}, 'pos': {'x': 0, 'y': 0, 'z': 0}, 'img_id': '387468f468084bb791ec624acc88dada'}}
9481	client	{'type': 'update', 'action': 'nav', 'message': {'rot': {'_x': -0.26135547192327113, '_y': 3.188476811192002, '_z': 0, '_order': 'YXZ'}, 'pos': {'x': 0, 'y': 0, 'z': 0}, 'img_id': '387468f468084bb791ec624acc88dada'}}
9481	server	{'type': 'update', 'action': 'update_mirror_nav', 'message': {'rot': {'_x': -0.26135547192327113, '_y': 3.188476811192002, '_z': 0, '_order': 'YXZ'}, 'pos': {'x': 0, 'y': 0, 'z': 0}, 'img_id': '387468f468084bb791ec624acc88dada'}}
9482	client	{'type': 'update', 'action': 'nav', 'message': {'rot': {'_x': -0.23226665105669903, '_y': 4.2473618350582045, '_z': 0, '_order': 'YXZ'}, 'pos': {'x': 0, 'y': 0, 'z': 0}, 'img_id': '387468f468084bb791ec624acc88dada'}}
9482	server	{'type': 'update', 'action': 'update_mirror_nav', 'message': {'rot': {'_x': -0.23226665105669903, '_y': 4.2473618350582045, '_z': 0, '_order': 'YXZ'}, 'pos': {'x': 0, 'y': 0, 'z': 0}, 'img_id': '387468f468084bb791ec624acc88dada'}}
9483	client	{'type': 'update', 'action': 'nav', 'message': {'rot': {'_x': -0.21564446770437212, '_y': 5.067822416464469, '_z': 0, '_order': 'YXZ'}, 'pos': {'x': 0, 'y': 0, 'z': 0}, 'img_id': '387468f468084bb791ec624acc88dada'}}
9484	server	{'type': 'update', 'action': 'update_mirror_nav', 'message': {'rot': {'_x': -0.21564446770437212, '_y': 5.067822416464469, '_z': 0, '_order': 'YXZ'}, 'pos': {'x': 0, 'y': 0, 'z': 0}, 'img_id': '387468f468084bb791ec624acc88dada'}}
9487	client	{'type': 'update', 'action': 'nav', 'message': {'rot': {'_x': -0.21564446770437212, '_y': 5.504324428115384, '_z': 0, '_order': 'YXZ'}, 'pos': {'x': 0, 'y': 0, 'z': 0}, 'img_id': '0466c6f47b2a4e9bb2a665cfd9bb6fc5'}}
9487	server	{'type': 'update', 'action': 'update_mirror_nav', 'message': {'rot': {'_x': -0.21564446770437212, '_y': 5.504324428115384, '_z': 0, '_order': 'YXZ'}, 'pos': {'x': 0, 'y': 0, 'z': 0}, 'img_id': '0466c6f47b2a4e9bb2a665cfd9bb6fc5'}}
9494	client	{'type': 'update', 'action': 'nav', 'message': {'rot': {'_x': -0.21564446770437212, '_y': 5.700022257988475, '_z': 0, '_order': 'YXZ'}, 'pos': {'x': 0, 'y': 0, 'z': 0}, 'img_id': '7b462c3b3772421d95a82c75774c9331'}}
9494	server	{'type': 'update', 'action': 'update_mirror_nav', 'message': {'rot': {'_x': -0.21564446770437212, '_y': 5.700022257988475, '_z': 0, '_order': 'YXZ'}, 'pos': {'x': 0, 'y': 0, 'z': 0}, 'img_id': '7b462c3b3772421d95a82c75774c9331'}}
9497	client	{'type': 'update', 'action': 'nav', 'message': {'rot': {'_x': -0.21564446770437212, '_y': 5.595558768380316, '_z': 0, '_order': 'YXZ'}, 'pos': {'x': 0, 'y': 0, 'z': 0}, 'img_id': '8ec538d0dcae45fcb93a2b0dc46aae14'}}
9497	server	{'type': 'update', 'action': 'update_mirror_nav', 'message': {'rot': {'_x': -0.21564446770437212, '_y': 5.595558768380316, '_z': 0, '_order': 'YXZ'}, 'pos': {'x': 0, 'y': 0, 'z': 0}, 'img_id': '8ec538d0dcae45fcb93a2b0dc46aae14'}}
9500	client	{'type': 'update', 'action': 'nav', 'message': {'rot': {'_x': -0.21564446770437212, '_y': 5.676303146382976, '_z': 0, '_order': 'YXZ'}, 'pos': {'x': 0, 'y': 0, 'z': 0}, 'img_id': '07755927672949d9805e613060b12da2'}}
9500	server	{'type': 'update', 'action': 'update_mirror_nav', 'message': {'rot': {'_x': -0.21564446770437212, '_y': 5.676303146382976, '_z': 0, '_order': 'YXZ'}, 'pos': {'x': 0, 'y': 0, 'z': 0}, 'img_id': '07755927672949d9805e613060b12da2'}}
9502	client	{'type': 'update', 'action': 'nav', 'message': {'rot': {'_x': -0.21564446770437212, '_y': 5.500838636927641, '_z': 0, '_order': 'YXZ'}, 'pos': {'x': 0, 'y': 0, 'z': 0}, 'img_id': 'd3060602dee14c8fbfa91514b7a508c3'}}
9502	server	{'type': 'update', 'action': 'update_mirror_nav', 'message': {'rot': {'_x': -0.21564446770437212, '_y': 5.500838636927641, '_z': 0, '_order': 'YXZ'}, 'pos': {'x': 0, 'y': 0, 'z': 0}, 'img_id': 'd3060602dee14c8fbfa91514b7a508c3'}}
9505	client	{'type': 'update', 'action': 'nav', 'message': {'rot': {'_x': -0.21564446770437212, '_y': 5.388246204468132, '_z': 0, '_order': 'YXZ'}, 'pos': {'x': 0, 'y': 0, 'z': 0}, 'img_id': 'd7af42707d724900a0a52c96a1514d53'}}
9505	server	{'type': 'update', 'action': 'update_mirror_nav', 'message': {'rot': {'_x': -0.21564446770437212, '_y': 5.388246204468132, '_z': 0, '_order': 'YXZ'}, 'pos': {'x': 0, 'y': 0, 'z': 0}, 'img_id': 'd7af42707d724900a0a52c96a1514d53'}}
9509	client	{'type': 'update', 'action': 'nav', 'message': {'rot': {'_x': -0.35277748036106954, '_y': 6.36999390871495, '_z': 0, '_order': 'YXZ'}, 'pos': {'x': 0, 'y': 0, 'z': 0}, 'img_id': 'd7af42707d724900a0a52c96a1514d53'}}
9509	server	{'type': 'update', 'action': 'update_mirror_nav', 'message': {'rot': {'_x': -0.35277748036106954, '_y': 6.36999390871495, '_z': 0, '_order': 'YXZ'}, 'pos': {'x': 0, 'y': 0, 'z': 0}, 'img_id': 'd7af42707d724900a0a52c96a1514d53'}}
9513	client	{'type': 'update', 'action': 'nav', 'message': {'rot': {'_x': -0.44419948879886745, '_y': 6.194681818670862, '_z': 0, '_order': 'YXZ'}, 'pos': {'x': 0, 'y': 0, 'z': 0}, 'img_id': 'd7af42707d724900a0a52c96a1514d53'}}
9513	server	{'type': 'update', 'action': 'update_mirror_nav', 'message': {'rot': {'_x': -0.44419948879886745, '_y': 6.194681818670862, '_z': 0, '_order': 'YXZ'}, 'pos': {'x': 0, 'y': 0, 'z': 0}, 'img_id': 'd7af42707d724900a0a52c96a1514d53'}}
9514	client	{'type': 'update', 'action': 'nav', 'message': {'rot': {'_x': -0.8555985267689593, '_y': 5.184884180017, '_z': 0, '_order': 'YXZ'}, 'pos': {'x': 0, 'y': 0, 'z': 0}, 'img_id': 'd7af42707d724900a0a52c96a1514d53'}}
9514	server	{'type': 'update', 'action': 'update_mirror_nav', 'message': {'rot': {'_x': -0.8555985267689593, '_y': 5.184884180017, '_z': 0, '_order': 'YXZ'}, 'pos': {'x': 0, 'y': 0, 'z': 0}, 'img_id': 'd7af42707d724900a0a52c96a1514d53'}}
9515	client	{'type': 'update', 'action': 'nav', 'message': {'rot': {'_x': -0.6187324139982998, '_y': 4.553760655858334, '_z': 0, '_order': 'YXZ'}, 'pos': {'x': 0, 'y': 0, 'z': 0}, 'img_id': 'd7af42707d724900a0a52c96a1514d53'}}
9515	server	{'type': 'update', 'action': 'update_mirror_nav', 'message': {'rot': {'_x': -0.6187324139982998, '_y': 4.553760655858334, '_z': 0, '_order': 'YXZ'}, 'pos': {'x': 0, 'y': 0, 'z': 0}, 'img_id': 'd7af42707d724900a0a52c96a1514d53'}}
9519	client	{'type': 'update', 'action': 'nav', 'message': {'rot': {'_x': -0.38186630122764054, '_y': 5.025934551710371, '_z': 0, '_order': 'YXZ'}, 'pos': {'x': 0, 'y': 0, 'z': 0}, 'img_id': 'd7af42707d724900a0a52c96a1514d53'}}
9519	server	{'type': 'update', 'action': 'update_mirror_nav', 'message': {'rot': {'_x': -0.38186630122764054, '_y': 5.025934551710371, '_z': 0, '_order': 'YXZ'}, 'pos': {'x': 0, 'y': 0, 'z': 0}, 'img_id': 'd7af42707d724900a0a52c96a1514d53'}}
9538	client	{'type': 'update', 'action': 'nav', 'message': {'rot': {'_x': -0.5813325014555643, '_y': 5.079696925990557, '_z': 0, '_order': 'YXZ'}, 'pos': {'x': 0, 'y': 0, 'z': 0}, 'img_id': 'd7af42707d724900a0a52c96a1514d53'}}
9538	server	{'type': 'update', 'action': 'update_mirror_nav', 'message': {'rot': {'_x': -0.5813325014555643, '_y': 5.079696925990557, '_z': 0, '_order': 'YXZ'}, 'pos': {'x': 0, 'y': 0, 'z': 0}, 'img_id': 'd7af42707d724900a0a52c96a1514d53'}}
9562	client	{'type': 'update', 'action': 'chat', 'message': 'Should I go don the tairs past the desk and the sign that says The Marmara?'}
9562	server	{'type': 'update', 'action': 'add_chat', 'speaker': 'self', 'message': 'Should I go don the tairs past the desk and the sign that says The Marmara?'}
9562	server	{'type': 'update', 'action': 'disable_chat'}
9562	server	{'type': 'update', 'action': 'disable_nav'}
9562	server	{'type': 'update', 'action': 'add_chat', 'speaker': 'other', 'message': 'Should I go don the tairs past the desk and the sign that says The Marmara?'}
9562	server	{'type': 'update', 'action': 'enable_chat'}
9562	server	{'type': 'update', 'action': 'enable_gold_view'}
9686	client	{'type': 'update', 'action': 'chat', 'message': "you're seeking a room with a vase in it. It appears you need to go down the stairs, and then turn left. The wall will have a sign at the top with a small person on it and an arrow, in the direction you should turn at the end of the stairs."}
9686	server	{'type': 'update', 'action': 'add_chat', 'speaker': 'other', 'message': "you're seeking a room with a vase in it. It appears you need to go down the stairs, and then turn left. The wall will have a sign at the top with a small person on it and an arrow, in the direction you should turn at the end of the stairs."}
9686	server	{'type': 'update', 'action': 'enable_chat'}
9686	server	{'type': 'update', 'action': 'enable_nav'}
9686	server	{'type': 'update', 'action': 'add_chat', 'speaker': 'self', 'message': "you're seeking a room with a vase in it. It appears you need to go down the stairs, and then turn left. The wall will have a sign at the top with a small person on it and an arrow, in the direction you should turn at the end of the stairs."}
9686	server	{'type': 'update', 'action': 'disable_chat'}
9686	server	{'type': 'update', 'action': 'disable_gold_view'}
9708	client	{'type': 'update', 'action': 'nav', 'message': {'rot': {'_x': -0.5813325014555643, '_y': 4.959693971026332, '_z': 0, '_order': 'YXZ'}, 'pos': {'x': 0, 'y': 0, 'z': 0}, 'img_id': '9233dda582d3416280a3897b4231ae8b'}}
9708	server	{'type': 'update', 'action': 'update_mirror_nav', 'message': {'rot': {'_x': -0.5813325014555643, '_y': 4.959693971026332, '_z': 0, '_order': 'YXZ'}, 'pos': {'x': 0, 'y': 0, 'z': 0}, 'img_id': '9233dda582d3416280a3897b4231ae8b'}}
9712	client	{'type': 'update', 'action': 'nav', 'message': {'rot': {'_x': -0.5813325014555643, '_y': 4.408151945227701, '_z': 0, '_order': 'YXZ'}, 'pos': {'x': 0, 'y': 0, 'z': 0}, 'img_id': 'fb424da0579e41789dabe65119f82cf5'}}
9712	server	{'type': 'update', 'action': 'update_mirror_nav', 'message': {'rot': {'_x': -0.5813325014555643, '_y': 4.408151945227701, '_z': 0, '_order': 'YXZ'}, 'pos': {'x': 0, 'y': 0, 'z': 0}, 'img_id': 'fb424da0579e41789dabe65119f82cf5'}}
9713	client	{'type': 'update', 'action': 'nav', 'message': {'rot': {'_x': -0.5813325014555643, '_y': 4.345039592811833, '_z': 0, '_order': 'YXZ'}, 'pos': {'x': 0, 'y': 0, 'z': 0}, 'img_id': 'fb424da0579e41789dabe65119f82cf5'}}
9713	server	{'type': 'update', 'action': 'update_mirror_nav', 'message': {'rot': {'_x': -0.5813325014555643, '_y': 4.345039592811833, '_z': 0, '_order': 'YXZ'}, 'pos': {'x': 0, 'y': 0, 'z': 0}, 'img_id': 'fb424da0579e41789dabe65119f82cf5'}}
9715	client	{'type': 'update', 'action': 'nav', 'message': {'rot': {'_x': -0.5813325014555643, '_y': 4.137203481481239, '_z': 0, '_order': 'YXZ'}, 'pos': {'x': 0, 'y': 0, 'z': 0}, 'img_id': '5e6c088b84644a6c8d1e60054c1435bc'}}
9715	server	{'type': 'update', 'action': 'update_mirror_nav', 'message': {'rot': {'_x': -0.5813325014555643, '_y': 4.137203481481239, '_z': 0, '_order': 'YXZ'}, 'pos': {'x': 0, 'y': 0, 'z': 0}, 'img_id': '5e6c088b84644a6c8d1e60054c1435bc'}}
9717	client	{'type': 'update', 'action': 'nav', 'message': {'rot': {'_x': -0.5813325014555643, '_y': 3.9377429533147925, '_z': 0, '_order': 'YXZ'}, 'pos': {'x': 0, 'y': 0, 'z': 0}, 'img_id': 'd5d55e9c922d4a959f173e71af05a198'}}
9717	server	{'type': 'update', 'action': 'update_mirror_nav', 'message': {'rot': {'_x': -0.5813325014555643, '_y': 3.9377429533147925, '_z': 0, '_order': 'YXZ'}, 'pos': {'x': 0, 'y': 0, 'z': 0}, 'img_id': 'd5d55e9c922d4a959f173e71af05a198'}}
9722	client	{'type': 'update', 'action': 'nav', 'message': {'rot': {'_x': -0.5813325014555643, '_y': 2.927978795882909, '_z': 0, '_order': 'YXZ'}, 'pos': {'x': 0, 'y': 0, 'z': 0}, 'img_id': '111d9b1b00e34dec8b8fab0157e0aaa1'}}
9722	server	{'type': 'update', 'action': 'update_mirror_nav', 'message': {'rot': {'_x': -0.5813325014555643, '_y': 2.927978795882909, '_z': 0, '_order': 'YXZ'}, 'pos': {'x': 0, 'y': 0, 'z': 0}, 'img_id': '111d9b1b00e34dec8b8fab0157e0aaa1'}}
9723	client	{'type': 'update', 'action': 'nav', 'message': {'rot': {'_x': -0.901309530987858, '_y': 2.2103679739691695, '_z': 0, '_order': 'YXZ'}, 'pos': {'x': 0, 'y': 0, 'z': 0}, 'img_id': '111d9b1b00e34dec8b8fab0157e0aaa1'}}
9723	server	{'type': 'update', 'action': 'update_mirror_nav', 'message': {'rot': {'_x': -0.901309530987858, '_y': 2.2103679739691695, '_z': 0, '_order': 'YXZ'}, 'pos': {'x': 0, 'y': 0, 'z': 0}, 'img_id': '111d9b1b00e34dec8b8fab0157e0aaa1'}}
9729	client	{'type': 'update', 'action': 'nav', 'message': {'rot': {'_x': -0.901309530987858, '_y': 1.463398084250472, '_z': 0, '_order': 'YXZ'}, 'pos': {'x': 0, 'y': 0, 'z': 0}, 'img_id': '9008242054bc44058bea9ea8564ce407'}}
9729	server	{'type': 'update', 'action': 'update_mirror_nav', 'message': {'rot': {'_x': -0.901309530987858, '_y': 1.463398084250472, '_z': 0, '_order': 'YXZ'}, 'pos': {'x': 0, 'y': 0, 'z': 0}, 'img_id': '9008242054bc44058bea9ea8564ce407'}}
9732	client	{'type': 'update', 'action': 'nav', 'message': {'rot': {'_x': -0.901309530987858, '_y': 0.9779114110527412, '_z': 0, '_order': 'YXZ'}, 'pos': {'x': 0, 'y': 0, 'z': 0}, 'img_id': 'a5d1154057174afab229aabdab13cd27'}}
9732	server	{'type': 'update', 'action': 'update_mirror_nav', 'message': {'rot': {'_x': -0.901309530987858, '_y': 0.9779114110527412, '_z': 0, '_order': 'YXZ'}, 'pos': {'x': 0, 'y': 0, 'z': 0}, 'img_id': 'a5d1154057174afab229aabdab13cd27'}}
9735	client	{'type': 'update', 'action': 'nav', 'message': {'rot': {'_x': -0.901309530987858, '_y': 0.9575914263306433, '_z': 0, '_order': 'YXZ'}, 'pos': {'x': 0, 'y': 0, 'z': 0}, 'img_id': '4f918fb6edf247bcb7af86790e3260a0'}}
9735	server	{'type': 'update', 'action': 'update_mirror_nav', 'message': {'rot': {'_x': -0.901309530987858, '_y': 0.9575914263306433, '_z': 0, '_order': 'YXZ'}, 'pos': {'x': 0, 'y': 0, 'z': 0}, 'img_id': '4f918fb6edf247bcb7af86790e3260a0'}}
9738	client	{'type': 'update', 'action': 'nav', 'message': {'rot': {'_x': -0.901309530987858, '_y': 0.9899414464158773, '_z': 0, '_order': 'YXZ'}, 'pos': {'x': 0, 'y': 0, 'z': 0}, 'img_id': '0070d6b8546c4fce82dd467a180dd30e'}}
9738	server	{'type': 'update', 'action': 'update_mirror_nav', 'message': {'rot': {'_x': -0.901309530987858, '_y': 0.9899414464158773, '_z': 0, '_order': 'YXZ'}, 'pos': {'x': 0, 'y': 0, 'z': 0}, 'img_id': '0070d6b8546c4fce82dd467a180dd30e'}}
9742	client	{'type': 'update', 'action': 'nav', 'message': {'rot': {'_x': -0.901309530987858, '_y': 1.7332553624363418, '_z': 0, '_order': 'YXZ'}, 'pos': {'x': 0, 'y': 0, 'z': 0}, 'img_id': 'b7a975f86ba443d2976b3fce82bc1126'}}
9742	server	{'type': 'update', 'action': 'update_mirror_nav', 'message': {'rot': {'_x': -0.901309530987858, '_y': 1.7332553624363418, '_z': 0, '_order': 'YXZ'}, 'pos': {'x': 0, 'y': 0, 'z': 0}, 'img_id': 'b7a975f86ba443d2976b3fce82bc1126'}}
9745	client	{'type': 'update', 'action': 'nav', 'message': {'rot': {'_x': -0.3070664761421698, '_y': 1.6748179990883179, '_z': 0, '_order': 'YXZ'}, 'pos': {'x': 0, 'y': 0, 'z': 0}, 'img_id': 'b7a975f86ba443d2976b3fce82bc1126'}}
9745	server	{'type': 'update', 'action': 'update_mirror_nav', 'message': {'rot': {'_x': -0.3070664761421698, '_y': 1.6748179990883179, '_z': 0, '_order': 'YXZ'}, 'pos': {'x': 0, 'y': 0, 'z': 0}, 'img_id': 'b7a975f86ba443d2976b3fce82bc1126'}}
9751	client	{'type': 'update', 'action': 'nav', 'message': {'rot': {'_x': -0.2987553844660063, '_y': 2.0908920261262463, '_z': 0, '_order': 'YXZ'}, 'pos': {'x': 0, 'y': 0, 'z': 0}, 'img_id': 'b7a975f86ba443d2976b3fce82bc1126'}}
9751	server	{'type': 'update', 'action': 'update_mirror_nav', 'message': {'rot': {'_x': -0.2987553844660063, '_y': 2.0908920261262463, '_z': 0, '_order': 'YXZ'}, 'pos': {'x': 0, 'y': 0, 'z': 0}, 'img_id': 'b7a975f86ba443d2976b3fce82bc1126'}}
9756	client	{'type': 'update', 'action': 'nav', 'message': {'rot': {'_x': -0.31953311365641507, '_y': 1.8758425290055152, '_z': 0, '_order': 'YXZ'}, 'pos': {'x': 0, 'y': 0, 'z': 0}, 'img_id': 'b7a975f86ba443d2976b3fce82bc1126'}}
9756	server	{'type': 'update', 'action': 'update_mirror_nav', 'message': {'rot': {'_x': -0.31953311365641507, '_y': 1.8758425290055152, '_z': 0, '_order': 'YXZ'}, 'pos': {'x': 0, 'y': 0, 'z': 0}, 'img_id': 'b7a975f86ba443d2976b3fce82bc1126'}}
9758	client	{'type': 'update', 'action': 'nav', 'message': {'rot': {'_x': -0.1200669134284917, '_y': 1.501843403578159, '_z': 0, '_order': 'YXZ'}, 'pos': {'x': 0, 'y': 0, 'z': 0}, 'img_id': 'b7a975f86ba443d2976b3fce82bc1126'}}
9758	server	{'type': 'update', 'action': 'update_mirror_nav', 'message': {'rot': {'_x': -0.1200669134284917, '_y': 1.501843403578159, '_z': 0, '_order': 'YXZ'}, 'pos': {'x': 0, 'y': 0, 'z': 0}, 'img_id': 'b7a975f86ba443d2976b3fce82bc1126'}}
9759	client	{'type': 'update', 'action': 'nav', 'message': {'rot': {'_x': -0.257199926085189, '_y': 0.9712321443780972, '_z': 0, '_order': 'YXZ'}, 'pos': {'x': 0, 'y': 0, 'z': 0}, 'img_id': 'b7a975f86ba443d2976b3fce82bc1126'}}
9759	server	{'type': 'update', 'action': 'update_mirror_nav', 'message': {'rot': {'_x': -0.257199926085189, '_y': 0.9712321443780972, '_z': 0, '_order': 'YXZ'}, 'pos': {'x': 0, 'y': 0, 'z': 0}, 'img_id': 'b7a975f86ba443d2976b3fce82bc1126'}}
9763	client	{'type': 'update', 'action': 'nav', 'message': {'rot': {'_x': -0.257199926085189, '_y': 1.5120832093436372, '_z': 0, '_order': 'YXZ'}, 'pos': {'x': 0, 'y': 0, 'z': 0}, 'img_id': 'a223e6212d0c4b43a8c84d1e3d9c1b1a'}}
9763	server	{'type': 'update', 'action': 'update_mirror_nav', 'message': {'rot': {'_x': -0.257199926085189, '_y': 1.5120832093436372, '_z': 0, '_order': 'YXZ'}, 'pos': {'x': 0, 'y': 0, 'z': 0}, 'img_id': 'a223e6212d0c4b43a8c84d1e3d9c1b1a'}}
9768	client	{'type': 'update', 'action': 'nav', 'message': {'rot': {'_x': -0.257199926085189, '_y': 1.2840799728458108, '_z': 0, '_order': 'YXZ'}, 'pos': {'x': 0, 'y': 0, 'z': 0}, 'img_id': '3f885dedcb76422492df1258c1e794ef'}}
9768	server	{'type': 'update', 'action': 'update_mirror_nav', 'message': {'rot': {'_x': -0.257199926085189, '_y': 1.2840799728458108, '_z': 0, '_order': 'YXZ'}, 'pos': {'x': 0, 'y': 0, 'z': 0}, 'img_id': '3f885dedcb76422492df1258c1e794ef'}}
9771	client	{'type': 'update', 'action': 'nav', 'message': {'rot': {'_x': -0.257199926085189, '_y': 0.8400905616503715, '_z': 0, '_order': 'YXZ'}, 'pos': {'x': 0, 'y': 0, 'z': 0}, 'img_id': 'e1b452079ec54f63b3cfa0d3827e6e16'}}
9771	server	{'type': 'update', 'action': 'update_mirror_nav', 'message': {'rot': {'_x': -0.257199926085189, '_y': 0.8400905616503715, '_z': 0, '_order': 'YXZ'}, 'pos': {'x': 0, 'y': 0, 'z': 0}, 'img_id': 'e1b452079ec54f63b3cfa0d3827e6e16'}}
9775	client	{'type': 'update', 'action': 'nav', 'message': {'rot': {'_x': -0.46913276382735775, '_y': 0.5105038323675137, '_z': 0, '_order': 'YXZ'}, 'pos': {'x': 0, 'y': 0, 'z': 0}, 'img_id': 'e1b452079ec54f63b3cfa0d3827e6e16'}}
9775	server	{'type': 'update', 'action': 'update_mirror_nav', 'message': {'rot': {'_x': -0.46913276382735775, '_y': 0.5105038323675137, '_z': 0, '_order': 'YXZ'}, 'pos': {'x': 0, 'y': 0, 'z': 0}, 'img_id': 'e1b452079ec54f63b3cfa0d3827e6e16'}}
9777	client	{'type': 'update', 'action': 'nav', 'message': {'rot': {'_x': -0.46913276382735775, '_y': 0.8146167926835621, '_z': 0, '_order': 'YXZ'}, 'pos': {'x': 0, 'y': 0, 'z': 0}, 'img_id': '95b1b2cd32ca4d639e273b2387d283e4'}}
9777	server	{'type': 'update', 'action': 'update_mirror_nav', 'message': {'rot': {'_x': -0.46913276382735775, '_y': 0.8146167926835621, '_z': 0, '_order': 'YXZ'}, 'pos': {'x': 0, 'y': 0, 'z': 0}, 'img_id': '95b1b2cd32ca4d639e273b2387d283e4'}}
9780	client	{'type': 'update', 'action': 'nav', 'message': {'rot': {'_x': -0.39433293874188646, '_y': 1.3171781174765718, '_z': 0, '_order': 'YXZ'}, 'pos': {'x': 0, 'y': 0, 'z': 0}, 'img_id': '95b1b2cd32ca4d639e273b2387d283e4'}}
9780	server	{'type': 'update', 'action': 'update_mirror_nav', 'message': {'rot': {'_x': -0.39433293874188646, '_y': 1.3171781174765718, '_z': 0, '_order': 'YXZ'}, 'pos': {'x': 0, 'y': 0, 'z': 0}, 'img_id': '95b1b2cd32ca4d639e273b2387d283e4'}}
9783	client	{'type': 'update', 'action': 'nav', 'message': {'rot': {'_x': -0.39433293874188646, '_y': 0.8462027181335174, '_z': 0, '_order': 'YXZ'}, 'pos': {'x': 0, 'y': 0, 'z': 0}, 'img_id': '07bc1f3f0b784d85861b3213bed14344'}}
9783	server	{'type': 'update', 'action': 'update_mirror_nav', 'message': {'rot': {'_x': -0.39433293874188646, '_y': 0.8462027181335174, '_z': 0, '_order': 'YXZ'}, 'pos': {'x': 0, 'y': 0, 'z': 0}, 'img_id': '07bc1f3f0b784d85861b3213bed14344'}}
9786	client	{'type': 'update', 'action': 'nav', 'message': {'rot': {'_x': -0.39433293874188646, '_y': 0.7509727631330514, '_z': 0, '_order': 'YXZ'}, 'pos': {'x': 0, 'y': 0, 'z': 0}, 'img_id': '2a5c59263dc8458bb09879a4d41033fe'}}
9786	server	{'type': 'update', 'action': 'update_mirror_nav', 'message': {'rot': {'_x': -0.39433293874188646, '_y': 0.7509727631330514, '_z': 0, '_order': 'YXZ'}, 'pos': {'x': 0, 'y': 0, 'z': 0}, 'img_id': '2a5c59263dc8458bb09879a4d41033fe'}}
9788	client	{'type': 'update', 'action': 'nav', 'message': {'rot': {'_x': -0.40264403041804986, '_y': 1.3727463091560315, '_z': 0, '_order': 'YXZ'}, 'pos': {'x': 0, 'y': 0, 'z': 0}, 'img_id': '2a5c59263dc8458bb09879a4d41033fe'}}
9788	server	{'type': 'update', 'action': 'update_mirror_nav', 'message': {'rot': {'_x': -0.40264403041804986, '_y': 1.3727463091560315, '_z': 0, '_order': 'YXZ'}, 'pos': {'x': 0, 'y': 0, 'z': 0}, 'img_id': '2a5c59263dc8458bb09879a4d41033fe'}}
9792	client	{'type': 'update', 'action': 'nav', 'message': {'rot': {'_x': -0.510688222208175, '_y': 2.2095693522997433, '_z': 0, '_order': 'YXZ'}, 'pos': {'x': 0, 'y': 0, 'z': 0}, 'img_id': '2a5c59263dc8458bb09879a4d41033fe'}}
9792	server	{'type': 'update', 'action': 'update_mirror_nav', 'message': {'rot': {'_x': -0.510688222208175, '_y': 2.2095693522997433, '_z': 0, '_order': 'YXZ'}, 'pos': {'x': 0, 'y': 0, 'z': 0}, 'img_id': '2a5c59263dc8458bb09879a4d41033fe'}}
9797	client	{'type': 'update', 'action': 'nav', 'message': {'rot': {'_x': -0.3901773929038046, '_y': 1.7186955001763367, '_z': 0, '_order': 'YXZ'}, 'pos': {'x': 0, 'y': 0, 'z': 0}, 'img_id': '2a5c59263dc8458bb09879a4d41033fe'}}
9797	server	{'type': 'update', 'action': 'update_mirror_nav', 'message': {'rot': {'_x': -0.3901773929038046, '_y': 1.7186955001763367, '_z': 0, '_order': 'YXZ'}, 'pos': {'x': 0, 'y': 0, 'z': 0}, 'img_id': '2a5c59263dc8458bb09879a4d41033fe'}}
9800	client	{'type': 'update', 'action': 'nav', 'message': {'rot': {'_x': -0.2779776552755978, '_y': 1.4078087271648474, '_z': 0, '_order': 'YXZ'}, 'pos': {'x': 0, 'y': 0, 'z': 0}, 'img_id': '2a5c59263dc8458bb09879a4d41033fe'}}
9800	server	{'type': 'update', 'action': 'update_mirror_nav', 'message': {'rot': {'_x': -0.2779776552755978, '_y': 1.4078087271648474, '_z': 0, '_order': 'YXZ'}, 'pos': {'x': 0, 'y': 0, 'z': 0}, 'img_id': '2a5c59263dc8458bb09879a4d41033fe'}}
9804	client	{'type': 'update', 'action': 'nav', 'message': {'rot': {'_x': -0.2779776552755978, '_y': 1.0290073184425268, '_z': 0, '_order': 'YXZ'}, 'pos': {'x': 0, 'y': 0, 'z': 0}, 'img_id': 'b9b3a7ea04eb4a3d963219d24ffc772e'}}
9804	server	{'type': 'update', 'action': 'update_mirror_nav', 'message': {'rot': {'_x': -0.2779776552755978, '_y': 1.0290073184425268, '_z': 0, '_order': 'YXZ'}, 'pos': {'x': 0, 'y': 0, 'z': 0}, 'img_id': 'b9b3a7ea04eb4a3d963219d24ffc772e'}}
9807	client	{'type': 'update', 'action': 'nav', 'message': {'rot': {'_x': -0.2779776552755978, '_y': 0.8632827786395836, '_z': 0, '_order': 'YXZ'}, 'pos': {'x': 0, 'y': 0, 'z': 0}, 'img_id': '179c962a0afc4030966f865350736980'}}
9807	server	{'type': 'update', 'action': 'update_mirror_nav', 'message': {'rot': {'_x': -0.2779776552755978, '_y': 0.8632827786395836, '_z': 0, '_order': 'YXZ'}, 'pos': {'x': 0, 'y': 0, 'z': 0}, 'img_id': '179c962a0afc4030966f865350736980'}}
9810	client	{'type': 'update', 'action': 'nav', 'message': {'rot': {'_x': -0.2779776552755978, '_y': 0.7710751333493764, '_z': 0, '_order': 'YXZ'}, 'pos': {'x': 0, 'y': 0, 'z': 0}, 'img_id': '9ce6d0bf021f4064a08c7c7bf6a4775b'}}
9810	server	{'type': 'update', 'action': 'update_mirror_nav', 'message': {'rot': {'_x': -0.2779776552755978, '_y': 0.7710751333493764, '_z': 0, '_order': 'YXZ'}, 'pos': {'x': 0, 'y': 0, 'z': 0}, 'img_id': '9ce6d0bf021f4064a08c7c7bf6a4775b'}}
9811	client	{'type': 'update', 'action': 'nav', 'message': {'rot': {'_x': -0.290444292789843, '_y': -0.026010502717676832, '_z': 0, '_order': 'YXZ'}, 'pos': {'x': 0, 'y': 0, 'z': 0}, 'img_id': '9ce6d0bf021f4064a08c7c7bf6a4775b'}}
9811	server	{'type': 'update', 'action': 'update_mirror_nav', 'message': {'rot': {'_x': -0.290444292789843, '_y': -0.026010502717676832, '_z': 0, '_order': 'YXZ'}, 'pos': {'x': 0, 'y': 0, 'z': 0}, 'img_id': '9ce6d0bf021f4064a08c7c7bf6a4775b'}}
9814	client	{'type': 'update', 'action': 'nav', 'message': {'rot': {'_x': -0.1948667385139631, '_y': -0.8488085786578606, '_z': 0, '_order': 'YXZ'}, 'pos': {'x': 0, 'y': 0, 'z': 0}, 'img_id': '9ce6d0bf021f4064a08c7c7bf6a4775b'}}
9814	server	{'type': 'update', 'action': 'update_mirror_nav', 'message': {'rot': {'_x': -0.1948667385139631, '_y': -0.8488085786578606, '_z': 0, '_order': 'YXZ'}, 'pos': {'x': 0, 'y': 0, 'z': 0}, 'img_id': '9ce6d0bf021f4064a08c7c7bf6a4775b'}}
9815	client	{'type': 'update', 'action': 'nav', 'message': {'rot': {'_x': -0.36524411787531424, '_y': -1.7417314906156736, '_z': 0, '_order': 'YXZ'}, 'pos': {'x': 0, 'y': 0, 'z': 0}, 'img_id': '9ce6d0bf021f4064a08c7c7bf6a4775b'}}
9815	server	{'type': 'update', 'action': 'update_mirror_nav', 'message': {'rot': {'_x': -0.36524411787531424, '_y': -1.7417314906156736, '_z': 0, '_order': 'YXZ'}, 'pos': {'x': 0, 'y': 0, 'z': 0}, 'img_id': '9ce6d0bf021f4064a08c7c7bf6a4775b'}}
9819	client	{'type': 'update', 'action': 'nav', 'message': {'rot': {'_x': -0.36524411787531424, '_y': -2.2850179176544554, '_z': 0, '_order': 'YXZ'}, 'pos': {'x': 0, 'y': 0, 'z': 0}, 'img_id': '179c962a0afc4030966f865350736980'}}
9819	server	{'type': 'update', 'action': 'update_mirror_nav', 'message': {'rot': {'_x': -0.36524411787531424, '_y': -2.2850179176544554, '_z': 0, '_order': 'YXZ'}, 'pos': {'x': 0, 'y': 0, 'z': 0}, 'img_id': '179c962a0afc4030966f865350736980'}}
9827	client	{'type': 'update', 'action': 'nav', 'message': {'rot': {'_x': -0.36524411787531424, '_y': -2.3220172118434, '_z': 0, '_order': 'YXZ'}, 'pos': {'x': 0, 'y': 0, 'z': 0}, 'img_id': 'b9b3a7ea04eb4a3d963219d24ffc772e'}}
9827	server	{'type': 'update', 'action': 'update_mirror_nav', 'message': {'rot': {'_x': -0.36524411787531424, '_y': -2.3220172118434, '_z': 0, '_order': 'YXZ'}, 'pos': {'x': 0, 'y': 0, 'z': 0}, 'img_id': 'b9b3a7ea04eb4a3d963219d24ffc772e'}}
9829	client	{'type': 'update', 'action': 'nav', 'message': {'rot': {'_x': -0.5688658639413197, '_y': -2.897040867187961, '_z': 0, '_order': 'YXZ'}, 'pos': {'x': 0, 'y': 0, 'z': 0}, 'img_id': 'b9b3a7ea04eb4a3d963219d24ffc772e'}}
9829	server	{'type': 'update', 'action': 'update_mirror_nav', 'message': {'rot': {'_x': -0.5688658639413197, '_y': -2.897040867187961, '_z': 0, '_order': 'YXZ'}, 'pos': {'x': 0, 'y': 0, 'z': 0}, 'img_id': 'b9b3a7ea04eb4a3d963219d24ffc772e'}}
9831	client	{'type': 'update', 'action': 'nav', 'message': {'rot': {'_x': -0.24057774273286237, '_y': -3.83905116435812, '_z': 0, '_order': 'YXZ'}, 'pos': {'x': 0, 'y': 0, 'z': 0}, 'img_id': 'b9b3a7ea04eb4a3d963219d24ffc772e'}}
9831	server	{'type': 'update', 'action': 'update_mirror_nav', 'message': {'rot': {'_x': -0.24057774273286237, '_y': -3.83905116435812, '_z': 0, '_order': 'YXZ'}, 'pos': {'x': 0, 'y': 0, 'z': 0}, 'img_id': 'b9b3a7ea04eb4a3d963219d24ffc772e'}}
9834	client	{'type': 'update', 'action': 'nav', 'message': {'rot': {'_x': -0.34031084284682395, '_y': -3.8741135823669364, '_z': 0, '_order': 'YXZ'}, 'pos': {'x': 0, 'y': 0, 'z': 0}, 'img_id': 'b9b3a7ea04eb4a3d963219d24ffc772e'}}
9834	server	{'type': 'update', 'action': 'update_mirror_nav', 'message': {'rot': {'_x': -0.34031084284682395, '_y': -3.8741135823669364, '_z': 0, '_order': 'YXZ'}, 'pos': {'x': 0, 'y': 0, 'z': 0}, 'img_id': 'b9b3a7ea04eb4a3d963219d24ffc772e'}}
9870	client	{'type': 'update', 'action': 'nav', 'message': {'rot': {'_x': -0.34031084284682395, '_y': -2.9328053644388543, '_z': 0, '_order': 'YXZ'}, 'pos': {'x': 0, 'y': 0, 'z': 0}, 'img_id': '8d0021dd4d9b4f68acb0956cc82c49ed'}}
9870	server	{'type': 'update', 'action': 'update_mirror_nav', 'message': {'rot': {'_x': -0.34031084284682395, '_y': -2.9328053644388543, '_z': 0, '_order': 'YXZ'}, 'pos': {'x': 0, 'y': 0, 'z': 0}, 'img_id': '8d0021dd4d9b4f68acb0956cc82c49ed'}}
9901	client	{'type': 'update', 'action': 'nav', 'message': {'rot': {'_x': -0.003711629962203266, '_y': -2.240906982398245, '_z': 0, '_order': 'YXZ'}, 'pos': {'x': 0, 'y': 0, 'z': 0}, 'img_id': '8d0021dd4d9b4f68acb0956cc82c49ed'}}
9901	server	{'type': 'update', 'action': 'update_mirror_nav', 'message': {'rot': {'_x': -0.003711629962203266, '_y': -2.240906982398245, '_z': 0, '_order': 'YXZ'}, 'pos': {'x': 0, 'y': 0, 'z': 0}, 'img_id': '8d0021dd4d9b4f68acb0956cc82c49ed'}}
9902	client	{'type': 'update', 'action': 'nav', 'message': {'rot': {'_x': -0.19071119267588138, '_y': -1.4040839392545348, '_z': 0, '_order': 'YXZ'}, 'pos': {'x': 0, 'y': 0, 'z': 0}, 'img_id': '8d0021dd4d9b4f68acb0956cc82c49ed'}}
9902	server	{'type': 'update', 'action': 'update_mirror_nav', 'message': {'rot': {'_x': -0.19071119267588138, '_y': -1.4040839392545348, '_z': 0, '_order': 'YXZ'}, 'pos': {'x': 0, 'y': 0, 'z': 0}, 'img_id': '8d0021dd4d9b4f68acb0956cc82c49ed'}}
9903	client	{'type': 'update', 'action': 'nav', 'message': {'rot': {'_x': -0.20317783019012658, '_y': -0.6397232266623757, '_z': 0, '_order': 'YXZ'}, 'pos': {'x': 0, 'y': 0, 'z': 0}, 'img_id': '8d0021dd4d9b4f68acb0956cc82c49ed'}}
9903	server	{'type': 'update', 'action': 'update_mirror_nav', 'message': {'rot': {'_x': -0.20317783019012658, '_y': -0.6397232266623757, '_z': 0, '_order': 'YXZ'}, 'pos': {'x': 0, 'y': 0, 'z': 0}, 'img_id': '8d0021dd4d9b4f68acb0956cc82c49ed'}}
9904	client	{'type': 'update', 'action': 'nav', 'message': {'rot': {'_x': -0.2073333760282083, '_y': 0.06620012258175935, '_z': 0, '_order': 'YXZ'}, 'pos': {'x': 0, 'y': 0, 'z': 0}, 'img_id': '8d0021dd4d9b4f68acb0956cc82c49ed'}}
9904	server	{'type': 'update', 'action': 'update_mirror_nav', 'message': {'rot': {'_x': -0.2073333760282083, '_y': 0.06620012258175935, '_z': 0, '_order': 'YXZ'}, 'pos': {'x': 0, 'y': 0, 'z': 0}, 'img_id': '8d0021dd4d9b4f68acb0956cc82c49ed'}}
9966	client	{'type': 'update', 'action': 'chat', 'message': 'I am in a rom with a woman on a laptop two doors that say Funcional training  Zone and a blue glass wall. Should I go through the two doors or contnue straight pass the woman with the laptop?'}
9966	server	{'type': 'update', 'action': 'add_chat', 'speaker': 'self', 'message': 'I am in a rom with a woman on a laptop two doors that say Funcional training  Zone and a blue glass wall. Should I go through the two doors or contnue straight pass the woman with the laptop?'}
9966	server	{'type': 'update', 'action': 'disable_chat'}
9966	server	{'type': 'update', 'action': 'disable_nav'}
9966	server	{'type': 'update', 'action': 'add_chat', 'speaker': 'other', 'message': 'I am in a rom with a woman on a laptop two doors that say Funcional training  Zone and a blue glass wall. Should I go through the two doors or contnue straight pass the woman with the laptop?'}
9966	server	{'type': 'update', 'action': 'enable_chat'}
9966	server	{'type': 'update', 'action': 'enable_gold_view'}
10037	client	{'type': 'update', 'action': 'chat', 'message': "Go past the woman, to the door that shows the flowers and enter through that door. It leads to a hallway, but I will have to tell you where to go after you get to that hallway, as I don't know yet."}
10037	server	{'type': 'update', 'action': 'add_chat', 'speaker': 'other', 'message': "Go past the woman, to the door that shows the flowers and enter through that door. It leads to a hallway, but I will have to tell you where to go after you get to that hallway, as I don't know yet."}
10037	server	{'type': 'update', 'action': 'enable_chat'}
10037	server	{'type': 'update', 'action': 'enable_nav'}
10037	server	{'type': 'update', 'action': 'add_chat', 'speaker': 'self', 'message': "Go past the woman, to the door that shows the flowers and enter through that door. It leads to a hallway, but I will have to tell you where to go after you get to that hallway, as I don't know yet."}
10037	server	{'type': 'update', 'action': 'disable_chat'}
10037	server	{'type': 'update', 'action': 'disable_gold_view'}
10048	client	{'type': 'update', 'action': 'nav', 'message': {'rot': {'_x': -0.2073333760282083, '_y': 0.29978430961160163, '_z': 0, '_order': 'YXZ'}, 'pos': {'x': 0, 'y': 0, 'z': 0}, 'img_id': 'b9b3a7ea04eb4a3d963219d24ffc772e'}}
10048	server	{'type': 'update', 'action': 'update_mirror_nav', 'message': {'rot': {'_x': -0.2073333760282083, '_y': 0.29978430961160163, '_z': 0, '_order': 'YXZ'}, 'pos': {'x': 0, 'y': 0, 'z': 0}, 'img_id': 'b9b3a7ea04eb4a3d963219d24ffc772e'}}
10051	client	{'type': 'update', 'action': 'nav', 'message': {'rot': {'_x': -0.2073333760282083, '_y': 0.8003241265865173, '_z': 0, '_order': 'YXZ'}, 'pos': {'x': 0, 'y': 0, 'z': 0}, 'img_id': '179c962a0afc4030966f865350736980'}}
10051	server	{'type': 'update', 'action': 'update_mirror_nav', 'message': {'rot': {'_x': -0.2073333760282083, '_y': 0.8003241265865173, '_z': 0, '_order': 'YXZ'}, 'pos': {'x': 0, 'y': 0, 'z': 0}, 'img_id': '179c962a0afc4030966f865350736980'}}
10054	client	{'type': 'update', 'action': 'nav', 'message': {'rot': {'_x': -0.2073333760282083, '_y': 0.7555877589246631, '_z': 0, '_order': 'YXZ'}, 'pos': {'x': 0, 'y': 0, 'z': 0}, 'img_id': '9ce6d0bf021f4064a08c7c7bf6a4775b'}}
10054	server	{'type': 'update', 'action': 'update_mirror_nav', 'message': {'rot': {'_x': -0.2073333760282083, '_y': 0.7555877589246631, '_z': 0, '_order': 'YXZ'}, 'pos': {'x': 0, 'y': 0, 'z': 0}, 'img_id': '9ce6d0bf021f4064a08c7c7bf6a4775b'}}
10058	client	{'type': 'update', 'action': 'nav', 'message': {'rot': {'_x': -0.2862887469517614, '_y': 0.25068893959773214, '_z': 0, '_order': 'YXZ'}, 'pos': {'x': 0, 'y': 0, 'z': 0}, 'img_id': '9ce6d0bf021f4064a08c7c7bf6a4775b'}}
10058	server	{'type': 'update', 'action': 'update_mirror_nav', 'message': {'rot': {'_x': -0.2862887469517614, '_y': 0.25068893959773214, '_z': 0, '_order': 'YXZ'}, 'pos': {'x': 0, 'y': 0, 'z': 0}, 'img_id': '9ce6d0bf021f4064a08c7c7bf6a4775b'}}
10061	client	{'type': 'update', 'action': 'nav', 'message': {'rot': {'_x': -0.2862887469517614, '_y': -0.3655029729361398, '_z': 0, '_order': 'YXZ'}, 'pos': {'x': 0, 'y': 0, 'z': 0}, 'img_id': '548e8a23bb564a4f96fec98fd436d315'}}
10061	server	{'type': 'update', 'action': 'update_mirror_nav', 'message': {'rot': {'_x': -0.2862887469517614, '_y': -0.3655029729361398, '_z': 0, '_order': 'YXZ'}, 'pos': {'x': 0, 'y': 0, 'z': 0}, 'img_id': '548e8a23bb564a4f96fec98fd436d315'}}
10064	client	{'type': 'update', 'action': 'nav', 'message': {'rot': {'_x': -0.2862887469517614, '_y': -0.6969384080192835, '_z': 0, '_order': 'YXZ'}, 'pos': {'x': 0, 'y': 0, 'z': 0}, 'img_id': '4a7e0cb00993472e9ae62b986a4b4b55'}}
10064	server	{'type': 'update', 'action': 'update_mirror_nav', 'message': {'rot': {'_x': -0.2862887469517614, '_y': -0.6969384080192835, '_z': 0, '_order': 'YXZ'}, 'pos': {'x': 0, 'y': 0, 'z': 0}, 'img_id': '4a7e0cb00993472e9ae62b986a4b4b55'}}
10067	client	{'type': 'update', 'action': 'nav', 'message': {'rot': {'_x': -0.2862887469517614, '_y': -0.23966706919614333, '_z': 0, '_order': 'YXZ'}, 'pos': {'x': 0, 'y': 0, 'z': 0}, 'img_id': 'd0c6442e674244698f68b4c69641ee7c'}}
10067	server	{'type': 'update', 'action': 'update_mirror_nav', 'message': {'rot': {'_x': -0.2862887469517614, '_y': -0.23966706919614333, '_z': 0, '_order': 'YXZ'}, 'pos': {'x': 0, 'y': 0, 'z': 0}, 'img_id': 'd0c6442e674244698f68b4c69641ee7c'}}
10071	client	{'type': 'update', 'action': 'nav', 'message': {'rot': {'_x': -0.42757730544654043, '_y': -0.4734165225882409, '_z': 0, '_order': 'YXZ'}, 'pos': {'x': 0, 'y': 0, 'z': 0}, 'img_id': 'd0c6442e674244698f68b4c69641ee7c'}}
10071	server	{'type': 'update', 'action': 'update_mirror_nav', 'message': {'rot': {'_x': -0.42757730544654043, '_y': -0.4734165225882409, '_z': 0, '_order': 'YXZ'}, 'pos': {'x': 0, 'y': 0, 'z': 0}, 'img_id': 'd0c6442e674244698f68b4c69641ee7c'}}
10075	client	{'type': 'update', 'action': 'nav', 'message': {'rot': {'_x': -0.42757730544654043, '_y': -0.24163052190191386, '_z': 0, '_order': 'YXZ'}, 'pos': {'x': 0, 'y': 0, 'z': 0}, 'img_id': '63ba96cfaf194d3385cab08574064139'}}
10075	server	{'type': 'update', 'action': 'update_mirror_nav', 'message': {'rot': {'_x': -0.42757730544654043, '_y': -0.24163052190191386, '_z': 0, '_order': 'YXZ'}, 'pos': {'x': 0, 'y': 0, 'z': 0}, 'img_id': '63ba96cfaf194d3385cab08574064139'}}
10077	client	{'type': 'update', 'action': 'nav', 'message': {'rot': {'_x': -0.42757730544654043, '_y': -0.24762656393778876, '_z': 0, '_order': 'YXZ'}, 'pos': {'x': 0, 'y': 0, 'z': 0}, 'img_id': '7522ee6fa26a43168dc074bd3888df28'}}
10077	server	{'type': 'update', 'action': 'update_mirror_nav', 'message': {'rot': {'_x': -0.42757730544654043, '_y': -0.24762656393778876, '_z': 0, '_order': 'YXZ'}, 'pos': {'x': 0, 'y': 0, 'z': 0}, 'img_id': '7522ee6fa26a43168dc074bd3888df28'}}
10078	client	{'type': 'update', 'action': 'nav', 'message': {'rot': {'_x': -0.42757730544654043, '_y': -0.25840967206143034, '_z': 0, '_order': 'YXZ'}, 'pos': {'x': 0, 'y': 0, 'z': 0}, 'img_id': 'aa52fa2c7a644ed089d73d909fc4bb9e'}}
10078	server	{'type': 'update', 'action': 'update_mirror_nav', 'message': {'rot': {'_x': -0.42757730544654043, '_y': -0.25840967206143034, '_z': 0, '_order': 'YXZ'}, 'pos': {'x': 0, 'y': 0, 'z': 0}, 'img_id': 'aa52fa2c7a644ed089d73d909fc4bb9e'}}
10080	client	{'type': 'update', 'action': 'nav', 'message': {'rot': {'_x': -0.42757730544654043, '_y': -0.2539635393517709, '_z': 0, '_order': 'YXZ'}, 'pos': {'x': 0, 'y': 0, 'z': 0}, 'img_id': '5689ae96eb8f49168fca4c50528f6c90'}}
10080	server	{'type': 'update', 'action': 'update_mirror_nav', 'message': {'rot': {'_x': -0.42757730544654043, '_y': -0.2539635393517709, '_z': 0, '_order': 'YXZ'}, 'pos': {'x': 0, 'y': 0, 'z': 0}, 'img_id': '5689ae96eb8f49168fca4c50528f6c90'}}
10084	client	{'type': 'update', 'action': 'nav', 'message': {'rot': {'_x': -0.42757730544654043, '_y': 0.34893396794214715, '_z': 0, '_order': 'YXZ'}, 'pos': {'x': 0, 'y': 0, 'z': 0}, 'img_id': '69d6a8ceb40242698b64deafcc41c60b'}}
10084	server	{'type': 'update', 'action': 'update_mirror_nav', 'message': {'rot': {'_x': -0.42757730544654043, '_y': 0.34893396794214715, '_z': 0, '_order': 'YXZ'}, 'pos': {'x': 0, 'y': 0, 'z': 0}, 'img_id': '69d6a8ceb40242698b64deafcc41c60b'}}
10087	client	{'type': 'update', 'action': 'nav', 'message': {'rot': {'_x': -0.42757730544654043, '_y': 0.828139679927865, '_z': 0, '_order': 'YXZ'}, 'pos': {'x': 0, 'y': 0, 'z': 0}, 'img_id': '169f93cfff1846ba854e7b181701099b'}}
10087	server	{'type': 'update', 'action': 'update_mirror_nav', 'message': {'rot': {'_x': -0.42757730544654043, '_y': 0.828139679927865, '_z': 0, '_order': 'YXZ'}, 'pos': {'x': 0, 'y': 0, 'z': 0}, 'img_id': '169f93cfff1846ba854e7b181701099b'}}
10094	client	{'type': 'update', 'action': 'nav', 'message': {'rot': {'_x': -0.277977655275598, '_y': 0.9847518137005725, '_z': 0, '_order': 'YXZ'}, 'pos': {'x': 0, 'y': 0, 'z': 0}, 'img_id': '169f93cfff1846ba854e7b181701099b'}}
10094	server	{'type': 'update', 'action': 'update_mirror_nav', 'message': {'rot': {'_x': -0.277977655275598, '_y': 0.9847518137005725, '_z': 0, '_order': 'YXZ'}, 'pos': {'x': 0, 'y': 0, 'z': 0}, 'img_id': '169f93cfff1846ba854e7b181701099b'}}
10128	client	{'type': 'update', 'action': 'nav', 'message': {'rot': {'_x': -0.33615529700874236, '_y': 1.02916420984507, '_z': 0, '_order': 'YXZ'}, 'pos': {'x': 0, 'y': 0, 'z': 0}, 'img_id': '169f93cfff1846ba854e7b181701099b'}}
10128	server	{'type': 'update', 'action': 'update_mirror_nav', 'message': {'rot': {'_x': -0.33615529700874236, '_y': 1.02916420984507, '_z': 0, '_order': 'YXZ'}, 'pos': {'x': 0, 'y': 0, 'z': 0}, 'img_id': '169f93cfff1846ba854e7b181701099b'}}
10130	client	{'type': 'update', 'action': 'nav', 'message': {'rot': {'_x': -0.33615529700874236, '_y': 0.8682203370923154, '_z': 0, '_order': 'YXZ'}, 'pos': {'x': 0, 'y': 0, 'z': 0}, 'img_id': '678b0be9c1bf4273bcc02267a3eaa07d'}}
10130	server	{'type': 'update', 'action': 'update_mirror_nav', 'message': {'rot': {'_x': -0.33615529700874236, '_y': 0.8682203370923154, '_z': 0, '_order': 'YXZ'}, 'pos': {'x': 0, 'y': 0, 'z': 0}, 'img_id': '678b0be9c1bf4273bcc02267a3eaa07d'}}
10135	client	{'type': 'update', 'action': 'nav', 'message': {'rot': {'_x': -0.33615529700874236, '_y': 1.1591390251797296, '_z': 0, '_order': 'YXZ'}, 'pos': {'x': 0, 'y': 0, 'z': 0}, 'img_id': 'cedd8a88c5624bf4a8a8323352541c69'}}
10135	server	{'type': 'update', 'action': 'update_mirror_nav', 'message': {'rot': {'_x': -0.33615529700874236, '_y': 1.1591390251797296, '_z': 0, '_order': 'YXZ'}, 'pos': {'x': 0, 'y': 0, 'z': 0}, 'img_id': 'cedd8a88c5624bf4a8a8323352541c69'}}
10138	client	{'type': 'update', 'action': 'nav', 'message': {'rot': {'_x': -0.33615529700874236, '_y': 0.9810503726966959, '_z': 0, '_order': 'YXZ'}, 'pos': {'x': 0, 'y': 0, 'z': 0}, 'img_id': '4e1f80bab73e472e8f833bfd75f55d7f'}}
10138	server	{'type': 'update', 'action': 'update_mirror_nav', 'message': {'rot': {'_x': -0.33615529700874236, '_y': 0.9810503726966959, '_z': 0, '_order': 'YXZ'}, 'pos': {'x': 0, 'y': 0, 'z': 0}, 'img_id': '4e1f80bab73e472e8f833bfd75f55d7f'}}
10141	client	{'type': 'update', 'action': 'nav', 'message': {'rot': {'_x': -0.33615529700874236, '_y': 0.9519572347851604, '_z': 0, '_order': 'YXZ'}, 'pos': {'x': 0, 'y': 0, 'z': 0}, 'img_id': 'd438a0acaa9a4b8daf7cdc2919fb78c7'}}
10141	server	{'type': 'update', 'action': 'update_mirror_nav', 'message': {'rot': {'_x': -0.33615529700874236, '_y': 0.9519572347851604, '_z': 0, '_order': 'YXZ'}, 'pos': {'x': 0, 'y': 0, 'z': 0}, 'img_id': 'd438a0acaa9a4b8daf7cdc2919fb78c7'}}
10145	client	{'type': 'update', 'action': 'nav', 'message': {'rot': {'_x': -0.33615529700874236, '_y': 0.9797676043480079, '_z': 0, '_order': 'YXZ'}, 'pos': {'x': 0, 'y': 0, 'z': 0}, 'img_id': 'a9b342ad80f0428c84fd3a135a32c575'}}
10145	server	{'type': 'update', 'action': 'update_mirror_nav', 'message': {'rot': {'_x': -0.33615529700874236, '_y': 0.9797676043480079, '_z': 0, '_order': 'YXZ'}, 'pos': {'x': 0, 'y': 0, 'z': 0}, 'img_id': 'a9b342ad80f0428c84fd3a135a32c575'}}
10147	client	{'type': 'update', 'action': 'nav', 'message': {'rot': {'_x': -0.2530443802471077, '_y': -0.023017550704091255, '_z': 0, '_order': 'YXZ'}, 'pos': {'x': 0, 'y': 0, 'z': 0}, 'img_id': 'a9b342ad80f0428c84fd3a135a32c575'}}
10147	server	{'type': 'update', 'action': 'update_mirror_nav', 'message': {'rot': {'_x': -0.2530443802471077, '_y': -0.023017550704091255, '_z': 0, '_order': 'YXZ'}, 'pos': {'x': 0, 'y': 0, 'z': 0}, 'img_id': 'a9b342ad80f0428c84fd3a135a32c575'}}
10149	client	{'type': 'update', 'action': 'nav', 'message': {'rot': {'_x': 0.017066099228205227, '_y': -0.9369779134671935, '_z': 0, '_order': 'YXZ'}, 'pos': {'x': 0, 'y': 0, 'z': 0}, 'img_id': 'a9b342ad80f0428c84fd3a135a32c575'}}
10149	server	{'type': 'update', 'action': 'update_mirror_nav', 'message': {'rot': {'_x': 0.017066099228205227, '_y': -0.9369779134671935, '_z': 0, '_order': 'YXZ'}, 'pos': {'x': 0, 'y': 0, 'z': 0}, 'img_id': 'a9b342ad80f0428c84fd3a135a32c575'}}
10150	client	{'type': 'update', 'action': 'nav', 'message': {'rot': {'_x': -0.3236886594944972, '_y': -0.4320790941402623, '_z': 0, '_order': 'YXZ'}, 'pos': {'x': 0, 'y': 0, 'z': 0}, 'img_id': 'a9b342ad80f0428c84fd3a135a32c575'}}
10150	server	{'type': 'update', 'action': 'update_mirror_nav', 'message': {'rot': {'_x': -0.3236886594944972, '_y': -0.4320790941402623, '_z': 0, '_order': 'YXZ'}, 'pos': {'x': 0, 'y': 0, 'z': 0}, 'img_id': 'a9b342ad80f0428c84fd3a135a32c575'}}
10151	client	{'type': 'update', 'action': 'nav', 'message': {'rot': {'_x': -0.34031084284682417, '_y': 0.15930702294174487, '_z': 0, '_order': 'YXZ'}, 'pos': {'x': 0, 'y': 0, 'z': 0}, 'img_id': 'a9b342ad80f0428c84fd3a135a32c575'}}
10151	server	{'type': 'update', 'action': 'update_mirror_nav', 'message': {'rot': {'_x': -0.34031084284682417, '_y': 0.15930702294174487, '_z': 0, '_order': 'YXZ'}, 'pos': {'x': 0, 'y': 0, 'z': 0}, 'img_id': 'a9b342ad80f0428c84fd3a135a32c575'}}
10152	client	{'type': 'update', 'action': 'nav', 'message': {'rot': {'_x': -0.31953311365641546, '_y': 0.951717669940956, '_z': 0, '_order': 'YXZ'}, 'pos': {'x': 0, 'y': 0, 'z': 0}, 'img_id': 'a9b342ad80f0428c84fd3a135a32c575'}}
10152	server	{'type': 'update', 'action': 'update_mirror_nav', 'message': {'rot': {'_x': -0.31953311365641546, '_y': 0.951717669940956, '_z': 0, '_order': 'YXZ'}, 'pos': {'x': 0, 'y': 0, 'z': 0}, 'img_id': 'a9b342ad80f0428c84fd3a135a32c575'}}
10157	client	{'type': 'update', 'action': 'nav', 'message': {'rot': {'_x': -0.3361552970087428, '_y': 0.7413431618880719, '_z': 0, '_order': 'YXZ'}, 'pos': {'x': 0, 'y': 0, 'z': 0}, 'img_id': 'a9b342ad80f0428c84fd3a135a32c575'}}
10157	server	{'type': 'update', 'action': 'update_mirror_nav', 'message': {'rot': {'_x': -0.3361552970087428, '_y': 0.7413431618880719, '_z': 0, '_order': 'YXZ'}, 'pos': {'x': 0, 'y': 0, 'z': 0}, 'img_id': 'a9b342ad80f0428c84fd3a135a32c575'}}
10167	client	{'type': 'update', 'action': 'nav', 'message': {'rot': {'_x': -0.33615529700874286, '_y': 1.1387172326546382, '_z': 0, '_order': 'YXZ'}, 'pos': {'x': 0, 'y': 0, 'z': 0}, 'img_id': 'a9b342ad80f0428c84fd3a135a32c575'}}
10167	server	{'type': 'update', 'action': 'update_mirror_nav', 'message': {'rot': {'_x': -0.33615529700874286, '_y': 1.1387172326546382, '_z': 0, '_order': 'YXZ'}, 'pos': {'x': 0, 'y': 0, 'z': 0}, 'img_id': 'a9b342ad80f0428c84fd3a135a32c575'}}
10169	client	{'type': 'update', 'action': 'nav', 'message': {'rot': {'_x': -0.24057774273286298, '_y': 1.7324408442705663, '_z': 0, '_order': 'YXZ'}, 'pos': {'x': 0, 'y': 0, 'z': 0}, 'img_id': 'a9b342ad80f0428c84fd3a135a32c575'}}
10169	server	{'type': 'update', 'action': 'update_mirror_nav', 'message': {'rot': {'_x': -0.24057774273286298, '_y': 1.7324408442705663, '_z': 0, '_order': 'YXZ'}, 'pos': {'x': 0, 'y': 0, 'z': 0}, 'img_id': 'a9b342ad80f0428c84fd3a135a32c575'}}
10174	client	{'type': 'update', 'action': 'nav', 'message': {'rot': {'_x': -0.24057774273286298, '_y': 1.4987509898749076, '_z': 0, '_order': 'YXZ'}, 'pos': {'x': 0, 'y': 0, 'z': 0}, 'img_id': '3ed7ce0893dd444a829af0b9d7def070'}}
10174	server	{'type': 'update', 'action': 'update_mirror_nav', 'message': {'rot': {'_x': -0.24057774273286298, '_y': 1.4987509898749076, '_z': 0, '_order': 'YXZ'}, 'pos': {'x': 0, 'y': 0, 'z': 0}, 'img_id': '3ed7ce0893dd444a829af0b9d7def070'}}
10177	client	{'type': 'update', 'action': 'nav', 'message': {'rot': {'_x': -0.4608216721511951, '_y': 2.020012270939285, '_z': 0, '_order': 'YXZ'}, 'pos': {'x': 0, 'y': 0, 'z': 0}, 'img_id': '3ed7ce0893dd444a829af0b9d7def070'}}
10177	server	{'type': 'update', 'action': 'update_mirror_nav', 'message': {'rot': {'_x': -0.4608216721511951, '_y': 2.020012270939285, '_z': 0, '_order': 'YXZ'}, 'pos': {'x': 0, 'y': 0, 'z': 0}, 'img_id': '3ed7ce0893dd444a829af0b9d7def070'}}
10191	client	{'type': 'update', 'action': 'nav', 'message': {'rot': {'_x': -0.2530443802471083, '_y': 1.5922507712317444, '_z': 0, '_order': 'YXZ'}, 'pos': {'x': 0, 'y': 0, 'z': 0}, 'img_id': '3ed7ce0893dd444a829af0b9d7def070'}}
10191	server	{'type': 'update', 'action': 'update_mirror_nav', 'message': {'rot': {'_x': -0.2530443802471083, '_y': 1.5922507712317444, '_z': 0, '_order': 'YXZ'}, 'pos': {'x': 0, 'y': 0, 'z': 0}, 'img_id': '3ed7ce0893dd444a829af0b9d7def070'}}
10246	client	{'type': 'update', 'action': 'nav', 'message': {'rot': {'_x': -0.15331128013314668, '_y': 2.326224054882932, '_z': 0, '_order': 'YXZ'}, 'pos': {'x': 0, 'y': 0, 'z': 0}, 'img_id': '3ed7ce0893dd444a829af0b9d7def070'}}
10246	server	{'type': 'update', 'action': 'update_mirror_nav', 'message': {'rot': {'_x': -0.15331128013314668, '_y': 2.326224054882932, '_z': 0, '_order': 'YXZ'}, 'pos': {'x': 0, 'y': 0, 'z': 0}, 'img_id': '3ed7ce0893dd444a829af0b9d7def070'}}
10270	client	{'type': 'update', 'action': 'chat', 'message': 'Past the hallway with flowers on the wall, should I continue right through the hallway by the ouch wth latticework on top or left through double doors with one pen?'}
10270	server	{'type': 'update', 'action': 'add_chat', 'speaker': 'self', 'message': 'Past the hallway with flowers on the wall, should I continue right through the hallway by the ouch wth latticework on top or left through double doors with one pen?'}
10270	server	{'type': 'update', 'action': 'disable_chat'}
10270	server	{'type': 'update', 'action': 'disable_nav'}
10270	server	{'type': 'update', 'action': 'add_chat', 'speaker': 'other', 'message': 'Past the hallway with flowers on the wall, should I continue right through the hallway by the ouch wth latticework on top or left through double doors with one pen?'}
10270	server	{'type': 'update', 'action': 'enable_chat'}
10270	server	{'type': 'update', 'action': 'enable_gold_view'}
10363	client	{'type': 'update', 'action': 'chat', 'message': 'Ask the question again please, as the button will not let me click it that lets me see the right route. It seems disabled, but should work if you ask it again.'}
10363	server	{'type': 'update', 'action': 'add_chat', 'speaker': 'other', 'message': 'Ask the question again please, as the button will not let me click it that lets me see the right route. It seems disabled, but should work if you ask it again.'}
10363	server	{'type': 'update', 'action': 'enable_chat'}
10363	server	{'type': 'update', 'action': 'enable_nav'}
10363	server	{'type': 'update', 'action': 'add_chat', 'speaker': 'self', 'message': 'Ask the question again please, as the button will not let me click it that lets me see the right route. It seems disabled, but should work if you ask it again.'}
10363	server	{'type': 'update', 'action': 'disable_chat'}
10363	server	{'type': 'update', 'action': 'disable_gold_view'}
10397	client	{'type': 'update', 'action': 'chat', 'message': 'Past the hallway with flowers on the wall, should I continue right through the hallway by the couch with latticework on top or left through double doors with one open?'}
10397	server	{'type': 'update', 'action': 'add_chat', 'speaker': 'self', 'message': 'Past the hallway with flowers on the wall, should I continue right through the hallway by the couch with latticework on top or left through double doors with one open?'}
10397	server	{'type': 'update', 'action': 'disable_chat'}
10397	server	{'type': 'update', 'action': 'disable_nav'}
10397	server	{'type': 'update', 'action': 'add_chat', 'speaker': 'other', 'message': 'Past the hallway with flowers on the wall, should I continue right through the hallway by the couch with latticework on top or left through double doors with one open?'}
10397	server	{'type': 'update', 'action': 'enable_chat'}
10397	server	{'type': 'update', 'action': 'enable_gold_view'}
10516	client	{'type': 'update', 'action': 'chat', 'message': "I'm sorry, it doesn't work to show the route. It popped up and I can click it, but it's not showing the route."}
10516	server	{'type': 'update', 'action': 'add_chat', 'speaker': 'other', 'message': "I'm sorry, it doesn't work to show the route. It popped up and I can click it, but it's not showing the route."}
10516	server	{'type': 'update', 'action': 'enable_chat'}
10516	server	{'type': 'update', 'action': 'enable_nav'}
10516	server	{'type': 'update', 'action': 'add_chat', 'speaker': 'self', 'message': "I'm sorry, it doesn't work to show the route. It popped up and I can click it, but it's not showing the route."}
10516	server	{'type': 'update', 'action': 'disable_chat'}
10516	server	{'type': 'update', 'action': 'disable_gold_view'}
10529	client	{'type': 'update', 'action': 'nav', 'message': {'rot': {'_x': -0.15331128013314668, '_y': 2.7848845741760995, '_z': 0, '_order': 'YXZ'}, 'pos': {'x': 0, 'y': 0, 'z': 0}, 'img_id': 'a065d99d11a84247a796f012e6b63bac'}}
10529	server	{'type': 'update', 'action': 'update_mirror_nav', 'message': {'rot': {'_x': -0.15331128013314668, '_y': 2.7848845741760995, '_z': 0, '_order': 'YXZ'}, 'pos': {'x': 0, 'y': 0, 'z': 0}, 'img_id': 'a065d99d11a84247a796f012e6b63bac'}}
10531	client	{'type': 'update', 'action': 'nav', 'message': {'rot': {'_x': -0.11591136759041103, '_y': 2.0906486976015692, '_z': 0, '_order': 'YXZ'}, 'pos': {'x': 0, 'y': 0, 'z': 0}, 'img_id': 'a065d99d11a84247a796f012e6b63bac'}}
10531	server	{'type': 'update', 'action': 'update_mirror_nav', 'message': {'rot': {'_x': -0.11591136759041103, '_y': 2.0906486976015692, '_z': 0, '_order': 'YXZ'}, 'pos': {'x': 0, 'y': 0, 'z': 0}, 'img_id': 'a065d99d11a84247a796f012e6b63bac'}}
10532	client	{'type': 'update', 'action': 'nav', 'message': {'rot': {'_x': -0.10344473007616581, '_y': 1.3940753264931185, '_z': 0, '_order': 'YXZ'}, 'pos': {'x': 0, 'y': 0, 'z': 0}, 'img_id': 'a065d99d11a84247a796f012e6b63bac'}}
10532	server	{'type': 'update', 'action': 'update_mirror_nav', 'message': {'rot': {'_x': -0.10344473007616581, '_y': 1.3940753264931185, '_z': 0, '_order': 'YXZ'}, 'pos': {'x': 0, 'y': 0, 'z': 0}, 'img_id': 'a065d99d11a84247a796f012e6b63bac'}}
10533	client	{'type': 'update', 'action': 'nav', 'message': {'rot': {'_x': -0.09097809256192059, '_y': 0.8026892094111118, '_z': 0, '_order': 'YXZ'}, 'pos': {'x': 0, 'y': 0, 'z': 0}, 'img_id': 'a065d99d11a84247a796f012e6b63bac'}}
10533	server	{'type': 'update', 'action': 'update_mirror_nav', 'message': {'rot': {'_x': -0.09097809256192059, '_y': 0.8026892094111118, '_z': 0, '_order': 'YXZ'}, 'pos': {'x': 0, 'y': 0, 'z': 0}, 'img_id': 'a065d99d11a84247a796f012e6b63bac'}}
10536	client	{'type': 'update', 'action': 'nav', 'message': {'rot': {'_x': -0.09097809256192059, '_y': 0.4038661513331696, '_z': 0, '_order': 'YXZ'}, 'pos': {'x': 0, 'y': 0, 'z': 0}, 'img_id': '2638d9b6871a4ea1a92cf029898b25e9'}}
10536	server	{'type': 'update', 'action': 'update_mirror_nav', 'message': {'rot': {'_x': -0.09097809256192059, '_y': 0.4038661513331696, '_z': 0, '_order': 'YXZ'}, 'pos': {'x': 0, 'y': 0, 'z': 0}, 'img_id': '2638d9b6871a4ea1a92cf029898b25e9'}}
10539	client	{'type': 'update', 'action': 'nav', 'message': {'rot': {'_x': -0.09097809256192059, '_y': 0.8523793678842393, '_z': 0, '_order': 'YXZ'}, 'pos': {'x': 0, 'y': 0, 'z': 0}, 'img_id': 'badcbcaaad5a46edbbf39ffdce456bf5'}}
10539	server	{'type': 'update', 'action': 'update_mirror_nav', 'message': {'rot': {'_x': -0.09097809256192059, '_y': 0.8523793678842393, '_z': 0, '_order': 'YXZ'}, 'pos': {'x': 0, 'y': 0, 'z': 0}, 'img_id': 'badcbcaaad5a46edbbf39ffdce456bf5'}}
10542	client	{'type': 'update', 'action': 'nav', 'message': {'rot': {'_x': -0.1491557342950649, '_y': 0.22125584372557547, '_z': 0, '_order': 'YXZ'}, 'pos': {'x': 0, 'y': 0, 'z': 0}, 'img_id': 'badcbcaaad5a46edbbf39ffdce456bf5'}}
10542	server	{'type': 'update', 'action': 'update_mirror_nav', 'message': {'rot': {'_x': -0.1491557342950649, '_y': 0.22125584372557547, '_z': 0, '_order': 'YXZ'}, 'pos': {'x': 0, 'y': 0, 'z': 0}, 'img_id': 'badcbcaaad5a46edbbf39ffdce456bf5'}}
10546	client	{'type': 'update', 'action': 'nav', 'message': {'rot': {'_x': -0.22811110521861788, '_y': 0.059968720885028075, '_z': 0, '_order': 'YXZ'}, 'pos': {'x': 0, 'y': 0, 'z': 0}, 'img_id': 'badcbcaaad5a46edbbf39ffdce456bf5'}}
10546	server	{'type': 'update', 'action': 'update_mirror_nav', 'message': {'rot': {'_x': -0.22811110521861788, '_y': 0.059968720885028075, '_z': 0, '_order': 'YXZ'}, 'pos': {'x': 0, 'y': 0, 'z': 0}, 'img_id': 'badcbcaaad5a46edbbf39ffdce456bf5'}}
10564	client	{'type': 'update', 'action': 'nav', 'message': {'rot': {'_x': -0.22811110521861788, '_y': 0.7785368207824644, '_z': 0, '_order': 'YXZ'}, 'pos': {'x': 0, 'y': 0, 'z': 0}, 'img_id': 'cc3902e7d9b04494a69f384edce8617c'}}
10564	server	{'type': 'update', 'action': 'update_mirror_nav', 'message': {'rot': {'_x': -0.22811110521861788, '_y': 0.7785368207824644, '_z': 0, '_order': 'YXZ'}, 'pos': {'x': 0, 'y': 0, 'z': 0}, 'img_id': 'cc3902e7d9b04494a69f384edce8617c'}}
10566	client	{'type': 'update', 'action': 'nav', 'message': {'rot': {'_x': -0.22811110521861788, '_y': 0.9269429032459392, '_z': 0, '_order': 'YXZ'}, 'pos': {'x': 0, 'y': 0, 'z': 0}, 'img_id': 'ea385c52656c4ec385c2236d57ce5f05'}}
10566	server	{'type': 'update', 'action': 'update_mirror_nav', 'message': {'rot': {'_x': -0.22811110521861788, '_y': 0.9269429032459392, '_z': 0, '_order': 'YXZ'}, 'pos': {'x': 0, 'y': 0, 'z': 0}, 'img_id': 'ea385c52656c4ec385c2236d57ce5f05'}}
10573	client	{'type': 'update', 'action': 'nav', 'message': {'rot': {'_x': -0.1740890093235555, '_y': 1.464566646047764, '_z': 0, '_order': 'YXZ'}, 'pos': {'x': 0, 'y': 0, 'z': 0}, 'img_id': 'ea385c52656c4ec385c2236d57ce5f05'}}
10573	server	{'type': 'update', 'action': 'update_mirror_nav', 'message': {'rot': {'_x': -0.1740890093235555, '_y': 1.464566646047764, '_z': 0, '_order': 'YXZ'}, 'pos': {'x': 0, 'y': 0, 'z': 0}, 'img_id': 'ea385c52656c4ec385c2236d57ce5f05'}}
10578	client	{'type': 'update', 'action': 'nav', 'message': {'rot': {'_x': -0.1740890093235555, '_y': 2.2853578190733215, '_z': 0, '_order': 'YXZ'}, 'pos': {'x': 0, 'y': 0, 'z': 0}, 'img_id': '4d8e722833aa4f4793f82dc8bd1c2a74'}}
10578	server	{'type': 'update', 'action': 'update_mirror_nav', 'message': {'rot': {'_x': -0.1740890093235555, '_y': 2.2853578190733215, '_z': 0, '_order': 'YXZ'}, 'pos': {'x': 0, 'y': 0, 'z': 0}, 'img_id': '4d8e722833aa4f4793f82dc8bd1c2a74'}}
10579	client	{'type': 'update', 'action': 'nav', 'message': {'rot': {'_x': -0.1740890093235555, '_y': 2.377625660758487, '_z': 0, '_order': 'YXZ'}, 'pos': {'x': 0, 'y': 0, 'z': 0}, 'img_id': '282b31dbc77f419b880cbd2f9682a0ae'}}
10579	server	{'type': 'update', 'action': 'update_mirror_nav', 'message': {'rot': {'_x': -0.1740890093235555, '_y': 2.377625660758487, '_z': 0, '_order': 'YXZ'}, 'pos': {'x': 0, 'y': 0, 'z': 0}, 'img_id': '282b31dbc77f419b880cbd2f9682a0ae'}}
10581	client	{'type': 'update', 'action': 'nav', 'message': {'rot': {'_x': -0.18240010099971898, '_y': 2.990049228645783, '_z': 0, '_order': 'YXZ'}, 'pos': {'x': 0, 'y': 0, 'z': 0}, 'img_id': '282b31dbc77f419b880cbd2f9682a0ae'}}
10581	server	{'type': 'update', 'action': 'update_mirror_nav', 'message': {'rot': {'_x': -0.18240010099971898, '_y': 2.990049228645783, '_z': 0, '_order': 'YXZ'}, 'pos': {'x': 0, 'y': 0, 'z': 0}, 'img_id': '282b31dbc77f419b880cbd2f9682a0ae'}}
10583	client	{'type': 'update', 'action': 'nav', 'message': {'rot': {'_x': -0.13253355094273817, '_y': 4.109709110393931, '_z': 0, '_order': 'YXZ'}, 'pos': {'x': 0, 'y': 0, 'z': 0}, 'img_id': '282b31dbc77f419b880cbd2f9682a0ae'}}
10583	server	{'type': 'update', 'action': 'update_mirror_nav', 'message': {'rot': {'_x': -0.13253355094273817, '_y': 4.109709110393931, '_z': 0, '_order': 'YXZ'}, 'pos': {'x': 0, 'y': 0, 'z': 0}, 'img_id': '282b31dbc77f419b880cbd2f9682a0ae'}}
10584	client	{'type': 'update', 'action': 'nav', 'message': {'rot': {'_x': -0.3029109303040894, '_y': 5.0867818255729, '_z': 0, '_order': 'YXZ'}, 'pos': {'x': 0, 'y': 0, 'z': 0}, 'img_id': '282b31dbc77f419b880cbd2f9682a0ae'}}
10585	server	{'type': 'update', 'action': 'update_mirror_nav', 'message': {'rot': {'_x': -0.3029109303040894, '_y': 5.0867818255729, '_z': 0, '_order': 'YXZ'}, 'pos': {'x': 0, 'y': 0, 'z': 0}, 'img_id': '282b31dbc77f419b880cbd2f9682a0ae'}}
10587	client	{'type': 'update', 'action': 'nav', 'message': {'rot': {'_x': -0.3029109303040894, '_y': 5.507904859001682, '_z': 0, '_order': 'YXZ'}, 'pos': {'x': 0, 'y': 0, 'z': 0}, 'img_id': '4d8e722833aa4f4793f82dc8bd1c2a74'}}
10587	server	{'type': 'update', 'action': 'update_mirror_nav', 'message': {'rot': {'_x': -0.3029109303040894, '_y': 5.507904859001682, '_z': 0, '_order': 'YXZ'}, 'pos': {'x': 0, 'y': 0, 'z': 0}, 'img_id': '4d8e722833aa4f4793f82dc8bd1c2a74'}}
10590	client	{'type': 'update', 'action': 'nav', 'message': {'rot': {'_x': -0.3029109303040894, '_y': 5.534179237789808, '_z': 0, '_order': 'YXZ'}, 'pos': {'x': 0, 'y': 0, 'z': 0}, 'img_id': 'ea385c52656c4ec385c2236d57ce5f05'}}
10590	server	{'type': 'update', 'action': 'update_mirror_nav', 'message': {'rot': {'_x': -0.3029109303040894, '_y': 5.534179237789808, '_z': 0, '_order': 'YXZ'}, 'pos': {'x': 0, 'y': 0, 'z': 0}, 'img_id': 'ea385c52656c4ec385c2236d57ce5f05'}}
10591	client	{'type': 'update', 'action': 'nav', 'message': {'rot': {'_x': -0.24888883440902682, '_y': 4.468281730321843, '_z': 0, '_order': 'YXZ'}, 'pos': {'x': 0, 'y': 0, 'z': 0}, 'img_id': 'ea385c52656c4ec385c2236d57ce5f05'}}
10594	client	{'type': 'update', 'action': 'nav', 'message': {'rot': {'_x': -0.5480881347509117, '_y': 3.626783698110289, '_z': 0, '_order': 'YXZ'}, 'pos': {'x': 0, 'y': 0, 'z': 0}, 'img_id': 'ea385c52656c4ec385c2236d57ce5f05'}}
10597	client	{'type': 'update', 'action': 'nav', 'message': {'rot': {'_x': -0.30706647614217086, '_y': 4.20414484798877, '_z': 0, '_order': 'YXZ'}, 'pos': {'x': 0, 'y': 0, 'z': 0}, 'img_id': 'ea385c52656c4ec385c2236d57ce5f05'}}
10598	client	{'type': 'update', 'action': 'nav', 'message': {'rot': {'_x': -0.31953311365641596, '_y': 5.111092727150111, '_z': 0, '_order': 'YXZ'}, 'pos': {'x': 0, 'y': 0, 'z': 0}, 'img_id': 'ea385c52656c4ec385c2236d57ce5f05'}}
10601	client	{'type': 'update', 'action': 'nav', 'message': {'rot': {'_x': 0.041999374256694796, '_y': 5.845066010801299, '_z': 0, '_order': 'YXZ'}, 'pos': {'x': 0, 'y': 0, 'z': 0}, 'img_id': 'ea385c52656c4ec385c2236d57ce5f05'}}
10603	client	{'type': 'update', 'action': 'nav', 'message': {'rot': {'_x': -0.04526708834302165, '_y': 6.455152084154677, '_z': 0, '_order': 'YXZ'}, 'pos': {'x': 0, 'y': 0, 'z': 0}, 'img_id': 'ea385c52656c4ec385c2236d57ce5f05'}}
10604	client	{'type': 'update', 'action': 'nav', 'message': {'rot': {'_x': -0.1283780051046564, '_y': 6.815126242378508, '_z': 0, '_order': 'YXZ'}, 'pos': {'x': 0, 'y': 0, 'z': 0}, 'img_id': 'ea385c52656c4ec385c2236d57ce5f05'}}
10607	client	{'type': 'update', 'action': 'nav', 'message': {'rot': {'_x': -0.1283780051046564, '_y': 7.204473044349751, '_z': 0, '_order': 'YXZ'}, 'pos': {'x': 0, 'y': 0, 'z': 0}, 'img_id': 'c3ad822583814f76aaa7c3f17d04363d'}}
10652	client	{'type': 'update', 'action': 'chat', 'message': 'I found a room with several at pieces including a vase. I am clicking found room.'}
10652	server	{'type': 'update', 'action': 'add_chat', 'speaker': 'self', 'message': 'I found a room with several at pieces including a vase. I am clicking found room.'}
10652	server	{'type': 'update', 'action': 'disable_chat'}
10652	server	{'type': 'update', 'action': 'disable_nav'}
11071	server	{'type': 'update', 'action': 'set_aux', 'message': 'Looks like you or your partner took too long to respond. Sorry about that! You can end the HIT and recieve payment.'}
11071	server	{'type': 'update', 'action': 'disable_chat'}
11071	server	{'type': 'update', 'action': 'disable_nav'}
11071	server	{'type': 'update', 'action': 'exit'}
