8367	server	{'type': 'update', 'action': 'set_house', 'value': '5q7pvUzZiYa'}
8367	server	{'type': 'update', 'action': 'set_target_obj', 'value': 'rug'}
8367	server	{'type': 'update', 'action': 'set_start_pano', 'value': '7dc12a67ddfc4a4a849ce620db5b777b'}
8367	server	{'type': 'update', 'action': 'set_aux', 'message': 'Another player connected! You are The Navigator.'}
8367	server	{'type': 'update', 'action': 'hide_instructions'}
8367	server	{'type': 'update', 'action': 'show_chat'}
8367	server	{'type': 'update', 'action': 'show_nav'}
8367	server	{'type': 'update', 'action': 'enable_chat'}
8367	server	{'type': 'update', 'action': 'enable_nav'}
8367	server	{'type': 'update', 'action': 'set_house', 'value': '5q7pvUzZiYa'}
8367	server	{'type': 'update', 'action': 'set_target_obj', 'value': 'rug'}
8367	server	{'type': 'update', 'action': 'set_start_pano', 'value': '7dc12a67ddfc4a4a849ce620db5b777b'}
8367	server	{'type': 'update', 'action': 'set_end_panos', 'value': 'ffbed768a549496c9752a736bff9efd5,468345e4a74c432290ed59865e01d9e0,32073c62923f40c590dcac826c72e2a7,7939ba3afc934e268aec59027819ae4b,fc40a29412bd43d58978091b6ff4141a'}
8367	server	{'type': 'update', 'action': 'set_aux', 'message': 'Another player connected! You are The Oracle.'}
8367	server	{'type': 'update', 'action': 'hide_instructions'}
8367	server	{'type': 'update', 'action': 'show_chat'}
8367	server	{'type': 'update', 'action': 'show_mirror_nav'}
8367	server	{'type': 'update', 'action': 'show_gold_view'}
8377	client	{'type': 'update', 'action': 'nav', 'message': {'rot': {'_x': 0, '_y': 0, '_z': 0, '_order': 'YXZ'}, 'pos': {'x': 0, 'y': 0, 'z': 0}, 'img_id': '7dc12a67ddfc4a4a849ce620db5b777b'}}
8377	server	{'type': 'update', 'action': 'update_mirror_nav', 'message': {'rot': {'_x': 0, '_y': 0, '_z': 0, '_order': 'YXZ'}, 'pos': {'x': 0, 'y': 0, 'z': 0}, 'img_id': '7dc12a67ddfc4a4a849ce620db5b777b'}}
8388	client	{'type': 'update', 'action': 'nav', 'message': {'rot': {'_x': -0.5437371900443873, '_y': 0.03056684744033312, '_z': 0, '_order': 'YXZ'}, 'pos': {'x': 0, 'y': 0, 'z': 0}, 'img_id': '7dc12a67ddfc4a4a849ce620db5b777b'}}
8388	server	{'type': 'update', 'action': 'update_mirror_nav', 'message': {'rot': {'_x': -0.5437371900443873, '_y': 0.03056684744033312, '_z': 0, '_order': 'YXZ'}, 'pos': {'x': 0, 'y': 0, 'z': 0}, 'img_id': '7dc12a67ddfc4a4a849ce620db5b777b'}}
8390	client	{'type': 'update', 'action': 'nav', 'message': {'rot': {'_x': -0.6404015793856116, '_y': 0.5043529827654964, '_z': 0, '_order': 'YXZ'}, 'pos': {'x': 0, 'y': 0, 'z': 0}, 'img_id': '7dc12a67ddfc4a4a849ce620db5b777b'}}
8390	server	{'type': 'update', 'action': 'update_mirror_nav', 'message': {'rot': {'_x': -0.6404015793856116, '_y': 0.5043529827654964, '_z': 0, '_order': 'YXZ'}, 'pos': {'x': 0, 'y': 0, 'z': 0}, 'img_id': '7dc12a67ddfc4a4a849ce620db5b777b'}}
8391	client	{'type': 'update', 'action': 'nav', 'message': {'rot': {'_x': -0.9424777960769379, '_y': 0.9883280672374375, '_z': 0, '_order': 'YXZ'}, 'pos': {'x': 0, 'y': 0, 'z': 0}, 'img_id': '7dc12a67ddfc4a4a849ce620db5b777b'}}
8391	server	{'type': 'update', 'action': 'update_mirror_nav', 'message': {'rot': {'_x': -0.9424777960769379, '_y': 0.9883280672374375, '_z': 0, '_order': 'YXZ'}, 'pos': {'x': 0, 'y': 0, 'z': 0}, 'img_id': '7dc12a67ddfc4a4a849ce620db5b777b'}}
8392	client	{'type': 'update', 'action': 'nav', 'message': {'rot': {'_x': -0.8337303580680605, '_y': 1.5096626319142303, '_z': 0, '_order': 'YXZ'}, 'pos': {'x': 0, 'y': 0, 'z': 0}, 'img_id': '7dc12a67ddfc4a4a849ce620db5b777b'}}
8392	server	{'type': 'update', 'action': 'update_mirror_nav', 'message': {'rot': {'_x': -0.8337303580680605, '_y': 1.5096626319142303, '_z': 0, '_order': 'YXZ'}, 'pos': {'x': 0, 'y': 0, 'z': 0}, 'img_id': '7dc12a67ddfc4a4a849ce620db5b777b'}}
8394	client	{'type': 'update', 'action': 'nav', 'message': {'rot': {'_x': -0.9424777960769379, '_y': 2.165151693690263, '_z': 0, '_order': 'YXZ'}, 'pos': {'x': 0, 'y': 0, 'z': 0}, 'img_id': '7dc12a67ddfc4a4a849ce620db5b777b'}}
8394	server	{'type': 'update', 'action': 'update_mirror_nav', 'message': {'rot': {'_x': -0.9424777960769379, '_y': 2.165151693690263, '_z': 0, '_order': 'YXZ'}, 'pos': {'x': 0, 'y': 0, 'z': 0}, 'img_id': '7dc12a67ddfc4a4a849ce620db5b777b'}}
8395	client	{'type': 'update', 'action': 'nav', 'message': {'rot': {'_x': -0.9424777960769379, '_y': 2.611767297957352, '_z': 0, '_order': 'YXZ'}, 'pos': {'x': 0, 'y': 0, 'z': 0}, 'img_id': '7dc12a67ddfc4a4a849ce620db5b777b'}}
8395	server	{'type': 'update', 'action': 'update_mirror_nav', 'message': {'rot': {'_x': -0.9424777960769379, '_y': 2.611767297957352, '_z': 0, '_order': 'YXZ'}, 'pos': {'x': 0, 'y': 0, 'z': 0}, 'img_id': '7dc12a67ddfc4a4a849ce620db5b777b'}}
8397	client	{'type': 'update', 'action': 'nav', 'message': {'rot': {'_x': -0.586027860381173, '_y': 2.6949770493227034, '_z': 0, '_order': 'YXZ'}, 'pos': {'x': 0, 'y': 0, 'z': 0}, 'img_id': '7dc12a67ddfc4a4a849ce620db5b777b'}}
8397	server	{'type': 'update', 'action': 'update_mirror_nav', 'message': {'rot': {'_x': -0.586027860381173, '_y': 2.6949770493227034, '_z': 0, '_order': 'YXZ'}, 'pos': {'x': 0, 'y': 0, 'z': 0}, 'img_id': '7dc12a67ddfc4a4a849ce620db5b777b'}}
8398	client	{'type': 'update', 'action': 'nav', 'message': {'rot': {'_x': -0.26884783285528047, '_y': 2.0140156146797263, '_z': 0, '_order': 'YXZ'}, 'pos': {'x': 0, 'y': 0, 'z': 0}, 'img_id': '7dc12a67ddfc4a4a849ce620db5b777b'}}
8398	server	{'type': 'update', 'action': 'update_mirror_nav', 'message': {'rot': {'_x': -0.26884783285528047, '_y': 2.0140156146797263, '_z': 0, '_order': 'YXZ'}, 'pos': {'x': 0, 'y': 0, 'z': 0}, 'img_id': '7dc12a67ddfc4a4a849ce620db5b777b'}}
8399	client	{'type': 'update', 'action': 'nav', 'message': {'rot': {'_x': 0.0966643893412243, '_y': 1.1496530953947508, '_z': 0, '_order': 'YXZ'}, 'pos': {'x': 0, 'y': 0, 'z': 0}, 'img_id': '7dc12a67ddfc4a4a849ce620db5b777b'}}
8399	server	{'type': 'update', 'action': 'update_mirror_nav', 'message': {'rot': {'_x': 0.0966643893412243, '_y': 1.1496530953947508, '_z': 0, '_order': 'YXZ'}, 'pos': {'x': 0, 'y': 0, 'z': 0}, 'img_id': '7dc12a67ddfc4a4a849ce620db5b777b'}}
8401	client	{'type': 'update', 'action': 'nav', 'message': {'rot': {'_x': 0.4168651790340301, '_y': 0.9934225418108259, '_z': 0, '_order': 'YXZ'}, 'pos': {'x': 0, 'y': 0, 'z': 0}, 'img_id': '7dc12a67ddfc4a4a849ce620db5b777b'}}
8401	server	{'type': 'update', 'action': 'update_mirror_nav', 'message': {'rot': {'_x': 0.4168651790340301, '_y': 0.9934225418108259, '_z': 0, '_order': 'YXZ'}, 'pos': {'x': 0, 'y': 0, 'z': 0}, 'img_id': '7dc12a67ddfc4a4a849ce620db5b777b'}}
8404	client	{'type': 'update', 'action': 'nav', 'message': {'rot': {'_x': 0.6736299632216574, '_y': 0.7200190730389574, '_z': 0, '_order': 'YXZ'}, 'pos': {'x': 0, 'y': 0, 'z': 0}, 'img_id': '7dc12a67ddfc4a4a849ce620db5b777b'}}
8404	server	{'type': 'update', 'action': 'update_mirror_nav', 'message': {'rot': {'_x': 0.6736299632216574, '_y': 0.7200190730389574, '_z': 0, '_order': 'YXZ'}, 'pos': {'x': 0, 'y': 0, 'z': 0}, 'img_id': '7dc12a67ddfc4a4a849ce620db5b777b'}}
8405	client	{'type': 'update', 'action': 'nav', 'message': {'rot': {'_x': 0.09666438934122419, '_y': 1.28550575068512, '_z': 0, '_order': 'YXZ'}, 'pos': {'x': 0, 'y': 0, 'z': 0}, 'img_id': '7dc12a67ddfc4a4a849ce620db5b777b'}}
8405	server	{'type': 'update', 'action': 'update_mirror_nav', 'message': {'rot': {'_x': 0.09666438934122419, '_y': 1.28550575068512, '_z': 0, '_order': 'YXZ'}, 'pos': {'x': 0, 'y': 0, 'z': 0}, 'img_id': '7dc12a67ddfc4a4a849ce620db5b777b'}}
8411	client	{'type': 'update', 'action': 'nav', 'message': {'rot': {'_x': -0.28093088152293366, '_y': 1.8017458407885243, '_z': 0, '_order': 'YXZ'}, 'pos': {'x': 0, 'y': 0, 'z': 0}, 'img_id': '7dc12a67ddfc4a4a849ce620db5b777b'}}
8411	server	{'type': 'update', 'action': 'update_mirror_nav', 'message': {'rot': {'_x': -0.28093088152293366, '_y': 1.8017458407885243, '_z': 0, '_order': 'YXZ'}, 'pos': {'x': 0, 'y': 0, 'z': 0}, 'img_id': '7dc12a67ddfc4a4a849ce620db5b777b'}}
8412	client	{'type': 'update', 'action': 'nav', 'message': {'rot': {'_x': -0.8518549310695404, '_y': 1.9308058633143752, '_z': 0, '_order': 'YXZ'}, 'pos': {'x': 0, 'y': 0, 'z': 0}, 'img_id': '7dc12a67ddfc4a4a849ce620db5b777b'}}
8412	server	{'type': 'update', 'action': 'update_mirror_nav', 'message': {'rot': {'_x': -0.8518549310695404, '_y': 1.9308058633143752, '_z': 0, '_order': 'YXZ'}, 'pos': {'x': 0, 'y': 0, 'z': 0}, 'img_id': '7dc12a67ddfc4a4a849ce620db5b777b'}}
8422	client	{'type': 'update', 'action': 'nav', 'message': {'rot': {'_x': -0.3504084113619387, '_y': 1.6658931854981542, '_z': 0, '_order': 'YXZ'}, 'pos': {'x': 0, 'y': 0, 'z': 0}, 'img_id': '7dc12a67ddfc4a4a849ce620db5b777b'}}
8422	server	{'type': 'update', 'action': 'update_mirror_nav', 'message': {'rot': {'_x': -0.3504084113619387, '_y': 1.6658931854981542, '_z': 0, '_order': 'YXZ'}, 'pos': {'x': 0, 'y': 0, 'z': 0}, 'img_id': '7dc12a67ddfc4a4a849ce620db5b777b'}}
8426	client	{'type': 'update', 'action': 'nav', 'message': {'rot': {'_x': -0.009062286500739957, '_y': 0.9560630616059727, '_z': 0, '_order': 'YXZ'}, 'pos': {'x': 0, 'y': 0, 'z': 0}, 'img_id': '7dc12a67ddfc4a4a849ce620db5b777b'}}
8426	server	{'type': 'update', 'action': 'update_mirror_nav', 'message': {'rot': {'_x': -0.009062286500739957, '_y': 0.9560630616059727, '_z': 0, '_order': 'YXZ'}, 'pos': {'x': 0, 'y': 0, 'z': 0}, 'img_id': '7dc12a67ddfc4a4a849ce620db5b777b'}}
8431	client	{'type': 'update', 'action': 'nav', 'message': {'rot': {'_x': 0.021145335168392683, '_y': 0.70133933293653, '_z': 0, '_order': 'YXZ'}, 'pos': {'x': 0, 'y': 0, 'z': 0}, 'img_id': '7dc12a67ddfc4a4a849ce620db5b777b'}}
8431	server	{'type': 'update', 'action': 'update_mirror_nav', 'message': {'rot': {'_x': 0.021145335168392683, '_y': 0.70133933293653, '_z': 0, '_order': 'YXZ'}, 'pos': {'x': 0, 'y': 0, 'z': 0}, 'img_id': '7dc12a67ddfc4a4a849ce620db5b777b'}}
8438	client	{'type': 'update', 'action': 'nav', 'message': {'rot': {'_x': 0.3050969788582394, '_y': 0.8117196153599551, '_z': 0, '_order': 'YXZ'}, 'pos': {'x': 0, 'y': 0, 'z': 0}, 'img_id': '7dc12a67ddfc4a4a849ce620db5b777b'}}
8438	server	{'type': 'update', 'action': 'update_mirror_nav', 'message': {'rot': {'_x': 0.3050969788582394, '_y': 0.8117196153599551, '_z': 0, '_order': 'YXZ'}, 'pos': {'x': 0, 'y': 0, 'z': 0}, 'img_id': '7dc12a67ddfc4a4a849ce620db5b777b'}}
8440	client	{'type': 'update', 'action': 'nav', 'message': {'rot': {'_x': 0.027186859502219222, '_y': 1.0409709711624537, '_z': 0, '_order': 'YXZ'}, 'pos': {'x': 0, 'y': 0, 'z': 0}, 'img_id': '7dc12a67ddfc4a4a849ce620db5b777b'}}
8440	server	{'type': 'update', 'action': 'update_mirror_nav', 'message': {'rot': {'_x': 0.027186859502219222, '_y': 1.0409709711624537, '_z': 0, '_order': 'YXZ'}, 'pos': {'x': 0, 'y': 0, 'z': 0}, 'img_id': '7dc12a67ddfc4a4a849ce620db5b777b'}}
8445	client	{'type': 'update', 'action': 'nav', 'message': {'rot': {'_x': 0.02416609733530596, '_y': 1.0409709711624537, '_z': 0, '_order': 'YXZ'}, 'pos': {'x': 0, 'y': 0, 'z': 0}, 'img_id': '7dc12a67ddfc4a4a849ce620db5b777b'}}
8445	server	{'type': 'update', 'action': 'update_mirror_nav', 'message': {'rot': {'_x': 0.02416609733530596, '_y': 1.0409709711624537, '_z': 0, '_order': 'YXZ'}, 'pos': {'x': 0, 'y': 0, 'z': 0}, 'img_id': '7dc12a67ddfc4a4a849ce620db5b777b'}}
8446	client	{'type': 'update', 'action': 'nav', 'message': {'rot': {'_x': 0.11176820017579056, '_y': 0.720019073038956, '_z': 0, '_order': 'YXZ'}, 'pos': {'x': 0, 'y': 0, 'z': 0}, 'img_id': '7dc12a67ddfc4a4a849ce620db5b777b'}}
8446	server	{'type': 'update', 'action': 'update_mirror_nav', 'message': {'rot': {'_x': 0.11176820017579056, '_y': 0.720019073038956, '_z': 0, '_order': 'YXZ'}, 'pos': {'x': 0, 'y': 0, 'z': 0}, 'img_id': '7dc12a67ddfc4a4a849ce620db5b777b'}}
8448	client	{'type': 'update', 'action': 'nav', 'message': {'rot': {'_x': 0.093643627174311, '_y': 0.28868689249203316, '_z': 0, '_order': 'YXZ'}, 'pos': {'x': 0, 'y': 0, 'z': 0}, 'img_id': '7dc12a67ddfc4a4a849ce620db5b777b'}}
8448	server	{'type': 'update', 'action': 'update_mirror_nav', 'message': {'rot': {'_x': 0.093643627174311, '_y': 0.28868689249203316, '_z': 0, '_order': 'YXZ'}, 'pos': {'x': 0, 'y': 0, 'z': 0}, 'img_id': '7dc12a67ddfc4a4a849ce620db5b777b'}}
8449	client	{'type': 'update', 'action': 'nav', 'message': {'rot': {'_x': 0.08760210284048449, '_y': 0.46359718617838375, '_z': 0, '_order': 'YXZ'}, 'pos': {'x': 0, 'y': 0, 'z': 0}, 'img_id': '7dc12a67ddfc4a4a849ce620db5b777b'}}
8449	server	{'type': 'update', 'action': 'update_mirror_nav', 'message': {'rot': {'_x': 0.08760210284048449, '_y': 0.46359718617838375, '_z': 0, '_order': 'YXZ'}, 'pos': {'x': 0, 'y': 0, 'z': 0}, 'img_id': '7dc12a67ddfc4a4a849ce620db5b777b'}}
8451	client	{'type': 'update', 'action': 'nav', 'message': {'rot': {'_x': 0.08458134067357123, '_y': 0.46359718617838375, '_z': 0, '_order': 'YXZ'}, 'pos': {'x': 0, 'y': 0, 'z': 0}, 'img_id': '7dc12a67ddfc4a4a849ce620db5b777b'}}
8451	server	{'type': 'update', 'action': 'update_mirror_nav', 'message': {'rot': {'_x': 0.08458134067357123, '_y': 0.46359718617838375, '_z': 0, '_order': 'YXZ'}, 'pos': {'x': 0, 'y': 0, 'z': 0}, 'img_id': '7dc12a67ddfc4a4a849ce620db5b777b'}}
8462	client	{'type': 'update', 'action': 'nav', 'message': {'rot': {'_x': 0.09968515150813753, '_y': 0.9696483271350099, '_z': 0, '_order': 'YXZ'}, 'pos': {'x': 0, 'y': 0, 'z': 0}, 'img_id': '7dc12a67ddfc4a4a849ce620db5b777b'}}
8462	server	{'type': 'update', 'action': 'update_mirror_nav', 'message': {'rot': {'_x': 0.09968515150813753, '_y': 0.9696483271350099, '_z': 0, '_order': 'YXZ'}, 'pos': {'x': 0, 'y': 0, 'z': 0}, 'img_id': '7dc12a67ddfc4a4a849ce620db5b777b'}}
8464	client	{'type': 'update', 'action': 'nav', 'message': {'rot': {'_x': -0.46821813587155586, '_y': 1.5724944849860243, '_z': 0, '_order': 'YXZ'}, 'pos': {'x': 0, 'y': 0, 'z': 0}, 'img_id': '7dc12a67ddfc4a4a849ce620db5b777b'}}
8464	server	{'type': 'update', 'action': 'update_mirror_nav', 'message': {'rot': {'_x': -0.46821813587155586, '_y': 1.5724944849860243, '_z': 0, '_order': 'YXZ'}, 'pos': {'x': 0, 'y': 0, 'z': 0}, 'img_id': '7dc12a67ddfc4a4a849ce620db5b777b'}}
8466	client	{'type': 'update', 'action': 'nav', 'message': {'rot': {'_x': -0.47123889803846913, '_y': 1.5724944849860243, '_z': 0, '_order': 'YXZ'}, 'pos': {'x': 0, 'y': 0, 'z': 0}, 'img_id': '7dc12a67ddfc4a4a849ce620db5b777b'}}
8466	server	{'type': 'update', 'action': 'update_mirror_nav', 'message': {'rot': {'_x': -0.47123889803846913, '_y': 1.5724944849860243, '_z': 0, '_order': 'YXZ'}, 'pos': {'x': 0, 'y': 0, 'z': 0}, 'img_id': '7dc12a67ddfc4a4a849ce620db5b777b'}}
8468	client	{'type': 'update', 'action': 'nav', 'message': {'rot': {'_x': -0.3353046005273723, '_y': 1.4060749822553218, '_z': 0, '_order': 'YXZ'}, 'pos': {'x': 0, 'y': 0, 'z': 0}, 'img_id': '7dc12a67ddfc4a4a849ce620db5b777b'}}
8468	server	{'type': 'update', 'action': 'update_mirror_nav', 'message': {'rot': {'_x': -0.3353046005273723, '_y': 1.4060749822553218, '_z': 0, '_order': 'YXZ'}, 'pos': {'x': 0, 'y': 0, 'z': 0}, 'img_id': '7dc12a67ddfc4a4a849ce620db5b777b'}}
8473	client	{'type': 'update', 'action': 'nav', 'message': {'rot': {'_x': -0.3353046005273723, '_y': 1.409471298637581, '_z': 0, '_order': 'YXZ'}, 'pos': {'x': 0, 'y': 0, 'z': 0}, 'img_id': '7dc12a67ddfc4a4a849ce620db5b777b'}}
8473	server	{'type': 'update', 'action': 'update_mirror_nav', 'message': {'rot': {'_x': -0.3353046005273723, '_y': 1.409471298637581, '_z': 0, '_order': 'YXZ'}, 'pos': {'x': 0, 'y': 0, 'z': 0}, 'img_id': '7dc12a67ddfc4a4a849ce620db5b777b'}}
8474	client	{'type': 'update', 'action': 'nav', 'message': {'rot': {'_x': -0.34738764919502535, '_y': 1.4264528805488772, '_z': 0, '_order': 'YXZ'}, 'pos': {'x': 0, 'y': 0, 'z': 0}, 'img_id': '7dc12a67ddfc4a4a849ce620db5b777b'}}
8474	server	{'type': 'update', 'action': 'update_mirror_nav', 'message': {'rot': {'_x': -0.34738764919502535, '_y': 1.4264528805488772, '_z': 0, '_order': 'YXZ'}, 'pos': {'x': 0, 'y': 0, 'z': 0}, 'img_id': '7dc12a67ddfc4a4a849ce620db5b777b'}}
8475	client	{'type': 'update', 'action': 'nav', 'message': {'rot': {'_x': -0.40176136819946406, '_y': 1.5707963267948948, '_z': 0, '_order': 'YXZ'}, 'pos': {'x': 0, 'y': 0, 'z': 0}, 'img_id': '7dc12a67ddfc4a4a849ce620db5b777b'}}
8475	server	{'type': 'update', 'action': 'update_mirror_nav', 'message': {'rot': {'_x': -0.40176136819946406, '_y': 1.5707963267948948, '_z': 0, '_order': 'YXZ'}, 'pos': {'x': 0, 'y': 0, 'z': 0}, 'img_id': '7dc12a67ddfc4a4a849ce620db5b777b'}}
8478	client	{'type': 'update', 'action': 'nav', 'message': {'rot': {'_x': -0.045311432503699026, '_y': 0.9849317508551764, '_z': 0, '_order': 'YXZ'}, 'pos': {'x': 0, 'y': 0, 'z': 0}, 'img_id': '7dc12a67ddfc4a4a849ce620db5b777b'}}
8478	server	{'type': 'update', 'action': 'update_mirror_nav', 'message': {'rot': {'_x': -0.045311432503699026, '_y': 0.9849317508551764, '_z': 0, '_order': 'YXZ'}, 'pos': {'x': 0, 'y': 0, 'z': 0}, 'img_id': '7dc12a67ddfc4a4a849ce620db5b777b'}}
8482	client	{'type': 'update', 'action': 'nav', 'message': {'rot': {'_x': -0.5165503305421679, '_y': 0.2988758416388107, '_z': 0, '_order': 'YXZ'}, 'pos': {'x': 0, 'y': 0, 'z': 0}, 'img_id': '7dc12a67ddfc4a4a849ce620db5b777b'}}
8482	server	{'type': 'update', 'action': 'update_mirror_nav', 'message': {'rot': {'_x': -0.5165503305421679, '_y': 0.2988758416388107, '_z': 0, '_order': 'YXZ'}, 'pos': {'x': 0, 'y': 0, 'z': 0}, 'img_id': '7dc12a67ddfc4a4a849ce620db5b777b'}}
8486	client	{'type': 'update', 'action': 'nav', 'message': {'rot': {'_x': -0.29301393019058647, '_y': 0.786247242493011, '_z': 0, '_order': 'YXZ'}, 'pos': {'x': 0, 'y': 0, 'z': 0}, 'img_id': '7dc12a67ddfc4a4a849ce620db5b777b'}}
8486	server	{'type': 'update', 'action': 'update_mirror_nav', 'message': {'rot': {'_x': -0.29301393019058647, '_y': 0.786247242493011, '_z': 0, '_order': 'YXZ'}, 'pos': {'x': 0, 'y': 0, 'z': 0}, 'img_id': '7dc12a67ddfc4a4a849ce620db5b777b'}}
8488	client	{'type': 'update', 'action': 'nav', 'message': {'rot': {'_x': -0.3534291735288517, '_y': 1.2787131179206002, '_z': 0, '_order': 'YXZ'}, 'pos': {'x': 0, 'y': 0, 'z': 0}, 'img_id': '7dc12a67ddfc4a4a849ce620db5b777b'}}
8488	server	{'type': 'update', 'action': 'update_mirror_nav', 'message': {'rot': {'_x': -0.3534291735288517, '_y': 1.2787131179206002, '_z': 0, '_order': 'YXZ'}, 'pos': {'x': 0, 'y': 0, 'z': 0}, 'img_id': '7dc12a67ddfc4a4a849ce620db5b777b'}}
8490	client	{'type': 'update', 'action': 'nav', 'message': {'rot': {'_x': -0.540716427877474, '_y': 1.9257113887409847, '_z': 0, '_order': 'YXZ'}, 'pos': {'x': 0, 'y': 0, 'z': 0}, 'img_id': '7dc12a67ddfc4a4a849ce620db5b777b'}}
8490	server	{'type': 'update', 'action': 'update_mirror_nav', 'message': {'rot': {'_x': -0.540716427877474, '_y': 1.9257113887409847, '_z': 0, '_order': 'YXZ'}, 'pos': {'x': 0, 'y': 0, 'z': 0}, 'img_id': '7dc12a67ddfc4a4a849ce620db5b777b'}}
8492	client	{'type': 'update', 'action': 'nav', 'message': {'rot': {'_x': -0.8035227363989278, '_y': 3.1364981790164026, '_z': 0, '_order': 'YXZ'}, 'pos': {'x': 0, 'y': 0, 'z': 0}, 'img_id': '7dc12a67ddfc4a4a849ce620db5b777b'}}
8492	server	{'type': 'update', 'action': 'update_mirror_nav', 'message': {'rot': {'_x': -0.8035227363989278, '_y': 3.1364981790164026, '_z': 0, '_order': 'YXZ'}, 'pos': {'x': 0, 'y': 0, 'z': 0}, 'img_id': '7dc12a67ddfc4a4a849ce620db5b777b'}}
8494	client	{'type': 'update', 'action': 'nav', 'message': {'rot': {'_x': -0.9424777960769379, '_y': 4.585027116049966, '_z': 0, '_order': 'YXZ'}, 'pos': {'x': 0, 'y': 0, 'z': 0}, 'img_id': '7dc12a67ddfc4a4a849ce620db5b777b'}}
8494	server	{'type': 'update', 'action': 'update_mirror_nav', 'message': {'rot': {'_x': -0.9424777960769379, '_y': 4.585027116049966, '_z': 0, '_order': 'YXZ'}, 'pos': {'x': 0, 'y': 0, 'z': 0}, 'img_id': '7dc12a67ddfc4a4a849ce620db5b777b'}}
8495	client	{'type': 'update', 'action': 'nav', 'message': {'rot': {'_x': -0.9424777960769379, '_y': 5.32712224557361, '_z': 0, '_order': 'YXZ'}, 'pos': {'x': 0, 'y': 0, 'z': 0}, 'img_id': '7dc12a67ddfc4a4a849ce620db5b777b'}}
8495	server	{'type': 'update', 'action': 'update_mirror_nav', 'message': {'rot': {'_x': -0.9424777960769379, '_y': 5.32712224557361, '_z': 0, '_order': 'YXZ'}, 'pos': {'x': 0, 'y': 0, 'z': 0}, 'img_id': '7dc12a67ddfc4a4a849ce620db5b777b'}}
8498	client	{'type': 'update', 'action': 'nav', 'message': {'rot': {'_x': -0.9424777960769379, '_y': 5.957138934482698, '_z': 0, '_order': 'YXZ'}, 'pos': {'x': 0, 'y': 0, 'z': 0}, 'img_id': '7dc12a67ddfc4a4a849ce620db5b777b'}}
8498	server	{'type': 'update', 'action': 'update_mirror_nav', 'message': {'rot': {'_x': -0.9424777960769379, '_y': 5.957138934482698, '_z': 0, '_order': 'YXZ'}, 'pos': {'x': 0, 'y': 0, 'z': 0}, 'img_id': '7dc12a67ddfc4a4a849ce620db5b777b'}}
8499	client	{'type': 'update', 'action': 'nav', 'message': {'rot': {'_x': -0.9303947474092849, '_y': 6.478473499159491, '_z': 0, '_order': 'YXZ'}, 'pos': {'x': 0, 'y': 0, 'z': 0}, 'img_id': '7dc12a67ddfc4a4a849ce620db5b777b'}}
8499	server	{'type': 'update', 'action': 'update_mirror_nav', 'message': {'rot': {'_x': -0.9303947474092849, '_y': 6.478473499159491, '_z': 0, '_order': 'YXZ'}, 'pos': {'x': 0, 'y': 0, 'z': 0}, 'img_id': '7dc12a67ddfc4a4a849ce620db5b777b'}}
8504	client	{'type': 'update', 'action': 'nav', 'message': {'rot': {'_x': -0.5256126170429077, '_y': 6.548097984995806, '_z': 0, '_order': 'YXZ'}, 'pos': {'x': 0, 'y': 0, 'z': 0}, 'img_id': '7dc12a67ddfc4a4a849ce620db5b777b'}}
8504	server	{'type': 'update', 'action': 'update_mirror_nav', 'message': {'rot': {'_x': -0.5256126170429077, '_y': 6.548097984995806, '_z': 0, '_order': 'YXZ'}, 'pos': {'x': 0, 'y': 0, 'z': 0}, 'img_id': '7dc12a67ddfc4a4a849ce620db5b777b'}}
8525	client	{'type': 'update', 'action': 'chat', 'message': "I'm sorry I can't navagate this"}
8525	server	{'type': 'update', 'action': 'add_chat', 'speaker': 'self', 'message': "I'm sorry I can't navagate this"}
8525	server	{'type': 'update', 'action': 'disable_chat'}
8525	server	{'type': 'update', 'action': 'disable_nav'}
8525	server	{'type': 'update', 'action': 'add_chat', 'speaker': 'other', 'message': "I'm sorry I can't navagate this"}
8525	server	{'type': 'update', 'action': 'enable_chat'}
8525	server	{'type': 'update', 'action': 'enable_gold_view'}
8555	client	{'type': 'update', 'action': 'chat', 'message': "you didn't read the directions. do you see blue cylinders around the room? right click on them"}
8555	server	{'type': 'update', 'action': 'add_chat', 'speaker': 'other', 'message': "you didn't read the directions. do you see blue cylinders around the room? right click on them"}
8555	server	{'type': 'update', 'action': 'enable_chat'}
8555	server	{'type': 'update', 'action': 'enable_nav'}
8555	server	{'type': 'update', 'action': 'add_chat', 'speaker': 'self', 'message': "you didn't read the directions. do you see blue cylinders around the room? right click on them"}
8555	server	{'type': 'update', 'action': 'disable_chat'}
8555	server	{'type': 'update', 'action': 'disable_gold_view'}
8569	client	{'type': 'update', 'action': 'nav', 'message': {'rot': {'_x': -0.5256126170429077, '_y': 6.3942574291120495, '_z': 0, '_order': 'YXZ'}, 'pos': {'x': 0, 'y': 0, 'z': 0}, 'img_id': '0e84cf4dec784bc28b78a80bee35c550'}}
8569	server	{'type': 'update', 'action': 'update_mirror_nav', 'message': {'rot': {'_x': -0.5256126170429077, '_y': 6.3942574291120495, '_z': 0, '_order': 'YXZ'}, 'pos': {'x': 0, 'y': 0, 'z': 0}, 'img_id': '0e84cf4dec784bc28b78a80bee35c550'}}
8586	client	{'type': 'update', 'action': 'nav', 'message': {'rot': {'_x': -0.5256126170429077, '_y': 7.054648440915749, '_z': 0, '_order': 'YXZ'}, 'pos': {'x': 0, 'y': 0, 'z': 0}, 'img_id': '751ffe3f5566426b8bff4877848e3161'}}
8586	server	{'type': 'update', 'action': 'update_mirror_nav', 'message': {'rot': {'_x': -0.5256126170429077, '_y': 7.054648440915749, '_z': 0, '_order': 'YXZ'}, 'pos': {'x': 0, 'y': 0, 'z': 0}, 'img_id': '751ffe3f5566426b8bff4877848e3161'}}
8590	client	{'type': 'update', 'action': 'nav', 'message': {'rot': {'_x': -0.5256126170429077, '_y': 7.507268130608546, '_z': 0, '_order': 'YXZ'}, 'pos': {'x': 0, 'y': 0, 'z': 0}, 'img_id': '0252edd759c5485fbf6b5f55f0146646'}}
8590	server	{'type': 'update', 'action': 'update_mirror_nav', 'message': {'rot': {'_x': -0.5256126170429077, '_y': 7.507268130608546, '_z': 0, '_order': 'YXZ'}, 'pos': {'x': 0, 'y': 0, 'z': 0}, 'img_id': '0252edd759c5485fbf6b5f55f0146646'}}
8599	client	{'type': 'update', 'action': 'nav', 'message': {'rot': {'_x': -0.9424777960769379, '_y': 7.6821784242948965, '_z': 0, '_order': 'YXZ'}, 'pos': {'x': 0, 'y': 0, 'z': 0}, 'img_id': '0252edd759c5485fbf6b5f55f0146646'}}
8599	server	{'type': 'update', 'action': 'update_mirror_nav', 'message': {'rot': {'_x': -0.9424777960769379, '_y': 7.6821784242948965, '_z': 0, '_order': 'YXZ'}, 'pos': {'x': 0, 'y': 0, 'z': 0}, 'img_id': '0252edd759c5485fbf6b5f55f0146646'}}
8601	client	{'type': 'update', 'action': 'guess_stop', 'value': '0252edd759c5485fbf6b5f55f0146646'}
8601	server	{'type': 'update', 'action': 'disable_nav'}
8601	server	{'type': 'update', 'action': 'set_aux', 'message': "You're not yet in the right room. Try asking your partner for directions."}
8645	client	{'type': 'update', 'action': 'chat', 'message': 'OK, but can you give me directions, that does work thanks.'}
8645	server	{'type': 'update', 'action': 'add_chat', 'speaker': 'self', 'message': 'OK, but can you give me directions, that does work thanks.'}
8645	server	{'type': 'update', 'action': 'disable_chat'}
8645	server	{'type': 'update', 'action': 'disable_nav'}
8645	server	{'type': 'update', 'action': 'add_chat', 'speaker': 'other', 'message': 'OK, but can you give me directions, that does work thanks.'}
8645	server	{'type': 'update', 'action': 'enable_chat'}
8645	server	{'type': 'update', 'action': 'enable_gold_view'}
8743	client	{'type': 'update', 'action': 'chat', 'message': "Ok, the 'best route' it's showing me is to go downstairs. I personally can't see the cylinders to tell you which ones to click on"}
8743	server	{'type': 'update', 'action': 'add_chat', 'speaker': 'other', 'message': "Ok, the 'best route' it's showing me is to go downstairs. I personally can't see the cylinders to tell you which ones to click on"}
8743	server	{'type': 'update', 'action': 'enable_chat'}
8743	server	{'type': 'update', 'action': 'enable_nav'}
8743	server	{'type': 'update', 'action': 'add_chat', 'speaker': 'self', 'message': "Ok, the 'best route' it's showing me is to go downstairs. I personally can't see the cylinders to tell you which ones to click on"}
8743	server	{'type': 'update', 'action': 'disable_chat'}
8743	server	{'type': 'update', 'action': 'disable_gold_view'}
8824	client	{'type': 'update', 'action': 'nav', 'message': {'rot': {'_x': -0.9424777960769379, '_y': 7.999734006036135, '_z': 0, '_order': 'YXZ'}, 'pos': {'x': 0, 'y': 0, 'z': 0}, 'img_id': '0252edd759c5485fbf6b5f55f0146646'}}
8824	server	{'type': 'update', 'action': 'update_mirror_nav', 'message': {'rot': {'_x': -0.9424777960769379, '_y': 7.999734006036135, '_z': 0, '_order': 'YXZ'}, 'pos': {'x': 0, 'y': 0, 'z': 0}, 'img_id': '0252edd759c5485fbf6b5f55f0146646'}}
8831	client	{'type': 'update', 'action': 'nav', 'message': {'rot': {'_x': -0.9424777960769379, '_y': 8.43106618658306, '_z': 0, '_order': 'YXZ'}, 'pos': {'x': 0, 'y': 0, 'z': 0}, 'img_id': '0252edd759c5485fbf6b5f55f0146646'}}
8831	server	{'type': 'update', 'action': 'update_mirror_nav', 'message': {'rot': {'_x': -0.9424777960769379, '_y': 8.43106618658306, '_z': 0, '_order': 'YXZ'}, 'pos': {'x': 0, 'y': 0, 'z': 0}, 'img_id': '0252edd759c5485fbf6b5f55f0146646'}}
8833	client	{'type': 'update', 'action': 'nav', 'message': {'rot': {'_x': -0.9424777960769379, '_y': 9.0814607737857, '_z': 0, '_order': 'YXZ'}, 'pos': {'x': 0, 'y': 0, 'z': 0}, 'img_id': '0252edd759c5485fbf6b5f55f0146646'}}
8833	server	{'type': 'update', 'action': 'update_mirror_nav', 'message': {'rot': {'_x': -0.9424777960769379, '_y': 9.0814607737857, '_z': 0, '_order': 'YXZ'}, 'pos': {'x': 0, 'y': 0, 'z': 0}, 'img_id': '0252edd759c5485fbf6b5f55f0146646'}}
8837	client	{'type': 'update', 'action': 'nav', 'message': {'rot': {'_x': -0.9424777960769379, '_y': 10.334483666503035, '_z': 0, '_order': 'YXZ'}, 'pos': {'x': 0, 'y': 0, 'z': 0}, 'img_id': '12027c1e43dd4e808d58137ddb8e293b'}}
8837	server	{'type': 'update', 'action': 'update_mirror_nav', 'message': {'rot': {'_x': -0.9424777960769379, '_y': 10.334483666503035, '_z': 0, '_order': 'YXZ'}, 'pos': {'x': 0, 'y': 0, 'z': 0}, 'img_id': '12027c1e43dd4e808d58137ddb8e293b'}}
8838	client	{'type': 'update', 'action': 'nav', 'message': {'rot': {'_x': -0.9424777960769379, '_y': 10.453354739882109, '_z': 0, '_order': 'YXZ'}, 'pos': {'x': 0, 'y': 0, 'z': 0}, 'img_id': '12027c1e43dd4e808d58137ddb8e293b'}}
8838	server	{'type': 'update', 'action': 'update_mirror_nav', 'message': {'rot': {'_x': -0.9424777960769379, '_y': 10.453354739882109, '_z': 0, '_order': 'YXZ'}, 'pos': {'x': 0, 'y': 0, 'z': 0}, 'img_id': '12027c1e43dd4e808d58137ddb8e293b'}}
8842	client	{'type': 'update', 'action': 'nav', 'message': {'rot': {'_x': -0.9424777960769379, '_y': 11.58929391936986, '_z': 0, '_order': 'YXZ'}, 'pos': {'x': 0, 'y': 0, 'z': 0}, 'img_id': '751ffe3f5566426b8bff4877848e3161'}}
8842	server	{'type': 'update', 'action': 'update_mirror_nav', 'message': {'rot': {'_x': -0.9424777960769379, '_y': 11.58929391936986, '_z': 0, '_order': 'YXZ'}, 'pos': {'x': 0, 'y': 0, 'z': 0}, 'img_id': '751ffe3f5566426b8bff4877848e3161'}}
8846	client	{'type': 'update', 'action': 'nav', 'message': {'rot': {'_x': -0.9122701744078052, '_y': 11.118353402723937, '_z': 0, '_order': 'YXZ'}, 'pos': {'x': 0, 'y': 0, 'z': 0}, 'img_id': 'a77784b955454209857d745976a1676d'}}
8846	server	{'type': 'update', 'action': 'update_mirror_nav', 'message': {'rot': {'_x': -0.9122701744078052, '_y': 11.118353402723937, '_z': 0, '_order': 'YXZ'}, 'pos': {'x': 0, 'y': 0, 'z': 0}, 'img_id': 'a77784b955454209857d745976a1676d'}}
8848	client	{'type': 'update', 'action': 'nav', 'message': {'rot': {'_x': -0.8669587419041064, '_y': 12.147437266548486, '_z': 0, '_order': 'YXZ'}, 'pos': {'x': 0, 'y': 0, 'z': 0}, 'img_id': 'a77784b955454209857d745976a1676d'}}
8848	server	{'type': 'update', 'action': 'update_mirror_nav', 'message': {'rot': {'_x': -0.8669587419041064, '_y': 12.147437266548486, '_z': 0, '_order': 'YXZ'}, 'pos': {'x': 0, 'y': 0, 'z': 0}, 'img_id': 'a77784b955454209857d745976a1676d'}}
8849	client	{'type': 'update', 'action': 'nav', 'message': {'rot': {'_x': -0.8790417905717594, '_y': 12.702734995047866, '_z': 0, '_order': 'YXZ'}, 'pos': {'x': 0, 'y': 0, 'z': 0}, 'img_id': 'a77784b955454209857d745976a1676d'}}
8849	server	{'type': 'update', 'action': 'update_mirror_nav', 'message': {'rot': {'_x': -0.8790417905717594, '_y': 12.702734995047866, '_z': 0, '_order': 'YXZ'}, 'pos': {'x': 0, 'y': 0, 'z': 0}, 'img_id': 'a77784b955454209857d745976a1676d'}}
8850	client	{'type': 'update', 'action': 'nav', 'message': {'rot': {'_x': -0.8699795040710195, '_y': 13.003308994877807, '_z': 0, '_order': 'YXZ'}, 'pos': {'x': 0, 'y': 0, 'z': 0}, 'img_id': 'a77784b955454209857d745976a1676d'}}
8850	server	{'type': 'update', 'action': 'update_mirror_nav', 'message': {'rot': {'_x': -0.8699795040710195, '_y': 13.003308994877807, '_z': 0, '_order': 'YXZ'}, 'pos': {'x': 0, 'y': 0, 'z': 0}, 'img_id': 'a77784b955454209857d745976a1676d'}}
8856	client	{'type': 'update', 'action': 'nav', 'message': {'rot': {'_x': -0.8699795040710195, '_y': 14.021097976823677, '_z': 0, '_order': 'YXZ'}, 'pos': {'x': 0, 'y': 0, 'z': 0}, 'img_id': '751ffe3f5566426b8bff4877848e3161'}}
8856	server	{'type': 'update', 'action': 'update_mirror_nav', 'message': {'rot': {'_x': -0.8699795040710195, '_y': 14.021097976823677, '_z': 0, '_order': 'YXZ'}, 'pos': {'x': 0, 'y': 0, 'z': 0}, 'img_id': '751ffe3f5566426b8bff4877848e3161'}}
8862	client	{'type': 'update', 'action': 'nav', 'message': {'rot': {'_x': -0.9424777960769379, '_y': 13.571086056174327, '_z': 0, '_order': 'YXZ'}, 'pos': {'x': 0, 'y': 0, 'z': 0}, 'img_id': '751ffe3f5566426b8bff4877848e3161'}}
8862	server	{'type': 'update', 'action': 'update_mirror_nav', 'message': {'rot': {'_x': -0.9424777960769379, '_y': 13.571086056174327, '_z': 0, '_order': 'YXZ'}, 'pos': {'x': 0, 'y': 0, 'z': 0}, 'img_id': '751ffe3f5566426b8bff4877848e3161'}}
8872	client	{'type': 'update', 'action': 'nav', 'message': {'rot': {'_x': -0.9424777960769379, '_y': 13.921615512372627, '_z': 0, '_order': 'YXZ'}, 'pos': {'x': 0, 'y': 0, 'z': 0}, 'img_id': '0252edd759c5485fbf6b5f55f0146646'}}
8872	server	{'type': 'update', 'action': 'update_mirror_nav', 'message': {'rot': {'_x': -0.9424777960769379, '_y': 13.921615512372627, '_z': 0, '_order': 'YXZ'}, 'pos': {'x': 0, 'y': 0, 'z': 0}, 'img_id': '0252edd759c5485fbf6b5f55f0146646'}}
8874	client	{'type': 'update', 'action': 'nav', 'message': {'rot': {'_x': -0.8005019742320146, '_y': 13.37820489121115, '_z': 0, '_order': 'YXZ'}, 'pos': {'x': 0, 'y': 0, 'z': 0}, 'img_id': '0252edd759c5485fbf6b5f55f0146646'}}
8874	server	{'type': 'update', 'action': 'update_mirror_nav', 'message': {'rot': {'_x': -0.8005019742320146, '_y': 13.37820489121115, '_z': 0, '_order': 'YXZ'}, 'pos': {'x': 0, 'y': 0, 'z': 0}, 'img_id': '0252edd759c5485fbf6b5f55f0146646'}}
8875	client	{'type': 'update', 'action': 'nav', 'message': {'rot': {'_x': -0.8005019742320146, '_y': 13.383299365784538, '_z': 0, '_order': 'YXZ'}, 'pos': {'x': 0, 'y': 0, 'z': 0}, 'img_id': '0252edd759c5485fbf6b5f55f0146646'}}
8875	server	{'type': 'update', 'action': 'update_mirror_nav', 'message': {'rot': {'_x': -0.8005019742320146, '_y': 13.383299365784538, '_z': 0, '_order': 'YXZ'}, 'pos': {'x': 0, 'y': 0, 'z': 0}, 'img_id': '0252edd759c5485fbf6b5f55f0146646'}}
8877	client	{'type': 'update', 'action': 'nav', 'message': {'rot': {'_x': -0.8367511202349738, '_y': 12.91800402141502, '_z': 0, '_order': 'YXZ'}, 'pos': {'x': 0, 'y': 0, 'z': 0}, 'img_id': '0252edd759c5485fbf6b5f55f0146646'}}
8877	server	{'type': 'update', 'action': 'update_mirror_nav', 'message': {'rot': {'_x': -0.8367511202349738, '_y': 12.91800402141502, '_z': 0, '_order': 'YXZ'}, 'pos': {'x': 0, 'y': 0, 'z': 0}, 'img_id': '0252edd759c5485fbf6b5f55f0146646'}}
8880	client	{'type': 'update', 'action': 'nav', 'message': {'rot': {'_x': -0.7431074930606624, '_y': 12.411952880458394, '_z': 0, '_order': 'YXZ'}, 'pos': {'x': 0, 'y': 0, 'z': 0}, 'img_id': '0252edd759c5485fbf6b5f55f0146646'}}
8880	server	{'type': 'update', 'action': 'update_mirror_nav', 'message': {'rot': {'_x': -0.7431074930606624, '_y': 12.411952880458394, '_z': 0, '_order': 'YXZ'}, 'pos': {'x': 0, 'y': 0, 'z': 0}, 'img_id': '0252edd759c5485fbf6b5f55f0146646'}}
8885	client	{'type': 'update', 'action': 'nav', 'message': {'rot': {'_x': -0.5618617630458663, '_y': 12.564787117660051, '_z': 0, '_order': 'YXZ'}, 'pos': {'x': 0, 'y': 0, 'z': 0}, 'img_id': '0252edd759c5485fbf6b5f55f0146646'}}
8885	server	{'type': 'update', 'action': 'update_mirror_nav', 'message': {'rot': {'_x': -0.5618617630458663, '_y': 12.564787117660051, '_z': 0, '_order': 'YXZ'}, 'pos': {'x': 0, 'y': 0, 'z': 0}, 'img_id': '0252edd759c5485fbf6b5f55f0146646'}}
8888	client	{'type': 'update', 'action': 'nav', 'message': {'rot': {'_x': -0.5618617630458663, '_y': 11.788503859779139, '_z': 0, '_order': 'YXZ'}, 'pos': {'x': 0, 'y': 0, 'z': 0}, 'img_id': '65763d39327d429aacb2ec382859e562'}}
8888	server	{'type': 'update', 'action': 'update_mirror_nav', 'message': {'rot': {'_x': -0.5618617630458663, '_y': 11.788503859779139, '_z': 0, '_order': 'YXZ'}, 'pos': {'x': 0, 'y': 0, 'z': 0}, 'img_id': '65763d39327d429aacb2ec382859e562'}}
8894	client	{'type': 'update', 'action': 'nav', 'message': {'rot': {'_x': -0.5950901468819122, '_y': 11.946432571554194, '_z': 0, '_order': 'YXZ'}, 'pos': {'x': 0, 'y': 0, 'z': 0}, 'img_id': '65763d39327d429aacb2ec382859e562'}}
8894	server	{'type': 'update', 'action': 'update_mirror_nav', 'message': {'rot': {'_x': -0.5950901468819122, '_y': 11.946432571554194, '_z': 0, '_order': 'YXZ'}, 'pos': {'x': 0, 'y': 0, 'z': 0}, 'img_id': '65763d39327d429aacb2ec382859e562'}}
8899	client	{'type': 'update', 'action': 'nav', 'message': {'rot': {'_x': -0.7521697795614019, '_y': 11.971904944421137, '_z': 0, '_order': 'YXZ'}, 'pos': {'x': 0, 'y': 0, 'z': 0}, 'img_id': '65763d39327d429aacb2ec382859e562'}}
8899	server	{'type': 'update', 'action': 'update_mirror_nav', 'message': {'rot': {'_x': -0.7521697795614019, '_y': 11.971904944421137, '_z': 0, '_order': 'YXZ'}, 'pos': {'x': 0, 'y': 0, 'z': 0}, 'img_id': '65763d39327d429aacb2ec382859e562'}}
8905	client	{'type': 'update', 'action': 'nav', 'message': {'rot': {'_x': -0.7521697795614019, '_y': 12.519154389606362, '_z': 0, '_order': 'YXZ'}, 'pos': {'x': 0, 'y': 0, 'z': 0}, 'img_id': '6d11ca4d41e04bb1a725c2223c36b2aa'}}
8905	server	{'type': 'update', 'action': 'update_mirror_nav', 'message': {'rot': {'_x': -0.7521697795614019, '_y': 12.519154389606362, '_z': 0, '_order': 'YXZ'}, 'pos': {'x': 0, 'y': 0, 'z': 0}, 'img_id': '6d11ca4d41e04bb1a725c2223c36b2aa'}}
8908	client	{'type': 'update', 'action': 'nav', 'message': {'rot': {'_x': -0.7521697795614019, '_y': 13.105451406215408, '_z': 0, '_order': 'YXZ'}, 'pos': {'x': 0, 'y': 0, 'z': 0}, 'img_id': '29fb3c58b29348558d36a9f9440a1379'}}
8908	server	{'type': 'update', 'action': 'update_mirror_nav', 'message': {'rot': {'_x': -0.7521697795614019, '_y': 13.105451406215408, '_z': 0, '_order': 'YXZ'}, 'pos': {'x': 0, 'y': 0, 'z': 0}, 'img_id': '29fb3c58b29348558d36a9f9440a1379'}}
8913	client	{'type': 'update', 'action': 'nav', 'message': {'rot': {'_x': -0.9424777960769379, '_y': 13.73376993693337, '_z': 0, '_order': 'YXZ'}, 'pos': {'x': 0, 'y': 0, 'z': 0}, 'img_id': '29fb3c58b29348558d36a9f9440a1379'}}
8913	server	{'type': 'update', 'action': 'update_mirror_nav', 'message': {'rot': {'_x': -0.9424777960769379, '_y': 13.73376993693337, '_z': 0, '_order': 'YXZ'}, 'pos': {'x': 0, 'y': 0, 'z': 0}, 'img_id': '29fb3c58b29348558d36a9f9440a1379'}}
8916	client	{'type': 'update', 'action': 'nav', 'message': {'rot': {'_x': -0.8881040770724992, '_y': 14.160007642906903, '_z': 0, '_order': 'YXZ'}, 'pos': {'x': 0, 'y': 0, 'z': 0}, 'img_id': '29fb3c58b29348558d36a9f9440a1379'}}
8916	server	{'type': 'update', 'action': 'update_mirror_nav', 'message': {'rot': {'_x': -0.8881040770724992, '_y': 14.160007642906903, '_z': 0, '_order': 'YXZ'}, 'pos': {'x': 0, 'y': 0, 'z': 0}, 'img_id': '29fb3c58b29348558d36a9f9440a1379'}}
8918	client	{'type': 'update', 'action': 'nav', 'message': {'rot': {'_x': -0.8881040770724992, '_y': 14.885248979929328, '_z': 0, '_order': 'YXZ'}, 'pos': {'x': 0, 'y': 0, 'z': 0}, 'img_id': 'c23f26401359426982d11ca494ee739b'}}
8918	server	{'type': 'update', 'action': 'update_mirror_nav', 'message': {'rot': {'_x': -0.8881040770724992, '_y': 14.885248979929328, '_z': 0, '_order': 'YXZ'}, 'pos': {'x': 0, 'y': 0, 'z': 0}, 'img_id': 'c23f26401359426982d11ca494ee739b'}}
8922	client	{'type': 'update', 'action': 'nav', 'message': {'rot': {'_x': -0.8881040770724992, '_y': 15.448998892678986, '_z': 0, '_order': 'YXZ'}, 'pos': {'x': 0, 'y': 0, 'z': 0}, 'img_id': '397403366d784caf804d741f32fd68b9'}}
8922	server	{'type': 'update', 'action': 'update_mirror_nav', 'message': {'rot': {'_x': -0.8881040770724992, '_y': 15.448998892678986, '_z': 0, '_order': 'YXZ'}, 'pos': {'x': 0, 'y': 0, 'z': 0}, 'img_id': '397403366d784caf804d741f32fd68b9'}}
8942	client	{'type': 'update', 'action': 'nav', 'message': {'rot': {'_x': -0.8911248392394124, '_y': 15.617907233091831, '_z': 0, '_order': 'YXZ'}, 'pos': {'x': 0, 'y': 0, 'z': 0}, 'img_id': '397403366d784caf804d741f32fd68b9'}}
8942	server	{'type': 'update', 'action': 'update_mirror_nav', 'message': {'rot': {'_x': -0.8911248392394124, '_y': 15.617907233091831, '_z': 0, '_order': 'YXZ'}, 'pos': {'x': 0, 'y': 0, 'z': 0}, 'img_id': '397403366d784caf804d741f32fd68b9'}}
8943	client	{'type': 'update', 'action': 'nav', 'message': {'rot': {'_x': -0.8911248392394124, '_y': 15.617907233091831, '_z': 0, '_order': 'YXZ'}, 'pos': {'x': 0, 'y': 0, 'z': 0}, 'img_id': '3c6a35e15ada4b649990d6568cce8bd9'}}
8943	server	{'type': 'update', 'action': 'update_mirror_nav', 'message': {'rot': {'_x': -0.8911248392394124, '_y': 15.617907233091831, '_z': 0, '_order': 'YXZ'}, 'pos': {'x': 0, 'y': 0, 'z': 0}, 'img_id': '3c6a35e15ada4b649990d6568cce8bd9'}}
8948	client	{'type': 'update', 'action': 'nav', 'message': {'rot': {'_x': -0.9303947474092849, '_y': 15.5873403856515, '_z': 0, '_order': 'YXZ'}, 'pos': {'x': 0, 'y': 0, 'z': 0}, 'img_id': '3c6a35e15ada4b649990d6568cce8bd9'}}
8948	server	{'type': 'update', 'action': 'update_mirror_nav', 'message': {'rot': {'_x': -0.9303947474092849, '_y': 15.5873403856515, '_z': 0, '_order': 'YXZ'}, 'pos': {'x': 0, 'y': 0, 'z': 0}, 'img_id': '3c6a35e15ada4b649990d6568cce8bd9'}}
8950	client	{'type': 'update', 'action': 'nav', 'message': {'rot': {'_x': -0.8790417905717594, '_y': 16.052635730021013, '_z': 0, '_order': 'YXZ'}, 'pos': {'x': 0, 'y': 0, 'z': 0}, 'img_id': '3c6a35e15ada4b649990d6568cce8bd9'}}
8950	server	{'type': 'update', 'action': 'update_mirror_nav', 'message': {'rot': {'_x': -0.8790417905717594, '_y': 16.052635730021013, '_z': 0, '_order': 'YXZ'}, 'pos': {'x': 0, 'y': 0, 'z': 0}, 'img_id': '3c6a35e15ada4b649990d6568cce8bd9'}}
8951	client	{'type': 'update', 'action': 'nav', 'message': {'rot': {'_x': -0.9243532230754582, '_y': 16.28528340220577, '_z': 0, '_order': 'YXZ'}, 'pos': {'x': 0, 'y': 0, 'z': 0}, 'img_id': '3c6a35e15ada4b649990d6568cce8bd9'}}
8951	server	{'type': 'update', 'action': 'update_mirror_nav', 'message': {'rot': {'_x': -0.9243532230754582, '_y': 16.28528340220577, '_z': 0, '_order': 'YXZ'}, 'pos': {'x': 0, 'y': 0, 'z': 0}, 'img_id': '3c6a35e15ada4b649990d6568cce8bd9'}}
8952	client	{'type': 'update', 'action': 'nav', 'message': {'rot': {'_x': -0.9394570339100247, '_y': 16.67585978616558, '_z': 0, '_order': 'YXZ'}, 'pos': {'x': 0, 'y': 0, 'z': 0}, 'img_id': '3c6a35e15ada4b649990d6568cce8bd9'}}
8952	server	{'type': 'update', 'action': 'update_mirror_nav', 'message': {'rot': {'_x': -0.9394570339100247, '_y': 16.67585978616558, '_z': 0, '_order': 'YXZ'}, 'pos': {'x': 0, 'y': 0, 'z': 0}, 'img_id': '3c6a35e15ada4b649990d6568cce8bd9'}}
8953	client	{'type': 'update', 'action': 'nav', 'message': {'rot': {'_x': -0.9334155095761981, '_y': 16.962848520466487, '_z': 0, '_order': 'YXZ'}, 'pos': {'x': 0, 'y': 0, 'z': 0}, 'img_id': '3c6a35e15ada4b649990d6568cce8bd9'}}
8954	client	{'type': 'update', 'action': 'nav', 'message': {'rot': {'_x': -0.8941456014063257, '_y': 17.400973333777923, '_z': 0, '_order': 'YXZ'}, 'pos': {'x': 0, 'y': 0, 'z': 0}, 'img_id': '3c6a35e15ada4b649990d6568cce8bd9'}}
8954	server	{'type': 'update', 'action': 'update_mirror_nav', 'message': {'rot': {'_x': -0.9334155095761981, '_y': 16.962848520466487, '_z': 0, '_order': 'YXZ'}, 'pos': {'x': 0, 'y': 0, 'z': 0}, 'img_id': '3c6a35e15ada4b649990d6568cce8bd9'}}
8954	server	{'type': 'update', 'action': 'update_mirror_nav', 'message': {'rot': {'_x': -0.8941456014063257, '_y': 17.400973333777923, '_z': 0, '_order': 'YXZ'}, 'pos': {'x': 0, 'y': 0, 'z': 0}, 'img_id': '3c6a35e15ada4b649990d6568cce8bd9'}}
8955	client	{'type': 'update', 'action': 'nav', 'message': {'rot': {'_x': -0.8065434985658412, '_y': 17.886646576441, '_z': 0, '_order': 'YXZ'}, 'pos': {'x': 0, 'y': 0, 'z': 0}, 'img_id': '3c6a35e15ada4b649990d6568cce8bd9'}}
8955	server	{'type': 'update', 'action': 'update_mirror_nav', 'message': {'rot': {'_x': -0.8065434985658412, '_y': 17.886646576441, '_z': 0, '_order': 'YXZ'}, 'pos': {'x': 0, 'y': 0, 'z': 0}, 'img_id': '3c6a35e15ada4b649990d6568cce8bd9'}}
8957	client	{'type': 'update', 'action': 'nav', 'message': {'rot': {'_x': -0.6555053902201781, '_y': 17.4111622829247, '_z': 0, '_order': 'YXZ'}, 'pos': {'x': 0, 'y': 0, 'z': 0}, 'img_id': '3c6a35e15ada4b649990d6568cce8bd9'}}
8957	server	{'type': 'update', 'action': 'update_mirror_nav', 'message': {'rot': {'_x': -0.6555053902201781, '_y': 17.4111622829247, '_z': 0, '_order': 'YXZ'}, 'pos': {'x': 0, 'y': 0, 'z': 0}, 'img_id': '3c6a35e15ada4b649990d6568cce8bd9'}}
8958	client	{'type': 'update', 'action': 'nav', 'message': {'rot': {'_x': -0.6373808172186985, '_y': 16.720011899134942, '_z': 0, '_order': 'YXZ'}, 'pos': {'x': 0, 'y': 0, 'z': 0}, 'img_id': '3c6a35e15ada4b649990d6568cce8bd9'}}
8958	server	{'type': 'update', 'action': 'update_mirror_nav', 'message': {'rot': {'_x': -0.6373808172186985, '_y': 16.720011899134942, '_z': 0, '_order': 'YXZ'}, 'pos': {'x': 0, 'y': 0, 'z': 0}, 'img_id': '3c6a35e15ada4b649990d6568cce8bd9'}}
8959	client	{'type': 'update', 'action': 'nav', 'message': {'rot': {'_x': -0.6343600550517853, '_y': 16.72680453189946, '_z': 0, '_order': 'YXZ'}, 'pos': {'x': 0, 'y': 0, 'z': 0}, 'img_id': '3c6a35e15ada4b649990d6568cce8bd9'}}
8959	server	{'type': 'update', 'action': 'update_mirror_nav', 'message': {'rot': {'_x': -0.6343600550517853, '_y': 16.72680453189946, '_z': 0, '_order': 'YXZ'}, 'pos': {'x': 0, 'y': 0, 'z': 0}, 'img_id': '3c6a35e15ada4b649990d6568cce8bd9'}}
8961	client	{'type': 'update', 'action': 'nav', 'message': {'rot': {'_x': -0.6947752983900506, '_y': 16.069617311932298, '_z': 0, '_order': 'YXZ'}, 'pos': {'x': 0, 'y': 0, 'z': 0}, 'img_id': '3c6a35e15ada4b649990d6568cce8bd9'}}
8961	server	{'type': 'update', 'action': 'update_mirror_nav', 'message': {'rot': {'_x': -0.6947752983900506, '_y': 16.069617311932298, '_z': 0, '_order': 'YXZ'}, 'pos': {'x': 0, 'y': 0, 'z': 0}, 'img_id': '3c6a35e15ada4b649990d6568cce8bd9'}}
8964	client	{'type': 'update', 'action': 'nav', 'message': {'rot': {'_x': -0.6947752983900506, '_y': 15.723836677346107, '_z': 0, '_order': 'YXZ'}, 'pos': {'x': 0, 'y': 0, 'z': 0}, 'img_id': '55e4436f528c4bf09e4550079c572f7b'}}
8964	server	{'type': 'update', 'action': 'update_mirror_nav', 'message': {'rot': {'_x': -0.6947752983900506, '_y': 15.723836677346107, '_z': 0, '_order': 'YXZ'}, 'pos': {'x': 0, 'y': 0, 'z': 0}, 'img_id': '55e4436f528c4bf09e4550079c572f7b'}}
8965	client	{'type': 'update', 'action': 'nav', 'message': {'rot': {'_x': -0.6947752983900506, '_y': 15.717592249105167, '_z': 0, '_order': 'YXZ'}, 'pos': {'x': 0, 'y': 0, 'z': 0}, 'img_id': '55e4436f528c4bf09e4550079c572f7b'}}
8965	server	{'type': 'update', 'action': 'update_mirror_nav', 'message': {'rot': {'_x': -0.6947752983900506, '_y': 15.717592249105167, '_z': 0, '_order': 'YXZ'}, 'pos': {'x': 0, 'y': 0, 'z': 0}, 'img_id': '55e4436f528c4bf09e4550079c572f7b'}}
8969	client	{'type': 'update', 'action': 'nav', 'message': {'rot': {'_x': -0.6947752983900506, '_y': 16.561192904905703, '_z': 0, '_order': 'YXZ'}, 'pos': {'x': 0, 'y': 0, 'z': 0}, 'img_id': '55e4436f528c4bf09e4550079c572f7b'}}
8969	server	{'type': 'update', 'action': 'update_mirror_nav', 'message': {'rot': {'_x': -0.6947752983900506, '_y': 16.561192904905703, '_z': 0, '_order': 'YXZ'}, 'pos': {'x': 0, 'y': 0, 'z': 0}, 'img_id': '55e4436f528c4bf09e4550079c572f7b'}}
8970	client	{'type': 'update', 'action': 'nav', 'message': {'rot': {'_x': -0.6947752983900506, '_y': 16.613426691323976, '_z': 0, '_order': 'YXZ'}, 'pos': {'x': 0, 'y': 0, 'z': 0}, 'img_id': '21fca0d6192940e580587fe317440f56'}}
8970	server	{'type': 'update', 'action': 'update_mirror_nav', 'message': {'rot': {'_x': -0.6947752983900506, '_y': 16.613426691323976, '_z': 0, '_order': 'YXZ'}, 'pos': {'x': 0, 'y': 0, 'z': 0}, 'img_id': '21fca0d6192940e580587fe317440f56'}}
8971	client	{'type': 'update', 'action': 'nav', 'message': {'rot': {'_x': -0.6947752983900506, '_y': 16.67495158646659, '_z': 0, '_order': 'YXZ'}, 'pos': {'x': 0, 'y': 0, 'z': 0}, 'img_id': '21fca0d6192940e580587fe317440f56'}}
8971	server	{'type': 'update', 'action': 'update_mirror_nav', 'message': {'rot': {'_x': -0.6947752983900506, '_y': 16.67495158646659, '_z': 0, '_order': 'YXZ'}, 'pos': {'x': 0, 'y': 0, 'z': 0}, 'img_id': '21fca0d6192940e580587fe317440f56'}}
8998	client	{'type': 'update', 'action': 'chat', 'message': 'I am going down the stairs, take a left then go into the room with the bed'}
8998	server	{'type': 'update', 'action': 'add_chat', 'speaker': 'self', 'message': 'I am going down the stairs, take a left then go into the room with the bed'}
8998	server	{'type': 'update', 'action': 'disable_chat'}
8998	server	{'type': 'update', 'action': 'disable_nav'}
8998	server	{'type': 'update', 'action': 'add_chat', 'speaker': 'other', 'message': 'I am going down the stairs, take a left then go into the room with the bed'}
8998	server	{'type': 'update', 'action': 'enable_chat'}
8998	server	{'type': 'update', 'action': 'enable_gold_view'}
9058	client	{'type': 'update', 'action': 'chat', 'message': "Ok, it's telling me the next step is to go down that narrow hallway just to the left of the bedroom, and go down the next set of stairs at the end of that hallway"}
9058	server	{'type': 'update', 'action': 'add_chat', 'speaker': 'other', 'message': "Ok, it's telling me the next step is to go down that narrow hallway just to the left of the bedroom, and go down the next set of stairs at the end of that hallway"}
9058	server	{'type': 'update', 'action': 'enable_chat'}
9058	server	{'type': 'update', 'action': 'enable_nav'}
9058	server	{'type': 'update', 'action': 'add_chat', 'speaker': 'self', 'message': "Ok, it's telling me the next step is to go down that narrow hallway just to the left of the bedroom, and go down the next set of stairs at the end of that hallway"}
9058	server	{'type': 'update', 'action': 'disable_chat'}
9058	server	{'type': 'update', 'action': 'disable_gold_view'}
9107	client	{'type': 'update', 'action': 'guess_stop', 'value': '21fca0d6192940e580587fe317440f56'}
9107	server	{'type': 'update', 'action': 'disable_nav'}
9107	server	{'type': 'update', 'action': 'set_aux', 'message': "You're not yet in the right room. Try asking your partner for directions."}
9152	client	{'type': 'update', 'action': 'chat', 'message': "I found a room with a rug in it guess it's too soon"}
9152	server	{'type': 'update', 'action': 'add_chat', 'speaker': 'self', 'message': "I found a room with a rug in it guess it's too soon"}
9152	server	{'type': 'update', 'action': 'disable_chat'}
9152	server	{'type': 'update', 'action': 'disable_nav'}
9152	server	{'type': 'update', 'action': 'add_chat', 'speaker': 'other', 'message': "I found a room with a rug in it guess it's too soon"}
9152	server	{'type': 'update', 'action': 'enable_chat'}
9152	server	{'type': 'update', 'action': 'enable_gold_view'}
9188	client	{'type': 'update', 'action': 'chat', 'message': "Yes, I see that rug too. I guess it isn't the one the system wants. Follow the directions I just gave you in the last round."}
9188	server	{'type': 'update', 'action': 'add_chat', 'speaker': 'other', 'message': "Yes, I see that rug too. I guess it isn't the one the system wants. Follow the directions I just gave you in the last round."}
9188	server	{'type': 'update', 'action': 'enable_chat'}
9188	server	{'type': 'update', 'action': 'enable_nav'}
9188	server	{'type': 'update', 'action': 'add_chat', 'speaker': 'self', 'message': "Yes, I see that rug too. I guess it isn't the one the system wants. Follow the directions I just gave you in the last round."}
9188	server	{'type': 'update', 'action': 'disable_chat'}
9188	server	{'type': 'update', 'action': 'disable_gold_view'}
9200	client	{'type': 'update', 'action': 'nav', 'message': {'rot': {'_x': -0.9424777960769379, '_y': 17.361007495682955, '_z': 0, '_order': 'YXZ'}, 'pos': {'x': 0, 'y': 0, 'z': 0}, 'img_id': '21fca0d6192940e580587fe317440f56'}}
9200	server	{'type': 'update', 'action': 'update_mirror_nav', 'message': {'rot': {'_x': -0.9424777960769379, '_y': 17.361007495682955, '_z': 0, '_order': 'YXZ'}, 'pos': {'x': 0, 'y': 0, 'z': 0}, 'img_id': '21fca0d6192940e580587fe317440f56'}}
9201	client	{'type': 'update', 'action': 'nav', 'message': {'rot': {'_x': -0.9424777960769379, '_y': 17.37119644482973, '_z': 0, '_order': 'YXZ'}, 'pos': {'x': 0, 'y': 0, 'z': 0}, 'img_id': '21fca0d6192940e580587fe317440f56'}}
9201	server	{'type': 'update', 'action': 'update_mirror_nav', 'message': {'rot': {'_x': -0.9424777960769379, '_y': 17.37119644482973, '_z': 0, '_order': 'YXZ'}, 'pos': {'x': 0, 'y': 0, 'z': 0}, 'img_id': '21fca0d6192940e580587fe317440f56'}}
9203	client	{'type': 'update', 'action': 'nav', 'message': {'rot': {'_x': -0.9424777960769379, '_y': 17.115184149159354, '_z': 0, '_order': 'YXZ'}, 'pos': {'x': 0, 'y': 0, 'z': 0}, 'img_id': '4b85d61dd3a94e8a812affe78f3a322d'}}
9203	server	{'type': 'update', 'action': 'update_mirror_nav', 'message': {'rot': {'_x': -0.9424777960769379, '_y': 17.115184149159354, '_z': 0, '_order': 'YXZ'}, 'pos': {'x': 0, 'y': 0, 'z': 0}, 'img_id': '4b85d61dd3a94e8a812affe78f3a322d'}}
9205	client	{'type': 'update', 'action': 'nav', 'message': {'rot': {'_x': -0.7702943525628817, '_y': 17.466702894723188, '_z': 0, '_order': 'YXZ'}, 'pos': {'x': 0, 'y': 0, 'z': 0}, 'img_id': '4b85d61dd3a94e8a812affe78f3a322d'}}
9205	server	{'type': 'update', 'action': 'update_mirror_nav', 'message': {'rot': {'_x': -0.7702943525628817, '_y': 17.466702894723188, '_z': 0, '_order': 'YXZ'}, 'pos': {'x': 0, 'y': 0, 'z': 0}, 'img_id': '4b85d61dd3a94e8a812affe78f3a322d'}}
9207	client	{'type': 'update', 'action': 'nav', 'message': {'rot': {'_x': -0.9424777960769379, '_y': 18.570505718957435, '_z': 0, '_order': 'YXZ'}, 'pos': {'x': 0, 'y': 0, 'z': 0}, 'img_id': '4b85d61dd3a94e8a812affe78f3a322d'}}
9207	server	{'type': 'update', 'action': 'update_mirror_nav', 'message': {'rot': {'_x': -0.9424777960769379, '_y': 18.570505718957435, '_z': 0, '_order': 'YXZ'}, 'pos': {'x': 0, 'y': 0, 'z': 0}, 'img_id': '4b85d61dd3a94e8a812affe78f3a322d'}}
9209	client	{'type': 'update', 'action': 'nav', 'message': {'rot': {'_x': -0.9334155095761981, '_y': 19.278637684658484, '_z': 0, '_order': 'YXZ'}, 'pos': {'x': 0, 'y': 0, 'z': 0}, 'img_id': '4b85d61dd3a94e8a812affe78f3a322d'}}
9209	server	{'type': 'update', 'action': 'update_mirror_nav', 'message': {'rot': {'_x': -0.9334155095761981, '_y': 19.278637684658484, '_z': 0, '_order': 'YXZ'}, 'pos': {'x': 0, 'y': 0, 'z': 0}, 'img_id': '4b85d61dd3a94e8a812affe78f3a322d'}}
9211	client	{'type': 'update', 'action': 'nav', 'message': {'rot': {'_x': -0.9424777960769379, '_y': 19.706573548823147, '_z': 0, '_order': 'YXZ'}, 'pos': {'x': 0, 'y': 0, 'z': 0}, 'img_id': '4b85d61dd3a94e8a812affe78f3a322d'}}
9211	server	{'type': 'update', 'action': 'update_mirror_nav', 'message': {'rot': {'_x': -0.9424777960769379, '_y': 19.706573548823147, '_z': 0, '_order': 'YXZ'}, 'pos': {'x': 0, 'y': 0, 'z': 0}, 'img_id': '4b85d61dd3a94e8a812affe78f3a322d'}}
9214	client	{'type': 'update', 'action': 'nav', 'message': {'rot': {'_x': -0.9424777960769379, '_y': 20.262252400432963, '_z': 0, '_order': 'YXZ'}, 'pos': {'x': 0, 'y': 0, 'z': 0}, 'img_id': '21fca0d6192940e580587fe317440f56'}}
9214	server	{'type': 'update', 'action': 'update_mirror_nav', 'message': {'rot': {'_x': -0.9424777960769379, '_y': 20.262252400432963, '_z': 0, '_order': 'YXZ'}, 'pos': {'x': 0, 'y': 0, 'z': 0}, 'img_id': '21fca0d6192940e580587fe317440f56'}}
9219	client	{'type': 'update', 'action': 'nav', 'message': {'rot': {'_x': -0.9424777960769379, '_y': 20.625658253334702, '_z': 0, '_order': 'YXZ'}, 'pos': {'x': 0, 'y': 0, 'z': 0}, 'img_id': '21fca0d6192940e580587fe317440f56'}}
9219	server	{'type': 'update', 'action': 'update_mirror_nav', 'message': {'rot': {'_x': -0.9424777960769379, '_y': 20.625658253334702, '_z': 0, '_order': 'YXZ'}, 'pos': {'x': 0, 'y': 0, 'z': 0}, 'img_id': '21fca0d6192940e580587fe317440f56'}}
9223	client	{'type': 'update', 'action': 'nav', 'message': {'rot': {'_x': -0.9424777960769379, '_y': 20.23710929364581, '_z': 0, '_order': 'YXZ'}, 'pos': {'x': 0, 'y': 0, 'z': 0}, 'img_id': 'c629c7f1cf6f47a78c45a8ae9ff82247'}}
9223	server	{'type': 'update', 'action': 'update_mirror_nav', 'message': {'rot': {'_x': -0.9424777960769379, '_y': 20.23710929364581, '_z': 0, '_order': 'YXZ'}, 'pos': {'x': 0, 'y': 0, 'z': 0}, 'img_id': 'c629c7f1cf6f47a78c45a8ae9ff82247'}}
9224	client	{'type': 'update', 'action': 'nav', 'message': {'rot': {'_x': -0.9424777960769379, '_y': 19.54503908961502, '_z': 0, '_order': 'YXZ'}, 'pos': {'x': 0, 'y': 0, 'z': 0}, 'img_id': 'a7f591c0bf5443a8989e6adf9968cf90'}}
9224	server	{'type': 'update', 'action': 'update_mirror_nav', 'message': {'rot': {'_x': -0.9424777960769379, '_y': 19.54503908961502, '_z': 0, '_order': 'YXZ'}, 'pos': {'x': 0, 'y': 0, 'z': 0}, 'img_id': 'a7f591c0bf5443a8989e6adf9968cf90'}}
9225	client	{'type': 'update', 'action': 'nav', 'message': {'rot': {'_x': -0.42592746553477, '_y': 19.28352272818106, '_z': 0, '_order': 'YXZ'}, 'pos': {'x': 0, 'y': 0, 'z': 0}, 'img_id': 'a7f591c0bf5443a8989e6adf9968cf90'}}
9225	server	{'type': 'update', 'action': 'update_mirror_nav', 'message': {'rot': {'_x': -0.42592746553477, '_y': 19.28352272818106, '_z': 0, '_order': 'YXZ'}, 'pos': {'x': 0, 'y': 0, 'z': 0}, 'img_id': 'a7f591c0bf5443a8989e6adf9968cf90'}}
9227	client	{'type': 'update', 'action': 'nav', 'message': {'rot': {'_x': -0.15707963267948968, '_y': 19.21050192596249, '_z': 0, '_order': 'YXZ'}, 'pos': {'x': 0, 'y': 0, 'z': 0}, 'img_id': 'a7f591c0bf5443a8989e6adf9968cf90'}}
9227	server	{'type': 'update', 'action': 'update_mirror_nav', 'message': {'rot': {'_x': -0.15707963267948968, '_y': 19.21050192596249, '_z': 0, '_order': 'YXZ'}, 'pos': {'x': 0, 'y': 0, 'z': 0}, 'img_id': 'a7f591c0bf5443a8989e6adf9968cf90'}}
9228	client	{'type': 'update', 'action': 'nav', 'message': {'rot': {'_x': 0.36249146002959154, '_y': 19.115405067259232, '_z': 0, '_order': 'YXZ'}, 'pos': {'x': 0, 'y': 0, 'z': 0}, 'img_id': 'a7f591c0bf5443a8989e6adf9968cf90'}}
9228	server	{'type': 'update', 'action': 'update_mirror_nav', 'message': {'rot': {'_x': 0.36249146002959154, '_y': 19.115405067259232, '_z': 0, '_order': 'YXZ'}, 'pos': {'x': 0, 'y': 0, 'z': 0}, 'img_id': 'a7f591c0bf5443a8989e6adf9968cf90'}}
9243	client	{'type': 'update', 'action': 'nav', 'message': {'rot': {'_x': -0.1480173461787499, '_y': 19.132386649170527, '_z': 0, '_order': 'YXZ'}, 'pos': {'x': 0, 'y': 0, 'z': 0}, 'img_id': 'a7f591c0bf5443a8989e6adf9968cf90'}}
9243	server	{'type': 'update', 'action': 'update_mirror_nav', 'message': {'rot': {'_x': -0.1480173461787499, '_y': 19.132386649170527, '_z': 0, '_order': 'YXZ'}, 'pos': {'x': 0, 'y': 0, 'z': 0}, 'img_id': 'a7f591c0bf5443a8989e6adf9968cf90'}}
9246	client	{'type': 'update', 'action': 'nav', 'message': {'rot': {'_x': -0.1480173461787499, '_y': 18.84238283577188, '_z': 0, '_order': 'YXZ'}, 'pos': {'x': 0, 'y': 0, 'z': 0}, 'img_id': 'a0a40af004954a90b2b24a0cc6655881'}}
9246	server	{'type': 'update', 'action': 'update_mirror_nav', 'message': {'rot': {'_x': -0.1480173461787499, '_y': 18.84238283577188, '_z': 0, '_order': 'YXZ'}, 'pos': {'x': 0, 'y': 0, 'z': 0}, 'img_id': 'a0a40af004954a90b2b24a0cc6655881'}}
9247	client	{'type': 'update', 'action': 'nav', 'message': {'rot': {'_x': -0.15103810834566317, '_y': 18.84238283577188, '_z': 0, '_order': 'YXZ'}, 'pos': {'x': 0, 'y': 0, 'z': 0}, 'img_id': 'a0a40af004954a90b2b24a0cc6655881'}}
9247	server	{'type': 'update', 'action': 'update_mirror_nav', 'message': {'rot': {'_x': -0.15103810834566317, '_y': 18.84238283577188, '_z': 0, '_order': 'YXZ'}, 'pos': {'x': 0, 'y': 0, 'z': 0}, 'img_id': 'a0a40af004954a90b2b24a0cc6655881'}}
9252	client	{'type': 'update', 'action': 'nav', 'message': {'rot': {'_x': -0.15405887051257644, '_y': 18.874036916489494, '_z': 0, '_order': 'YXZ'}, 'pos': {'x': 0, 'y': 0, 'z': 0}, 'img_id': '24e8ebf554d742069e81afd7eb3369c7'}}
9252	server	{'type': 'update', 'action': 'update_mirror_nav', 'message': {'rot': {'_x': -0.15405887051257644, '_y': 18.874036916489494, '_z': 0, '_order': 'YXZ'}, 'pos': {'x': 0, 'y': 0, 'z': 0}, 'img_id': '24e8ebf554d742069e81afd7eb3369c7'}}
9253	client	{'type': 'update', 'action': 'nav', 'message': {'rot': {'_x': -0.1570796326794897, '_y': 18.874036916489494, '_z': 0, '_order': 'YXZ'}, 'pos': {'x': 0, 'y': 0, 'z': 0}, 'img_id': '24e8ebf554d742069e81afd7eb3369c7'}}
9253	server	{'type': 'update', 'action': 'update_mirror_nav', 'message': {'rot': {'_x': -0.1570796326794897, '_y': 18.874036916489494, '_z': 0, '_order': 'YXZ'}, 'pos': {'x': 0, 'y': 0, 'z': 0}, 'img_id': '24e8ebf554d742069e81afd7eb3369c7'}}
9254	client	{'type': 'update', 'action': 'nav', 'message': {'rot': {'_x': -0.16010039484640298, '_y': 18.874036916489494, '_z': 0, '_order': 'YXZ'}, 'pos': {'x': 0, 'y': 0, 'z': 0}, 'img_id': '24e8ebf554d742069e81afd7eb3369c7'}}
9254	server	{'type': 'update', 'action': 'update_mirror_nav', 'message': {'rot': {'_x': -0.16010039484640298, '_y': 18.874036916489494, '_z': 0, '_order': 'YXZ'}, 'pos': {'x': 0, 'y': 0, 'z': 0}, 'img_id': '24e8ebf554d742069e81afd7eb3369c7'}}
9256	client	{'type': 'update', 'action': 'nav', 'message': {'rot': {'_x': -0.16010039484640298, '_y': 18.83568700340285, '_z': 0, '_order': 'YXZ'}, 'pos': {'x': 0, 'y': 0, 'z': 0}, 'img_id': '24e8ebf554d742069e81afd7eb3369c7'}}
9256	server	{'type': 'update', 'action': 'update_mirror_nav', 'message': {'rot': {'_x': -0.16010039484640298, '_y': 18.83568700340285, '_z': 0, '_order': 'YXZ'}, 'pos': {'x': 0, 'y': 0, 'z': 0}, 'img_id': '24e8ebf554d742069e81afd7eb3369c7'}}
9257	client	{'type': 'update', 'action': 'nav', 'message': {'rot': {'_x': -0.16312115701331625, '_y': 18.83568700340285, '_z': 0, '_order': 'YXZ'}, 'pos': {'x': 0, 'y': 0, 'z': 0}, 'img_id': '4214a9b1607e4cbea8dcdb42a4952796'}}
9257	server	{'type': 'update', 'action': 'update_mirror_nav', 'message': {'rot': {'_x': -0.16312115701331625, '_y': 18.83568700340285, '_z': 0, '_order': 'YXZ'}, 'pos': {'x': 0, 'y': 0, 'z': 0}, 'img_id': '4214a9b1607e4cbea8dcdb42a4952796'}}
9260	client	{'type': 'update', 'action': 'nav', 'message': {'rot': {'_x': -0.3534291735288517, '_y': 19.03776782814728, '_z': 0, '_order': 'YXZ'}, 'pos': {'x': 0, 'y': 0, 'z': 0}, 'img_id': '4214a9b1607e4cbea8dcdb42a4952796'}}
9260	server	{'type': 'update', 'action': 'update_mirror_nav', 'message': {'rot': {'_x': -0.3534291735288517, '_y': 19.03776782814728, '_z': 0, '_order': 'YXZ'}, 'pos': {'x': 0, 'y': 0, 'z': 0}, 'img_id': '4214a9b1607e4cbea8dcdb42a4952796'}}
9261	client	{'type': 'update', 'action': 'nav', 'message': {'rot': {'_x': -0.655505390220178, '_y': 19.426646053915963, '_z': 0, '_order': 'YXZ'}, 'pos': {'x': 0, 'y': 0, 'z': 0}, 'img_id': '4214a9b1607e4cbea8dcdb42a4952796'}}
9261	server	{'type': 'update', 'action': 'update_mirror_nav', 'message': {'rot': {'_x': -0.655505390220178, '_y': 19.426646053915963, '_z': 0, '_order': 'YXZ'}, 'pos': {'x': 0, 'y': 0, 'z': 0}, 'img_id': '4214a9b1607e4cbea8dcdb42a4952796'}}
9263	client	{'type': 'update', 'action': 'nav', 'message': {'rot': {'_x': -0.8548756932364532, '_y': 19.77476848309753, '_z': 0, '_order': 'YXZ'}, 'pos': {'x': 0, 'y': 0, 'z': 0}, 'img_id': '4214a9b1607e4cbea8dcdb42a4952796'}}
9263	server	{'type': 'update', 'action': 'update_mirror_nav', 'message': {'rot': {'_x': -0.8548756932364532, '_y': 19.77476848309753, '_z': 0, '_order': 'YXZ'}, 'pos': {'x': 0, 'y': 0, 'z': 0}, 'img_id': '4214a9b1607e4cbea8dcdb42a4952796'}}
9265	client	{'type': 'update', 'action': 'nav', 'message': {'rot': {'_x': -0.8548756932364532, '_y': 19.851475995126844, '_z': 0, '_order': 'YXZ'}, 'pos': {'x': 0, 'y': 0, 'z': 0}, 'img_id': '4214a9b1607e4cbea8dcdb42a4952796'}}
9265	server	{'type': 'update', 'action': 'update_mirror_nav', 'message': {'rot': {'_x': -0.8548756932364532, '_y': 19.851475995126844, '_z': 0, '_order': 'YXZ'}, 'pos': {'x': 0, 'y': 0, 'z': 0}, 'img_id': '4214a9b1607e4cbea8dcdb42a4952796'}}
9266	client	{'type': 'update', 'action': 'nav', 'message': {'rot': {'_x': -0.8548756932364532, '_y': 20.488187745565344, '_z': 0, '_order': 'YXZ'}, 'pos': {'x': 0, 'y': 0, 'z': 0}, 'img_id': '4214a9b1607e4cbea8dcdb42a4952796'}}
9266	server	{'type': 'update', 'action': 'update_mirror_nav', 'message': {'rot': {'_x': -0.8548756932364532, '_y': 20.488187745565344, '_z': 0, '_order': 'YXZ'}, 'pos': {'x': 0, 'y': 0, 'z': 0}, 'img_id': '4214a9b1607e4cbea8dcdb42a4952796'}}
9267	client	{'type': 'update', 'action': 'nav', 'message': {'rot': {'_x': -0.8548756932364532, '_y': 20.58038246810378, '_z': 0, '_order': 'YXZ'}, 'pos': {'x': 0, 'y': 0, 'z': 0}, 'img_id': 'ed79b51efdac434cb12bcd3d5e7fd112'}}
9268	server	{'type': 'update', 'action': 'update_mirror_nav', 'message': {'rot': {'_x': -0.8548756932364532, '_y': 20.58038246810378, '_z': 0, '_order': 'YXZ'}, 'pos': {'x': 0, 'y': 0, 'z': 0}, 'img_id': 'ed79b51efdac434cb12bcd3d5e7fd112'}}
9268	client	{'type': 'update', 'action': 'nav', 'message': {'rot': {'_x': -0.8578964554033665, '_y': 20.58208062629491, '_z': 0, '_order': 'YXZ'}, 'pos': {'x': 0, 'y': 0, 'z': 0}, 'img_id': 'ed79b51efdac434cb12bcd3d5e7fd112'}}
9269	server	{'type': 'update', 'action': 'update_mirror_nav', 'message': {'rot': {'_x': -0.8578964554033665, '_y': 20.58208062629491, '_z': 0, '_order': 'YXZ'}, 'pos': {'x': 0, 'y': 0, 'z': 0}, 'img_id': 'ed79b51efdac434cb12bcd3d5e7fd112'}}
9270	client	{'type': 'update', 'action': 'nav', 'message': {'rot': {'_x': -0.8548756932364532, '_y': 20.58208062629491, '_z': 0, '_order': 'YXZ'}, 'pos': {'x': 0, 'y': 0, 'z': 0}, 'img_id': 'ed79b51efdac434cb12bcd3d5e7fd112'}}
9270	server	{'type': 'update', 'action': 'update_mirror_nav', 'message': {'rot': {'_x': -0.8548756932364532, '_y': 20.58208062629491, '_z': 0, '_order': 'YXZ'}, 'pos': {'x': 0, 'y': 0, 'z': 0}, 'img_id': 'ed79b51efdac434cb12bcd3d5e7fd112'}}
9274	client	{'type': 'update', 'action': 'nav', 'message': {'rot': {'_x': -0.8548756932364532, '_y': 20.640902035718717, '_z': 0, '_order': 'YXZ'}, 'pos': {'x': 0, 'y': 0, 'z': 0}, 'img_id': 'ed79b51efdac434cb12bcd3d5e7fd112'}}
9274	server	{'type': 'update', 'action': 'update_mirror_nav', 'message': {'rot': {'_x': -0.8548756932364532, '_y': 20.640902035718717, '_z': 0, '_order': 'YXZ'}, 'pos': {'x': 0, 'y': 0, 'z': 0}, 'img_id': 'ed79b51efdac434cb12bcd3d5e7fd112'}}
9275	client	{'type': 'update', 'action': 'nav', 'message': {'rot': {'_x': -0.8548756932364532, '_y': 21.46566260682542, '_z': 0, '_order': 'YXZ'}, 'pos': {'x': 0, 'y': 0, 'z': 0}, 'img_id': 'ed79b51efdac434cb12bcd3d5e7fd112'}}
9276	server	{'type': 'update', 'action': 'update_mirror_nav', 'message': {'rot': {'_x': -0.8548756932364532, '_y': 21.46566260682542, '_z': 0, '_order': 'YXZ'}, 'pos': {'x': 0, 'y': 0, 'z': 0}, 'img_id': 'ed79b51efdac434cb12bcd3d5e7fd112'}}
9276	client	{'type': 'update', 'action': 'nav', 'message': {'rot': {'_x': -0.8548756932364532, '_y': 21.554128240139764, '_z': 0, '_order': 'YXZ'}, 'pos': {'x': 0, 'y': 0, 'z': 0}, 'img_id': '82e8acfab99d4441ac4da5bf22c2642d'}}
9277	server	{'type': 'update', 'action': 'update_mirror_nav', 'message': {'rot': {'_x': -0.8548756932364532, '_y': 21.554128240139764, '_z': 0, '_order': 'YXZ'}, 'pos': {'x': 0, 'y': 0, 'z': 0}, 'img_id': '82e8acfab99d4441ac4da5bf22c2642d'}}
9285	client	{'type': 'update', 'action': 'nav', 'message': {'rot': {'_x': -0.8518549310695399, '_y': 21.557524556522022, '_z': 0, '_order': 'YXZ'}, 'pos': {'x': 0, 'y': 0, 'z': 0}, 'img_id': '82e8acfab99d4441ac4da5bf22c2642d'}}
9285	server	{'type': 'update', 'action': 'update_mirror_nav', 'message': {'rot': {'_x': -0.8518549310695399, '_y': 21.557524556522022, '_z': 0, '_order': 'YXZ'}, 'pos': {'x': 0, 'y': 0, 'z': 0}, 'img_id': '82e8acfab99d4441ac4da5bf22c2642d'}}
9291	client	{'type': 'update', 'action': 'nav', 'message': {'rot': {'_x': -0.8548756932364532, '_y': 21.917166755919034, '_z': 0, '_order': 'YXZ'}, 'pos': {'x': 0, 'y': 0, 'z': 0}, 'img_id': '8836420cacbe4c37a57a8f8645da320b'}}
9291	server	{'type': 'update', 'action': 'update_mirror_nav', 'message': {'rot': {'_x': -0.8548756932364532, '_y': 21.917166755919034, '_z': 0, '_order': 'YXZ'}, 'pos': {'x': 0, 'y': 0, 'z': 0}, 'img_id': '8836420cacbe4c37a57a8f8645da320b'}}
9293	client	{'type': 'update', 'action': 'nav', 'message': {'rot': {'_x': -0.7853981633974482, '_y': 21.92226123049242, '_z': 0, '_order': 'YXZ'}, 'pos': {'x': 0, 'y': 0, 'z': 0}, 'img_id': '8836420cacbe4c37a57a8f8645da320b'}}
9293	server	{'type': 'update', 'action': 'update_mirror_nav', 'message': {'rot': {'_x': -0.7853981633974482, '_y': 21.92226123049242, '_z': 0, '_order': 'YXZ'}, 'pos': {'x': 0, 'y': 0, 'z': 0}, 'img_id': '8836420cacbe4c37a57a8f8645da320b'}}
9294	client	{'type': 'update', 'action': 'nav', 'message': {'rot': {'_x': -0.4712388980384686, '_y': 21.96641334346179, '_z': 0, '_order': 'YXZ'}, 'pos': {'x': 0, 'y': 0, 'z': 0}, 'img_id': '8836420cacbe4c37a57a8f8645da320b'}}
9294	server	{'type': 'update', 'action': 'update_mirror_nav', 'message': {'rot': {'_x': -0.4712388980384686, '_y': 21.96641334346179, '_z': 0, '_order': 'YXZ'}, 'pos': {'x': 0, 'y': 0, 'z': 0}, 'img_id': '8836420cacbe4c37a57a8f8645da320b'}}
9296	client	{'type': 'update', 'action': 'nav', 'message': {'rot': {'_x': -0.2899931680236728, '_y': 22.0071691400489, '_z': 0, '_order': 'YXZ'}, 'pos': {'x': 0, 'y': 0, 'z': 0}, 'img_id': '8836420cacbe4c37a57a8f8645da320b'}}
9296	server	{'type': 'update', 'action': 'update_mirror_nav', 'message': {'rot': {'_x': -0.2899931680236728, '_y': 22.0071691400489, '_z': 0, '_order': 'YXZ'}, 'pos': {'x': 0, 'y': 0, 'z': 0}, 'img_id': '8836420cacbe4c37a57a8f8645da320b'}}
9298	client	{'type': 'update', 'action': 'nav', 'message': {'rot': {'_x': -0.08760210284048421, '_y': 22.02754703834246, '_z': 0, '_order': 'YXZ'}, 'pos': {'x': 0, 'y': 0, 'z': 0}, 'img_id': '8836420cacbe4c37a57a8f8645da320b'}}
9298	server	{'type': 'update', 'action': 'update_mirror_nav', 'message': {'rot': {'_x': -0.08760210284048421, '_y': 22.02754703834246, '_z': 0, '_order': 'YXZ'}, 'pos': {'x': 0, 'y': 0, 'z': 0}, 'img_id': '8836420cacbe4c37a57a8f8645da320b'}}
9304	client	{'type': 'update', 'action': 'nav', 'message': {'rot': {'_x': -0.08760210284048421, '_y': 22.3435809184029, '_z': 0, '_order': 'YXZ'}, 'pos': {'x': 0, 'y': 0, 'z': 0}, 'img_id': '041c71a6b7364371892021424389107a'}}
9304	server	{'type': 'update', 'action': 'update_mirror_nav', 'message': {'rot': {'_x': -0.08760210284048421, '_y': 22.3435809184029, '_z': 0, '_order': 'YXZ'}, 'pos': {'x': 0, 'y': 0, 'z': 0}, 'img_id': '041c71a6b7364371892021424389107a'}}
9307	client	{'type': 'update', 'action': 'nav', 'message': {'rot': {'_x': -0.28999316802367275, '_y': 22.751138884274003, '_z': 0, '_order': 'YXZ'}, 'pos': {'x': 0, 'y': 0, 'z': 0}, 'img_id': '041c71a6b7364371892021424389107a'}}
9307	server	{'type': 'update', 'action': 'update_mirror_nav', 'message': {'rot': {'_x': -0.28999316802367275, '_y': 22.751138884274003, '_z': 0, '_order': 'YXZ'}, 'pos': {'x': 0, 'y': 0, 'z': 0}, 'img_id': '041c71a6b7364371892021424389107a'}}
9309	client	{'type': 'update', 'action': 'nav', 'message': {'rot': {'_x': -0.40176136819946345, '_y': 23.004164454752317, '_z': 0, '_order': 'YXZ'}, 'pos': {'x': 0, 'y': 0, 'z': 0}, 'img_id': '041c71a6b7364371892021424389107a'}}
9309	server	{'type': 'update', 'action': 'update_mirror_nav', 'message': {'rot': {'_x': -0.40176136819946345, '_y': 23.004164454752317, '_z': 0, '_order': 'YXZ'}, 'pos': {'x': 0, 'y': 0, 'z': 0}, 'img_id': '041c71a6b7364371892021424389107a'}}
9311	client	{'type': 'update', 'action': 'nav', 'message': {'rot': {'_x': -0.40176136819946345, '_y': 23.467967888726953, '_z': 0, '_order': 'YXZ'}, 'pos': {'x': 0, 'y': 0, 'z': 0}, 'img_id': '041c71a6b7364371892021424389107a'}}
9311	server	{'type': 'update', 'action': 'update_mirror_nav', 'message': {'rot': {'_x': -0.40176136819946345, '_y': 23.467967888726953, '_z': 0, '_order': 'YXZ'}, 'pos': {'x': 0, 'y': 0, 'z': 0}, 'img_id': '041c71a6b7364371892021424389107a'}}
9313	client	{'type': 'update', 'action': 'nav', 'message': {'rot': {'_x': -0.40176136819946345, '_y': 23.46808347235419, '_z': 0, '_order': 'YXZ'}, 'pos': {'x': 0, 'y': 0, 'z': 0}, 'img_id': '9d26c238860b4508aaff3299af4c1681'}}
9313	server	{'type': 'update', 'action': 'update_mirror_nav', 'message': {'rot': {'_x': -0.40176136819946345, '_y': 23.46808347235419, '_z': 0, '_order': 'YXZ'}, 'pos': {'x': 0, 'y': 0, 'z': 0}, 'img_id': '9d26c238860b4508aaff3299af4c1681'}}
9353	client	{'type': 'update', 'action': 'chat', 'message': "I think I found it it's got a big outside opening"}
9353	server	{'type': 'update', 'action': 'add_chat', 'speaker': 'self', 'message': "I think I found it it's got a big outside opening"}
9353	server	{'type': 'update', 'action': 'disable_chat'}
9353	server	{'type': 'update', 'action': 'disable_nav'}
9353	server	{'type': 'update', 'action': 'add_chat', 'speaker': 'other', 'message': "I think I found it it's got a big outside opening"}
9353	server	{'type': 'update', 'action': 'enable_chat'}
9353	server	{'type': 'update', 'action': 'enable_gold_view'}
9418	client	{'type': 'update', 'action': 'chat', 'message': "ha, no, it's finally showing me the full destination. I guess it thinks those are mats. turn around 180 degrees, and keep going left inside the house. it's like 2 rooms away"}
9418	server	{'type': 'update', 'action': 'add_chat', 'speaker': 'other', 'message': "ha, no, it's finally showing me the full destination. I guess it thinks those are mats. turn around 180 degrees, and keep going left inside the house. it's like 2 rooms away"}
9418	server	{'type': 'update', 'action': 'enable_chat'}
9418	server	{'type': 'update', 'action': 'enable_nav'}
9418	server	{'type': 'update', 'action': 'add_chat', 'speaker': 'self', 'message': "ha, no, it's finally showing me the full destination. I guess it thinks those are mats. turn around 180 degrees, and keep going left inside the house. it's like 2 rooms away"}
9418	server	{'type': 'update', 'action': 'disable_chat'}
9418	server	{'type': 'update', 'action': 'disable_gold_view'}
9432	client	{'type': 'update', 'action': 'nav', 'message': {'rot': {'_x': -0.47123889803846847, '_y': 23.944681811397594, '_z': 0, '_order': 'YXZ'}, 'pos': {'x': 0, 'y': 0, 'z': 0}, 'img_id': '9d26c238860b4508aaff3299af4c1681'}}
9432	server	{'type': 'update', 'action': 'update_mirror_nav', 'message': {'rot': {'_x': -0.47123889803846847, '_y': 23.944681811397594, '_z': 0, '_order': 'YXZ'}, 'pos': {'x': 0, 'y': 0, 'z': 0}, 'img_id': '9d26c238860b4508aaff3299af4c1681'}}
9433	client	{'type': 'update', 'action': 'nav', 'message': {'rot': {'_x': -0.47123889803846847, '_y': 23.944681811397594, '_z': 0, '_order': 'YXZ'}, 'pos': {'x': 0, 'y': 0, 'z': 0}, 'img_id': '39738f70d5ed491a81864e9d334a8839'}}
9433	server	{'type': 'update', 'action': 'update_mirror_nav', 'message': {'rot': {'_x': -0.47123889803846847, '_y': 23.944681811397594, '_z': 0, '_order': 'YXZ'}, 'pos': {'x': 0, 'y': 0, 'z': 0}, 'img_id': '39738f70d5ed491a81864e9d334a8839'}}
9434	client	{'type': 'update', 'action': 'nav', 'message': {'rot': {'_x': -0.649463865886351, '_y': 24.428656895869533, '_z': 0, '_order': 'YXZ'}, 'pos': {'x': 0, 'y': 0, 'z': 0}, 'img_id': '39738f70d5ed491a81864e9d334a8839'}}
9434	server	{'type': 'update', 'action': 'update_mirror_nav', 'message': {'rot': {'_x': -0.649463865886351, '_y': 24.428656895869533, '_z': 0, '_order': 'YXZ'}, 'pos': {'x': 0, 'y': 0, 'z': 0}, 'img_id': '39738f70d5ed491a81864e9d334a8839'}}
9436	client	{'type': 'update', 'action': 'nav', 'message': {'rot': {'_x': -0.6252977685510449, '_y': 24.81880559157913, '_z': 0, '_order': 'YXZ'}, 'pos': {'x': 0, 'y': 0, 'z': 0}, 'img_id': '39738f70d5ed491a81864e9d334a8839'}}
9436	server	{'type': 'update', 'action': 'update_mirror_nav', 'message': {'rot': {'_x': -0.6252977685510449, '_y': 24.81880559157913, '_z': 0, '_order': 'YXZ'}, 'pos': {'x': 0, 'y': 0, 'z': 0}, 'img_id': '39738f70d5ed491a81864e9d334a8839'}}
9438	client	{'type': 'update', 'action': 'nav', 'message': {'rot': {'_x': -0.6343600550517846, '_y': 25.40541570619938, '_z': 0, '_order': 'YXZ'}, 'pos': {'x': 0, 'y': 0, 'z': 0}, 'img_id': '23c2318da20e4aa28c74ee745eb03c75'}}
9438	server	{'type': 'update', 'action': 'update_mirror_nav', 'message': {'rot': {'_x': -0.6343600550517846, '_y': 25.40541570619938, '_z': 0, '_order': 'YXZ'}, 'pos': {'x': 0, 'y': 0, 'z': 0}, 'img_id': '23c2318da20e4aa28c74ee745eb03c75'}}
9445	client	{'type': 'update', 'action': 'nav', 'message': {'rot': {'_x': -0.7400867308937485, '_y': 25.94033553640521, '_z': 0, '_order': 'YXZ'}, 'pos': {'x': 0, 'y': 0, 'z': 0}, 'img_id': '23c2318da20e4aa28c74ee745eb03c75'}}
9445	server	{'type': 'update', 'action': 'update_mirror_nav', 'message': {'rot': {'_x': -0.7400867308937485, '_y': 25.94033553640521, '_z': 0, '_order': 'YXZ'}, 'pos': {'x': 0, 'y': 0, 'z': 0}, 'img_id': '23c2318da20e4aa28c74ee745eb03c75'}}
9447	client	{'type': 'update', 'action': 'nav', 'message': {'rot': {'_x': -0.9424777960769379, '_y': 26.607711705519147, '_z': 0, '_order': 'YXZ'}, 'pos': {'x': 0, 'y': 0, 'z': 0}, 'img_id': '23c2318da20e4aa28c74ee745eb03c75'}}
9447	server	{'type': 'update', 'action': 'update_mirror_nav', 'message': {'rot': {'_x': -0.9424777960769379, '_y': 26.607711705519147, '_z': 0, '_order': 'YXZ'}, 'pos': {'x': 0, 'y': 0, 'z': 0}, 'img_id': '23c2318da20e4aa28c74ee745eb03c75'}}
9448	client	{'type': 'update', 'action': 'nav', 'message': {'rot': {'_x': -0.9424777960769379, '_y': 27.09168678999109, '_z': 0, '_order': 'YXZ'}, 'pos': {'x': 0, 'y': 0, 'z': 0}, 'img_id': '23c2318da20e4aa28c74ee745eb03c75'}}
9448	server	{'type': 'update', 'action': 'update_mirror_nav', 'message': {'rot': {'_x': -0.9424777960769379, '_y': 27.09168678999109, '_z': 0, '_order': 'YXZ'}, 'pos': {'x': 0, 'y': 0, 'z': 0}, 'img_id': '23c2318da20e4aa28c74ee745eb03c75'}}
9452	client	{'type': 'update', 'action': 'nav', 'message': {'rot': {'_x': -0.9424777960769379, '_y': 27.856723608071096, '_z': 0, '_order': 'YXZ'}, 'pos': {'x': 0, 'y': 0, 'z': 0}, 'img_id': '23c2318da20e4aa28c74ee745eb03c75'}}
9452	server	{'type': 'update', 'action': 'update_mirror_nav', 'message': {'rot': {'_x': -0.9424777960769379, '_y': 27.856723608071096, '_z': 0, '_order': 'YXZ'}, 'pos': {'x': 0, 'y': 0, 'z': 0}, 'img_id': '23c2318da20e4aa28c74ee745eb03c75'}}
9453	client	{'type': 'update', 'action': 'nav', 'message': {'rot': {'_x': -0.9424777960769379, '_y': 28.142946631634178, '_z': 0, '_order': 'YXZ'}, 'pos': {'x': 0, 'y': 0, 'z': 0}, 'img_id': '9d26c238860b4508aaff3299af4c1681'}}
9453	server	{'type': 'update', 'action': 'update_mirror_nav', 'message': {'rot': {'_x': -0.9424777960769379, '_y': 28.142946631634178, '_z': 0, '_order': 'YXZ'}, 'pos': {'x': 0, 'y': 0, 'z': 0}, 'img_id': '9d26c238860b4508aaff3299af4c1681'}}
9457	client	{'type': 'update', 'action': 'nav', 'message': {'rot': {'_x': -0.9424777960769379, '_y': 27.90674857126889, '_z': 0, '_order': 'YXZ'}, 'pos': {'x': 0, 'y': 0, 'z': 0}, 'img_id': '9d26c238860b4508aaff3299af4c1681'}}
9457	server	{'type': 'update', 'action': 'update_mirror_nav', 'message': {'rot': {'_x': -0.9424777960769379, '_y': 27.90674857126889, '_z': 0, '_order': 'YXZ'}, 'pos': {'x': 0, 'y': 0, 'z': 0}, 'img_id': '9d26c238860b4508aaff3299af4c1681'}}
9458	client	{'type': 'update', 'action': 'nav', 'message': {'rot': {'_x': -0.9424777960769379, '_y': 27.220517961090312, '_z': 0, '_order': 'YXZ'}, 'pos': {'x': 0, 'y': 0, 'z': 0}, 'img_id': '9d26c238860b4508aaff3299af4c1681'}}
9458	server	{'type': 'update', 'action': 'update_mirror_nav', 'message': {'rot': {'_x': -0.9424777960769379, '_y': 27.220517961090312, '_z': 0, '_order': 'YXZ'}, 'pos': {'x': 0, 'y': 0, 'z': 0}, 'img_id': '9d26c238860b4508aaff3299af4c1681'}}
9459	client	{'type': 'update', 'action': 'nav', 'message': {'rot': {'_x': -0.9424777960769379, '_y': 27.220517961090312, '_z': 0, '_order': 'YXZ'}, 'pos': {'x': 0, 'y': 0, 'z': 0}, 'img_id': '19e0d074a48044949855917a5bff42ad'}}
9459	server	{'type': 'update', 'action': 'update_mirror_nav', 'message': {'rot': {'_x': -0.9424777960769379, '_y': 27.220517961090312, '_z': 0, '_order': 'YXZ'}, 'pos': {'x': 0, 'y': 0, 'z': 0}, 'img_id': '19e0d074a48044949855917a5bff42ad'}}
9461	client	{'type': 'update', 'action': 'nav', 'message': {'rot': {'_x': -0.7733151147297953, '_y': 27.400522729350055, '_z': 0, '_order': 'YXZ'}, 'pos': {'x': 0, 'y': 0, 'z': 0}, 'img_id': '19e0d074a48044949855917a5bff42ad'}}
9461	server	{'type': 'update', 'action': 'update_mirror_nav', 'message': {'rot': {'_x': -0.7733151147297953, '_y': 27.400522729350055, '_z': 0, '_order': 'YXZ'}, 'pos': {'x': 0, 'y': 0, 'z': 0}, 'img_id': '19e0d074a48044949855917a5bff42ad'}}
9463	client	{'type': 'update', 'action': 'nav', 'message': {'rot': {'_x': -0.6585261523870913, '_y': 27.830156751705847, '_z': 0, '_order': 'YXZ'}, 'pos': {'x': 0, 'y': 0, 'z': 0}, 'img_id': '19e0d074a48044949855917a5bff42ad'}}
9463	server	{'type': 'update', 'action': 'update_mirror_nav', 'message': {'rot': {'_x': -0.6585261523870913, '_y': 27.830156751705847, '_z': 0, '_order': 'YXZ'}, 'pos': {'x': 0, 'y': 0, 'z': 0}, 'img_id': '19e0d074a48044949855917a5bff42ad'}}
9469	client	{'type': 'update', 'action': 'nav', 'message': {'rot': {'_x': -0.643422341552525, '_y': 28.082789920876362, '_z': 0, '_order': 'YXZ'}, 'pos': {'x': 0, 'y': 0, 'z': 0}, 'img_id': '6be22e287d2f4bb4a5fd1fc1172d438b'}}
9469	server	{'type': 'update', 'action': 'update_mirror_nav', 'message': {'rot': {'_x': -0.643422341552525, '_y': 28.082789920876362, '_z': 0, '_order': 'YXZ'}, 'pos': {'x': 0, 'y': 0, 'z': 0}, 'img_id': '6be22e287d2f4bb4a5fd1fc1172d438b'}}
9473	client	{'type': 'update', 'action': 'nav', 'message': {'rot': {'_x': -0.643422341552525, '_y': 28.082795255651344, '_z': 0, '_order': 'YXZ'}, 'pos': {'x': 0, 'y': 0, 'z': 0}, 'img_id': '6be22e287d2f4bb4a5fd1fc1172d438b'}}
9473	server	{'type': 'update', 'action': 'update_mirror_nav', 'message': {'rot': {'_x': -0.643422341552525, '_y': 28.082795255651344, '_z': 0, '_order': 'YXZ'}, 'pos': {'x': 0, 'y': 0, 'z': 0}, 'img_id': '6be22e287d2f4bb4a5fd1fc1172d438b'}}
9474	client	{'type': 'update', 'action': 'nav', 'message': {'rot': {'_x': -0.643422341552525, '_y': 28.327706713064437, '_z': 0, '_order': 'YXZ'}, 'pos': {'x': 0, 'y': 0, 'z': 0}, 'img_id': '7939ba3afc934e268aec59027819ae4b'}}
9474	server	{'type': 'update', 'action': 'update_mirror_nav', 'message': {'rot': {'_x': -0.643422341552525, '_y': 28.327706713064437, '_z': 0, '_order': 'YXZ'}, 'pos': {'x': 0, 'y': 0, 'z': 0}, 'img_id': '7939ba3afc934e268aec59027819ae4b'}}
9489	client	{'type': 'update', 'action': 'guess_stop', 'value': '7939ba3afc934e268aec59027819ae4b'}
9489	server	{'type': 'update', 'action': 'set_aux', 'message': 'Congrats, you found the room!'}
9489	server	{'type': 'update', 'action': 'disable_chat'}
9489	server	{'type': 'update', 'action': 'disable_nav'}
9489	server	{'type': 'update', 'action': 'exit', 'message': {'oracle': '5d016cd6c8ba1', 'navigator': '5d016cbf5200e'}}
9489	server	{'type': 'update', 'action': 'set_aux', 'message': 'Congrats, you helped your partner find the room!'}
9489	server	{'type': 'update', 'action': 'disable_chat'}
9489	server	{'type': 'update', 'action': 'disable_gold_view'}
9489	server	{'type': 'update', 'action': 'exit', 'message': {'oracle': '5d016cd6c8ba1', 'navigator': '5d016cbf5200e'}}
