7043	server	{'type': 'update', 'action': 'set_house', 'value': 'gTV8FGcVJC9'}
7043	server	{'type': 'update', 'action': 'set_target_obj', 'value': 'telephone'}
7043	server	{'type': 'update', 'action': 'set_start_pano', 'value': '2e89bb2f07694cb887f1b58c250a6600'}
7043	server	{'type': 'update', 'action': 'set_aux', 'message': 'Another player connected! You are The Navigator.'}
7043	server	{'type': 'update', 'action': 'hide_instructions'}
7043	server	{'type': 'update', 'action': 'show_chat'}
7043	server	{'type': 'update', 'action': 'show_nav'}
7043	server	{'type': 'update', 'action': 'enable_chat'}
7043	server	{'type': 'update', 'action': 'enable_nav'}
7043	server	{'type': 'update', 'action': 'set_house', 'value': 'gTV8FGcVJC9'}
7043	server	{'type': 'update', 'action': 'set_target_obj', 'value': 'telephone'}
7043	server	{'type': 'update', 'action': 'set_start_pano', 'value': '2e89bb2f07694cb887f1b58c250a6600'}
7043	server	{'type': 'update', 'action': 'set_end_panos', 'value': '79fd427050944d0488ebf017220b7ff4,36b59eda057e497db7aeb4b4239d8f0d,892384f1c7bb45fa8c24eb2fa583ebb4,5b24df95cc89452dae1f6496b38c2c44,516de75479ca4af280aefabcdf16fbc6'}
7043	server	{'type': 'update', 'action': 'set_aux', 'message': 'Another player connected! You are The Oracle.'}
7043	server	{'type': 'update', 'action': 'hide_instructions'}
7043	server	{'type': 'update', 'action': 'show_chat'}
7043	server	{'type': 'update', 'action': 'show_mirror_nav'}
7043	server	{'type': 'update', 'action': 'show_gold_view'}
7052	client	{'type': 'update', 'action': 'nav', 'message': {'rot': {'_x': 0, '_y': 0, '_z': 0, '_order': 'YXZ'}, 'pos': {'x': 0, 'y': 0, 'z': 0}, 'img_id': '2e89bb2f07694cb887f1b58c250a6600'}}
7052	server	{'type': 'update', 'action': 'update_mirror_nav', 'message': {'rot': {'_x': 0, '_y': 0, '_z': 0, '_order': 'YXZ'}, 'pos': {'x': 0, 'y': 0, 'z': 0}, 'img_id': '2e89bb2f07694cb887f1b58c250a6600'}}
7067	client	{'type': 'update', 'action': 'nav', 'message': {'rot': {'_x': -0.8047641455086181, '_y': -0.5405672544371325, '_z': 0, '_order': 'YXZ'}, 'pos': {'x': 0, 'y': 0, 'z': 0}, 'img_id': '2e89bb2f07694cb887f1b58c250a6600'}}
7067	server	{'type': 'update', 'action': 'update_mirror_nav', 'message': {'rot': {'_x': -0.8047641455086181, '_y': -0.5405672544371325, '_z': 0, '_order': 'YXZ'}, 'pos': {'x': 0, 'y': 0, 'z': 0}, 'img_id': '2e89bb2f07694cb887f1b58c250a6600'}}
7068	client	{'type': 'update', 'action': 'nav', 'message': {'rot': {'_x': -0.7918534907678383, '_y': -1.3259654178345806, '_z': 0, '_order': 'YXZ'}, 'pos': {'x': 0, 'y': 0, 'z': 0}, 'img_id': '2e89bb2f07694cb887f1b58c250a6600'}}
7068	server	{'type': 'update', 'action': 'update_mirror_nav', 'message': {'rot': {'_x': -0.7918534907678383, '_y': -1.3259654178345806, '_z': 0, '_order': 'YXZ'}, 'pos': {'x': 0, 'y': 0, 'z': 0}, 'img_id': '2e89bb2f07694cb887f1b58c250a6600'}}
7069	client	{'type': 'update', 'action': 'nav', 'message': {'rot': {'_x': -0.7918534907678383, '_y': -1.3308135546456759, '_z': 0, '_order': 'YXZ'}, 'pos': {'x': 0, 'y': 0, 'z': 0}, 'img_id': '2e89bb2f07694cb887f1b58c250a6600'}}
7069	server	{'type': 'update', 'action': 'update_mirror_nav', 'message': {'rot': {'_x': -0.7918534907678383, '_y': -1.3308135546456759, '_z': 0, '_order': 'YXZ'}, 'pos': {'x': 0, 'y': 0, 'z': 0}, 'img_id': '2e89bb2f07694cb887f1b58c250a6600'}}
7070	client	{'type': 'update', 'action': 'nav', 'message': {'rot': {'_x': -0.6154078759771786, '_y': -1.934406587627048, '_z': 0, '_order': 'YXZ'}, 'pos': {'x': 0, 'y': 0, 'z': 0}, 'img_id': '2e89bb2f07694cb887f1b58c250a6600'}}
7070	server	{'type': 'update', 'action': 'update_mirror_nav', 'message': {'rot': {'_x': -0.6154078759771786, '_y': -1.934406587627048, '_z': 0, '_order': 'YXZ'}, 'pos': {'x': 0, 'y': 0, 'z': 0}, 'img_id': '2e89bb2f07694cb887f1b58c250a6600'}}
7071	client	{'type': 'update', 'action': 'nav', 'message': {'rot': {'_x': -0.017214206321039927, '_y': -2.201054112237293, '_z': 0, '_order': 'YXZ'}, 'pos': {'x': 0, 'y': 0, 'z': 0}, 'img_id': '2e89bb2f07694cb887f1b58c250a6600'}}
7071	server	{'type': 'update', 'action': 'update_mirror_nav', 'message': {'rot': {'_x': -0.017214206321039927, '_y': -2.201054112237293, '_z': 0, '_order': 'YXZ'}, 'pos': {'x': 0, 'y': 0, 'z': 0}, 'img_id': '2e89bb2f07694cb887f1b58c250a6600'}}
7072	client	{'type': 'update', 'action': 'nav', 'message': {'rot': {'_x': -0.1850527179511795, '_y': -3.0300855069345993, '_z': 0, '_order': 'YXZ'}, 'pos': {'x': 0, 'y': 0, 'z': 0}, 'img_id': '2e89bb2f07694cb887f1b58c250a6600'}}
7072	server	{'type': 'update', 'action': 'update_mirror_nav', 'message': {'rot': {'_x': -0.1850527179511795, '_y': -3.0300855069345993, '_z': 0, '_order': 'YXZ'}, 'pos': {'x': 0, 'y': 0, 'z': 0}, 'img_id': '2e89bb2f07694cb887f1b58c250a6600'}}
7073	client	{'type': 'update', 'action': 'nav', 'message': {'rot': {'_x': -0.1032852379262397, '_y': -2.882217334196191, '_z': 0, '_order': 'YXZ'}, 'pos': {'x': 0, 'y': 0, 'z': 0}, 'img_id': '2e89bb2f07694cb887f1b58c250a6600'}}
7073	server	{'type': 'update', 'action': 'update_mirror_nav', 'message': {'rot': {'_x': -0.1032852379262397, '_y': -2.882217334196191, '_z': 0, '_order': 'YXZ'}, 'pos': {'x': 0, 'y': 0, 'z': 0}, 'img_id': '2e89bb2f07694cb887f1b58c250a6600'}}
7075	client	{'type': 'update', 'action': 'nav', 'message': {'rot': {'_x': -0.02582130948155989, '_y': -1.9537991348714308, '_z': 0, '_order': 'YXZ'}, 'pos': {'x': 0, 'y': 0, 'z': 0}, 'img_id': '2e89bb2f07694cb887f1b58c250a6600'}}
7075	server	{'type': 'update', 'action': 'update_mirror_nav', 'message': {'rot': {'_x': -0.02582130948155989, '_y': -1.9537991348714308, '_z': 0, '_order': 'YXZ'}, 'pos': {'x': 0, 'y': 0, 'z': 0}, 'img_id': '2e89bb2f07694cb887f1b58c250a6600'}}
7076	client	{'type': 'update', 'action': 'nav', 'message': {'rot': {'_x': 0.6885682528415985, '_y': -2.0434896658766952, '_z': 0, '_order': 'YXZ'}, 'pos': {'x': 0, 'y': 0, 'z': 0}, 'img_id': '2e89bb2f07694cb887f1b58c250a6600'}}
7076	server	{'type': 'update', 'action': 'update_mirror_nav', 'message': {'rot': {'_x': 0.6885682528415985, '_y': -2.0434896658766952, '_z': 0, '_order': 'YXZ'}, 'pos': {'x': 0, 'y': 0, 'z': 0}, 'img_id': '2e89bb2f07694cb887f1b58c250a6600'}}
7077	client	{'type': 'update', 'action': 'nav', 'message': {'rot': {'_x': 0.9424777960769379, '_y': -2.053185939498886, '_z': 0, '_order': 'YXZ'}, 'pos': {'x': 0, 'y': 0, 'z': 0}, 'img_id': '2e89bb2f07694cb887f1b58c250a6600'}}
7077	server	{'type': 'update', 'action': 'update_mirror_nav', 'message': {'rot': {'_x': 0.9424777960769379, '_y': -2.053185939498886, '_z': 0, '_order': 'YXZ'}, 'pos': {'x': 0, 'y': 0, 'z': 0}, 'img_id': '2e89bb2f07694cb887f1b58c250a6600'}}
7078	client	{'type': 'update', 'action': 'nav', 'message': {'rot': {'_x': 0.06455327370389982, '_y': -2.0580340763099816, '_z': 0, '_order': 'YXZ'}, 'pos': {'x': 0, 'y': 0, 'z': 0}, 'img_id': '2e89bb2f07694cb887f1b58c250a6600'}}
7078	server	{'type': 'update', 'action': 'update_mirror_nav', 'message': {'rot': {'_x': 0.06455327370389982, '_y': -2.0580340763099816, '_z': 0, '_order': 'YXZ'}, 'pos': {'x': 0, 'y': 0, 'z': 0}, 'img_id': '2e89bb2f07694cb887f1b58c250a6600'}}
7079	client	{'type': 'update', 'action': 'nav', 'message': {'rot': {'_x': -0.9424777960769379, '_y': -2.0289452554434098, '_z': 0, '_order': 'YXZ'}, 'pos': {'x': 0, 'y': 0, 'z': 0}, 'img_id': '2e89bb2f07694cb887f1b58c250a6600'}}
7079	server	{'type': 'update', 'action': 'update_mirror_nav', 'message': {'rot': {'_x': -0.9424777960769379, '_y': -2.0289452554434098, '_z': 0, '_order': 'YXZ'}, 'pos': {'x': 0, 'y': 0, 'z': 0}, 'img_id': '2e89bb2f07694cb887f1b58c250a6600'}}
7080	client	{'type': 'update', 'action': 'nav', 'message': {'rot': {'_x': -0.9424777960769379, '_y': -1.8301716461884998, '_z': 0, '_order': 'YXZ'}, 'pos': {'x': 0, 'y': 0, 'z': 0}, 'img_id': '2e89bb2f07694cb887f1b58c250a6600'}}
7080	server	{'type': 'update', 'action': 'update_mirror_nav', 'message': {'rot': {'_x': -0.9424777960769379, '_y': -1.8301716461884998, '_z': 0, '_order': 'YXZ'}, 'pos': {'x': 0, 'y': 0, 'z': 0}, 'img_id': '2e89bb2f07694cb887f1b58c250a6600'}}
7081	client	{'type': 'update', 'action': 'nav', 'message': {'rot': {'_x': -0.925263589755898, '_y': -2.5573921678528038, '_z': 0, '_order': 'YXZ'}, 'pos': {'x': 0, 'y': 0, 'z': 0}, 'img_id': '2e89bb2f07694cb887f1b58c250a6600'}}
7081	server	{'type': 'update', 'action': 'update_mirror_nav', 'message': {'rot': {'_x': -0.925263589755898, '_y': -2.5573921678528038, '_z': 0, '_order': 'YXZ'}, 'pos': {'x': 0, 'y': 0, 'z': 0}, 'img_id': '2e89bb2f07694cb887f1b58c250a6600'}}
7082	client	{'type': 'update', 'action': 'nav', 'message': {'rot': {'_x': -0.8564067644717382, '_y': -3.381575425739015, '_z': 0, '_order': 'YXZ'}, 'pos': {'x': 0, 'y': 0, 'z': 0}, 'img_id': '2e89bb2f07694cb887f1b58c250a6600'}}
7082	server	{'type': 'update', 'action': 'update_mirror_nav', 'message': {'rot': {'_x': -0.8564067644717382, '_y': -3.381575425739015, '_z': 0, '_order': 'YXZ'}, 'pos': {'x': 0, 'y': 0, 'z': 0}, 'img_id': '2e89bb2f07694cb887f1b58c250a6600'}}
7083	client	{'type': 'update', 'action': 'nav', 'message': {'rot': {'_x': -0.7703357328665383, '_y': -4.777838827334478, '_z': 0, '_order': 'YXZ'}, 'pos': {'x': 0, 'y': 0, 'z': 0}, 'img_id': '2e89bb2f07694cb887f1b58c250a6600'}}
7083	server	{'type': 'update', 'action': 'update_mirror_nav', 'message': {'rot': {'_x': -0.7703357328665383, '_y': -4.777838827334478, '_z': 0, '_order': 'YXZ'}, 'pos': {'x': 0, 'y': 0, 'z': 0}, 'img_id': '2e89bb2f07694cb887f1b58c250a6600'}}
7084	client	{'type': 'update', 'action': 'nav', 'message': {'rot': {'_x': -0.49921198331015904, '_y': -4.874801563556384, '_z': 0, '_order': 'YXZ'}, 'pos': {'x': 0, 'y': 0, 'z': 0}, 'img_id': '2e89bb2f07694cb887f1b58c250a6600'}}
7084	server	{'type': 'update', 'action': 'update_mirror_nav', 'message': {'rot': {'_x': -0.49921198331015904, '_y': -4.874801563556384, '_z': 0, '_order': 'YXZ'}, 'pos': {'x': 0, 'y': 0, 'z': 0}, 'img_id': '2e89bb2f07694cb887f1b58c250a6600'}}
7085	client	{'type': 'update', 'action': 'nav', 'message': {'rot': {'_x': -0.04303551580260006, '_y': -4.511191302724233, '_z': 0, '_order': 'YXZ'}, 'pos': {'x': 0, 'y': 0, 'z': 0}, 'img_id': '2e89bb2f07694cb887f1b58c250a6600'}}
7085	server	{'type': 'update', 'action': 'update_mirror_nav', 'message': {'rot': {'_x': -0.04303551580260006, '_y': -4.511191302724233, '_z': 0, '_order': 'YXZ'}, 'pos': {'x': 0, 'y': 0, 'z': 0}, 'img_id': '2e89bb2f07694cb887f1b58c250a6600'}}
7086	client	{'type': 'update', 'action': 'nav', 'message': {'rot': {'_x': 0.043035515802599754, '_y': -3.810635533520954, '_z': 0, '_order': 'YXZ'}, 'pos': {'x': 0, 'y': 0, 'z': 0}, 'img_id': '2e89bb2f07694cb887f1b58c250a6600'}}
7086	server	{'type': 'update', 'action': 'update_mirror_nav', 'message': {'rot': {'_x': 0.043035515802599754, '_y': -3.810635533520954, '_z': 0, '_order': 'YXZ'}, 'pos': {'x': 0, 'y': 0, 'z': 0}, 'img_id': '2e89bb2f07694cb887f1b58c250a6600'}}
7094	client	{'type': 'update', 'action': 'nav', 'message': {'rot': {'_x': -0.10328523792623993, '_y': -3.1658333376452705, '_z': 0, '_order': 'YXZ'}, 'pos': {'x': 0, 'y': 0, 'z': 0}, 'img_id': '2e89bb2f07694cb887f1b58c250a6600'}}
7094	server	{'type': 'update', 'action': 'update_mirror_nav', 'message': {'rot': {'_x': -0.10328523792623993, '_y': -3.1658333376452705, '_z': 0, '_order': 'YXZ'}, 'pos': {'x': 0, 'y': 0, 'z': 0}, 'img_id': '2e89bb2f07694cb887f1b58c250a6600'}}
7096	client	{'type': 'update', 'action': 'nav', 'message': {'rot': {'_x': -0.1635349600498798, '_y': -2.3416500797590594, '_z': 0, '_order': 'YXZ'}, 'pos': {'x': 0, 'y': 0, 'z': 0}, 'img_id': '2e89bb2f07694cb887f1b58c250a6600'}}
7096	server	{'type': 'update', 'action': 'update_mirror_nav', 'message': {'rot': {'_x': -0.1635349600498798, '_y': -2.3416500797590594, '_z': 0, '_order': 'YXZ'}, 'pos': {'x': 0, 'y': 0, 'z': 0}, 'img_id': '2e89bb2f07694cb887f1b58c250a6600'}}
7097	client	{'type': 'update', 'action': 'nav', 'message': {'rot': {'_x': -0.7660321812862784, '_y': -1.8325957145940468, '_z': 0, '_order': 'YXZ'}, 'pos': {'x': 0, 'y': 0, 'z': 0}, 'img_id': '2e89bb2f07694cb887f1b58c250a6600'}}
7097	server	{'type': 'update', 'action': 'update_mirror_nav', 'message': {'rot': {'_x': -0.7660321812862784, '_y': -1.8325957145940468, '_z': 0, '_order': 'YXZ'}, 'pos': {'x': 0, 'y': 0, 'z': 0}, 'img_id': '2e89bb2f07694cb887f1b58c250a6600'}}
7098	client	{'type': 'update', 'action': 'nav', 'message': {'rot': {'_x': -0.7617286297060184, '_y': -1.8325957145940468, '_z': 0, '_order': 'YXZ'}, 'pos': {'x': 0, 'y': 0, 'z': 0}, 'img_id': '2e89bb2f07694cb887f1b58c250a6600'}}
7098	server	{'type': 'update', 'action': 'update_mirror_nav', 'message': {'rot': {'_x': -0.7617286297060184, '_y': -1.8325957145940468, '_z': 0, '_order': 'YXZ'}, 'pos': {'x': 0, 'y': 0, 'z': 0}, 'img_id': '2e89bb2f07694cb887f1b58c250a6600'}}
7113	client	{'type': 'update', 'action': 'nav', 'message': {'rot': {'_x': -0.920960038175638, '_y': -2.9985726176624805, '_z': 0, '_order': 'YXZ'}, 'pos': {'x': 0, 'y': 0, 'z': 0}, 'img_id': '2e89bb2f07694cb887f1b58c250a6600'}}
7113	server	{'type': 'update', 'action': 'update_mirror_nav', 'message': {'rot': {'_x': -0.920960038175638, '_y': -2.9985726176624805, '_z': 0, '_order': 'YXZ'}, 'pos': {'x': 0, 'y': 0, 'z': 0}, 'img_id': '2e89bb2f07694cb887f1b58c250a6600'}}
7131	client	{'type': 'update', 'action': 'nav', 'message': {'rot': {'_x': -0.920960038175638, '_y': -3.703420857224141, '_z': 0, '_order': 'YXZ'}, 'pos': {'x': 0, 'y': 0, 'z': 0}, 'img_id': '2774c33eec764608afb613f801a1973d'}}
7131	server	{'type': 'update', 'action': 'update_mirror_nav', 'message': {'rot': {'_x': -0.920960038175638, '_y': -3.703420857224141, '_z': 0, '_order': 'YXZ'}, 'pos': {'x': 0, 'y': 0, 'z': 0}, 'img_id': '2774c33eec764608afb613f801a1973d'}}
7133	client	{'type': 'update', 'action': 'nav', 'message': {'rot': {'_x': -0.8951387286940782, '_y': -3.109524097864959, '_z': 0, '_order': 'YXZ'}, 'pos': {'x': 0, 'y': 0, 'z': 0}, 'img_id': '2774c33eec764608afb613f801a1973d'}}
7133	server	{'type': 'update', 'action': 'update_mirror_nav', 'message': {'rot': {'_x': -0.8951387286940782, '_y': -3.109524097864959, '_z': 0, '_order': 'YXZ'}, 'pos': {'x': 0, 'y': 0, 'z': 0}, 'img_id': '2774c33eec764608afb613f801a1973d'}}
7139	client	{'type': 'update', 'action': 'nav', 'message': {'rot': {'_x': 0.21517757901299941, '_y': -3.1071000294594118, '_z': 0, '_order': 'YXZ'}, 'pos': {'x': 0, 'y': 0, 'z': 0}, 'img_id': '2774c33eec764608afb613f801a1973d'}}
7139	server	{'type': 'update', 'action': 'update_mirror_nav', 'message': {'rot': {'_x': 0.21517757901299941, '_y': -3.1071000294594118, '_z': 0, '_order': 'YXZ'}, 'pos': {'x': 0, 'y': 0, 'z': 0}, 'img_id': '2774c33eec764608afb613f801a1973d'}}
7140	client	{'type': 'update', 'action': 'nav', 'message': {'rot': {'_x': -0.16783851163013974, '_y': -2.8792375993379293, '_z': 0, '_order': 'YXZ'}, 'pos': {'x': 0, 'y': 0, 'z': 0}, 'img_id': '2774c33eec764608afb613f801a1973d'}}
7140	server	{'type': 'update', 'action': 'update_mirror_nav', 'message': {'rot': {'_x': -0.16783851163013974, '_y': -2.8792375993379293, '_z': 0, '_order': 'YXZ'}, 'pos': {'x': 0, 'y': 0, 'z': 0}, 'img_id': '2774c33eec764608afb613f801a1973d'}}
7141	client	{'type': 'update', 'action': 'nav', 'message': {'rot': {'_x': -0.12480299582753984, '_y': -2.2756445663565574, '_z': 0, '_order': 'YXZ'}, 'pos': {'x': 0, 'y': 0, 'z': 0}, 'img_id': '2774c33eec764608afb613f801a1973d'}}
7141	server	{'type': 'update', 'action': 'update_mirror_nav', 'message': {'rot': {'_x': -0.12480299582753984, '_y': -2.2756445663565574, '_z': 0, '_order': 'YXZ'}, 'pos': {'x': 0, 'y': 0, 'z': 0}, 'img_id': '2774c33eec764608afb613f801a1973d'}}
7142	client	{'type': 'update', 'action': 'nav', 'message': {'rot': {'_x': -0.29694505903793944, '_y': -1.815071569302498, '_z': 0, '_order': 'YXZ'}, 'pos': {'x': 0, 'y': 0, 'z': 0}, 'img_id': '2774c33eec764608afb613f801a1973d'}}
7142	server	{'type': 'update', 'action': 'update_mirror_nav', 'message': {'rot': {'_x': -0.29694505903793944, '_y': -1.815071569302498, '_z': 0, '_order': 'YXZ'}, 'pos': {'x': 0, 'y': 0, 'z': 0}, 'img_id': '2774c33eec764608afb613f801a1973d'}}
7146	client	{'type': 'update', 'action': 'nav', 'message': {'rot': {'_x': -0.29694505903793944, '_y': -2.493390525982156, '_z': 0, '_order': 'YXZ'}, 'pos': {'x': 0, 'y': 0, 'z': 0}, 'img_id': '7b43c6e2ffed41b587e89476a7cc3b4f'}}
7146	server	{'type': 'update', 'action': 'update_mirror_nav', 'message': {'rot': {'_x': -0.29694505903793944, '_y': -2.493390525982156, '_z': 0, '_order': 'YXZ'}, 'pos': {'x': 0, 'y': 0, 'z': 0}, 'img_id': '7b43c6e2ffed41b587e89476a7cc3b4f'}}
7151	client	{'type': 'update', 'action': 'nav', 'message': {'rot': {'_x': -0.29694505903793944, '_y': -2.5300537264381324, '_z': 0, '_order': 'YXZ'}, 'pos': {'x': 0, 'y': 0, 'z': 0}, 'img_id': 'e9f39c96b024481bafcf127b199f773d'}}
7151	server	{'type': 'update', 'action': 'update_mirror_nav', 'message': {'rot': {'_x': -0.29694505903793944, '_y': -2.5300537264381324, '_z': 0, '_order': 'YXZ'}, 'pos': {'x': 0, 'y': 0, 'z': 0}, 'img_id': 'e9f39c96b024481bafcf127b199f773d'}}
7154	client	{'type': 'update', 'action': 'nav', 'message': {'rot': {'_x': -0.29694505903793944, '_y': -2.5803252705884336, '_z': 0, '_order': 'YXZ'}, 'pos': {'x': 0, 'y': 0, 'z': 0}, 'img_id': 'a1ed10f369004bec91ce33e72e8de450'}}
7154	server	{'type': 'update', 'action': 'update_mirror_nav', 'message': {'rot': {'_x': -0.29694505903793944, '_y': -2.5803252705884336, '_z': 0, '_order': 'YXZ'}, 'pos': {'x': 0, 'y': 0, 'z': 0}, 'img_id': 'a1ed10f369004bec91ce33e72e8de450'}}
7155	client	{'type': 'update', 'action': 'nav', 'message': {'rot': {'_x': -0.27973085271689946, '_y': -1.7997752440020809, '_z': 0, '_order': 'YXZ'}, 'pos': {'x': 0, 'y': 0, 'z': 0}, 'img_id': 'a1ed10f369004bec91ce33e72e8de450'}}
7155	server	{'type': 'update', 'action': 'update_mirror_nav', 'message': {'rot': {'_x': -0.27973085271689946, '_y': -1.7997752440020809, '_z': 0, '_order': 'YXZ'}, 'pos': {'x': 0, 'y': 0, 'z': 0}, 'img_id': 'a1ed10f369004bec91ce33e72e8de450'}}
7156	client	{'type': 'update', 'action': 'nav', 'message': {'rot': {'_x': -0.4217480548654791, '_y': -1.0628584487155859, '_z': 0, '_order': 'YXZ'}, 'pos': {'x': 0, 'y': 0, 'z': 0}, 'img_id': 'a1ed10f369004bec91ce33e72e8de450'}}
7156	server	{'type': 'update', 'action': 'update_mirror_nav', 'message': {'rot': {'_x': -0.4217480548654791, '_y': -1.0628584487155859, '_z': 0, '_order': 'YXZ'}, 'pos': {'x': 0, 'y': 0, 'z': 0}, 'img_id': 'a1ed10f369004bec91ce33e72e8de450'}}
7159	client	{'type': 'update', 'action': 'nav', 'message': {'rot': {'_x': -0.4217480548654791, '_y': -0.7932011803861556, '_z': 0, '_order': 'YXZ'}, 'pos': {'x': 0, 'y': 0, 'z': 0}, 'img_id': 'ee1ee5c58d2841dc967ecc731b687dae'}}
7159	server	{'type': 'update', 'action': 'update_mirror_nav', 'message': {'rot': {'_x': -0.4217480548654791, '_y': -0.7932011803861556, '_z': 0, '_order': 'YXZ'}, 'pos': {'x': 0, 'y': 0, 'z': 0}, 'img_id': 'ee1ee5c58d2841dc967ecc731b687dae'}}
7160	client	{'type': 'update', 'action': 'nav', 'message': {'rot': {'_x': -0.4174445032852191, '_y': -0.9871266528299699, '_z': 0, '_order': 'YXZ'}, 'pos': {'x': 0, 'y': 0, 'z': 0}, 'img_id': 'ee1ee5c58d2841dc967ecc731b687dae'}}
7160	server	{'type': 'update', 'action': 'update_mirror_nav', 'message': {'rot': {'_x': -0.4174445032852191, '_y': -0.9871266528299699, '_z': 0, '_order': 'YXZ'}, 'pos': {'x': 0, 'y': 0, 'z': 0}, 'img_id': 'ee1ee5c58d2841dc967ecc731b687dae'}}
7163	client	{'type': 'update', 'action': 'nav', 'message': {'rot': {'_x': -0.4174445032852191, '_y': -1.3619651952891896, '_z': 0, '_order': 'YXZ'}, 'pos': {'x': 0, 'y': 0, 'z': 0}, 'img_id': '01e637135bdc467cbbd4c7c2c6572eb6'}}
7163	server	{'type': 'update', 'action': 'update_mirror_nav', 'message': {'rot': {'_x': -0.4174445032852191, '_y': -1.3619651952891896, '_z': 0, '_order': 'YXZ'}, 'pos': {'x': 0, 'y': 0, 'z': 0}, 'img_id': '01e637135bdc467cbbd4c7c2c6572eb6'}}
7164	client	{'type': 'update', 'action': 'nav', 'message': {'rot': {'_x': -0.4174445032852191, '_y': -1.3675330818298268, '_z': 0, '_order': 'YXZ'}, 'pos': {'x': 0, 'y': 0, 'z': 0}, 'img_id': '1f62887b128e4ca1a3d3baed3c2ca8f3'}}
7164	server	{'type': 'update', 'action': 'update_mirror_nav', 'message': {'rot': {'_x': -0.4174445032852191, '_y': -1.3675330818298268, '_z': 0, '_order': 'YXZ'}, 'pos': {'x': 0, 'y': 0, 'z': 0}, 'img_id': '1f62887b128e4ca1a3d3baed3c2ca8f3'}}
7166	client	{'type': 'update', 'action': 'nav', 'message': {'rot': {'_x': -0.6240149791376984, '_y': -0.6087996708934029, '_z': 0, '_order': 'YXZ'}, 'pos': {'x': 0, 'y': 0, 'z': 0}, 'img_id': '1f62887b128e4ca1a3d3baed3c2ca8f3'}}
7166	server	{'type': 'update', 'action': 'update_mirror_nav', 'message': {'rot': {'_x': -0.6240149791376984, '_y': -0.6087996708934029, '_z': 0, '_order': 'YXZ'}, 'pos': {'x': 0, 'y': 0, 'z': 0}, 'img_id': '1f62887b128e4ca1a3d3baed3c2ca8f3'}}
7167	client	{'type': 'update', 'action': 'nav', 'message': {'rot': {'_x': -0.877924522373038, '_y': 0.055395072226661346, '_z': 0, '_order': 'YXZ'}, 'pos': {'x': 0, 'y': 0, 'z': 0}, 'img_id': '1f62887b128e4ca1a3d3baed3c2ca8f3'}}
7167	server	{'type': 'update', 'action': 'update_mirror_nav', 'message': {'rot': {'_x': -0.877924522373038, '_y': 0.055395072226661346, '_z': 0, '_order': 'YXZ'}, 'pos': {'x': 0, 'y': 0, 'z': 0}, 'img_id': '1f62887b128e4ca1a3d3baed3c2ca8f3'}}
7168	client	{'type': 'update', 'action': 'nav', 'message': {'rot': {'_x': -0.7746392844467982, '_y': 0.3123463232147154, '_z': 0, '_order': 'YXZ'}, 'pos': {'x': 0, 'y': 0, 'z': 0}, 'img_id': '1f62887b128e4ca1a3d3baed3c2ca8f3'}}
7168	server	{'type': 'update', 'action': 'update_mirror_nav', 'message': {'rot': {'_x': -0.7746392844467982, '_y': 0.3123463232147154, '_z': 0, '_order': 'YXZ'}, 'pos': {'x': 0, 'y': 0, 'z': 0}, 'img_id': '1f62887b128e4ca1a3d3baed3c2ca8f3'}}
7169	client	{'type': 'update', 'action': 'nav', 'message': {'rot': {'_x': -0.1936598211116996, '_y': 0.39476464900333635, '_z': 0, '_order': 'YXZ'}, 'pos': {'x': 0, 'y': 0, 'z': 0}, 'img_id': '1f62887b128e4ca1a3d3baed3c2ca8f3'}}
7169	server	{'type': 'update', 'action': 'update_mirror_nav', 'message': {'rot': {'_x': -0.1936598211116996, '_y': 0.39476464900333635, '_z': 0, '_order': 'YXZ'}, 'pos': {'x': 0, 'y': 0, 'z': 0}, 'img_id': '1f62887b128e4ca1a3d3baed3c2ca8f3'}}
7171	client	{'type': 'update', 'action': 'nav', 'message': {'rot': {'_x': -0.7574250781257582, '_y': -1.5881233067346656, '_z': 0, '_order': 'YXZ'}, 'pos': {'x': 0, 'y': 0, 'z': 0}, 'img_id': '1f62887b128e4ca1a3d3baed3c2ca8f3'}}
7171	server	{'type': 'update', 'action': 'update_mirror_nav', 'message': {'rot': {'_x': -0.7574250781257582, '_y': -1.5881233067346656, '_z': 0, '_order': 'YXZ'}, 'pos': {'x': 0, 'y': 0, 'z': 0}, 'img_id': '1f62887b128e4ca1a3d3baed3c2ca8f3'}}
7172	client	{'type': 'update', 'action': 'nav', 'message': {'rot': {'_x': -0.9166564865953781, '_y': -3.188008454396134, '_z': 0, '_order': 'YXZ'}, 'pos': {'x': 0, 'y': 0, 'z': 0}, 'img_id': '1f62887b128e4ca1a3d3baed3c2ca8f3'}}
7172	server	{'type': 'update', 'action': 'update_mirror_nav', 'message': {'rot': {'_x': -0.9166564865953781, '_y': -3.188008454396134, '_z': 0, '_order': 'YXZ'}, 'pos': {'x': 0, 'y': 0, 'z': 0}, 'img_id': '1f62887b128e4ca1a3d3baed3c2ca8f3'}}
7173	client	{'type': 'update', 'action': 'nav', 'message': {'rot': {'_x': -0.8951387286940782, '_y': -3.3940542688676874, '_z': 0, '_order': 'YXZ'}, 'pos': {'x': 0, 'y': 0, 'z': 0}, 'img_id': '1f62887b128e4ca1a3d3baed3c2ca8f3'}}
7173	server	{'type': 'update', 'action': 'update_mirror_nav', 'message': {'rot': {'_x': -0.8951387286940782, '_y': -3.3940542688676874, '_z': 0, '_order': 'YXZ'}, 'pos': {'x': 0, 'y': 0, 'z': 0}, 'img_id': '1f62887b128e4ca1a3d3baed3c2ca8f3'}}
7176	client	{'type': 'update', 'action': 'nav', 'message': {'rot': {'_x': -0.8951387286940782, '_y': -3.914800680467641, '_z': 0, '_order': 'YXZ'}, 'pos': {'x': 0, 'y': 0, 'z': 0}, 'img_id': '0d493d8230c74476b0e9814c92c3f8fd'}}
7176	server	{'type': 'update', 'action': 'update_mirror_nav', 'message': {'rot': {'_x': -0.8951387286940782, '_y': -3.914800680467641, '_z': 0, '_order': 'YXZ'}, 'pos': {'x': 0, 'y': 0, 'z': 0}, 'img_id': '0d493d8230c74476b0e9814c92c3f8fd'}}
7179	client	{'type': 'update', 'action': 'nav', 'message': {'rot': {'_x': -0.21087402743273975, '_y': -3.045713051243064, '_z': 0, '_order': 'YXZ'}, 'pos': {'x': 0, 'y': 0, 'z': 0}, 'img_id': '0d493d8230c74476b0e9814c92c3f8fd'}}
7179	server	{'type': 'update', 'action': 'update_mirror_nav', 'message': {'rot': {'_x': -0.21087402743273975, '_y': -3.045713051243064, '_z': 0, '_order': 'YXZ'}, 'pos': {'x': 0, 'y': 0, 'z': 0}, 'img_id': '0d493d8230c74476b0e9814c92c3f8fd'}}
7180	client	{'type': 'update', 'action': 'nav', 'message': {'rot': {'_x': -0.21087402743273975, '_y': -3.045713051243064, '_z': 0, '_order': 'YXZ'}, 'pos': {'x': 0, 'y': 0, 'z': 0}, 'img_id': 'b38e9e97724e46d2b6f32df47079052d'}}
7180	server	{'type': 'update', 'action': 'update_mirror_nav', 'message': {'rot': {'_x': -0.21087402743273975, '_y': -3.045713051243064, '_z': 0, '_order': 'YXZ'}, 'pos': {'x': 0, 'y': 0, 'z': 0}, 'img_id': 'b38e9e97724e46d2b6f32df47079052d'}}
7183	client	{'type': 'update', 'action': 'nav', 'message': {'rot': {'_x': -0.21087402743273975, '_y': -2.7256655601495705, '_z': 0, '_order': 'YXZ'}, 'pos': {'x': 0, 'y': 0, 'z': 0}, 'img_id': '7c306bc08109458da00158fcc8fccb10'}}
7183	server	{'type': 'update', 'action': 'update_mirror_nav', 'message': {'rot': {'_x': -0.21087402743273975, '_y': -2.7256655601495705, '_z': 0, '_order': 'YXZ'}, 'pos': {'x': 0, 'y': 0, 'z': 0}, 'img_id': '7c306bc08109458da00158fcc8fccb10'}}
7186	client	{'type': 'update', 'action': 'nav', 'message': {'rot': {'_x': -0.24099888849455967, '_y': -2.4081125990228247, '_z': 0, '_order': 'YXZ'}, 'pos': {'x': 0, 'y': 0, 'z': 0}, 'img_id': '7c306bc08109458da00158fcc8fccb10'}}
7186	server	{'type': 'update', 'action': 'update_mirror_nav', 'message': {'rot': {'_x': -0.24099888849455967, '_y': -2.4081125990228247, '_z': 0, '_order': 'YXZ'}, 'pos': {'x': 0, 'y': 0, 'z': 0}, 'img_id': '7c306bc08109458da00158fcc8fccb10'}}
7187	client	{'type': 'update', 'action': 'nav', 'message': {'rot': {'_x': -0.576675911754839, '_y': -3.1765422835814405, '_z': 0, '_order': 'YXZ'}, 'pos': {'x': 0, 'y': 0, 'z': 0}, 'img_id': '7c306bc08109458da00158fcc8fccb10'}}
7187	server	{'type': 'update', 'action': 'update_mirror_nav', 'message': {'rot': {'_x': -0.576675911754839, '_y': -3.1765422835814405, '_z': 0, '_order': 'YXZ'}, 'pos': {'x': 0, 'y': 0, 'z': 0}, 'img_id': '7c306bc08109458da00158fcc8fccb10'}}
7188	client	{'type': 'update', 'action': 'nav', 'message': {'rot': {'_x': -0.7186931139034186, '_y': -3.9425478997345063, '_z': 0, '_order': 'YXZ'}, 'pos': {'x': 0, 'y': 0, 'z': 0}, 'img_id': '7c306bc08109458da00158fcc8fccb10'}}
7188	server	{'type': 'update', 'action': 'update_mirror_nav', 'message': {'rot': {'_x': -0.7186931139034186, '_y': -3.9425478997345063, '_z': 0, '_order': 'YXZ'}, 'pos': {'x': 0, 'y': 0, 'z': 0}, 'img_id': '7c306bc08109458da00158fcc8fccb10'}}
7190	client	{'type': 'update', 'action': 'nav', 'message': {'rot': {'_x': -0.34858767800105944, '_y': -4.521422617285451, '_z': 0, '_order': 'YXZ'}, 'pos': {'x': 0, 'y': 0, 'z': 0}, 'img_id': '538b99ca9c594c31b8b0edb447c74be0'}}
7190	server	{'type': 'update', 'action': 'update_mirror_nav', 'message': {'rot': {'_x': -0.34858767800105944, '_y': -4.521422617285451, '_z': 0, '_order': 'YXZ'}, 'pos': {'x': 0, 'y': 0, 'z': 0}, 'img_id': '538b99ca9c594c31b8b0edb447c74be0'}}
7191	client	{'type': 'update', 'action': 'nav', 'message': {'rot': {'_x': -0.33567702326027943, '_y': -5.314092985899542, '_z': 0, '_order': 'YXZ'}, 'pos': {'x': 0, 'y': 0, 'z': 0}, 'img_id': '538b99ca9c594c31b8b0edb447c74be0'}}
7191	server	{'type': 'update', 'action': 'update_mirror_nav', 'message': {'rot': {'_x': -0.33567702326027943, '_y': -5.314092985899542, '_z': 0, '_order': 'YXZ'}, 'pos': {'x': 0, 'y': 0, 'z': 0}, 'img_id': '538b99ca9c594c31b8b0edb447c74be0'}}
7192	client	{'type': 'update', 'action': 'nav', 'message': {'rot': {'_x': -0.32276636851949947, '_y': -5.449840816610212, '_z': 0, '_order': 'YXZ'}, 'pos': {'x': 0, 'y': 0, 'z': 0}, 'img_id': '538b99ca9c594c31b8b0edb447c74be0'}}
7192	server	{'type': 'update', 'action': 'update_mirror_nav', 'message': {'rot': {'_x': -0.32276636851949947, '_y': -5.449840816610212, '_z': 0, '_order': 'YXZ'}, 'pos': {'x': 0, 'y': 0, 'z': 0}, 'img_id': '538b99ca9c594c31b8b0edb447c74be0'}}
7194	client	{'type': 'update', 'action': 'nav', 'message': {'rot': {'_x': -0.32276636851949947, '_y': -5.752570292503702, '_z': 0, '_order': 'YXZ'}, 'pos': {'x': 0, 'y': 0, 'z': 0}, 'img_id': '98804cca56e74b79beaa60b29db2e6c1'}}
7194	server	{'type': 'update', 'action': 'update_mirror_nav', 'message': {'rot': {'_x': -0.32276636851949947, '_y': -5.752570292503702, '_z': 0, '_order': 'YXZ'}, 'pos': {'x': 0, 'y': 0, 'z': 0}, 'img_id': '98804cca56e74b79beaa60b29db2e6c1'}}
7198	client	{'type': 'update', 'action': 'nav', 'message': {'rot': {'_x': -0.32276636851949947, '_y': -6.381612677641115, '_z': 0, '_order': 'YXZ'}, 'pos': {'x': 0, 'y': 0, 'z': 0}, 'img_id': '4348fadcd604455aa9a69c3a277a5dbc'}}
7198	server	{'type': 'update', 'action': 'update_mirror_nav', 'message': {'rot': {'_x': -0.32276636851949947, '_y': -6.381612677641115, '_z': 0, '_order': 'YXZ'}, 'pos': {'x': 0, 'y': 0, 'z': 0}, 'img_id': '4348fadcd604455aa9a69c3a277a5dbc'}}
7200	client	{'type': 'update', 'action': 'nav', 'message': {'rot': {'_x': -0.40883740012469927, '_y': -5.984065459131296, '_z': 0, '_order': 'YXZ'}, 'pos': {'x': 0, 'y': 0, 'z': 0}, 'img_id': '4348fadcd604455aa9a69c3a277a5dbc'}}
7200	server	{'type': 'update', 'action': 'update_mirror_nav', 'message': {'rot': {'_x': -0.40883740012469927, '_y': -5.984065459131296, '_z': 0, '_order': 'YXZ'}, 'pos': {'x': 0, 'y': 0, 'z': 0}, 'img_id': '4348fadcd604455aa9a69c3a277a5dbc'}}
7201	client	{'type': 'update', 'action': 'nav', 'message': {'rot': {'_x': -0.3227663685194994, '_y': -5.12352117516187, '_z': 0, '_order': 'YXZ'}, 'pos': {'x': 0, 'y': 0, 'z': 0}, 'img_id': '4348fadcd604455aa9a69c3a277a5dbc'}}
7201	server	{'type': 'update', 'action': 'update_mirror_nav', 'message': {'rot': {'_x': -0.3227663685194994, '_y': -5.12352117516187, '_z': 0, '_order': 'YXZ'}, 'pos': {'x': 0, 'y': 0, 'z': 0}, 'img_id': '4348fadcd604455aa9a69c3a277a5dbc'}}
7202	client	{'type': 'update', 'action': 'nav', 'message': {'rot': {'_x': -0.31846281693923945, '_y': -5.118673038350774, '_z': 0, '_order': 'YXZ'}, 'pos': {'x': 0, 'y': 0, 'z': 0}, 'img_id': '4348fadcd604455aa9a69c3a277a5dbc'}}
7202	server	{'type': 'update', 'action': 'update_mirror_nav', 'message': {'rot': {'_x': -0.31846281693923945, '_y': -5.118673038350774, '_z': 0, '_order': 'YXZ'}, 'pos': {'x': 0, 'y': 0, 'z': 0}, 'img_id': '4348fadcd604455aa9a69c3a277a5dbc'}}
7204	client	{'type': 'update', 'action': 'nav', 'message': {'rot': {'_x': -0.30985571377871945, '_y': -4.5659854418859025, '_z': 0, '_order': 'YXZ'}, 'pos': {'x': 0, 'y': 0, 'z': 0}, 'img_id': '4348fadcd604455aa9a69c3a277a5dbc'}}
7204	server	{'type': 'update', 'action': 'update_mirror_nav', 'message': {'rot': {'_x': -0.30985571377871945, '_y': -4.5659854418859025, '_z': 0, '_order': 'YXZ'}, 'pos': {'x': 0, 'y': 0, 'z': 0}, 'img_id': '4348fadcd604455aa9a69c3a277a5dbc'}}
7205	client	{'type': 'update', 'action': 'nav', 'message': {'rot': {'_x': 0.3184628169392391, '_y': -4.658100041296714, '_z': 0, '_order': 'YXZ'}, 'pos': {'x': 0, 'y': 0, 'z': 0}, 'img_id': '4348fadcd604455aa9a69c3a277a5dbc'}}
7205	server	{'type': 'update', 'action': 'update_mirror_nav', 'message': {'rot': {'_x': 0.3184628169392391, '_y': -4.658100041296714, '_z': 0, '_order': 'YXZ'}, 'pos': {'x': 0, 'y': 0, 'z': 0}, 'img_id': '4348fadcd604455aa9a69c3a277a5dbc'}}
7206	client	{'type': 'update', 'action': 'nav', 'message': {'rot': {'_x': -0.19365982111169983, '_y': -5.3974409049887555, '_z': 0, '_order': 'YXZ'}, 'pos': {'x': 0, 'y': 0, 'z': 0}, 'img_id': '4348fadcd604455aa9a69c3a277a5dbc'}}
7206	server	{'type': 'update', 'action': 'update_mirror_nav', 'message': {'rot': {'_x': -0.19365982111169983, '_y': -5.3974409049887555, '_z': 0, '_order': 'YXZ'}, 'pos': {'x': 0, 'y': 0, 'z': 0}, 'img_id': '4348fadcd604455aa9a69c3a277a5dbc'}}
7207	client	{'type': 'update', 'action': 'nav', 'message': {'rot': {'_x': -0.28403440429715965, '_y': -6.042243100864438, '_z': 0, '_order': 'YXZ'}, 'pos': {'x': 0, 'y': 0, 'z': 0}, 'img_id': '4348fadcd604455aa9a69c3a277a5dbc'}}
7207	server	{'type': 'update', 'action': 'update_mirror_nav', 'message': {'rot': {'_x': -0.28403440429715965, '_y': -6.042243100864438, '_z': 0, '_order': 'YXZ'}, 'pos': {'x': 0, 'y': 0, 'z': 0}, 'img_id': '4348fadcd604455aa9a69c3a277a5dbc'}}
7224	client	{'type': 'update', 'action': 'chat', 'message': "I'm on the top floor, could you help me out"}
7224	server	{'type': 'update', 'action': 'add_chat', 'speaker': 'self', 'message': "I'm on the top floor, could you help me out"}
7224	server	{'type': 'update', 'action': 'disable_chat'}
7224	server	{'type': 'update', 'action': 'disable_nav'}
7224	server	{'type': 'update', 'action': 'add_chat', 'speaker': 'other', 'message': "I'm on the top floor, could you help me out"}
7224	server	{'type': 'update', 'action': 'enable_chat'}
7224	server	{'type': 'update', 'action': 'enable_gold_view'}
7333	client	{'type': 'update', 'action': 'chat', 'message': 'turn to your left and go to the small set of stairs that is near the two sofas. Go up those stairs and the stairs you see after that until you get to the room with the marble floor.'}
7333	server	{'type': 'update', 'action': 'add_chat', 'speaker': 'other', 'message': 'turn to your left and go to the small set of stairs that is near the two sofas. Go up those stairs and the stairs you see after that until you get to the room with the marble floor.'}
7333	server	{'type': 'update', 'action': 'enable_chat'}
7333	server	{'type': 'update', 'action': 'enable_nav'}
7333	server	{'type': 'update', 'action': 'add_chat', 'speaker': 'self', 'message': 'turn to your left and go to the small set of stairs that is near the two sofas. Go up those stairs and the stairs you see after that until you get to the room with the marble floor.'}
7333	server	{'type': 'update', 'action': 'disable_chat'}
7333	server	{'type': 'update', 'action': 'disable_gold_view'}
7752	server	{'type': 'update', 'action': 'set_aux', 'message': 'Looks like you or your partner took too long to respond. Sorry about that! You can end the HIT and recieve payment.'}
7752	server	{'type': 'update', 'action': 'disable_chat'}
7752	server	{'type': 'update', 'action': 'disable_gold_view'}
7752	server	{'type': 'update', 'action': 'exit'}
