9258	server	{'type': 'update', 'action': 'set_house', 'value': 'zsNo4HB9uLZ'}
9258	server	{'type': 'update', 'action': 'set_target_obj', 'value': 'sofa'}
9258	server	{'type': 'update', 'action': 'set_start_pano', 'value': '4c0aab63a4434cf4878e6f5b3ce9a70b'}
9258	server	{'type': 'update', 'action': 'set_aux', 'message': 'Another player connected! You are The Navigator.'}
9258	server	{'type': 'update', 'action': 'hide_instructions'}
9258	server	{'type': 'update', 'action': 'show_chat'}
9258	server	{'type': 'update', 'action': 'show_nav'}
9258	server	{'type': 'update', 'action': 'enable_chat'}
9258	server	{'type': 'update', 'action': 'enable_nav'}
9258	server	{'type': 'update', 'action': 'set_house', 'value': 'zsNo4HB9uLZ'}
9258	server	{'type': 'update', 'action': 'set_target_obj', 'value': 'sofa'}
9258	server	{'type': 'update', 'action': 'set_start_pano', 'value': '4c0aab63a4434cf4878e6f5b3ce9a70b'}
9258	server	{'type': 'update', 'action': 'set_end_panos', 'value': '0cf178fb23754cc0ac3b93398b112ddc,11bdfcf0a0984901a1d6f60fdd8ee4a6'}
9258	server	{'type': 'update', 'action': 'set_aux', 'message': 'Another player connected! You are The Oracle.'}
9258	server	{'type': 'update', 'action': 'hide_instructions'}
9258	server	{'type': 'update', 'action': 'show_chat'}
9258	server	{'type': 'update', 'action': 'show_mirror_nav'}
9258	server	{'type': 'update', 'action': 'show_gold_view'}
9262	client	{'type': 'update', 'action': 'nav', 'message': {'rot': {'_x': 0, '_y': 0, '_z': 0, '_order': 'YXZ'}, 'pos': {'x': 0, 'y': 0, 'z': 0}, 'img_id': '4c0aab63a4434cf4878e6f5b3ce9a70b'}}
9262	server	{'type': 'update', 'action': 'update_mirror_nav', 'message': {'rot': {'_x': 0, '_y': 0, '_z': 0, '_order': 'YXZ'}, 'pos': {'x': 0, 'y': 0, 'z': 0}, 'img_id': '4c0aab63a4434cf4878e6f5b3ce9a70b'}}
9293	client	{'type': 'update', 'action': 'nav', 'message': {'rot': {'_x': 0, '_y': 0.010893178410505524, '_z': 0, '_order': 'YXZ'}, 'pos': {'x': 0, 'y': 0, 'z': 0}, 'img_id': '4c0aab63a4434cf4878e6f5b3ce9a70b'}}
9293	server	{'type': 'update', 'action': 'update_mirror_nav', 'message': {'rot': {'_x': 0, '_y': 0.010893178410505524, '_z': 0, '_order': 'YXZ'}, 'pos': {'x': 0, 'y': 0, 'z': 0}, 'img_id': '4c0aab63a4434cf4878e6f5b3ce9a70b'}}
9300	client	{'type': 'update', 'action': 'nav', 'message': {'rot': {'_x': 0.07737912939876392, '_y': -0.8670970014762399, '_z': 0, '_order': 'YXZ'}, 'pos': {'x': 0, 'y': 0, 'z': 0}, 'img_id': '4c0aab63a4434cf4878e6f5b3ce9a70b'}}
9300	server	{'type': 'update', 'action': 'update_mirror_nav', 'message': {'rot': {'_x': 0.07737912939876392, '_y': -0.8670970014762399, '_z': 0, '_order': 'YXZ'}, 'pos': {'x': 0, 'y': 0, 'z': 0}, 'img_id': '4c0aab63a4434cf4878e6f5b3ce9a70b'}}
9306	client	{'type': 'update', 'action': 'nav', 'message': {'rot': {'_x': -0.1702340846772791, '_y': -1.5402954272454812, '_z': 0, '_order': 'YXZ'}, 'pos': {'x': 0, 'y': 0, 'z': 0}, 'img_id': '4c0aab63a4434cf4878e6f5b3ce9a70b'}}
9306	server	{'type': 'update', 'action': 'update_mirror_nav', 'message': {'rot': {'_x': -0.1702340846772791, '_y': -1.5402954272454812, '_z': 0, '_order': 'YXZ'}, 'pos': {'x': 0, 'y': 0, 'z': 0}, 'img_id': '4c0aab63a4434cf4878e6f5b3ce9a70b'}}
9310	client	{'type': 'update', 'action': 'nav', 'message': {'rot': {'_x': 0.06964121645888709, '_y': -1.3158959519890685, '_z': 0, '_order': 'YXZ'}, 'pos': {'x': 0, 'y': 0, 'z': 0}, 'img_id': '4c0aab63a4434cf4878e6f5b3ce9a70b'}}
9310	server	{'type': 'update', 'action': 'update_mirror_nav', 'message': {'rot': {'_x': 0.06964121645888709, '_y': -1.3158959519890685, '_z': 0, '_order': 'YXZ'}, 'pos': {'x': 0, 'y': 0, 'z': 0}, 'img_id': '4c0aab63a4434cf4878e6f5b3ce9a70b'}}
9333	client	{'type': 'update', 'action': 'chat', 'message': 'hello oracle, how to proceed'}
9333	server	{'type': 'update', 'action': 'add_chat', 'speaker': 'self', 'message': 'hello oracle, how to proceed'}
9333	server	{'type': 'update', 'action': 'disable_chat'}
9333	server	{'type': 'update', 'action': 'disable_nav'}
9333	server	{'type': 'update', 'action': 'add_chat', 'speaker': 'other', 'message': 'hello oracle, how to proceed'}
9333	server	{'type': 'update', 'action': 'enable_chat'}
9333	server	{'type': 'update', 'action': 'enable_gold_view'}
9434	client	{'type': 'update', 'action': 'chat', 'message': 'Go left into bathroom, right into bedroom, then right into hallway.'}
9434	server	{'type': 'update', 'action': 'add_chat', 'speaker': 'other', 'message': 'Go left into bathroom, right into bedroom, then right into hallway.'}
9434	server	{'type': 'update', 'action': 'enable_chat'}
9434	server	{'type': 'update', 'action': 'enable_nav'}
9434	server	{'type': 'update', 'action': 'add_chat', 'speaker': 'self', 'message': 'Go left into bathroom, right into bedroom, then right into hallway.'}
9434	server	{'type': 'update', 'action': 'disable_chat'}
9434	server	{'type': 'update', 'action': 'disable_gold_view'}
9453	client	{'type': 'update', 'action': 'nav', 'message': {'rot': {'_x': 0.20118573643678483, '_y': -0.7167711394112652, '_z': 0, '_order': 'YXZ'}, 'pos': {'x': 0, 'y': 0, 'z': 0}, 'img_id': '4c0aab63a4434cf4878e6f5b3ce9a70b'}}
9453	server	{'type': 'update', 'action': 'update_mirror_nav', 'message': {'rot': {'_x': 0.20118573643678483, '_y': -0.7167711394112652, '_z': 0, '_order': 'YXZ'}, 'pos': {'x': 0, 'y': 0, 'z': 0}, 'img_id': '4c0aab63a4434cf4878e6f5b3ce9a70b'}}
9455	client	{'type': 'update', 'action': 'nav', 'message': {'rot': {'_x': -0.3675508646441261, '_y': -0.7581652173711865, '_z': 0, '_order': 'YXZ'}, 'pos': {'x': 0, 'y': 0, 'z': 0}, 'img_id': '4c0aab63a4434cf4878e6f5b3ce9a70b'}}
9455	server	{'type': 'update', 'action': 'update_mirror_nav', 'message': {'rot': {'_x': -0.3675508646441261, '_y': -0.7581652173711865, '_z': 0, '_order': 'YXZ'}, 'pos': {'x': 0, 'y': 0, 'z': 0}, 'img_id': '4c0aab63a4434cf4878e6f5b3ce9a70b'}}
9456	client	{'type': 'update', 'action': 'nav', 'message': {'rot': {'_x': -0.9424777960769379, '_y': -1.1655700899240926, '_z': 0, '_order': 'YXZ'}, 'pos': {'x': 0, 'y': 0, 'z': 0}, 'img_id': '4c0aab63a4434cf4878e6f5b3ce9a70b'}}
9457	server	{'type': 'update', 'action': 'update_mirror_nav', 'message': {'rot': {'_x': -0.9424777960769379, '_y': -1.1655700899240926, '_z': 0, '_order': 'YXZ'}, 'pos': {'x': 0, 'y': 0, 'z': 0}, 'img_id': '4c0aab63a4434cf4878e6f5b3ce9a70b'}}
9462	client	{'type': 'update', 'action': 'nav', 'message': {'rot': {'_x': -0.1532106762095517, '_y': -1.29846686653226, '_z': 0, '_order': 'YXZ'}, 'pos': {'x': 0, 'y': 0, 'z': 0}, 'img_id': '4c0aab63a4434cf4878e6f5b3ce9a70b'}}
9462	server	{'type': 'update', 'action': 'update_mirror_nav', 'message': {'rot': {'_x': -0.1532106762095517, '_y': -1.29846686653226, '_z': 0, '_order': 'YXZ'}, 'pos': {'x': 0, 'y': 0, 'z': 0}, 'img_id': '4c0aab63a4434cf4878e6f5b3ce9a70b'}}
9463	client	{'type': 'update', 'action': 'nav', 'message': {'rot': {'_x': 0.009285495527851418, '_y': -0.7843088455563993, '_z': 0, '_order': 'YXZ'}, 'pos': {'x': 0, 'y': 0, 'z': 0}, 'img_id': '4c0aab63a4434cf4878e6f5b3ce9a70b'}}
9463	server	{'type': 'update', 'action': 'update_mirror_nav', 'message': {'rot': {'_x': 0.009285495527851418, '_y': -0.7843088455563993, '_z': 0, '_order': 'YXZ'}, 'pos': {'x': 0, 'y': 0, 'z': 0}, 'img_id': '4c0aab63a4434cf4878e6f5b3ce9a70b'}}
9467	client	{'type': 'update', 'action': 'nav', 'message': {'rot': {'_x': 0.2375539272542033, '_y': -0.07843088455564136, '_z': 0, '_order': 'YXZ'}, 'pos': {'x': 0, 'y': 0, 'z': 0}, 'img_id': '4c0aab63a4434cf4878e6f5b3ce9a70b'}}
9467	server	{'type': 'update', 'action': 'update_mirror_nav', 'message': {'rot': {'_x': 0.2375539272542033, '_y': -0.07843088455564136, '_z': 0, '_order': 'YXZ'}, 'pos': {'x': 0, 'y': 0, 'z': 0}, 'img_id': '4c0aab63a4434cf4878e6f5b3ce9a70b'}}
9468	client	{'type': 'update', 'action': 'nav', 'message': {'rot': {'_x': 0.4271327942811735, '_y': 0.283222638673142, '_z': 0, '_order': 'YXZ'}, 'pos': {'x': 0, 'y': 0, 'z': 0}, 'img_id': '4c0aab63a4434cf4878e6f5b3ce9a70b'}}
9468	server	{'type': 'update', 'action': 'update_mirror_nav', 'message': {'rot': {'_x': 0.4271327942811735, '_y': 0.283222638673142, '_z': 0, '_order': 'YXZ'}, 'pos': {'x': 0, 'y': 0, 'z': 0}, 'img_id': '4c0aab63a4434cf4878e6f5b3ce9a70b'}}
9470	client	{'type': 'update', 'action': 'nav', 'message': {'rot': {'_x': 0.6244495742480201, '_y': 0.7472720389606771, '_z': 0, '_order': 'YXZ'}, 'pos': {'x': 0, 'y': 0, 'z': 0}, 'img_id': '4c0aab63a4434cf4878e6f5b3ce9a70b'}}
9470	server	{'type': 'update', 'action': 'update_mirror_nav', 'message': {'rot': {'_x': 0.6244495742480201, '_y': 0.7472720389606771, '_z': 0, '_order': 'YXZ'}, 'pos': {'x': 0, 'y': 0, 'z': 0}, 'img_id': '4c0aab63a4434cf4878e6f5b3ce9a70b'}}
9471	client	{'type': 'update', 'action': 'nav', 'message': {'rot': {'_x': 0.09440253786649093, '_y': 0.7363788605501717, '_z': 0, '_order': 'YXZ'}, 'pos': {'x': 0, 'y': 0, 'z': 0}, 'img_id': '4c0aab63a4434cf4878e6f5b3ce9a70b'}}
9471	server	{'type': 'update', 'action': 'update_mirror_nav', 'message': {'rot': {'_x': 0.09440253786649093, '_y': 0.7363788605501717, '_z': 0, '_order': 'YXZ'}, 'pos': {'x': 0, 'y': 0, 'z': 0}, 'img_id': '4c0aab63a4434cf4878e6f5b3ce9a70b'}}
9474	client	{'type': 'update', 'action': 'nav', 'message': {'rot': {'_x': -0.16094858914942822, '_y': 0.77341566714589, '_z': 0, '_order': 'YXZ'}, 'pos': {'x': 0, 'y': 0, 'z': 0}, 'img_id': '4c0aab63a4434cf4878e6f5b3ce9a70b'}}
9474	server	{'type': 'update', 'action': 'update_mirror_nav', 'message': {'rot': {'_x': -0.16094858914942822, '_y': 0.77341566714589, '_z': 0, '_order': 'YXZ'}, 'pos': {'x': 0, 'y': 0, 'z': 0}, 'img_id': '4c0aab63a4434cf4878e6f5b3ce9a70b'}}
9477	client	{'type': 'update', 'action': 'nav', 'message': {'rot': {'_x': -0.23058980560831524, '_y': 1.2243932533408186, '_z': 0, '_order': 'YXZ'}, 'pos': {'x': 0, 'y': 0, 'z': 0}, 'img_id': '4c0aab63a4434cf4878e6f5b3ce9a70b'}}
9477	server	{'type': 'update', 'action': 'update_mirror_nav', 'message': {'rot': {'_x': -0.23058980560831524, '_y': 1.2243932533408186, '_z': 0, '_order': 'YXZ'}, 'pos': {'x': 0, 'y': 0, 'z': 0}, 'img_id': '4c0aab63a4434cf4878e6f5b3ce9a70b'}}
9481	client	{'type': 'update', 'action': 'nav', 'message': {'rot': {'_x': -0.6097475396622556, '_y': 1.250536881526032, '_z': 0, '_order': 'YXZ'}, 'pos': {'x': 0, 'y': 0, 'z': 0}, 'img_id': '4c0aab63a4434cf4878e6f5b3ce9a70b'}}
9481	server	{'type': 'update', 'action': 'update_mirror_nav', 'message': {'rot': {'_x': -0.6097475396622556, '_y': 1.250536881526032, '_z': 0, '_order': 'YXZ'}, 'pos': {'x': 0, 'y': 0, 'z': 0}, 'img_id': '4c0aab63a4434cf4878e6f5b3ce9a70b'}}
9494	client	{'type': 'update', 'action': 'nav', 'message': {'rot': {'_x': -0.12999693738992285, '_y': 1.0697101199116423, '_z': 0, '_order': 'YXZ'}, 'pos': {'x': 0, 'y': 0, 'z': 0}, 'img_id': '4c0aab63a4434cf4878e6f5b3ce9a70b'}}
9494	server	{'type': 'update', 'action': 'update_mirror_nav', 'message': {'rot': {'_x': -0.12999693738992285, '_y': 1.0697101199116423, '_z': 0, '_order': 'YXZ'}, 'pos': {'x': 0, 'y': 0, 'z': 0}, 'img_id': '4c0aab63a4434cf4878e6f5b3ce9a70b'}}
9497	client	{'type': 'update', 'action': 'nav', 'message': {'rot': {'_x': -0.22672084913837717, '_y': 1.623083583165323, '_z': 0, '_order': 'YXZ'}, 'pos': {'x': 0, 'y': 0, 'z': 0}, 'img_id': '4c0aab63a4434cf4878e6f5b3ce9a70b'}}
9497	server	{'type': 'update', 'action': 'update_mirror_nav', 'message': {'rot': {'_x': -0.22672084913837717, '_y': 1.623083583165323, '_z': 0, '_order': 'YXZ'}, 'pos': {'x': 0, 'y': 0, 'z': 0}, 'img_id': '4c0aab63a4434cf4878e6f5b3ce9a70b'}}
9499	client	{'type': 'update', 'action': 'nav', 'message': {'rot': {'_x': -0.11065215504023204, '_y': 2.1481347825516877, '_z': 0, '_order': 'YXZ'}, 'pos': {'x': 0, 'y': 0, 'z': 0}, 'img_id': '4c0aab63a4434cf4878e6f5b3ce9a70b'}}
9499	server	{'type': 'update', 'action': 'update_mirror_nav', 'message': {'rot': {'_x': -0.11065215504023204, '_y': 2.1481347825516877, '_z': 0, '_order': 'YXZ'}, 'pos': {'x': 0, 'y': 0, 'z': 0}, 'img_id': '4c0aab63a4434cf4878e6f5b3ce9a70b'}}
9502	client	{'type': 'update', 'action': 'nav', 'message': {'rot': {'_x': -0.28862415265738844, '_y': 2.028309820036129, '_z': 0, '_order': 'YXZ'}, 'pos': {'x': 0, 'y': 0, 'z': 0}, 'img_id': '4c0aab63a4434cf4878e6f5b3ce9a70b'}}
9502	server	{'type': 'update', 'action': 'update_mirror_nav', 'message': {'rot': {'_x': -0.28862415265738844, '_y': 2.028309820036129, '_z': 0, '_order': 'YXZ'}, 'pos': {'x': 0, 'y': 0, 'z': 0}, 'img_id': '4c0aab63a4434cf4878e6f5b3ce9a70b'}}
9503	client	{'type': 'update', 'action': 'nav', 'message': {'rot': {'_x': -0.5091546714438641, '_y': 1.69497856067466, '_z': 0, '_order': 'YXZ'}, 'pos': {'x': 0, 'y': 0, 'z': 0}, 'img_id': '4c0aab63a4434cf4878e6f5b3ce9a70b'}}
9503	server	{'type': 'update', 'action': 'update_mirror_nav', 'message': {'rot': {'_x': -0.5091546714438641, '_y': 1.69497856067466, '_z': 0, '_order': 'YXZ'}, 'pos': {'x': 0, 'y': 0, 'z': 0}, 'img_id': '4c0aab63a4434cf4878e6f5b3ce9a70b'}}
9505	client	{'type': 'update', 'action': 'nav', 'message': {'rot': {'_x': -0.60200962672238, '_y': 1.4967227136034595, '_z': 0, '_order': 'YXZ'}, 'pos': {'x': 0, 'y': 0, 'z': 0}, 'img_id': '4c0aab63a4434cf4878e6f5b3ce9a70b'}}
9505	server	{'type': 'update', 'action': 'update_mirror_nav', 'message': {'rot': {'_x': -0.60200962672238, '_y': 1.4967227136034595, '_z': 0, '_order': 'YXZ'}, 'pos': {'x': 0, 'y': 0, 'z': 0}, 'img_id': '4c0aab63a4434cf4878e6f5b3ce9a70b'}}
9508	client	{'type': 'update', 'action': 'nav', 'message': {'rot': {'_x': -0.60200962672238, '_y': 1.6533123377375967, '_z': 0, '_order': 'YXZ'}, 'pos': {'x': 0, 'y': 0, 'z': 0}, 'img_id': '2c687aab96b7498b92023a4888c6e7ab'}}
9508	server	{'type': 'update', 'action': 'update_mirror_nav', 'message': {'rot': {'_x': -0.60200962672238, '_y': 1.6533123377375967, '_z': 0, '_order': 'YXZ'}, 'pos': {'x': 0, 'y': 0, 'z': 0}, 'img_id': '2c687aab96b7498b92023a4888c6e7ab'}}
9512	client	{'type': 'update', 'action': 'nav', 'message': {'rot': {'_x': -0.9424777960769379, '_y': 1.1108320528944213, '_z': 0, '_order': 'YXZ'}, 'pos': {'x': 0, 'y': 0, 'z': 0}, 'img_id': '2c687aab96b7498b92023a4888c6e7ab'}}
9512	server	{'type': 'update', 'action': 'update_mirror_nav', 'message': {'rot': {'_x': -0.9424777960769379, '_y': 1.1108320528944213, '_z': 0, '_order': 'YXZ'}, 'pos': {'x': 0, 'y': 0, 'z': 0}, 'img_id': '2c687aab96b7498b92023a4888c6e7ab'}}
9514	client	{'type': 'update', 'action': 'nav', 'message': {'rot': {'_x': -0.8844434490278654, '_y': 0.6881767305668072, '_z': 0, '_order': 'YXZ'}, 'pos': {'x': 0, 'y': 0, 'z': 0}, 'img_id': '2c687aab96b7498b92023a4888c6e7ab'}}
9514	server	{'type': 'update', 'action': 'update_mirror_nav', 'message': {'rot': {'_x': -0.8844434490278654, '_y': 0.6881767305668072, '_z': 0, '_order': 'YXZ'}, 'pos': {'x': 0, 'y': 0, 'z': 0}, 'img_id': '2c687aab96b7498b92023a4888c6e7ab'}}
9518	client	{'type': 'update', 'action': 'nav', 'message': {'rot': {'_x': -0.8844434490278654, '_y': -0.1558163457140781, '_z': 0, '_order': 'YXZ'}, 'pos': {'x': 0, 'y': 0, 'z': 0}, 'img_id': 'aabf649f606a48a1b16d5bdcd5970602'}}
9518	server	{'type': 'update', 'action': 'update_mirror_nav', 'message': {'rot': {'_x': -0.8844434490278654, '_y': -0.1558163457140781, '_z': 0, '_order': 'YXZ'}, 'pos': {'x': 0, 'y': 0, 'z': 0}, 'img_id': 'aabf649f606a48a1b16d5bdcd5970602'}}
9525	client	{'type': 'update', 'action': 'nav', 'message': {'rot': {'_x': -0.8844434490278654, '_y': -1.2832593222380577, '_z': 0, '_order': 'YXZ'}, 'pos': {'x': 0, 'y': 0, 'z': 0}, 'img_id': '38260e04f02546a6af3dcaf8689546a2'}}
9525	server	{'type': 'update', 'action': 'update_mirror_nav', 'message': {'rot': {'_x': -0.8844434490278654, '_y': -1.2832593222380577, '_z': 0, '_order': 'YXZ'}, 'pos': {'x': 0, 'y': 0, 'z': 0}, 'img_id': '38260e04f02546a6af3dcaf8689546a2'}}
9537	client	{'type': 'update', 'action': 'nav', 'message': {'rot': {'_x': -0.8418849278585462, '_y': -2.067568167794456, '_z': 0, '_order': 'YXZ'}, 'pos': {'x': 0, 'y': 0, 'z': 0}, 'img_id': '38260e04f02546a6af3dcaf8689546a2'}}
9537	server	{'type': 'update', 'action': 'update_mirror_nav', 'message': {'rot': {'_x': -0.8418849278585462, '_y': -2.067568167794456, '_z': 0, '_order': 'YXZ'}, 'pos': {'x': 0, 'y': 0, 'z': 0}, 'img_id': '38260e04f02546a6af3dcaf8689546a2'}}
9541	client	{'type': 'update', 'action': 'nav', 'message': {'rot': {'_x': -0.8418849278585462, '_y': -2.7780675791359157, '_z': 0, '_order': 'YXZ'}, 'pos': {'x': 0, 'y': 0, 'z': 0}, 'img_id': '61c98135870e449a846737f610d0e969'}}
9541	server	{'type': 'update', 'action': 'update_mirror_nav', 'message': {'rot': {'_x': -0.8418849278585462, '_y': -2.7780675791359157, '_z': 0, '_order': 'YXZ'}, 'pos': {'x': 0, 'y': 0, 'z': 0}, 'img_id': '61c98135870e449a846737f610d0e969'}}
9544	client	{'type': 'update', 'action': 'nav', 'message': {'rot': {'_x': -0.8302780584487318, '_y': -2.7802462148180167, '_z': 0, '_order': 'YXZ'}, 'pos': {'x': 0, 'y': 0, 'z': 0}, 'img_id': '61c98135870e449a846737f610d0e969'}}
9544	server	{'type': 'update', 'action': 'update_mirror_nav', 'message': {'rot': {'_x': -0.8302780584487318, '_y': -2.7802462148180167, '_z': 0, '_order': 'YXZ'}, 'pos': {'x': 0, 'y': 0, 'z': 0}, 'img_id': '61c98135870e449a846737f610d0e969'}}
9546	client	{'type': 'update', 'action': 'nav', 'message': {'rot': {'_x': -0.8302780584487318, '_y': -2.962872664386895, '_z': 0, '_order': 'YXZ'}, 'pos': {'x': 0, 'y': 0, 'z': 0}, 'img_id': '38e0c09ac7a748dbadea6471861b30c3'}}
9546	server	{'type': 'update', 'action': 'update_mirror_nav', 'message': {'rot': {'_x': -0.8302780584487318, '_y': -2.962872664386895, '_z': 0, '_order': 'YXZ'}, 'pos': {'x': 0, 'y': 0, 'z': 0}, 'img_id': '38e0c09ac7a748dbadea6471861b30c3'}}
9549	client	{'type': 'update', 'action': 'nav', 'message': {'rot': {'_x': -0.8302780584487318, '_y': -3.128842177372071, '_z': 0, '_order': 'YXZ'}, 'pos': {'x': 0, 'y': 0, 'z': 0}, 'img_id': 'b5f873817a0b4b60b8447e96b0b4e955'}}
9549	server	{'type': 'update', 'action': 'update_mirror_nav', 'message': {'rot': {'_x': -0.8302780584487318, '_y': -3.128842177372071, '_z': 0, '_order': 'YXZ'}, 'pos': {'x': 0, 'y': 0, 'z': 0}, 'img_id': 'b5f873817a0b4b60b8447e96b0b4e955'}}
9554	client	{'type': 'update', 'action': 'nav', 'message': {'rot': {'_x': -0.8302780584487318, '_y': -3.2182054024984432, '_z': 0, '_order': 'YXZ'}, 'pos': {'x': 0, 'y': 0, 'z': 0}, 'img_id': '7d1391357299496cbb82840960d05a66'}}
9554	server	{'type': 'update', 'action': 'update_mirror_nav', 'message': {'rot': {'_x': -0.8302780584487318, '_y': -3.2182054024984432, '_z': 0, '_order': 'YXZ'}, 'pos': {'x': 0, 'y': 0, 'z': 0}, 'img_id': '7d1391357299496cbb82840960d05a66'}}
9561	client	{'type': 'update', 'action': 'nav', 'message': {'rot': {'_x': -0.8302780584487318, '_y': -4.211681737704234, '_z': 0, '_order': 'YXZ'}, 'pos': {'x': 0, 'y': 0, 'z': 0}, 'img_id': '65eefaf93e6249908e6389eb4eabf0f5'}}
9561	server	{'type': 'update', 'action': 'update_mirror_nav', 'message': {'rot': {'_x': -0.8302780584487318, '_y': -4.211681737704234, '_z': 0, '_order': 'YXZ'}, 'pos': {'x': 0, 'y': 0, 'z': 0}, 'img_id': '65eefaf93e6249908e6389eb4eabf0f5'}}
9567	client	{'type': 'update', 'action': 'nav', 'message': {'rot': {'_x': -0.8302780584487318, '_y': -4.850586125750439, '_z': 0, '_order': 'YXZ'}, 'pos': {'x': 0, 'y': 0, 'z': 0}, 'img_id': '6472b7993a6e440a9d0e12b560ff4616'}}
9567	server	{'type': 'update', 'action': 'update_mirror_nav', 'message': {'rot': {'_x': -0.8302780584487318, '_y': -4.850586125750439, '_z': 0, '_order': 'YXZ'}, 'pos': {'x': 0, 'y': 0, 'z': 0}, 'img_id': '6472b7993a6e440a9d0e12b560ff4616'}}
9578	client	{'type': 'update', 'action': 'nav', 'message': {'rot': {'_x': -0.7799816243395349, '_y': -4.4083230822839115, '_z': 0, '_order': 'YXZ'}, 'pos': {'x': 0, 'y': 0, 'z': 0}, 'img_id': '6472b7993a6e440a9d0e12b560ff4616'}}
9578	server	{'type': 'update', 'action': 'update_mirror_nav', 'message': {'rot': {'_x': -0.7799816243395349, '_y': -4.4083230822839115, '_z': 0, '_order': 'YXZ'}, 'pos': {'x': 0, 'y': 0, 'z': 0}, 'img_id': '6472b7993a6e440a9d0e12b560ff4616'}}
9580	client	{'type': 'update', 'action': 'nav', 'message': {'rot': {'_x': -0.5904027573125644, '_y': -3.4911174601193484, '_z': 0, '_order': 'YXZ'}, 'pos': {'x': 0, 'y': 0, 'z': 0}, 'img_id': '6472b7993a6e440a9d0e12b560ff4616'}}
9580	server	{'type': 'update', 'action': 'update_mirror_nav', 'message': {'rot': {'_x': -0.5904027573125644, '_y': -3.4911174601193484, '_z': 0, '_order': 'YXZ'}, 'pos': {'x': 0, 'y': 0, 'z': 0}, 'img_id': '6472b7993a6e440a9d0e12b560ff4616'}}
9581	client	{'type': 'update', 'action': 'nav', 'message': {'rot': {'_x': -0.2073760667886858, '_y': -2.639270908417816, '_z': 0, '_order': 'YXZ'}, 'pos': {'x': 0, 'y': 0, 'z': 0}, 'img_id': '6472b7993a6e440a9d0e12b560ff4616'}}
9581	server	{'type': 'update', 'action': 'update_mirror_nav', 'message': {'rot': {'_x': -0.2073760667886858, '_y': -2.639270908417816, '_z': 0, '_order': 'YXZ'}, 'pos': {'x': 0, 'y': 0, 'z': 0}, 'img_id': '6472b7993a6e440a9d0e12b560ff4616'}}
9582	client	{'type': 'update', 'action': 'nav', 'message': {'rot': {'_x': 0.05571297316710967, '_y': -1.9377502187812596, '_z': 0, '_order': 'YXZ'}, 'pos': {'x': 0, 'y': 0, 'z': 0}, 'img_id': '6472b7993a6e440a9d0e12b560ff4616'}}
9582	server	{'type': 'update', 'action': 'update_mirror_nav', 'message': {'rot': {'_x': 0.05571297316710967, '_y': -1.9377502187812596, '_z': 0, '_order': 'YXZ'}, 'pos': {'x': 0, 'y': 0, 'z': 0}, 'img_id': '6472b7993a6e440a9d0e12b560ff4616'}}
9585	client	{'type': 'update', 'action': 'nav', 'message': {'rot': {'_x': -0.7335541467002761, '_y': -2.7155231572913543, '_z': 0, '_order': 'YXZ'}, 'pos': {'x': 0, 'y': 0, 'z': 0}, 'img_id': '6472b7993a6e440a9d0e12b560ff4616'}}
9585	server	{'type': 'update', 'action': 'update_mirror_nav', 'message': {'rot': {'_x': -0.7335541467002761, '_y': -2.7155231572913543, '_z': 0, '_order': 'YXZ'}, 'pos': {'x': 0, 'y': 0, 'z': 0}, 'img_id': '6472b7993a6e440a9d0e12b560ff4616'}}
9587	client	{'type': 'update', 'action': 'nav', 'message': {'rot': {'_x': -0.9308709266671235, '_y': -3.665408314687437, '_z': 0, '_order': 'YXZ'}, 'pos': {'x': 0, 'y': 0, 'z': 0}, 'img_id': '6472b7993a6e440a9d0e12b560ff4616'}}
9587	server	{'type': 'update', 'action': 'update_mirror_nav', 'message': {'rot': {'_x': -0.9308709266671235, '_y': -3.665408314687437, '_z': 0, '_order': 'YXZ'}, 'pos': {'x': 0, 'y': 0, 'z': 0}, 'img_id': '6472b7993a6e440a9d0e12b560ff4616'}}
9588	client	{'type': 'update', 'action': 'nav', 'message': {'rot': {'_x': -0.4820719761542958, '_y': -2.700272707516647, '_z': 0, '_order': 'YXZ'}, 'pos': {'x': 0, 'y': 0, 'z': 0}, 'img_id': '6472b7993a6e440a9d0e12b560ff4616'}}
9588	server	{'type': 'update', 'action': 'update_mirror_nav', 'message': {'rot': {'_x': -0.4820719761542958, '_y': -2.700272707516647, '_z': 0, '_order': 'YXZ'}, 'pos': {'x': 0, 'y': 0, 'z': 0}, 'img_id': '6472b7993a6e440a9d0e12b560ff4616'}}
9589	client	{'type': 'update', 'action': 'nav', 'message': {'rot': {'_x': -0.09904528563041703, '_y': -1.6414557660155105, '_z': 0, '_order': 'YXZ'}, 'pos': {'x': 0, 'y': 0, 'z': 0}, 'img_id': '6472b7993a6e440a9d0e12b560ff4616'}}
9589	server	{'type': 'update', 'action': 'update_mirror_nav', 'message': {'rot': {'_x': -0.09904528563041703, '_y': -1.6414557660155105, '_z': 0, '_order': 'YXZ'}, 'pos': {'x': 0, 'y': 0, 'z': 0}, 'img_id': '6472b7993a6e440a9d0e12b560ff4616'}}
9592	client	{'type': 'update', 'action': 'nav', 'message': {'rot': {'_x': -0.03714198211140634, '_y': -1.3081245066540408, '_z': 0, '_order': 'YXZ'}, 'pos': {'x': 0, 'y': 0, 'z': 0}, 'img_id': '6472b7993a6e440a9d0e12b560ff4616'}}
9592	server	{'type': 'update', 'action': 'update_mirror_nav', 'message': {'rot': {'_x': -0.03714198211140634, '_y': -1.3081245066540408, '_z': 0, '_order': 'YXZ'}, 'pos': {'x': 0, 'y': 0, 'z': 0}, 'img_id': '6472b7993a6e440a9d0e12b560ff4616'}}
9612	client	{'type': 'update', 'action': 'nav', 'message': {'rot': {'_x': -0.03714198211140634, '_y': -1.662016950417337, '_z': 0, '_order': 'YXZ'}, 'pos': {'x': 0, 'y': 0, 'z': 0}, 'img_id': '65eefaf93e6249908e6389eb4eabf0f5'}}
9612	server	{'type': 'update', 'action': 'update_mirror_nav', 'message': {'rot': {'_x': -0.03714198211140634, '_y': -1.662016950417337, '_z': 0, '_order': 'YXZ'}, 'pos': {'x': 0, 'y': 0, 'z': 0}, 'img_id': '65eefaf93e6249908e6389eb4eabf0f5'}}
9615	client	{'type': 'update', 'action': 'nav', 'message': {'rot': {'_x': -0.03714198211140634, '_y': -1.2280209230341184, '_z': 0, '_order': 'YXZ'}, 'pos': {'x': 0, 'y': 0, 'z': 0}, 'img_id': '487a4cc75db94e56aa4d1d35866736fc'}}
9615	server	{'type': 'update', 'action': 'update_mirror_nav', 'message': {'rot': {'_x': -0.03714198211140634, '_y': -1.2280209230341184, '_z': 0, '_order': 'YXZ'}, 'pos': {'x': 0, 'y': 0, 'z': 0}, 'img_id': '487a4cc75db94e56aa4d1d35866736fc'}}
9624	client	{'type': 'update', 'action': 'nav', 'message': {'rot': {'_x': -0.03714198211140634, '_y': -1.390595913538996, '_z': 0, '_order': 'YXZ'}, 'pos': {'x': 0, 'y': 0, 'z': 0}, 'img_id': '3493ecf114864afc99d568421c0b42f6'}}
9624	server	{'type': 'update', 'action': 'update_mirror_nav', 'message': {'rot': {'_x': -0.03714198211140634, '_y': -1.390595913538996, '_z': 0, '_order': 'YXZ'}, 'pos': {'x': 0, 'y': 0, 'z': 0}, 'img_id': '3493ecf114864afc99d568421c0b42f6'}}
9628	client	{'type': 'update', 'action': 'nav', 'message': {'rot': {'_x': 0.001547582587975457, '_y': -1.8328589570055205, '_z': 0, '_order': 'YXZ'}, 'pos': {'x': 0, 'y': 0, 'z': 0}, 'img_id': '3493ecf114864afc99d568421c0b42f6'}}
9628	server	{'type': 'update', 'action': 'update_mirror_nav', 'message': {'rot': {'_x': 0.001547582587975457, '_y': -1.8328589570055205, '_z': 0, '_order': 'YXZ'}, 'pos': {'x': 0, 'y': 0, 'z': 0}, 'img_id': '3493ecf114864afc99d568421c0b42f6'}}
9631	client	{'type': 'update', 'action': 'guess_stop', 'value': '3493ecf114864afc99d568421c0b42f6'}
9631	server	{'type': 'update', 'action': 'disable_nav'}
9631	server	{'type': 'update', 'action': 'set_aux', 'message': "You're not yet in the right room. Try asking your partner for directions."}
9662	client	{'type': 'update', 'action': 'chat', 'message': 'have we found the room?'}
9662	server	{'type': 'update', 'action': 'add_chat', 'speaker': 'self', 'message': 'have we found the room?'}
9662	server	{'type': 'update', 'action': 'disable_chat'}
9662	server	{'type': 'update', 'action': 'disable_nav'}
9662	server	{'type': 'update', 'action': 'add_chat', 'speaker': 'other', 'message': 'have we found the room?'}
9662	server	{'type': 'update', 'action': 'enable_chat'}
9662	server	{'type': 'update', 'action': 'enable_gold_view'}
9836	client	{'type': 'update', 'action': 'chat', 'message': 'Good so far. Turn around and go left behind bar with stools and through narrow pantry to end near bedroom. This is all they show me so far..'}
9836	server	{'type': 'update', 'action': 'add_chat', 'speaker': 'other', 'message': 'Good so far. Turn around and go left behind bar with stools and through narrow pantry to end near bedroom. This is all they show me so far..'}
9836	server	{'type': 'update', 'action': 'enable_chat'}
9836	server	{'type': 'update', 'action': 'enable_nav'}
9836	server	{'type': 'update', 'action': 'add_chat', 'speaker': 'self', 'message': 'Good so far. Turn around and go left behind bar with stools and through narrow pantry to end near bedroom. This is all they show me so far..'}
9836	server	{'type': 'update', 'action': 'disable_chat'}
9836	server	{'type': 'update', 'action': 'disable_gold_view'}
9878	client	{'type': 'update', 'action': 'nav', 'message': {'rot': {'_x': 0.001547582587975457, '_y': -1.4632154990247614, '_z': 0, '_order': 'YXZ'}, 'pos': {'x': 0, 'y': 0, 'z': 0}, 'img_id': 'f04ae8ebf8254168814bc669635b3775'}}
9878	server	{'type': 'update', 'action': 'update_mirror_nav', 'message': {'rot': {'_x': 0.001547582587975457, '_y': -1.4632154990247614, '_z': 0, '_order': 'YXZ'}, 'pos': {'x': 0, 'y': 0, 'z': 0}, 'img_id': 'f04ae8ebf8254168814bc669635b3775'}}
9882	client	{'type': 'update', 'action': 'nav', 'message': {'rot': {'_x': -0.013928243291777217, '_y': -1.4501436849321545, '_z': 0, '_order': 'YXZ'}, 'pos': {'x': 0, 'y': 0, 'z': 0}, 'img_id': 'f04ae8ebf8254168814bc669635b3775'}}
9882	server	{'type': 'update', 'action': 'update_mirror_nav', 'message': {'rot': {'_x': -0.013928243291777217, '_y': -1.4501436849321545, '_z': 0, '_order': 'YXZ'}, 'pos': {'x': 0, 'y': 0, 'z': 0}, 'img_id': 'f04ae8ebf8254168814bc669635b3775'}}
9886	client	{'type': 'update', 'action': 'nav', 'message': {'rot': {'_x': -0.2731483267776346, '_y': -1.5808618258582212, '_z': 0, '_order': 'YXZ'}, 'pos': {'x': 0, 'y': 0, 'z': 0}, 'img_id': 'f04ae8ebf8254168814bc669635b3775'}}
9886	server	{'type': 'update', 'action': 'update_mirror_nav', 'message': {'rot': {'_x': -0.2731483267776346, '_y': -1.5808618258582212, '_z': 0, '_order': 'YXZ'}, 'pos': {'x': 0, 'y': 0, 'z': 0}, 'img_id': 'f04ae8ebf8254168814bc669635b3775'}}
9888	client	{'type': 'update', 'action': 'nav', 'message': {'rot': {'_x': -0.6755197996512033, '_y': -2.3107047793620916, '_z': 0, '_order': 'YXZ'}, 'pos': {'x': 0, 'y': 0, 'z': 0}, 'img_id': 'f04ae8ebf8254168814bc669635b3775'}}
9888	server	{'type': 'update', 'action': 'update_mirror_nav', 'message': {'rot': {'_x': -0.6755197996512033, '_y': -2.3107047793620916, '_z': 0, '_order': 'YXZ'}, 'pos': {'x': 0, 'y': 0, 'z': 0}, 'img_id': 'f04ae8ebf8254168814bc669635b3775'}}
9889	client	{'type': 'update', 'action': 'nav', 'message': {'rot': {'_x': -0.9424777960769379, '_y': -3.199588137659342, '_z': 0, '_order': 'YXZ'}, 'pos': {'x': 0, 'y': 0, 'z': 0}, 'img_id': 'f04ae8ebf8254168814bc669635b3775'}}
9889	server	{'type': 'update', 'action': 'update_mirror_nav', 'message': {'rot': {'_x': -0.9424777960769379, '_y': -3.199588137659342, '_z': 0, '_order': 'YXZ'}, 'pos': {'x': 0, 'y': 0, 'z': 0}, 'img_id': 'f04ae8ebf8254168814bc669635b3775'}}
9895	client	{'type': 'update', 'action': 'nav', 'message': {'rot': {'_x': -0.48980988909417295, '_y': -3.443595334054666, '_z': 0, '_order': 'YXZ'}, 'pos': {'x': 0, 'y': 0, 'z': 0}, 'img_id': 'f04ae8ebf8254168814bc669635b3775'}}
9895	server	{'type': 'update', 'action': 'update_mirror_nav', 'message': {'rot': {'_x': -0.48980988909417295, '_y': -3.443595334054666, '_z': 0, '_order': 'YXZ'}, 'pos': {'x': 0, 'y': 0, 'z': 0}, 'img_id': 'f04ae8ebf8254168814bc669635b3775'}}
9899	client	{'type': 'update', 'action': 'nav', 'message': {'rot': {'_x': -0.48980988909417295, '_y': -4.417202877347571, '_z': 0, '_order': 'YXZ'}, 'pos': {'x': 0, 'y': 0, 'z': 0}, 'img_id': '3493ecf114864afc99d568421c0b42f6'}}
9899	server	{'type': 'update', 'action': 'update_mirror_nav', 'message': {'rot': {'_x': -0.48980988909417295, '_y': -4.417202877347571, '_z': 0, '_order': 'YXZ'}, 'pos': {'x': 0, 'y': 0, 'z': 0}, 'img_id': '3493ecf114864afc99d568421c0b42f6'}}
9922	client	{'type': 'update', 'action': 'nav', 'message': {'rot': {'_x': -0.48980988909417295, '_y': -4.546990309128673, '_z': 0, '_order': 'YXZ'}, 'pos': {'x': 0, 'y': 0, 'z': 0}, 'img_id': '487a4cc75db94e56aa4d1d35866736fc'}}
9922	server	{'type': 'update', 'action': 'update_mirror_nav', 'message': {'rot': {'_x': -0.48980988909417295, '_y': -4.546990309128673, '_z': 0, '_order': 'YXZ'}, 'pos': {'x': 0, 'y': 0, 'z': 0}, 'img_id': '487a4cc75db94e56aa4d1d35866736fc'}}
9925	client	{'type': 'update', 'action': 'nav', 'message': {'rot': {'_x': -0.48980988909417295, '_y': -4.759915044725293, '_z': 0, '_order': 'YXZ'}, 'pos': {'x': 0, 'y': 0, 'z': 0}, 'img_id': 'b5f873817a0b4b60b8447e96b0b4e955'}}
9925	server	{'type': 'update', 'action': 'update_mirror_nav', 'message': {'rot': {'_x': -0.48980988909417295, '_y': -4.759915044725293, '_z': 0, '_order': 'YXZ'}, 'pos': {'x': 0, 'y': 0, 'z': 0}, 'img_id': 'b5f873817a0b4b60b8447e96b0b4e955'}}
9930	client	{'type': 'update', 'action': 'nav', 'message': {'rot': {'_x': -0.6716508431812662, '_y': -4.121574789869666, '_z': 0, '_order': 'YXZ'}, 'pos': {'x': 0, 'y': 0, 'z': 0}, 'img_id': 'b5f873817a0b4b60b8447e96b0b4e955'}}
9930	server	{'type': 'update', 'action': 'update_mirror_nav', 'message': {'rot': {'_x': -0.6716508431812662, '_y': -4.121574789869666, '_z': 0, '_order': 'YXZ'}, 'pos': {'x': 0, 'y': 0, 'z': 0}, 'img_id': 'b5f873817a0b4b60b8447e96b0b4e955'}}
9933	client	{'type': 'update', 'action': 'nav', 'message': {'rot': {'_x': -0.7219472772904626, '_y': -4.051858448042433, '_z': 0, '_order': 'YXZ'}, 'pos': {'x': 0, 'y': 0, 'z': 0}, 'img_id': 'b5f873817a0b4b60b8447e96b0b4e955'}}
9933	server	{'type': 'update', 'action': 'update_mirror_nav', 'message': {'rot': {'_x': -0.7219472772904626, '_y': -4.051858448042433, '_z': 0, '_order': 'YXZ'}, 'pos': {'x': 0, 'y': 0, 'z': 0}, 'img_id': 'b5f873817a0b4b60b8447e96b0b4e955'}}
9936	client	{'type': 'update', 'action': 'nav', 'message': {'rot': {'_x': -0.7219472772904626, '_y': -3.432925745170697, '_z': 0, '_order': 'YXZ'}, 'pos': {'x': 0, 'y': 0, 'z': 0}, 'img_id': '7d1391357299496cbb82840960d05a66'}}
9936	server	{'type': 'update', 'action': 'update_mirror_nav', 'message': {'rot': {'_x': -0.7219472772904626, '_y': -3.432925745170697, '_z': 0, '_order': 'YXZ'}, 'pos': {'x': 0, 'y': 0, 'z': 0}, 'img_id': '7d1391357299496cbb82840960d05a66'}}
9946	client	{'type': 'update', 'action': 'nav', 'message': {'rot': {'_x': -0.45112032439479194, '_y': -3.9775846656959715, '_z': 0, '_order': 'YXZ'}, 'pos': {'x': 0, 'y': 0, 'z': 0}, 'img_id': '7d1391357299496cbb82840960d05a66'}}
9946	server	{'type': 'update', 'action': 'update_mirror_nav', 'message': {'rot': {'_x': -0.45112032439479194, '_y': -3.9775846656959715, '_z': 0, '_order': 'YXZ'}, 'pos': {'x': 0, 'y': 0, 'z': 0}, 'img_id': '7d1391357299496cbb82840960d05a66'}}
9949	client	{'type': 'update', 'action': 'nav', 'message': {'rot': {'_x': -0.3040999785371415, '_y': -3.9601555802391633, '_z': 0, '_order': 'YXZ'}, 'pos': {'x': 0, 'y': 0, 'z': 0}, 'img_id': '7d1391357299496cbb82840960d05a66'}}
9949	server	{'type': 'update', 'action': 'update_mirror_nav', 'message': {'rot': {'_x': -0.3040999785371415, '_y': -3.9601555802391633, '_z': 0, '_order': 'YXZ'}, 'pos': {'x': 0, 'y': 0, 'z': 0}, 'img_id': '7d1391357299496cbb82840960d05a66'}}
9952	client	{'type': 'update', 'action': 'nav', 'message': {'rot': {'_x': -0.3040999785371415, '_y': -4.543061802761064, '_z': 0, '_order': 'YXZ'}, 'pos': {'x': 0, 'y': 0, 'z': 0}, 'img_id': '65eefaf93e6249908e6389eb4eabf0f5'}}
9952	server	{'type': 'update', 'action': 'update_mirror_nav', 'message': {'rot': {'_x': -0.3040999785371415, '_y': -4.543061802761064, '_z': 0, '_order': 'YXZ'}, 'pos': {'x': 0, 'y': 0, 'z': 0}, 'img_id': '65eefaf93e6249908e6389eb4eabf0f5'}}
9957	client	{'type': 'update', 'action': 'nav', 'message': {'rot': {'_x': -0.3040999785371415, '_y': -4.800013778450425, '_z': 0, '_order': 'YXZ'}, 'pos': {'x': 0, 'y': 0, 'z': 0}, 'img_id': '6472b7993a6e440a9d0e12b560ff4616'}}
9957	server	{'type': 'update', 'action': 'update_mirror_nav', 'message': {'rot': {'_x': -0.3040999785371415, '_y': -4.800013778450425, '_z': 0, '_order': 'YXZ'}, 'pos': {'x': 0, 'y': 0, 'z': 0}, 'img_id': '6472b7993a6e440a9d0e12b560ff4616'}}
9959	client	{'type': 'update', 'action': 'nav', 'message': {'rot': {'_x': -0.5787958879027515, '_y': -4.216139415647326, '_z': 0, '_order': 'YXZ'}, 'pos': {'x': 0, 'y': 0, 'z': 0}, 'img_id': '6472b7993a6e440a9d0e12b560ff4616'}}
9959	server	{'type': 'update', 'action': 'update_mirror_nav', 'message': {'rot': {'_x': -0.5787958879027515, '_y': -4.216139415647326, '_z': 0, '_order': 'YXZ'}, 'pos': {'x': 0, 'y': 0, 'z': 0}, 'img_id': '6472b7993a6e440a9d0e12b560ff4616'}}
9960	client	{'type': 'update', 'action': 'nav', 'message': {'rot': {'_x': -0.830278058448732, '_y': -3.8915226990142595, '_z': 0, '_order': 'YXZ'}, 'pos': {'x': 0, 'y': 0, 'z': 0}, 'img_id': '6472b7993a6e440a9d0e12b560ff4616'}}
9960	server	{'type': 'update', 'action': 'update_mirror_nav', 'message': {'rot': {'_x': -0.830278058448732, '_y': -3.8915226990142595, '_z': 0, '_order': 'YXZ'}, 'pos': {'x': 0, 'y': 0, 'z': 0}, 'img_id': '6472b7993a6e440a9d0e12b560ff4616'}}
9961	client	{'type': 'update', 'action': 'nav', 'message': {'rot': {'_x': -0.9424777960769379, '_y': -3.5690846180632954, '_z': 0, '_order': 'YXZ'}, 'pos': {'x': 0, 'y': 0, 'z': 0}, 'img_id': '6472b7993a6e440a9d0e12b560ff4616'}}
9961	server	{'type': 'update', 'action': 'update_mirror_nav', 'message': {'rot': {'_x': -0.9424777960769379, '_y': -3.5690846180632954, '_z': 0, '_order': 'YXZ'}, 'pos': {'x': 0, 'y': 0, 'z': 0}, 'img_id': '6472b7993a6e440a9d0e12b560ff4616'}}
9962	client	{'type': 'update', 'action': 'nav', 'message': {'rot': {'_x': -0.8883124054978037, '_y': -3.1486079314177813, '_z': 0, '_order': 'YXZ'}, 'pos': {'x': 0, 'y': 0, 'z': 0}, 'img_id': '6472b7993a6e440a9d0e12b560ff4616'}}
9962	server	{'type': 'update', 'action': 'update_mirror_nav', 'message': {'rot': {'_x': -0.8883124054978037, '_y': -3.1486079314177813, '_z': 0, '_order': 'YXZ'}, 'pos': {'x': 0, 'y': 0, 'z': 0}, 'img_id': '6472b7993a6e440a9d0e12b560ff4616'}}
9963	client	{'type': 'update', 'action': 'nav', 'message': {'rot': {'_x': -0.725816233760401, '_y': -2.760810780003785, '_z': 0, '_order': 'YXZ'}, 'pos': {'x': 0, 'y': 0, 'z': 0}, 'img_id': '6472b7993a6e440a9d0e12b560ff4616'}}
9963	server	{'type': 'update', 'action': 'update_mirror_nav', 'message': {'rot': {'_x': -0.725816233760401, '_y': -2.760810780003785, '_z': 0, '_order': 'YXZ'}, 'pos': {'x': 0, 'y': 0, 'z': 0}, 'img_id': '6472b7993a6e440a9d0e12b560ff4616'}}
9966	client	{'type': 'update', 'action': 'nav', 'message': {'rot': {'_x': -0.725816233760401, '_y': -1.8452501556534546, '_z': 0, '_order': 'YXZ'}, 'pos': {'x': 0, 'y': 0, 'z': 0}, 'img_id': '65eefaf93e6249908e6389eb4eabf0f5'}}
9966	server	{'type': 'update', 'action': 'update_mirror_nav', 'message': {'rot': {'_x': -0.725816233760401, '_y': -1.8452501556534546, '_z': 0, '_order': 'YXZ'}, 'pos': {'x': 0, 'y': 0, 'z': 0}, 'img_id': '65eefaf93e6249908e6389eb4eabf0f5'}}
9975	client	{'type': 'update', 'action': 'nav', 'message': {'rot': {'_x': -0.26927937030769716, '_y': -1.7886056279188254, '_z': 0, '_order': 'YXZ'}, 'pos': {'x': 0, 'y': 0, 'z': 0}, 'img_id': '65eefaf93e6249908e6389eb4eabf0f5'}}
9975	server	{'type': 'update', 'action': 'update_mirror_nav', 'message': {'rot': {'_x': -0.26927937030769716, '_y': -1.7886056279188254, '_z': 0, '_order': 'YXZ'}, 'pos': {'x': 0, 'y': 0, 'z': 0}, 'img_id': '65eefaf93e6249908e6389eb4eabf0f5'}}
9977	client	{'type': 'update', 'action': 'nav', 'message': {'rot': {'_x': -0.26927937030769716, '_y': -1.24791477055501, '_z': 0, '_order': 'YXZ'}, 'pos': {'x': 0, 'y': 0, 'z': 0}, 'img_id': '487a4cc75db94e56aa4d1d35866736fc'}}
9977	server	{'type': 'update', 'action': 'update_mirror_nav', 'message': {'rot': {'_x': -0.26927937030769716, '_y': -1.24791477055501, '_z': 0, '_order': 'YXZ'}, 'pos': {'x': 0, 'y': 0, 'z': 0}, 'img_id': '487a4cc75db94e56aa4d1d35866736fc'}}
9989	client	{'type': 'update', 'action': 'nav', 'message': {'rot': {'_x': -0.26927937030769716, '_y': -0.8668449410140359, '_z': 0, '_order': 'YXZ'}, 'pos': {'x': 0, 'y': 0, 'z': 0}, 'img_id': '84f05044aa1542a18b082255100f2c39'}}
9989	server	{'type': 'update', 'action': 'update_mirror_nav', 'message': {'rot': {'_x': -0.26927937030769716, '_y': -0.8668449410140359, '_z': 0, '_order': 'YXZ'}, 'pos': {'x': 0, 'y': 0, 'z': 0}, 'img_id': '84f05044aa1542a18b082255100f2c39'}}
9994	client	{'type': 'update', 'action': 'nav', 'message': {'rot': {'_x': -0.8999192749076181, '_y': -0.6816609080354422, '_z': 0, '_order': 'YXZ'}, 'pos': {'x': 0, 'y': 0, 'z': 0}, 'img_id': '84f05044aa1542a18b082255100f2c39'}}
9994	server	{'type': 'update', 'action': 'update_mirror_nav', 'message': {'rot': {'_x': -0.8999192749076181, '_y': -0.6816609080354422, '_z': 0, '_order': 'YXZ'}, 'pos': {'x': 0, 'y': 0, 'z': 0}, 'img_id': '84f05044aa1542a18b082255100f2c39'}}
9997	client	{'type': 'update', 'action': 'nav', 'message': {'rot': {'_x': -0.4433824114549142, '_y': -0.4594400684611294, '_z': 0, '_order': 'YXZ'}, 'pos': {'x': 0, 'y': 0, 'z': 0}, 'img_id': '84f05044aa1542a18b082255100f2c39'}}
9997	server	{'type': 'update', 'action': 'update_mirror_nav', 'message': {'rot': {'_x': -0.4433824114549142, '_y': -0.4594400684611294, '_z': 0, '_order': 'YXZ'}, 'pos': {'x': 0, 'y': 0, 'z': 0}, 'img_id': '84f05044aa1542a18b082255100f2c39'}}
9998	client	{'type': 'update', 'action': 'nav', 'message': {'rot': {'_x': -0.1802933714991184, '_y': 0.0002520604622036522, '_z': 0, '_order': 'YXZ'}, 'pos': {'x': 0, 'y': 0, 'z': 0}, 'img_id': '84f05044aa1542a18b082255100f2c39'}}
9998	server	{'type': 'update', 'action': 'update_mirror_nav', 'message': {'rot': {'_x': -0.1802933714991184, '_y': 0.0002520604622036522, '_z': 0, '_order': 'YXZ'}, 'pos': {'x': 0, 'y': 0, 'z': 0}, 'img_id': '84f05044aa1542a18b082255100f2c39'}}
10000	client	{'type': 'update', 'action': 'nav', 'message': {'rot': {'_x': -0.09130737269054044, '_y': 0.49698099598125534, '_z': 0, '_order': 'YXZ'}, 'pos': {'x': 0, 'y': 0, 'z': 0}, 'img_id': '84f05044aa1542a18b082255100f2c39'}}
10000	server	{'type': 'update', 'action': 'update_mirror_nav', 'message': {'rot': {'_x': -0.09130737269054044, '_y': 0.49698099598125534, '_z': 0, '_order': 'YXZ'}, 'pos': {'x': 0, 'y': 0, 'z': 0}, 'img_id': '84f05044aa1542a18b082255100f2c39'}}
10002	client	{'type': 'update', 'action': 'nav', 'message': {'rot': {'_x': -0.09904528563041685, '_y': 0.8564558835279374, '_z': 0, '_order': 'YXZ'}, 'pos': {'x': 0, 'y': 0, 'z': 0}, 'img_id': '84f05044aa1542a18b082255100f2c39'}}
10002	server	{'type': 'update', 'action': 'update_mirror_nav', 'message': {'rot': {'_x': -0.09904528563041685, '_y': 0.8564558835279374, '_z': 0, '_order': 'YXZ'}, 'pos': {'x': 0, 'y': 0, 'z': 0}, 'img_id': '84f05044aa1542a18b082255100f2c39'}}
10003	client	{'type': 'update', 'action': 'nav', 'message': {'rot': {'_x': -0.037141982111406166, '_y': 1.292183019948159, '_z': 0, '_order': 'YXZ'}, 'pos': {'x': 0, 'y': 0, 'z': 0}, 'img_id': '84f05044aa1542a18b082255100f2c39'}}
10003	server	{'type': 'update', 'action': 'update_mirror_nav', 'message': {'rot': {'_x': -0.037141982111406166, '_y': 1.292183019948159, '_z': 0, '_order': 'YXZ'}, 'pos': {'x': 0, 'y': 0, 'z': 0}, 'img_id': '84f05044aa1542a18b082255100f2c39'}}
10006	client	{'type': 'update', 'action': 'nav', 'message': {'rot': {'_x': 0.08279566845667706, '_y': 1.6233356436275266, '_z': 0, '_order': 'YXZ'}, 'pos': {'x': 0, 'y': 0, 'z': 0}, 'img_id': '84f05044aa1542a18b082255100f2c39'}}
10006	server	{'type': 'update', 'action': 'update_mirror_nav', 'message': {'rot': {'_x': 0.08279566845667706, '_y': 1.6233356436275266, '_z': 0, '_order': 'YXZ'}, 'pos': {'x': 0, 'y': 0, 'z': 0}, 'img_id': '84f05044aa1542a18b082255100f2c39'}}
10014	client	{'type': 'update', 'action': 'nav', 'message': {'rot': {'_x': 0.10214045080636777, '_y': 1.8717001113870533, '_z': 0, '_order': 'YXZ'}, 'pos': {'x': 0, 'y': 0, 'z': 0}, 'img_id': '84f05044aa1542a18b082255100f2c39'}}
10014	server	{'type': 'update', 'action': 'update_mirror_nav', 'message': {'rot': {'_x': 0.10214045080636777, '_y': 1.8717001113870533, '_z': 0, '_order': 'YXZ'}, 'pos': {'x': 0, 'y': 0, 'z': 0}, 'img_id': '84f05044aa1542a18b082255100f2c39'}}
10019	client	{'type': 'update', 'action': 'nav', 'message': {'rot': {'_x': 0.10214045080636777, '_y': 2.317426315335987, '_z': 0, '_order': 'YXZ'}, 'pos': {'x': 0, 'y': 0, 'z': 0}, 'img_id': '487a4cc75db94e56aa4d1d35866736fc'}}
10019	server	{'type': 'update', 'action': 'update_mirror_nav', 'message': {'rot': {'_x': 0.10214045080636777, '_y': 2.317426315335987, '_z': 0, '_order': 'YXZ'}, 'pos': {'x': 0, 'y': 0, 'z': 0}, 'img_id': '487a4cc75db94e56aa4d1d35866736fc'}}
10027	client	{'type': 'update', 'action': 'nav', 'message': {'rot': {'_x': -0.3234447608868307, '_y': 2.1932440814562226, '_z': 0, '_order': 'YXZ'}, 'pos': {'x': 0, 'y': 0, 'z': 0}, 'img_id': '487a4cc75db94e56aa4d1d35866736fc'}}
10027	server	{'type': 'update', 'action': 'update_mirror_nav', 'message': {'rot': {'_x': -0.3234447608868307, '_y': 2.1932440814562226, '_z': 0, '_order': 'YXZ'}, 'pos': {'x': 0, 'y': 0, 'z': 0}, 'img_id': '487a4cc75db94e56aa4d1d35866736fc'}}
10032	client	{'type': 'update', 'action': 'nav', 'message': {'rot': {'_x': -0.3234447608868307, '_y': 3.027736545960959, '_z': 0, '_order': 'YXZ'}, 'pos': {'x': 0, 'y': 0, 'z': 0}, 'img_id': '6416ac70316f44d1ae7ec5a3029b1703'}}
10032	server	{'type': 'update', 'action': 'update_mirror_nav', 'message': {'rot': {'_x': -0.3234447608868307, '_y': 3.027736545960959, '_z': 0, '_order': 'YXZ'}, 'pos': {'x': 0, 'y': 0, 'z': 0}, 'img_id': '6416ac70316f44d1ae7ec5a3029b1703'}}
10035	client	{'type': 'update', 'action': 'nav', 'message': {'rot': {'_x': -0.3234447608868307, '_y': 3.1221859043974836, '_z': 0, '_order': 'YXZ'}, 'pos': {'x': 0, 'y': 0, 'z': 0}, 'img_id': 'de7a74588c2842e9ba391abb153a0257'}}
10035	server	{'type': 'update', 'action': 'update_mirror_nav', 'message': {'rot': {'_x': -0.3234447608868307, '_y': 3.1221859043974836, '_z': 0, '_order': 'YXZ'}, 'pos': {'x': 0, 'y': 0, 'z': 0}, 'img_id': 'de7a74588c2842e9ba391abb153a0257'}}
10038	client	{'type': 'update', 'action': 'nav', 'message': {'rot': {'_x': -0.3234447608868307, '_y': 3.1727001502255123, '_z': 0, '_order': 'YXZ'}, 'pos': {'x': 0, 'y': 0, 'z': 0}, 'img_id': '9b1e2472265c46989eb1c3911aa5971b'}}
10038	server	{'type': 'update', 'action': 'update_mirror_nav', 'message': {'rot': {'_x': -0.3234447608868307, '_y': 3.1727001502255123, '_z': 0, '_order': 'YXZ'}, 'pos': {'x': 0, 'y': 0, 'z': 0}, 'img_id': '9b1e2472265c46989eb1c3911aa5971b'}}
10041	client	{'type': 'update', 'action': 'nav', 'message': {'rot': {'_x': -0.3234447608868307, '_y': 3.2360837591791887, '_z': 0, '_order': 'YXZ'}, 'pos': {'x': 0, 'y': 0, 'z': 0}, 'img_id': '81dab76afc424a5b9ab7c7d2432c633f'}}
10041	server	{'type': 'update', 'action': 'update_mirror_nav', 'message': {'rot': {'_x': -0.3234447608868307, '_y': 3.2360837591791887, '_z': 0, '_order': 'YXZ'}, 'pos': {'x': 0, 'y': 0, 'z': 0}, 'img_id': '81dab76afc424a5b9ab7c7d2432c633f'}}
10046	client	{'type': 'update', 'action': 'nav', 'message': {'rot': {'_x': -0.4936788455641103, '_y': 2.7023180170644174, '_z': 0, '_order': 'YXZ'}, 'pos': {'x': 0, 'y': 0, 'z': 0}, 'img_id': '81dab76afc424a5b9ab7c7d2432c633f'}}
10046	server	{'type': 'update', 'action': 'update_mirror_nav', 'message': {'rot': {'_x': -0.4936788455641103, '_y': 2.7023180170644174, '_z': 0, '_order': 'YXZ'}, 'pos': {'x': 0, 'y': 0, 'z': 0}, 'img_id': '81dab76afc424a5b9ab7c7d2432c633f'}}
10049	client	{'type': 'update', 'action': 'nav', 'message': {'rot': {'_x': -0.6368302349518226, '_y': 2.425631285437575, '_z': 0, '_order': 'YXZ'}, 'pos': {'x': 0, 'y': 0, 'z': 0}, 'img_id': '81dab76afc424a5b9ab7c7d2432c633f'}}
10049	server	{'type': 'update', 'action': 'update_mirror_nav', 'message': {'rot': {'_x': -0.6368302349518226, '_y': 2.425631285437575, '_z': 0, '_order': 'YXZ'}, 'pos': {'x': 0, 'y': 0, 'z': 0}, 'img_id': '81dab76afc424a5b9ab7c7d2432c633f'}}
10052	client	{'type': 'update', 'action': 'nav', 'message': {'rot': {'_x': -0.6368302349518226, '_y': 1.6942256781092087, '_z': 0, '_order': 'YXZ'}, 'pos': {'x': 0, 'y': 0, 'z': 0}, 'img_id': 'e1f88263b98d46909c3e00e9250b6a4b'}}
10052	server	{'type': 'update', 'action': 'update_mirror_nav', 'message': {'rot': {'_x': -0.6368302349518226, '_y': 1.6942256781092087, '_z': 0, '_order': 'YXZ'}, 'pos': {'x': 0, 'y': 0, 'z': 0}, 'img_id': 'e1f88263b98d46909c3e00e9250b6a4b'}}
10059	client	{'type': 'update', 'action': 'nav', 'message': {'rot': {'_x': -0.3427895432365215, '_y': 2.0515219299737897, '_z': 0, '_order': 'YXZ'}, 'pos': {'x': 0, 'y': 0, 'z': 0}, 'img_id': 'e1f88263b98d46909c3e00e9250b6a4b'}}
10059	server	{'type': 'update', 'action': 'update_mirror_nav', 'message': {'rot': {'_x': -0.3427895432365215, '_y': 2.0515219299737897, '_z': 0, '_order': 'YXZ'}, 'pos': {'x': 0, 'y': 0, 'z': 0}, 'img_id': 'e1f88263b98d46909c3e00e9250b6a4b'}}
10063	client	{'type': 'update', 'action': 'nav', 'message': {'rot': {'_x': -0.47820301968435813, '_y': 2.321672754554329, '_z': 0, '_order': 'YXZ'}, 'pos': {'x': 0, 'y': 0, 'z': 0}, 'img_id': 'e1f88263b98d46909c3e00e9250b6a4b'}}
10063	server	{'type': 'update', 'action': 'update_mirror_nav', 'message': {'rot': {'_x': -0.47820301968435813, '_y': 2.321672754554329, '_z': 0, '_order': 'YXZ'}, 'pos': {'x': 0, 'y': 0, 'z': 0}, 'img_id': 'e1f88263b98d46909c3e00e9250b6a4b'}}
10072	client	{'type': 'update', 'action': 'nav', 'message': {'rot': {'_x': -0.3195758044168931, '_y': 2.596180850499068, '_z': 0, '_order': 'YXZ'}, 'pos': {'x': 0, 'y': 0, 'z': 0}, 'img_id': 'e1f88263b98d46909c3e00e9250b6a4b'}}
10072	server	{'type': 'update', 'action': 'update_mirror_nav', 'message': {'rot': {'_x': -0.3195758044168931, '_y': 2.596180850499068, '_z': 0, '_order': 'YXZ'}, 'pos': {'x': 0, 'y': 0, 'z': 0}, 'img_id': 'e1f88263b98d46909c3e00e9250b6a4b'}}
10075	client	{'type': 'update', 'action': 'nav', 'message': {'rot': {'_x': -0.5091546714438638, '_y': 2.7922580618881674, '_z': 0, '_order': 'YXZ'}, 'pos': {'x': 0, 'y': 0, 'z': 0}, 'img_id': 'e1f88263b98d46909c3e00e9250b6a4b'}}
10075	server	{'type': 'update', 'action': 'update_mirror_nav', 'message': {'rot': {'_x': -0.5091546714438638, '_y': 2.7922580618881674, '_z': 0, '_order': 'YXZ'}, 'pos': {'x': 0, 'y': 0, 'z': 0}, 'img_id': 'e1f88263b98d46909c3e00e9250b6a4b'}}
10078	client	{'type': 'update', 'action': 'nav', 'message': {'rot': {'_x': -0.47046510674448216, '_y': 2.6005381218632695, '_z': 0, '_order': 'YXZ'}, 'pos': {'x': 0, 'y': 0, 'z': 0}, 'img_id': 'e1f88263b98d46909c3e00e9250b6a4b'}}
10078	server	{'type': 'update', 'action': 'update_mirror_nav', 'message': {'rot': {'_x': -0.47046510674448216, '_y': 2.6005381218632695, '_z': 0, '_order': 'YXZ'}, 'pos': {'x': 0, 'y': 0, 'z': 0}, 'img_id': 'e1f88263b98d46909c3e00e9250b6a4b'}}
10081	client	{'type': 'update', 'action': 'nav', 'message': {'rot': {'_x': -0.47046510674448216, '_y': 1.939382309410862, '_z': 0, '_order': 'YXZ'}, 'pos': {'x': 0, 'y': 0, 'z': 0}, 'img_id': '0cf178fb23754cc0ac3b93398b112ddc'}}
10081	server	{'type': 'update', 'action': 'update_mirror_nav', 'message': {'rot': {'_x': -0.47046510674448216, '_y': 1.939382309410862, '_z': 0, '_order': 'YXZ'}, 'pos': {'x': 0, 'y': 0, 'z': 0}, 'img_id': '0cf178fb23754cc0ac3b93398b112ddc'}}
10086	client	{'type': 'update', 'action': 'nav', 'message': {'rot': {'_x': -0.7722437113996586, '_y': 2.0025627441917955, '_z': 0, '_order': 'YXZ'}, 'pos': {'x': 0, 'y': 0, 'z': 0}, 'img_id': '0cf178fb23754cc0ac3b93398b112ddc'}}
10086	server	{'type': 'update', 'action': 'update_mirror_nav', 'message': {'rot': {'_x': -0.7722437113996586, '_y': 2.0025627441917955, '_z': 0, '_order': 'YXZ'}, 'pos': {'x': 0, 'y': 0, 'z': 0}, 'img_id': '0cf178fb23754cc0ac3b93398b112ddc'}}
10091	client	{'type': 'update', 'action': 'guess_stop', 'value': '0cf178fb23754cc0ac3b93398b112ddc'}
10091	server	{'type': 'update', 'action': 'set_aux', 'message': 'Congrats, you found the room!'}
10091	server	{'type': 'update', 'action': 'disable_chat'}
10091	server	{'type': 'update', 'action': 'disable_nav'}
10091	server	{'type': 'update', 'action': 'exit', 'message': {'oracle': '5d016fe0ad042', 'navigator': '5d016fcc0b2b7'}}
10091	server	{'type': 'update', 'action': 'set_aux', 'message': 'Congrats, you helped your partner find the room!'}
10091	server	{'type': 'update', 'action': 'disable_chat'}
10091	server	{'type': 'update', 'action': 'disable_gold_view'}
10091	server	{'type': 'update', 'action': 'exit', 'message': {'oracle': '5d016fe0ad042', 'navigator': '5d016fcc0b2b7'}}
